============================= test session starts ==============================
platform linux -- Python 3.13.7, pytest-9.0.2, pluggy-1.6.0 -- /media/michal/647A504F7A50205A/GENOME/Michal/VariDex10/VariDex/venv/bin/python3
cachedir: .pytest_cache
hypothesis profile 'default'
rootdir: /media/michal/647A504F7A50205A/GENOME/Michal/VariDex10/VariDex
configfile: pytest.ini
plugins: typeguard-4.4.4, hypothesis-6.151.3, cov-7.0.0
collecting ... collected 843 items / 1 error

==================================== ERRORS ====================================
__________________ ERROR collecting tests/test_io_matching.py __________________
ImportError while importing test module '/media/michal/647A504F7A50205A/GENOME/Michal/VariDex10/VariDex/tests/test_io_matching.py'.
Hint: make sure your test modules/packages have valid Python names.
Traceback:
/usr/lib/python3.13/importlib/__init__.py:88: in import_module
    return _bootstrap._gcd_import(name[level:], package, level)
           ^^^^^^^^^^^^^^^^^^^^^^^^^^^^^^^^^^^^^^^^^^^^^^^^^^^^
tests/test_io_matching.py:14: in <module>
    from varidex.io.matching import (
varidex/io/__init__.py:1: in <module>
    from .loaders import load_vcf, load_vcf_chunked
varidex/io/loaders/__init__.py:1: in <module>
    from .vcfloader import load_vcf, load_vcf_chunked
E   ModuleNotFoundError: No module named 'varidex.io.loaders.vcfloader'
=============================== warnings summary ===============================
varidex/core/config.py:764
  /media/michal/647A504F7A50205A/GENOME/Michal/VariDex10/VariDex/varidex/core/config.py:764: PydanticDeprecatedSince20: Support for class-based `config` is deprecated, use ConfigDict instead. Deprecated in Pydantic V2.0 to be removed in V3.0. See Pydantic V2 Migration Guide at https://errors.pydantic.dev/2.12/migration/
    class VariDexConfig(BaseModel):

tests/test_dbnsfp_integration.py:15
  /media/michal/647A504F7A50205A/GENOME/Michal/VariDex10/VariDex/tests/test_dbnsfp_integration.py:15: UserWarning: ACMGClassifierV7 is EXPERIMENTAL and not production-tested. Use ACMGClassifier for production. See VERSION_HISTORY.md for details.
    from varidex.core.classifier.engine_v8 import ACMGClassifierV8

tests/test_dbnsfp_integration.py:15
  /media/michal/647A504F7A50205A/GENOME/Michal/VariDex10/VariDex/tests/test_dbnsfp_integration.py:15: UserWarning: ACMGClassifierV8 is EXPERIMENTAL and not production-tested. Use ACMGClassifier for production. See VERSION_HISTORY.md for details.
    from varidex.core.classifier.engine_v8 import ACMGClassifierV8

-- Docs: https://docs.pytest.org/en/stable/how-to/capture-warnings.html
=========================== short test summary info ============================
ERROR tests/test_io_matching.py
!!!!!!!!!!!!!!!!!!!! Interrupted: 1 error during collection !!!!!!!!!!!!!!!!!!!!
========================= 3 warnings, 1 error in 0.56s =========================
