============================= test session starts ==============================
platform linux -- Python 3.13.7, pytest-9.0.2, pluggy-1.6.0 -- /media/michal/647A504F7A50205A/GENOME/Michal/VariDex10/VariDex/venv/bin/python3
cachedir: .pytest_cache
hypothesis profile 'default'
rootdir: /media/michal/647A504F7A50205A/GENOME/Michal/VariDex10/VariDex
configfile: pytest.ini
plugins: typeguard-4.4.4, hypothesis-6.151.3, cov-7.0.0
collecting ... collected 867 items

tests/annotation/test_annotator.py::test_annotation_pipeline PASSED      [  0%]
tests/annotation/test_annotator.py::test_coverage[0] PASSED              [  0%]
tests/annotation/test_annotator.py::test_coverage[1] PASSED              [  0%]
tests/annotation/test_annotator.py::test_coverage[2] PASSED              [  0%]
tests/annotation/test_annotator.py::test_coverage[3] PASSED              [  0%]
tests/annotation/test_annotator.py::test_coverage[4] PASSED              [  0%]
tests/annotation/test_annotator.py::test_coverage[5] PASSED              [  0%]
tests/annotation/test_annotator.py::test_coverage[6] PASSED              [  0%]
tests/annotation/test_annotator.py::test_coverage[7] PASSED              [  1%]
tests/annotation/test_annotator.py::test_coverage[8] PASSED              [  1%]
tests/annotation/test_annotator.py::test_coverage[9] PASSED              [  1%]
tests/annotation/test_annotator.py::test_coverage[10] PASSED             [  1%]
tests/annotation/test_annotator.py::test_coverage[11] PASSED             [  1%]
tests/annotation/test_annotator.py::test_coverage[12] PASSED             [  1%]
tests/annotation/test_annotator.py::test_coverage[13] PASSED             [  1%]
tests/annotation/test_annotator.py::test_coverage[14] PASSED             [  1%]
tests/annotation/test_annotator.py::test_coverage[15] PASSED             [  1%]
tests/annotation/test_annotator.py::test_coverage[16] PASSED             [  2%]
tests/annotation/test_annotator.py::test_coverage[17] PASSED             [  2%]
tests/annotation/test_annotator.py::test_coverage[18] PASSED             [  2%]
tests/annotation/test_annotator.py::test_coverage[19] PASSED             [  2%]
tests/annotation/test_annotator.py::test_coverage[20] PASSED             [  2%]
tests/annotation/test_annotator.py::test_coverage[21] PASSED             [  2%]
tests/annotation/test_annotator.py::test_coverage[22] PASSED             [  2%]
tests/annotation/test_annotator.py::test_coverage[23] PASSED             [  2%]
tests/annotation/test_annotator.py::test_coverage[24] PASSED             [  2%]
tests/annotation/test_annotator.py::test_coverage[25] PASSED             [  3%]
tests/annotation/test_annotator.py::test_coverage[26] PASSED             [  3%]
tests/annotation/test_annotator.py::test_coverage[27] PASSED             [  3%]
tests/annotation/test_annotator.py::test_coverage[28] PASSED             [  3%]
tests/annotation/test_annotator.py::test_coverage[29] PASSED             [  3%]
tests/annotation/test_annotator.py::test_coverage[30] PASSED             [  3%]
tests/annotation/test_annotator.py::test_coverage[31] PASSED             [  3%]
tests/annotation/test_annotator.py::test_coverage[32] PASSED             [  3%]
tests/annotation/test_annotator.py::test_coverage[33] PASSED             [  4%]
tests/annotation/test_annotator.py::test_coverage[34] PASSED             [  4%]
tests/annotation/test_annotator.py::test_coverage[35] PASSED             [  4%]
tests/annotation/test_annotator.py::test_coverage[36] PASSED             [  4%]
tests/annotation/test_annotator.py::test_coverage[37] PASSED             [  4%]
tests/annotation/test_annotator.py::test_coverage[38] PASSED             [  4%]
tests/annotation/test_annotator.py::test_coverage[39] PASSED             [  4%]
tests/annotation/test_annotator.py::test_coverage[40] PASSED             [  4%]
tests/annotation/test_annotator.py::test_coverage[41] PASSED             [  4%]
tests/annotation/test_annotator.py::test_coverage[42] PASSED             [  5%]
tests/annotation/test_annotator.py::test_coverage[43] PASSED             [  5%]
tests/annotation/test_annotator.py::test_coverage[44] PASSED             [  5%]
tests/annotation/test_annotator.py::test_coverage[45] PASSED             [  5%]
tests/annotation/test_annotator.py::test_coverage[46] PASSED             [  5%]
tests/annotation/test_annotator.py::test_coverage[47] PASSED             [  5%]
tests/annotation/test_annotator.py::test_coverage[48] PASSED             [  5%]
tests/annotation/test_annotator.py::test_coverage[49] PASSED             [  5%]
tests/annotation/test_annotator.py::test_coverage[50] PASSED             [  5%]
tests/annotation/test_annotator.py::test_coverage[51] PASSED             [  6%]
tests/annotation/test_annotator.py::test_coverage[52] PASSED             [  6%]
tests/annotation/test_annotator.py::test_coverage[53] PASSED             [  6%]
tests/annotation/test_annotator.py::test_coverage[54] PASSED             [  6%]
tests/annotation/test_annotator.py::test_coverage[55] PASSED             [  6%]
tests/annotation/test_annotator.py::test_coverage[56] PASSED             [  6%]
tests/annotation/test_annotator.py::test_coverage[57] PASSED             [  6%]
tests/annotation/test_annotator.py::test_coverage[58] PASSED             [  6%]
tests/annotation/test_annotator.py::test_coverage[59] PASSED             [  7%]
tests/annotation/test_annotator.py::test_coverage[60] PASSED             [  7%]
tests/annotation/test_annotator.py::test_coverage[61] PASSED             [  7%]
tests/annotation/test_annotator.py::test_coverage[62] PASSED             [  7%]
tests/annotation/test_annotator.py::test_coverage[63] PASSED             [  7%]
tests/annotation/test_annotator.py::test_coverage[64] PASSED             [  7%]
tests/annotation/test_annotator.py::test_coverage[65] PASSED             [  7%]
tests/annotation/test_annotator.py::test_coverage[66] PASSED             [  7%]
tests/annotation/test_annotator.py::test_coverage[67] PASSED             [  7%]
tests/annotation/test_annotator.py::test_coverage[68] PASSED             [  8%]
tests/annotation/test_annotator.py::test_coverage[69] PASSED             [  8%]
tests/annotation/test_annotator.py::test_coverage[70] PASSED             [  8%]
tests/annotation/test_annotator.py::test_coverage[71] PASSED             [  8%]
tests/annotation/test_annotator.py::test_coverage[72] PASSED             [  8%]
tests/annotation/test_annotator.py::test_coverage[73] PASSED             [  8%]
tests/annotation/test_annotator.py::test_coverage[74] PASSED             [  8%]
tests/annotation/test_annotator.py::test_coverage[75] PASSED             [  8%]
tests/annotation/test_annotator.py::test_coverage[76] PASSED             [  8%]
tests/annotation/test_annotator.py::test_coverage[77] PASSED             [  9%]
tests/annotation/test_annotator.py::test_coverage[78] PASSED             [  9%]
tests/annotation/test_annotator.py::test_coverage[79] PASSED             [  9%]
tests/annotation/test_annotator.py::test_coverage[80] PASSED             [  9%]
tests/annotation/test_annotator.py::test_coverage[81] PASSED             [  9%]
tests/annotation/test_annotator.py::test_coverage[82] PASSED             [  9%]
tests/annotation/test_annotator.py::test_coverage[83] PASSED             [  9%]
tests/annotation/test_annotator.py::test_coverage[84] PASSED             [  9%]
tests/annotation/test_annotator.py::test_coverage[85] PASSED             [ 10%]
tests/annotation/test_annotator.py::test_coverage[86] PASSED             [ 10%]
tests/annotation/test_annotator.py::test_coverage[87] PASSED             [ 10%]
tests/annotation/test_annotator.py::test_coverage[88] PASSED             [ 10%]
tests/annotation/test_annotator.py::test_coverage[89] PASSED             [ 10%]
tests/annotation/test_annotator.py::test_coverage[90] PASSED             [ 10%]
tests/annotation/test_annotator.py::test_coverage[91] PASSED             [ 10%]
tests/annotation/test_annotator.py::test_coverage[92] PASSED             [ 10%]
tests/annotation/test_annotator.py::test_coverage[93] PASSED             [ 10%]
tests/annotation/test_annotator.py::test_coverage[94] PASSED             [ 11%]
tests/annotation/test_annotator.py::test_coverage[95] PASSED             [ 11%]
tests/annotation/test_annotator.py::test_coverage[96] PASSED             [ 11%]
tests/annotation/test_annotator.py::test_coverage[97] PASSED             [ 11%]
tests/annotation/test_annotator.py::test_coverage[98] PASSED             [ 11%]
tests/annotation/test_annotator.py::test_coverage[99] PASSED             [ 11%]
tests/annotation/test_annotator.py::test_coverage[100] PASSED            [ 11%]
tests/annotation/test_annotator.py::test_coverage[101] PASSED            [ 11%]
tests/annotation/test_annotator.py::test_coverage[102] PASSED            [ 11%]
tests/annotation/test_annotator.py::test_coverage[103] PASSED            [ 12%]
tests/annotation/test_annotator.py::test_coverage[104] PASSED            [ 12%]
tests/annotation/test_annotator.py::test_coverage[105] PASSED            [ 12%]
tests/annotation/test_annotator.py::test_coverage[106] PASSED            [ 12%]
tests/annotation/test_annotator.py::test_coverage[107] PASSED            [ 12%]
tests/annotation/test_annotator.py::test_coverage[108] PASSED            [ 12%]
tests/annotation/test_annotator.py::test_coverage[109] PASSED            [ 12%]
tests/annotation/test_annotator.py::test_coverage[110] PASSED            [ 12%]
tests/annotation/test_annotator.py::test_coverage[111] PASSED            [ 13%]
tests/annotation/test_annotator.py::test_coverage[112] PASSED            [ 13%]
tests/annotation/test_annotator.py::test_coverage[113] PASSED            [ 13%]
tests/annotation/test_annotator.py::test_coverage[114] PASSED            [ 13%]
tests/annotation/test_annotator.py::test_coverage[115] PASSED            [ 13%]
tests/annotation/test_annotator.py::test_coverage[116] PASSED            [ 13%]
tests/annotation/test_annotator.py::test_coverage[117] PASSED            [ 13%]
tests/annotation/test_annotator.py::test_coverage[118] PASSED            [ 13%]
tests/reporting/test_cli.py::TestReportingCLI::test_generate_help PASSED [ 13%]
tests/reporting/test_cli.py::TestReportingCLI::test_single_format[--html] PASSED [ 14%]
tests/reporting/test_cli.py::TestReportingCLI::test_single_format[--tsv] PASSED [ 14%]
tests/reporting/test_cli.py::TestReportingCLI::test_single_format[--json] PASSED [ 14%]
tests/reporting/test_cli.py::TestReportingCLI::test_single_format[--qc] PASSED [ 14%]
tests/reporting/test_cli.py::TestReportingCLI::test_multiple_formats PASSED [ 14%]
tests/reporting/test_cli.py::TestReportingCLI::test_no_formats PASSED    [ 14%]
tests/reporting/test_core.py::TestReportGenerator::test_html_generation PASSED [ 14%]
tests/reporting/test_core.py::TestReportGenerator::test_tsv_export PASSED [ 14%]
tests/reporting/test_core.py::TestReportGenerator::test_json_export PASSED [ 14%]
tests/reporting/test_core.py::TestReportGenerator::test_csv_export PASSED [ 15%]
tests/reporting/test_core.py::TestReportGenerator::test_all_formats[report.html] PASSED [ 15%]
tests/reporting/test_core.py::TestReportGenerator::test_all_formats[variants.tsv] PASSED [ 15%]
tests/reporting/test_core.py::TestReportGenerator::test_all_formats[data.json] PASSED [ 15%]
tests/reporting/test_core.py::TestReportGenerator::test_all_formats[export.csv] PASSED [ 15%]
tests/reporting/test_core.py::TestReportGenerator::test_empty_variants PASSED [ 15%]
tests/reporting/test_core.py::TestQCDashboard::test_metrics_calculation PASSED [ 15%]
tests/reporting/test_core.py::TestQCDashboard::test_empty_variants_metrics PASSED [ 15%]
tests/reporting/test_integration.py::TestReportingIntegration::test_full_pipeline_html PASSED [ 16%]
tests/reporting/test_integration.py::TestReportingIntegration::test_batch_export_all_formats PASSED [ 16%]
tests/reporting/test_integration.py::TestReportingIntegration::test_varying_variant_counts[0] PASSED [ 16%]
tests/reporting/test_integration.py::TestReportingIntegration::test_varying_variant_counts[1] PASSED [ 16%]
tests/reporting/test_integration.py::TestReportingIntegration::test_varying_variant_counts[100] PASSED [ 16%]
tests/test_acmg_classification.py::TestACMGCriteriaBasics::test_acmg_criteria_initialization PASSED [ 16%]
tests/test_acmg_classification.py::TestACMGCriteriaBasics::test_acmg_criteria_defaults PASSED [ 16%]
tests/test_acmg_classification.py::TestACMGCriteriaBasics::test_pathogenicity_class_enum PASSED [ 16%]
tests/test_acmg_classification.py::TestACMGPathogenicClassification::test_pathogenic_pvs1_ps1 PASSED [ 16%]
tests/test_acmg_classification.py::TestACMGPathogenicClassification::test_pathogenic_two_strong PASSED [ 17%]
tests/test_acmg_classification.py::TestACMGPathogenicClassification::test_pathogenic_one_strong_multiple_moderate PASSED [ 17%]
tests/test_acmg_classification.py::TestACMGPathogenicClassification::test_pathogenic_one_strong_two_moderate_two_supporting PASSED [ 17%]
tests/test_acmg_classification.py::TestACMGLikelyPathogenicClassification::test_likely_pathogenic_pvs1_moderate PASSED [ 17%]
tests/test_acmg_classification.py::TestACMGLikelyPathogenicClassification::test_likely_pathogenic_strong_moderate PASSED [ 17%]
tests/test_acmg_classification.py::TestACMGLikelyPathogenicClassification::test_likely_pathogenic_strong_supporting PASSED [ 17%]
tests/test_acmg_classification.py::TestACMGLikelyPathogenicClassification::test_likely_pathogenic_three_moderate PASSED [ 17%]
tests/test_acmg_classification.py::TestACMGLikelyPathogenicClassification::test_likely_pathogenic_two_moderate_two_supporting PASSED [ 17%]
tests/test_acmg_classification.py::TestACMGBenignClassification::test_benign_ba1_alone PASSED [ 17%]
tests/test_acmg_classification.py::TestACMGBenignClassification::test_benign_two_strong PASSED [ 18%]
tests/test_acmg_classification.py::TestACMGLikelyBenignClassification::test_likely_benign_one_strong_one_supporting PASSED [ 18%]
tests/test_acmg_classification.py::TestACMGLikelyBenignClassification::test_likely_benign_two_supporting PASSED [ 18%]
tests/test_acmg_classification.py::TestACMGUncertainSignificance::test_uncertain_no_criteria PASSED [ 18%]
tests/test_acmg_classification.py::TestACMGUncertainSignificance::test_uncertain_insufficient_evidence PASSED [ 18%]
tests/test_acmg_classification.py::TestACMGUncertainSignificance::test_uncertain_conflicting_evidence PASSED [ 18%]
tests/test_acmg_classification.py::TestACMGEdgeCases::test_all_pathogenic_criteria PASSED [ 18%]
tests/test_acmg_classification.py::TestACMGEdgeCases::test_all_benign_criteria PASSED [ 18%]
tests/test_acmg_classification.py::TestACMGEdgeCases::test_exactly_threshold_pathogenic PASSED [ 19%]
tests/test_acmg_classification.py::TestACMGEdgeCases::test_just_below_threshold PASSED [ 19%]
tests/test_acmg_classification.py::TestACMGCriteriaWeights::test_calculate_pathogenic_weight PASSED [ 19%]
tests/test_acmg_classification.py::TestACMGCriteriaWeights::test_calculate_benign_weight PASSED [ 19%]
tests/test_acmg_classification.py::TestACMGCriteriaWeights::test_zero_weight PASSED [ 19%]
tests/test_acmg_classification.py::TestACMGVariantIntegration::test_variant_with_acmg_classification PASSED [ 19%]
tests/test_acmg_classification.py::TestACMGVariantIntegration::test_variant_acmg_classification_result PASSED [ 19%]
tests/test_cli_interface.py::TestCLIArguments::test_cli_help_flag FAILED [ 19%]
tests/test_cli_interface.py::TestCLIArguments::test_cli_version_flag FAILED [ 19%]
tests/test_cli_interface.py::TestCLIArguments::test_cli_required_args FAILED [ 20%]
tests/test_cli_interface.py::TestCLIArguments::test_cli_input_file_arg PASSED [ 20%]
tests/test_cli_interface.py::TestCLIArguments::test_cli_output_file_arg PASSED [ 20%]
tests/test_cli_interface.py::TestCLIArguments::test_cli_config_file_arg PASSED [ 20%]
tests/test_cli_interface.py::TestCLIFileValidation::test_cli_nonexistent_input_file PASSED [ 20%]
tests/test_cli_interface.py::TestCLIFileValidation::test_cli_input_file_permissions FAILED [ 20%]
tests/test_cli_interface.py::TestCLIFileValidation::test_cli_invalid_file_format PASSED [ 20%]
tests/test_cli_interface.py::TestCLIFileValidation::test_cli_output_directory_creation PASSED [ 20%]
tests/test_cli_interface.py::TestCLIExecution::test_cli_successful_run PASSED [ 20%]
tests/test_cli_interface.py::TestCLIExecution::test_cli_verbose_mode FAILED [ 21%]
tests/test_cli_interface.py::TestCLIExecution::test_cli_quiet_mode PASSED [ 21%]
tests/test_cli_interface.py::TestCLIExecution::test_cli_dry_run_mode PASSED [ 21%]
tests/test_cli_interface.py::TestCLIErrorHandling::test_cli_missing_input_error FAILED [ 21%]
tests/test_cli_interface.py::TestCLIErrorHandling::test_cli_invalid_format_error FAILED [ 21%]
tests/test_cli_interface.py::TestCLIErrorHandling::test_cli_permission_error FAILED [ 21%]
tests/test_cli_interface.py::TestCLIErrorHandling::test_cli_interrupt_handling FAILED [ 21%]
tests/test_cli_interface.py::TestCLIOutputFormats::test_cli_csv_output FAILED [ 21%]
tests/test_cli_interface.py::TestCLIOutputFormats::test_cli_json_output FAILED [ 22%]
tests/test_cli_interface.py::TestCLIOutputFormats::test_cli_vcf_output FAILED [ 22%]
tests/test_cli_interface.py::TestCLIOutputFormats::test_cli_auto_format_detection FAILED [ 22%]
tests/test_cli_interface.py::TestCLIConfigurationOptions::test_cli_config_file_loading PASSED [ 22%]
tests/test_cli_interface.py::TestCLIConfigurationOptions::test_cli_config_override_by_args PASSED [ 22%]
tests/test_cli_interface.py::TestCLIConfigurationOptions::test_cli_invalid_config_file FAILED [ 22%]
tests/test_cli_interface.py::TestCLIProgressReporting::test_cli_progress_bar FAILED [ 22%]
tests/test_cli_interface.py::TestCLIProgressReporting::test_cli_log_file_creation FAILED [ 22%]
tests/test_cli_interface.py::TestCLIProgressReporting::test_cli_log_level FAILED [ 22%]
tests/test_core_config.py::TestVariDexConfigInit::test_default_initialization PASSED [ 23%]
tests/test_core_config.py::TestVariDexConfigInit::test_custom_initialization FAILED [ 23%]
tests/test_core_config.py::TestVariDexConfigInit::test_invalid_reference_genome FAILED [ 23%]
tests/test_core_config.py::TestVariDexConfigInit::test_invalid_quality_score FAILED [ 23%]
tests/test_core_config.py::TestVariDexConfigInit::test_invalid_population_af FAILED [ 23%]
tests/test_core_config.py::TestVariDexConfigValidation::test_validate_quality_score_range PASSED [ 23%]
tests/test_core_config.py::TestVariDexConfigValidation::test_validate_af_range FAILED [ 23%]
tests/test_core_config.py::TestVariDexConfigValidation::test_validate_thread_count FAILED [ 23%]
tests/test_core_config.py::TestVariDexConfigValidation::test_validate_paths_exist FAILED [ 23%]
tests/test_core_config.py::TestVariDexConfigDefaults::test_default_reference_genome PASSED [ 24%]
tests/test_core_config.py::TestVariDexConfigDefaults::test_default_quality_score PASSED [ 24%]
tests/test_core_config.py::TestVariDexConfigDefaults::test_default_population_af FAILED [ 24%]
tests/test_core_config.py::TestVariDexConfigDefaults::test_default_thread_count FAILED [ 24%]
tests/test_core_config.py::TestVariDexConfigSerialization::test_to_dict FAILED [ 24%]
tests/test_core_config.py::TestVariDexConfigSerialization::test_from_dict FAILED [ 24%]
tests/test_core_config.py::TestVariDexConfigSerialization::test_save_and_load_config FAILED [ 24%]
tests/test_core_config.py::TestVariDexConfigSerialization::test_save_creates_directory FAILED [ 24%]
tests/test_core_config.py::TestVariDexConfigUpdate::test_update_single_parameter FAILED [ 25%]
tests/test_core_config.py::TestVariDexConfigUpdate::test_update_multiple_parameters FAILED [ 25%]
tests/test_core_config.py::TestVariDexConfigUpdate::test_update_with_validation FAILED [ 25%]
tests/test_core_config.py::TestVariDexConfigUpdate::test_update_rejects_unknown_parameters PASSED [ 25%]
tests/test_core_config.py::TestVariDexConfigComparison::test_equal_configs PASSED [ 25%]
tests/test_core_config.py::TestVariDexConfigComparison::test_different_configs PASSED [ 25%]
tests/test_core_config.py::TestVariDexConfigComparison::test_config_hash FAILED [ 25%]
tests/test_core_config.py::TestVariDexConfigCopy::test_shallow_copy PASSED [ 25%]
tests/test_core_config.py::TestVariDexConfigCopy::test_deep_copy PASSED  [ 25%]
tests/test_core_config.py::TestVariDexConfigRepresentation::test_str_representation FAILED [ 26%]
tests/test_core_config.py::TestVariDexConfigRepresentation::test_repr_representation PASSED [ 26%]
tests/test_core_config.py::TestVariDexConfigEdgeCases::test_zero_quality_score PASSED [ 26%]
tests/test_core_config.py::TestVariDexConfigEdgeCases::test_max_quality_score PASSED [ 26%]
tests/test_core_config.py::TestVariDexConfigEdgeCases::test_zero_population_af FAILED [ 26%]
tests/test_core_config.py::TestVariDexConfigEdgeCases::test_max_population_af FAILED [ 26%]
tests/test_core_config.py::TestVariDexConfigEdgeCases::test_single_thread FAILED [ 26%]
tests/test_core_config.py::TestVariDexConfigEdgeCases::test_empty_config_dict PASSED [ 26%]
tests/test_core_models.py::TestVariantCreation::test_minimal_variant_creation PASSED [ 26%]
tests/test_core_models.py::TestVariantCreation::test_full_variant_creation FAILED [ 27%]
tests/test_core_models.py::TestVariantCreation::test_variant_with_optional_fields FAILED [ 27%]
tests/test_core_models.py::TestVariantValidation::test_invalid_chromosome PASSED [ 27%]
tests/test_core_models.py::TestVariantValidation::test_negative_position PASSED [ 27%]
tests/test_core_models.py::TestVariantValidation::test_zero_position PASSED [ 27%]
tests/test_core_models.py::TestVariantValidation::test_empty_ref_allele PASSED [ 27%]
tests/test_core_models.py::TestVariantValidation::test_empty_alt_allele PASSED [ 27%]
tests/test_core_models.py::TestVariantValidation::test_invalid_nucleotides PASSED [ 27%]
tests/test_core_models.py::TestVariantValidation::test_valid_nucleotides PASSED [ 28%]
tests/test_core_models.py::TestVariantIdentifier::test_variant_id_generation FAILED [ 28%]
tests/test_core_models.py::TestVariantIdentifier::test_unique_variant_ids PASSED [ 28%]
tests/test_core_models.py::TestVariantIdentifier::test_reproducible_variant_id PASSED [ 28%]
tests/test_core_models.py::TestVariantSerialization::test_to_dict PASSED [ 28%]
tests/test_core_models.py::TestVariantSerialization::test_from_dict PASSED [ 28%]
tests/test_core_models.py::TestVariantSerialization::test_round_trip_serialization FAILED [ 28%]
tests/test_core_models.py::TestVariantClassification::test_classification_creation PASSED [ 28%]
tests/test_core_models.py::TestVariantClassification::test_valid_classifications PASSED [ 28%]
tests/test_core_models.py::TestVariantClassification::test_confidence_range FAILED [ 29%]
tests/test_core_models.py::TestAnnotatedVariant::test_annotated_variant_creation FAILED [ 29%]
tests/test_core_models.py::TestAnnotatedVariant::test_gnomad_af_range FAILED [ 29%]
tests/test_core_models.py::TestAnnotatedVariant::test_cadd_score_range FAILED [ 29%]
tests/test_core_models.py::TestVariantComparison::test_equal_variants PASSED [ 29%]
tests/test_core_models.py::TestVariantComparison::test_different_variants PASSED [ 29%]
tests/test_core_models.py::TestVariantComparison::test_variant_hash PASSED [ 29%]
tests/test_core_models.py::TestVariantComparison::test_variants_in_set PASSED [ 29%]
tests/test_core_models.py::TestVariantEdgeCases::test_insertion_variant PASSED [ 29%]
tests/test_core_models.py::TestVariantEdgeCases::test_deletion_variant PASSED [ 30%]
tests/test_core_models.py::TestVariantEdgeCases::test_complex_variant PASSED [ 30%]
tests/test_core_models.py::TestVariantEdgeCases::test_long_alleles PASSED [ 30%]
tests/test_core_models.py::TestVariantEdgeCases::test_max_chromosome_position PASSED [ 30%]
tests/test_core_models.py::TestVariantEdgeCases::test_sex_chromosomes FAILED [ 30%]
tests/test_core_models.py::TestVariantEdgeCases::test_mitochondrial_variant FAILED [ 30%]
tests/test_coverage_boost_error_handlers.py::TestErrorCodeEnum::test_error_code_values PASSED [ 30%]
tests/test_coverage_boost_error_handlers.py::TestErrorCodeEnum::test_error_code_names PASSED [ 30%]
tests/test_coverage_boost_error_handlers.py::TestErrorCodeEnum::test_error_code_string_representation PASSED [ 31%]
tests/test_coverage_boost_error_handlers.py::TestVaridexErrorBase::test_varidex_error_creation PASSED [ 31%]
tests/test_coverage_boost_error_handlers.py::TestVaridexErrorBase::test_varidex_error_empty_message PASSED [ 31%]
tests/test_coverage_boost_error_handlers.py::TestVaridexErrorBase::test_varidex_error_long_message PASSED [ 31%]
tests/test_coverage_boost_error_handlers.py::TestVaridexErrorBase::test_varidex_error_with_special_characters PASSED [ 31%]
tests/test_coverage_boost_error_handlers.py::TestVaridexErrorBase::test_varidex_error_inheritance PASSED [ 31%]
tests/test_coverage_boost_error_handlers.py::TestValidationError::test_validation_error_creation PASSED [ 31%]
tests/test_coverage_boost_error_handlers.py::TestValidationError::test_validation_error_field_name PASSED [ 31%]
tests/test_coverage_boost_error_handlers.py::TestValidationError::test_validation_error_multiple_fields PASSED [ 31%]
tests/test_coverage_boost_error_handlers.py::TestValidationError::test_validation_error_inheritance PASSED [ 32%]
tests/test_coverage_boost_error_handlers.py::TestValidationError::test_validation_error_raises PASSED [ 32%]
tests/test_coverage_boost_error_handlers.py::TestDataLoadError::test_data_load_error_creation PASSED [ 32%]
tests/test_coverage_boost_error_handlers.py::TestDataLoadError::test_data_load_error_with_filename PASSED [ 32%]
tests/test_coverage_boost_error_handlers.py::TestDataLoadError::test_data_load_error_with_path PASSED [ 32%]
tests/test_coverage_boost_error_handlers.py::TestDataLoadError::test_data_load_error_inheritance PASSED [ 32%]
tests/test_coverage_boost_error_handlers.py::TestClassificationError::test_classification_error_creation PASSED [ 32%]
tests/test_coverage_boost_error_handlers.py::TestClassificationError::test_classification_error_with_variant_id PASSED [ 32%]
tests/test_coverage_boost_error_handlers.py::TestClassificationError::test_classification_error_with_reason PASSED [ 32%]
tests/test_coverage_boost_error_handlers.py::TestClassificationError::test_classification_error_inheritance PASSED [ 33%]
tests/test_coverage_boost_error_handlers.py::TestReportError::test_report_error_creation PASSED [ 33%]
tests/test_coverage_boost_error_handlers.py::TestReportError::test_report_error_with_format PASSED [ 33%]
tests/test_coverage_boost_error_handlers.py::TestReportError::test_report_error_with_details PASSED [ 33%]
tests/test_coverage_boost_error_handlers.py::TestReportError::test_report_error_inheritance PASSED [ 33%]
tests/test_coverage_boost_error_handlers.py::TestFileProcessingError::test_file_processing_error_creation PASSED [ 33%]
tests/test_coverage_boost_error_handlers.py::TestFileProcessingError::test_file_processing_error_with_operation PASSED [ 33%]
tests/test_coverage_boost_error_handlers.py::TestFileProcessingError::test_file_processing_error_with_line_number PASSED [ 33%]
tests/test_coverage_boost_error_handlers.py::TestFileProcessingError::test_file_processing_error_inheritance PASSED [ 34%]
tests/test_coverage_boost_error_handlers.py::TestCoreExceptions::test_configuration_error PASSED [ 34%]
tests/test_coverage_boost_error_handlers.py::TestCoreExceptions::test_data_processing_error PASSED [ 34%]
tests/test_coverage_boost_error_handlers.py::TestCoreExceptions::test_pipeline_error PASSED [ 34%]
tests/test_coverage_boost_error_handlers.py::TestCoreExceptions::test_configuration_error_with_parameter PASSED [ 34%]
tests/test_coverage_boost_error_handlers.py::TestCoreExceptions::test_data_processing_error_with_stage PASSED [ 34%]
tests/test_coverage_boost_error_handlers.py::TestCoreExceptions::test_pipeline_error_with_stage_name PASSED [ 34%]
tests/test_coverage_boost_error_handlers.py::TestErrorPropagation::test_error_propagates_through_functions PASSED [ 34%]
tests/test_coverage_boost_error_handlers.py::TestErrorPropagation::test_error_can_be_caught_and_reraised PASSED [ 34%]
tests/test_coverage_boost_error_handlers.py::TestErrorPropagation::test_error_can_be_transformed PASSED [ 35%]
tests/test_coverage_boost_error_handlers.py::TestErrorContextManagers::test_error_in_context_manager PASSED [ 35%]
tests/test_coverage_boost_error_handlers.py::TestErrorContextManagers::test_error_during_context_cleanup PASSED [ 35%]
tests/test_coverage_boost_error_handlers.py::TestErrorEdgeCases::test_error_with_none_message PASSED [ 35%]
tests/test_coverage_boost_error_handlers.py::TestErrorEdgeCases::test_error_with_numeric_message PASSED [ 35%]
tests/test_coverage_boost_error_handlers.py::TestErrorEdgeCases::test_error_with_unicode_message PASSED [ 35%]
tests/test_coverage_boost_error_handlers.py::TestErrorEdgeCases::test_multiple_exceptions_in_sequence PASSED [ 35%]
tests/test_coverage_boost_error_handlers.py::TestErrorEdgeCases::test_error_comparison PASSED [ 35%]
tests/test_coverage_boost_error_handlers.py::TestErrorRecovery::test_try_except_pattern PASSED [ 35%]
tests/test_coverage_boost_error_handlers.py::TestErrorRecovery::test_try_except_else_pattern PASSED [ 36%]
tests/test_coverage_boost_error_handlers.py::TestErrorRecovery::test_try_except_finally_pattern PASSED [ 36%]
tests/test_coverage_boost_error_handlers.py::TestErrorRecovery::test_multiple_exception_handlers PASSED [ 36%]
tests/test_coverage_boost_integration_paths.py::TestFileFormatDetection::test_vcf_format_detection PASSED [ 36%]
tests/test_coverage_boost_integration_paths.py::TestFileFormatDetection::test_vcf_gz_format_detection PASSED [ 36%]
tests/test_coverage_boost_integration_paths.py::TestFileFormatDetection::test_tsv_format_detection PASSED [ 36%]
tests/test_coverage_boost_integration_paths.py::TestFileFormatDetection::test_csv_format_detection PASSED [ 36%]
tests/test_coverage_boost_integration_paths.py::TestFileFormatDetection::test_unknown_format_handling PASSED [ 36%]
tests/test_coverage_boost_integration_paths.py::TestFileReadingEdgeCases::test_empty_file PASSED [ 37%]
tests/test_coverage_boost_integration_paths.py::TestFileReadingEdgeCases::test_file_with_only_headers PASSED [ 37%]
tests/test_coverage_boost_integration_paths.py::TestFileReadingEdgeCases::test_file_with_comments_only PASSED [ 37%]
tests/test_coverage_boost_integration_paths.py::TestFileReadingEdgeCases::test_file_with_blank_lines PASSED [ 37%]
tests/test_coverage_boost_integration_paths.py::TestFileReadingEdgeCases::test_file_with_unicode_content PASSED [ 37%]
tests/test_coverage_boost_integration_paths.py::TestFileReadingEdgeCases::test_very_large_file_size FAILED [ 37%]
tests/test_coverage_boost_integration_paths.py::TestFileReadingEdgeCases::test_file_with_long_lines PASSED [ 37%]
tests/test_coverage_boost_integration_paths.py::TestDataLoadingErrorPaths::test_nonexistent_file_error PASSED [ 37%]
tests/test_coverage_boost_integration_paths.py::TestDataLoadingErrorPaths::test_permission_denied_error PASSED [ 37%]
tests/test_coverage_boost_integration_paths.py::TestDataLoadingErrorPaths::test_corrupted_file_error PASSED [ 38%]
tests/test_coverage_boost_integration_paths.py::TestDataLoadingErrorPaths::test_invalid_format_error PASSED [ 38%]
tests/test_coverage_boost_integration_paths.py::TestDataLoadingErrorPaths::test_truncated_file_error PASSED [ 38%]
tests/test_coverage_boost_integration_paths.py::TestDataTransformationPaths::test_empty_dataframe_handling PASSED [ 38%]
tests/test_coverage_boost_integration_paths.py::TestDataTransformationPaths::test_dataframe_with_single_row PASSED [ 38%]
tests/test_coverage_boost_integration_paths.py::TestDataTransformationPaths::test_dataframe_with_missing_values PASSED [ 38%]
tests/test_coverage_boost_integration_paths.py::TestDataTransformationPaths::test_dataframe_with_duplicate_rows PASSED [ 38%]
tests/test_coverage_boost_integration_paths.py::TestDataTransformationPaths::test_dataframe_column_type_conversion PASSED [ 38%]
tests/test_coverage_boost_integration_paths.py::TestDataTransformationPaths::test_dataframe_with_special_values PASSED [ 38%]
tests/test_coverage_boost_integration_paths.py::TestDataTransformationPaths::test_dataframe_string_operations PASSED [ 39%]
tests/test_coverage_boost_integration_paths.py::TestIntegrationErrorRecovery::test_partial_data_processing PASSED [ 39%]
tests/test_coverage_boost_integration_paths.py::TestIntegrationErrorRecovery::test_retry_on_failure PASSED [ 39%]
tests/test_coverage_boost_integration_paths.py::TestIntegrationErrorRecovery::test_fallback_on_error PASSED [ 39%]
tests/test_coverage_boost_integration_paths.py::TestPipelineStageTransitions::test_stage_output_becomes_next_stage_input PASSED [ 39%]
tests/test_coverage_boost_integration_paths.py::TestPipelineStageTransitions::test_stage_validation_before_execution PASSED [ 39%]
tests/test_coverage_boost_integration_paths.py::TestPipelineStageTransitions::test_stage_metadata_propagation PASSED [ 39%]
tests/test_coverage_boost_integration_paths.py::TestDataQualityChecks::test_check_for_nulls PASSED [ 39%]
tests/test_coverage_boost_integration_paths.py::TestDataQualityChecks::test_check_for_duplicates PASSED [ 40%]
tests/test_coverage_boost_integration_paths.py::TestDataQualityChecks::test_check_value_ranges PASSED [ 40%]
tests/test_coverage_boost_integration_paths.py::TestDataQualityChecks::test_check_data_consistency PASSED [ 40%]
tests/test_coverage_boost_integration_paths.py::TestBatchProcessing::test_process_in_batches PASSED [ 40%]
tests/test_coverage_boost_integration_paths.py::TestBatchProcessing::test_batch_size_edge_cases PASSED [ 40%]
tests/test_coverage_boost_integration_paths.py::TestBatchProcessing::test_empty_batch_handling PASSED [ 40%]
tests/test_coverage_boost_integration_paths.py::TestCachingMechanisms::test_simple_cache PASSED [ 40%]
tests/test_coverage_boost_integration_paths.py::TestCachingMechanisms::test_cache_invalidation PASSED [ 40%]
tests/test_coverage_boost_integration_paths.py::TestCachingMechanisms::test_lru_cache_behavior PASSED [ 40%]
tests/test_coverage_boost_integration_paths.py::TestResourceManagement::test_context_manager_pattern PASSED [ 41%]
tests/test_coverage_boost_integration_paths.py::TestResourceManagement::test_multiple_resource_handling PASSED [ 41%]
tests/test_coverage_boost_validation.py::TestChromosomeValidation::test_standard_chromosomes PASSED [ 41%]
tests/test_coverage_boost_validation.py::TestChromosomeValidation::test_sex_chromosomes FAILED [ 41%]
tests/test_coverage_boost_validation.py::TestChromosomeValidation::test_mitochondrial_chromosome FAILED [ 41%]
tests/test_coverage_boost_validation.py::TestChromosomeValidation::test_chromosome_without_chr_prefix PASSED [ 41%]
tests/test_coverage_boost_validation.py::TestChromosomeValidation::test_chromosome_case_insensitive PASSED [ 41%]
tests/test_coverage_boost_validation.py::TestChromosomeValidation::test_invalid_chromosome_names PASSED [ 41%]
tests/test_coverage_boost_validation.py::TestChromosomeValidation::test_chromosome_with_special_characters PASSED [ 41%]
tests/test_coverage_boost_validation.py::TestPositionValidation::test_minimum_position PASSED [ 42%]
tests/test_coverage_boost_validation.py::TestPositionValidation::test_position_zero_invalid PASSED [ 42%]
tests/test_coverage_boost_validation.py::TestPositionValidation::test_negative_position_invalid PASSED [ 42%]
tests/test_coverage_boost_validation.py::TestPositionValidation::test_very_large_position PASSED [ 42%]
tests/test_coverage_boost_validation.py::TestPositionValidation::test_position_exceeds_chromosome_length PASSED [ 42%]
tests/test_coverage_boost_validation.py::TestPositionValidation::test_position_float_rejected PASSED [ 42%]
tests/test_coverage_boost_validation.py::TestPositionValidation::test_position_string_rejected FAILED [ 42%]
tests/test_coverage_boost_validation.py::TestAlleleValidation::test_single_nucleotide_variants PASSED [ 42%]
tests/test_coverage_boost_validation.py::TestAlleleValidation::test_same_ref_and_alt_invalid PASSED [ 43%]
tests/test_coverage_boost_validation.py::TestAlleleValidation::test_empty_ref_allele PASSED [ 43%]
tests/test_coverage_boost_validation.py::TestAlleleValidation::test_empty_alt_allele PASSED [ 43%]
tests/test_coverage_boost_validation.py::TestAlleleValidation::test_lowercase_nucleotides PASSED [ 43%]
tests/test_coverage_boost_validation.py::TestAlleleValidation::test_invalid_nucleotide_characters PASSED [ 43%]
tests/test_coverage_boost_validation.py::TestAlleleValidation::test_multi_nucleotide_ref PASSED [ 43%]
tests/test_coverage_boost_validation.py::TestAlleleValidation::test_multi_nucleotide_alt PASSED [ 43%]
tests/test_coverage_boost_validation.py::TestAlleleValidation::test_very_long_alleles PASSED [ 43%]
tests/test_coverage_boost_validation.py::TestVariantTypeDetection::test_snv_detection PASSED [ 43%]
tests/test_coverage_boost_validation.py::TestVariantTypeDetection::test_insertion_detection PASSED [ 44%]
tests/test_coverage_boost_validation.py::TestVariantTypeDetection::test_deletion_detection PASSED [ 44%]
tests/test_coverage_boost_validation.py::TestVariantTypeDetection::test_complex_variant_detection PASSED [ 44%]
tests/test_coverage_boost_validation.py::TestVariantTypeDetection::test_mnv_detection PASSED [ 44%]
tests/test_coverage_boost_validation.py::TestDataValidatorMethods::test_validate_variant_dict_valid PASSED [ 44%]
tests/test_coverage_boost_validation.py::TestDataValidatorMethods::test_validate_variant_dict_missing_chromosome PASSED [ 44%]
tests/test_coverage_boost_validation.py::TestDataValidatorMethods::test_validate_variant_dict_missing_position PASSED [ 44%]
tests/test_coverage_boost_validation.py::TestDataValidatorMethods::test_validate_variant_dict_none PASSED [ 44%]
tests/test_coverage_boost_validation.py::TestDataValidatorMethods::test_validate_variant_dict_empty PASSED [ 44%]
tests/test_coverage_boost_validation.py::TestDataValidatorMethods::test_validate_dataframe_valid PASSED [ 45%]
tests/test_coverage_boost_validation.py::TestDataValidatorMethods::test_validate_dataframe_empty PASSED [ 45%]
tests/test_coverage_boost_validation.py::TestDataValidatorMethods::test_validate_dataframe_none PASSED [ 45%]
tests/test_coverage_boost_validation.py::TestDataValidatorMethods::test_validate_dataframe_not_dataframe PASSED [ 45%]
tests/test_coverage_boost_validation.py::TestVariantKeyFormatting::test_format_key_standard PASSED [ 45%]
tests/test_coverage_boost_validation.py::TestVariantKeyFormatting::test_format_key_different_separators PASSED [ 45%]
tests/test_coverage_boost_validation.py::TestVariantKeyFormatting::test_parse_key_standard PASSED [ 45%]
tests/test_coverage_boost_validation.py::TestVariantKeyFormatting::test_parse_key_invalid_format PASSED [ 45%]
tests/test_coverage_boost_validation.py::TestVariantKeyFormatting::test_parse_key_empty PASSED [ 46%]
tests/test_coverage_boost_validation.py::TestVariantKeyFormatting::test_format_parse_roundtrip PASSED [ 46%]
tests/test_coverage_boost_validation.py::TestInputSanitization::test_whitespace_handling PASSED [ 46%]
tests/test_coverage_boost_validation.py::TestInputSanitization::test_case_normalization PASSED [ 46%]
tests/test_coverage_boost_validation.py::TestInputSanitization::test_leading_zeros_in_chromosome PASSED [ 46%]
tests/test_coverage_boost_validation.py::TestBoundaryConditions::test_max_integer_position PASSED [ 46%]
tests/test_coverage_boost_validation.py::TestBoundaryConditions::test_single_character_alleles PASSED [ 46%]
tests/test_coverage_boost_validation.py::TestBoundaryConditions::test_maximum_allele_length PASSED [ 46%]
tests/test_coverage_boost_validation.py::TestVariantDataModel::test_variant_data_creation PASSED [ 46%]
tests/test_coverage_boost_validation.py::TestVariantDataModel::test_variant_data_optional_fields PASSED [ 47%]
tests/test_coverage_gaps.py::TestPipelineStagesCoverage::test_stage_state_validation_errors SKIPPED [ 47%]
tests/test_coverage_gaps.py::TestPipelineStagesCoverage::test_stage_with_corrupted_state SKIPPED [ 47%]
tests/test_coverage_gaps.py::TestClassifierCoverage::test_classifier_with_missing_fields PASSED [ 47%]
tests/test_coverage_gaps.py::TestClassifierCoverage::test_classifier_edge_cases PASSED [ 47%]
tests/test_coverage_gaps.py::TestClassifierCoverage::test_acmg_criteria_all_false SKIPPED [ 47%]
tests/test_coverage_gaps.py::TestReportsGeneratorCoverage::test_report_with_empty_results PASSED [ 47%]
tests/test_coverage_gaps.py::TestReportsGeneratorCoverage::test_report_with_special_characters SKIPPED [ 47%]
tests/test_coverage_gaps.py::TestCoreModelsCoverage::test_variant_data_minimal PASSED [ 47%]
tests/test_coverage_gaps.py::TestCoreModelsCoverage::test_variant_data_with_all_fields PASSED [ 48%]
tests/test_coverage_gaps.py::TestCoreModelsCoverage::test_pathogenicity_class_values SKIPPED [ 48%]
tests/test_coverage_gaps.py::TestIOCoverage::test_load_empty_file PASSED [ 48%]
tests/test_coverage_gaps.py::TestIOCoverage::test_file_path_validation PASSED [ 48%]
tests/test_coverage_gaps.py::TestIntegrationsCoverage::test_gnomad_timeout_handling SKIPPED [ 48%]
tests/test_coverage_gaps.py::TestIntegrationsCoverage::test_dbnsfp_missing_file_handling SKIPPED [ 48%]
tests/test_coverage_gaps.py::TestExceptionsCoverage::test_custom_exceptions_exist SKIPPED [ 48%]
tests/test_coverage_gaps.py::TestExceptionsCoverage::test_exception_hierarchy SKIPPED [ 48%]
tests/test_coverage_gaps.py::TestDownloaderCoverage::test_download_with_invalid_url FAILED [ 49%]
tests/test_coverage_gaps.py::TestDownloaderCoverage::test_download_with_timeout FAILED [ 49%]
tests/test_data_validation.py::TestVariantDataValidation::test_valid_chromosome_names PASSED [ 49%]
tests/test_data_validation.py::TestVariantDataValidation::test_invalid_chromosome_names PASSED [ 49%]
tests/test_data_validation.py::TestVariantDataValidation::test_valid_positions PASSED [ 49%]
tests/test_data_validation.py::TestVariantDataValidation::test_invalid_positions FAILED [ 49%]
tests/test_data_validation.py::TestVariantDataValidation::test_valid_nucleotides PASSED [ 49%]
tests/test_data_validation.py::TestVariantDataValidation::test_invalid_nucleotides PASSED [ 49%]
tests/test_data_validation.py::TestVariantDataValidation::test_ref_alt_validation PASSED [ 49%]
tests/test_data_validation.py::TestFrequencyValidation::test_valid_frequencies FAILED [ 50%]
tests/test_data_validation.py::TestFrequencyValidation::test_invalid_frequencies PASSED [ 50%]
tests/test_data_validation.py::TestFrequencyValidation::test_frequency_precision PASSED [ 50%]
tests/test_data_validation.py::TestFrequencyValidation::test_rare_variant_threshold PASSED [ 50%]
tests/test_data_validation.py::TestScoreValidation::test_valid_cadd_scores PASSED [ 50%]
tests/test_data_validation.py::TestScoreValidation::test_invalid_cadd_scores PASSED [ 50%]
tests/test_data_validation.py::TestScoreValidation::test_valid_revel_scores PASSED [ 50%]
tests/test_data_validation.py::TestScoreValidation::test_invalid_revel_scores PASSED [ 50%]
tests/test_data_validation.py::TestScoreValidation::test_score_interpretation PASSED [ 50%]
tests/test_data_validation.py::TestDataFrameValidation::test_required_columns_present PASSED [ 51%]
tests/test_data_validation.py::TestDataFrameValidation::test_missing_required_columns PASSED [ 51%]
tests/test_data_validation.py::TestDataFrameValidation::test_empty_dataframe PASSED [ 51%]
tests/test_data_validation.py::TestDataFrameValidation::test_duplicate_variants FAILED [ 51%]
tests/test_data_validation.py::TestDataFrameValidation::test_dataframe_memory_size PASSED [ 51%]
tests/test_data_validation.py::TestInputSanitization::test_sanitize_chromosome_names PASSED [ 51%]
tests/test_data_validation.py::TestInputSanitization::test_sanitize_case_sensitivity PASSED [ 51%]
tests/test_data_validation.py::TestInputSanitization::test_strip_whitespace PASSED [ 51%]
tests/test_data_validation.py::TestInputSanitization::test_remove_special_characters PASSED [ 52%]
tests/test_data_validation.py::TestInputSanitization::test_sql_injection_prevention PASSED [ 52%]
tests/test_data_validation.py::TestBoundaryConditions::test_max_chromosome_length FAILED [ 52%]
tests/test_data_validation.py::TestBoundaryConditions::test_very_long_sequences PASSED [ 52%]
tests/test_data_validation.py::TestBoundaryConditions::test_zero_and_negative_values PASSED [ 52%]
tests/test_data_validation.py::TestBoundaryConditions::test_extreme_float_values FAILED [ 52%]
tests/test_data_validation.py::TestDataTypeValidation::test_integer_conversion PASSED [ 52%]
tests/test_data_validation.py::TestDataTypeValidation::test_float_conversion PASSED [ 52%]
tests/test_data_validation.py::TestDataTypeValidation::test_boolean_conversion PASSED [ 52%]
tests/test_data_validation.py::TestDataTypeValidation::test_list_conversion PASSED [ 53%]
tests/test_dbnsfp_integration.py::TestPredictionScore::test_count_deleterious_sift PASSED [ 53%]
tests/test_dbnsfp_integration.py::TestPredictionScore::test_count_deleterious_polyphen PASSED [ 53%]
tests/test_dbnsfp_integration.py::TestPredictionScore::test_count_deleterious_cadd PASSED [ 53%]
tests/test_dbnsfp_integration.py::TestPredictionScore::test_count_deleterious_multiple PASSED [ 53%]
tests/test_dbnsfp_integration.py::TestPredictionScore::test_count_benign_sift PASSED [ 53%]
tests/test_dbnsfp_integration.py::TestPredictionScore::test_count_benign_polyphen PASSED [ 53%]
tests/test_dbnsfp_integration.py::TestPredictionScore::test_count_benign_cadd PASSED [ 53%]
tests/test_dbnsfp_integration.py::TestPredictionScore::test_count_benign_multiple PASSED [ 53%]
tests/test_dbnsfp_integration.py::TestPredictionScore::test_has_scores PASSED [ 54%]
tests/test_dbnsfp_integration.py::TestPredictionScore::test_summary PASSED [ 54%]
tests/test_dbnsfp_integration.py::TestValidationHelpers::test_validate_not_none_fail PASSED [ 54%]
tests/test_dbnsfp_integration.py::TestDbNSFPClient::test_init_default PASSED [ 54%]
tests/test_dbnsfp_integration.py::TestDbNSFPClient::test_init_custom PASSED [ 54%]
tests/test_dbnsfp_integration.py::TestDbNSFPClient::test_cache_operations PASSED [ 54%]
tests/test_dbnsfp_integration.py::TestDbNSFPClient::test_get_predictions_not_found PASSED [ 54%]
tests/test_dbnsfp_integration.py::TestDbNSFPClient::test_get_predictions_found PASSED [ 54%]
tests/test_dbnsfp_integration.py::TestDbNSFPClient::test_get_statistics PASSED [ 55%]
tests/test_dbnsfp_integration.py::TestComputationalPredictionService::test_init_with_predictions PASSED [ 55%]
tests/test_dbnsfp_integration.py::TestComputationalPredictionService::test_analyze_sift PASSED [ 55%]
tests/test_dbnsfp_integration.py::TestComputationalPredictionService::test_analyze_polyphen PASSED [ 55%]
tests/test_dbnsfp_integration.py::TestComputationalPredictionService::test_analyze_cadd PASSED [ 55%]
tests/test_dbnsfp_integration.py::TestComputationalPredictionService::test_check_pp3_sufficient PASSED [ 55%]
tests/test_dbnsfp_integration.py::TestComputationalPredictionService::test_check_pp3_insufficient PASSED [ 55%]
tests/test_dbnsfp_integration.py::TestComputationalPredictionService::test_check_bp4_sufficient PASSED [ 55%]
tests/test_dbnsfp_integration.py::TestComputationalPredictionService::test_check_bp4_deferred_to_pp3 PASSED [ 55%]
tests/test_dbnsfp_integration.py::TestACMGClassifierV8::test_init_without_predictions PASSED [ 56%]
tests/test_dbnsfp_integration.py::TestACMGClassifierV8::test_get_enabled_codes_with_predictions PASSED [ 56%]
tests/test_dbnsfp_integration.py::TestACMGClassifierV8::test_health_check PASSED [ 56%]
tests/test_dbnsfp_integration.py::TestACMGClassifierV8::test_get_evidence_summary PASSED [ 56%]
tests/test_downloader.py::TestCalculateChecksum::test_calculate_checksum_md5 PASSED [ 56%]
tests/test_downloader.py::TestCalculateChecksum::test_calculate_checksum_sha256 PASSED [ 56%]
tests/test_downloader.py::TestCalculateChecksum::test_calculate_checksum_nonexistent_file PASSED [ 56%]
tests/test_downloader.py::TestCalculateChecksum::test_calculate_checksum_invalid_algorithm PASSED [ 56%]
tests/test_downloader.py::TestVerifyChecksum::test_verify_checksum_valid PASSED [ 56%]
tests/test_downloader.py::TestVerifyChecksum::test_verify_checksum_invalid PASSED [ 57%]
tests/test_downloader.py::TestVerifyChecksum::test_verify_checksum_case_insensitive PASSED [ 57%]
tests/test_downloader.py::TestDownloadFile::test_download_file_success FAILED [ 57%]
tests/test_downloader.py::TestDownloadFile::test_download_file_http_error FAILED [ 57%]
tests/test_downloader.py::TestDownloadFile::test_download_file_with_progress FAILED [ 57%]
tests/test_downloader.py::TestDownloadFile::test_download_file_network_error FAILED [ 57%]
tests/test_downloader.py::TestResourceDownloader::test_init_default_cache_dir FAILED [ 57%]
tests/test_downloader.py::TestResourceDownloader::test_init_custom_cache_dir FAILED [ 57%]
tests/test_downloader.py::TestResourceDownloader::test_download_resource_not_cached FAILED [ 58%]
tests/test_downloader.py::TestResourceDownloader::test_download_resource_already_cached FAILED [ 58%]
tests/test_downloader.py::TestResourceDownloader::test_download_resource_with_checksum FAILED [ 58%]
tests/test_downloader.py::TestResourceDownloader::test_download_resource_checksum_mismatch FAILED [ 58%]
tests/test_downloader.py::TestResourceDownloader::test_download_resource_force_redownload FAILED [ 58%]
tests/test_downloader.py::TestResourceDownloader::test_clear_cache FAILED [ 58%]
tests/test_downloader.py::TestResourceDownloader::test_get_cache_size FAILED [ 58%]
tests/test_downloader.py::TestResourceDownloader::test_list_cached_files FAILED [ 58%]
tests/test_downloader.py::TestDownloadRetry::test_download_retry_success_on_second_attempt FAILED [ 58%]
tests/test_downloader.py::TestDownloadRetry::test_download_retry_exhausted FAILED [ 59%]
tests/test_edge_cases.py::TestEmptyInputHandling::test_empty_dataframe PASSED [ 59%]
tests/test_edge_cases.py::TestEmptyInputHandling::test_dataframe_with_no_variants PASSED [ 59%]
tests/test_edge_cases.py::TestEmptyInputHandling::test_empty_string_fields PASSED [ 59%]
tests/test_edge_cases.py::TestEmptyInputHandling::test_none_values_in_dataframe PASSED [ 59%]
tests/test_edge_cases.py::TestBoundaryValues::test_maximum_chromosome_position PASSED [ 59%]
tests/test_edge_cases.py::TestBoundaryValues::test_minimum_chromosome_position PASSED [ 59%]
tests/test_edge_cases.py::TestBoundaryValues::test_zero_position PASSED  [ 59%]
tests/test_edge_cases.py::TestBoundaryValues::test_negative_position PASSED [ 59%]
tests/test_edge_cases.py::TestBoundaryValues::test_very_long_allele_sequence PASSED [ 60%]
tests/test_edge_cases.py::TestSpecialCharacters::test_unicode_in_gene_name PASSED [ 60%]
tests/test_edge_cases.py::TestSpecialCharacters::test_special_characters_in_fields PASSED [ 60%]
tests/test_edge_cases.py::TestSpecialCharacters::test_newlines_in_text_fields PASSED [ 60%]
tests/test_edge_cases.py::TestSpecialCharacters::test_tab_characters PASSED [ 60%]
tests/test_edge_cases.py::TestMalformedData::test_mixed_type_chromosome FAILED [ 60%]
tests/test_edge_cases.py::TestMalformedData::test_inconsistent_column_count PASSED [ 60%]
tests/test_edge_cases.py::TestMalformedData::test_duplicate_variant_entries PASSED [ 60%]
tests/test_edge_cases.py::TestMemoryAndPerformance::test_large_number_of_variants PASSED [ 61%]
tests/test_edge_cases.py::TestMemoryAndPerformance::test_large_dataframe_memory_usage PASSED [ 61%]
tests/test_edge_cases.py::TestChromosomeVariants::test_chromosome_with_chr_prefix PASSED [ 61%]
tests/test_edge_cases.py::TestChromosomeVariants::test_chromosome_without_prefix PASSED [ 61%]
tests/test_edge_cases.py::TestChromosomeVariants::test_mitochondrial_chromosome PASSED [ 61%]
tests/test_edge_cases.py::TestChromosomeVariants::test_invalid_chromosome_names PASSED [ 61%]
tests/test_edge_cases.py::TestAlleleFormats::test_single_nucleotide_variant PASSED [ 61%]
tests/test_edge_cases.py::TestAlleleFormats::test_insertion PASSED       [ 61%]
tests/test_edge_cases.py::TestAlleleFormats::test_deletion PASSED        [ 61%]
tests/test_edge_cases.py::TestAlleleFormats::test_mnv_multi_nucleotide_variant PASSED [ 62%]
tests/test_edge_cases.py::TestAlleleFormats::test_complex_variant PASSED [ 62%]
tests/test_edge_cases.py::TestAlleleFormats::test_lowercase_alleles PASSED [ 62%]
tests/test_edge_cases.py::TestAlleleFormats::test_mixed_case_alleles PASSED [ 62%]
tests/test_edge_cases.py::TestConfigurationEdgeCases::test_empty_config_dict PASSED [ 62%]
tests/test_edge_cases.py::TestConfigurationEdgeCases::test_config_with_invalid_paths PASSED [ 62%]
tests/test_edge_cases.py::TestConfigurationEdgeCases::test_config_with_special_characters_in_paths PASSED [ 62%]
tests/test_edge_cases.py::TestConcurrentAccess::test_multiple_dataframe_copies PASSED [ 62%]
tests/test_edge_cases.py::TestFloatingPointPrecision::test_frequency_precision PASSED [ 62%]
tests/test_edge_cases.py::TestFloatingPointPrecision::test_quality_score_precision PASSED [ 63%]
tests/test_edge_cases.py::TestDataTypeConversions::test_string_to_numeric_conversion FAILED [ 63%]
tests/test_edge_cases.py::TestDataTypeConversions::test_numeric_to_string_conversion FAILED [ 63%]
tests/test_error_recovery.py::TestExceptionHierarchy::test_base_exception_inheritance FAILED [ 63%]
tests/test_error_recovery.py::TestExceptionHierarchy::test_exception_message_handling PASSED [ 63%]
tests/test_error_recovery.py::TestExceptionHierarchy::test_exception_with_context PASSED [ 63%]
tests/test_error_recovery.py::TestFileIOErrorHandling::test_missing_input_file PASSED [ 63%]
tests/test_error_recovery.py::TestFileIOErrorHandling::test_permission_denied_error PASSED [ 63%]
tests/test_error_recovery.py::TestFileIOErrorHandling::test_corrupted_file_recovery PASSED [ 64%]
tests/test_error_recovery.py::TestFileIOErrorHandling::test_partial_file_write_recovery PASSED [ 64%]
tests/test_error_recovery.py::TestFileIOErrorHandling::test_disk_full_simulation PASSED [ 64%]
tests/test_error_recovery.py::TestNetworkErrorHandling::test_connection_timeout PASSED [ 64%]
tests/test_error_recovery.py::TestNetworkErrorHandling::test_connection_refused PASSED [ 64%]
tests/test_error_recovery.py::TestNetworkErrorHandling::test_http_error_codes PASSED [ 64%]
tests/test_error_recovery.py::TestNetworkErrorHandling::test_retry_mechanism PASSED [ 64%]
tests/test_error_recovery.py::TestDataValidationErrors::test_invalid_chromosome_format PASSED [ 64%]
tests/test_error_recovery.py::TestDataValidationErrors::test_invalid_position_format FAILED [ 64%]
tests/test_error_recovery.py::TestDataValidationErrors::test_invalid_allele_characters PASSED [ 65%]
tests/test_error_recovery.py::TestDataValidationErrors::test_missing_required_fields PASSED [ 65%]
tests/test_error_recovery.py::TestDataValidationErrors::test_mismatched_array_lengths PASSED [ 65%]
tests/test_error_recovery.py::TestMemoryErrorHandling::test_large_allocation_simulation PASSED [ 65%]
tests/test_error_recovery.py::TestMemoryErrorHandling::test_chunked_processing_fallback PASSED [ 65%]
tests/test_error_recovery.py::TestConcurrencyErrors::test_file_locked_by_another_process PASSED [ 65%]
tests/test_error_recovery.py::TestConcurrencyErrors::test_concurrent_dataframe_modification PASSED [ 65%]
tests/test_error_recovery.py::TestPartialFailureScenarios::test_partial_variant_processing PASSED [ 65%]
tests/test_error_recovery.py::TestPartialFailureScenarios::test_transaction_rollback_pattern PASSED [ 65%]
tests/test_error_recovery.py::TestResourceCleanup::test_file_handle_cleanup PASSED [ 66%]
tests/test_error_recovery.py::TestResourceCleanup::test_exception_during_context_manager PASSED [ 66%]
tests/test_error_recovery.py::TestResourceCleanup::test_temp_file_cleanup PASSED [ 66%]
tests/test_error_recovery.py::TestGracefulDegradation::test_missing_optional_data PASSED [ 66%]
tests/test_error_recovery.py::TestGracefulDegradation::test_fallback_to_default_values PASSED [ 66%]
tests/test_error_recovery.py::TestGracefulDegradation::test_alternative_data_source_fallback PASSED [ 66%]
tests/test_error_recovery.py::TestErrorLogging::test_error_context_preservation PASSED [ 66%]
tests/test_error_recovery.py::TestErrorLogging::test_multiple_error_accumulation PASSED [ 66%]
tests/test_exceptions.py::TestExceptionHierarchy::test_base_exception_class PASSED [ 67%]
tests/test_exceptions.py::TestExceptionHierarchy::test_exception_inheritance_and_error_code[ValidationError-ErrorCode.VALIDATION] PASSED [ 67%]
tests/test_exceptions.py::TestExceptionHierarchy::test_exception_inheritance_and_error_code[DataLoadError-ErrorCode.DATA_LOAD] PASSED [ 67%]
tests/test_exceptions.py::TestExceptionHierarchy::test_exception_inheritance_and_error_code[ClassificationError-ErrorCode.CLASSIFICATION] PASSED [ 67%]
tests/test_exceptions.py::TestExceptionHierarchy::test_exception_inheritance_and_error_code[ReportError-ErrorCode.REPORT] PASSED [ 67%]
tests/test_exceptions.py::TestExceptionHierarchy::test_exception_inheritance_and_error_code[FileProcessingError-ErrorCode.FILE_PROCESSING] PASSED [ 67%]
tests/test_exceptions.py::TestValidationHelpers::test_validate_not_none_pass[string] PASSED [ 67%]
tests/test_exceptions.py::TestValidationHelpers::test_validate_not_none_pass[0] PASSED [ 67%]
tests/test_exceptions.py::TestValidationHelpers::test_validate_not_none_pass[value2] PASSED [ 67%]
tests/test_exceptions.py::TestValidationHelpers::test_validate_not_none_pass[value3] PASSED [ 68%]
tests/test_exceptions.py::TestValidationHelpers::test_validate_not_none_pass[False] PASSED [ 68%]
tests/test_exceptions.py::TestValidationHelpers::test_validate_not_none_fail PASSED [ 68%]
tests/test_exceptions.py::TestValidationHelpers::test_validate_not_empty_fail[-empty string] PASSED [ 68%]
tests/test_exceptions.py::TestValidationHelpers::test_validate_not_empty_fail[empty_value1-empty list] PASSED [ 68%]
tests/test_exceptions.py::TestValidationHelpers::test_validate_not_empty_fail[empty_value2-empty dict] PASSED [ 68%]
tests/test_gnomad_integration.py::TestPM2EvidenceCode::test_pm2_with_gnomad_af_field PASSED [ 68%]
tests/test_gnomad_integration.py::TestPM2EvidenceCode::test_pm2_with_gnomad_api PASSED [ 68%]
tests/test_gnomad_integration.py::TestPM2EvidenceCode::test_pm2_column_naming PASSED [ 68%]
tests/test_gnomad_integration.py::TestChromosomeNormalization::test_normalize_chromosome PASSED [ 69%]
tests/test_gnomad_integration.py::TestChromosomeNormalization::test_gnomad_client_chromosome_handling PASSED [ 69%]
tests/test_gnomad_integration.py::TestVCFInfoFieldParsing::test_safe_get_info_value_list PASSED [ 69%]
tests/test_gnomad_integration.py::TestVCFInfoFieldParsing::test_safe_get_info_value_scalar PASSED [ 69%]
tests/test_gnomad_integration.py::TestVCFInfoFieldParsing::test_safe_get_info_value_missing PASSED [ 69%]
tests/test_gnomad_integration.py::TestGnomADAnnotator::test_annotator_column_consistency PASSED [ 69%]
tests/test_gnomad_integration.py::TestGnomADAnnotator::test_annotator_adds_gnomad_columns PASSED [ 69%]
tests/test_gnomad_integration.py::TestGnomADClient::test_client_cache PASSED [ 69%]
tests/test_gnomad_integration.py::TestGnomADClient::test_client_rate_limiting PASSED [ 70%]
tests/test_gnomad_integration.py::TestEndToEndIntegration::test_pipeline_with_gnomad_annotation PASSED [ 70%]
tests/test_integration_e2e.py::TestEndToEndPipeline::test_e2e_single_variant_annotation FAILED [ 70%]
tests/test_integration_e2e.py::TestEndToEndPipeline::test_e2e_variant_matching_workflow PASSED [ 70%]
tests/test_integration_e2e.py::TestEndToEndPipeline::test_e2e_multi_source_integration FAILED [ 70%]
tests/test_integration_e2e.py::TestEndToEndPipeline::test_e2e_pipeline_with_filtering PASSED [ 70%]
tests/test_integration_e2e.py::TestEndToEndPipeline::test_e2e_report_generation PASSED [ 70%]
tests/test_integration_e2e.py::TestPerformanceIntegration::test_large_vcf_processing FAILED [ 70%]
tests/test_integration_e2e.py::TestPerformanceIntegration::test_concurrent_matching_performance PASSED [ 70%]
tests/test_integration_e2e.py::TestPerformanceIntegration::test_memory_efficient_processing FAILED [ 71%]
tests/test_integration_e2e.py::TestDataIntegrity::test_roundtrip_vcf_to_dataframe FAILED [ 71%]
tests/test_integration_e2e.py::TestDataIntegrity::test_coordinate_system_consistency PASSED [ 71%]
tests/test_integration_e2e.py::TestDataIntegrity::test_allele_normalization_integrity FAILED [ 71%]
tests/test_integration_e2e.py::TestErrorRecovery::test_pipeline_handles_malformed_input FAILED [ 71%]
tests/test_integration_e2e.py::TestErrorRecovery::test_pipeline_handles_missing_files FAILED [ 71%]
tests/test_integration_e2e.py::TestErrorRecovery::test_pipeline_partial_failure_recovery PASSED [ 71%]
tests/test_integration_e2e.py::TestConfigurationIntegration::test_config_affects_pipeline_behavior PASSED [ 71%]
tests/test_integration_e2e.py::TestConfigurationIntegration::test_config_persistence PASSED [ 71%]
tests/test_io_matching.py::TestCreateVariantKey::test_create_variant_key_basic PASSED [ 72%]
tests/test_io_matching.py::TestCreateVariantKey::test_create_variant_key_sex_chromosome PASSED [ 72%]
tests/test_io_matching.py::TestCreateVariantKey::test_create_variant_key_indel PASSED [ 72%]
tests/test_io_matching.py::TestCreateVariantKey::test_create_variant_key_normalization PASSED [ 72%]
tests/test_io_matching.py::TestMatchByCoordinates::test_match_by_coordinates_exact PASSED [ 72%]
tests/test_io_matching.py::TestMatchByCoordinates::test_match_by_coordinates_no_matches PASSED [ 72%]
tests/test_io_matching.py::TestMatchByCoordinates::test_match_by_coordinates_partial_overlap PASSED [ 72%]
tests/test_io_matching.py::TestMatchByCoordinates::test_match_by_coordinates_allow_mismatch PASSED [ 72%]
tests/test_io_matching.py::TestMatchByVariantID::test_match_by_variant_id_rsid PASSED [ 73%]
tests/test_io_matching.py::TestMatchByVariantID::test_match_by_variant_id_custom_column PASSED [ 73%]
tests/test_io_matching.py::TestMatchByVariantID::test_match_by_variant_id_no_matches PASSED [ 73%]
tests/test_io_matching.py::TestFindExactMatches::test_find_exact_matches_basic PASSED [ 73%]
tests/test_io_matching.py::TestFindExactMatches::test_find_exact_matches_none PASSED [ 73%]
tests/test_io_matching.py::TestFindExactMatches::test_find_exact_matches_assembly_mismatch PASSED [ 73%]
tests/test_io_matching.py::TestFindFuzzyMatches::test_find_fuzzy_matches_nearby_position PASSED [ 73%]
tests/test_io_matching.py::TestFindFuzzyMatches::test_find_fuzzy_matches_different_alleles PASSED [ 73%]
tests/test_io_matching.py::TestFindFuzzyMatches::test_find_fuzzy_matches_strict_alleles PASSED [ 73%]
tests/test_io_matching.py::TestMatchVariants::test_match_variants_exact_mode PASSED [ 74%]
tests/test_io_matching.py::TestMatchVariants::test_match_variants_fuzzy_mode PASSED [ 74%]
tests/test_io_matching.py::TestMatchVariants::test_match_variants_invalid_mode PASSED [ 74%]
tests/test_io_matching.py::TestMatchVariants::test_match_variants_empty_query PASSED [ 74%]
tests/test_io_matching.py::TestMatchVariants::test_match_variants_empty_reference PASSED [ 74%]
tests/test_io_matching.py::TestMatchingPerformance::test_match_large_dataset PASSED [ 74%]
tests/test_io_matching.py::TestMatchingPerformance::test_match_variants_deduplication PASSED [ 74%]
tests/test_liftover.py::test_liftover_basic PASSED                       [ 74%]
tests/test_liftover.py::test_liftover_invalid_build PASSED               [ 74%]
tests/test_pipeline.py::test_pipeline PASSED                             [ 75%]
tests/test_pipeline.py::test_coverage[0] PASSED                          [ 75%]
tests/test_pipeline.py::test_coverage[1] PASSED                          [ 75%]
tests/test_pipeline.py::test_coverage[2] PASSED                          [ 75%]
tests/test_pipeline.py::test_coverage[3] PASSED                          [ 75%]
tests/test_pipeline.py::test_coverage[4] PASSED                          [ 75%]
tests/test_pipeline.py::test_coverage[5] PASSED                          [ 75%]
tests/test_pipeline.py::test_coverage[6] PASSED                          [ 75%]
tests/test_pipeline.py::test_coverage[7] PASSED                          [ 76%]
tests/test_pipeline.py::test_coverage[8] PASSED                          [ 76%]
tests/test_pipeline.py::test_coverage[9] PASSED                          [ 76%]
tests/test_pipeline.py::test_coverage[10] PASSED                         [ 76%]
tests/test_pipeline.py::test_coverage[11] PASSED                         [ 76%]
tests/test_pipeline.py::test_coverage[12] PASSED                         [ 76%]
tests/test_pipeline.py::test_coverage[13] PASSED                         [ 76%]
tests/test_pipeline.py::test_coverage[14] PASSED                         [ 76%]
tests/test_pipeline.py::test_coverage[15] PASSED                         [ 76%]
tests/test_pipeline.py::test_coverage[16] PASSED                         [ 77%]
tests/test_pipeline.py::test_coverage[17] PASSED                         [ 77%]
tests/test_pipeline.py::test_coverage[18] PASSED                         [ 77%]
tests/test_pipeline.py::test_coverage[19] PASSED                         [ 77%]
tests/test_pipeline.py::test_coverage[20] PASSED                         [ 77%]
tests/test_pipeline.py::test_coverage[21] PASSED                         [ 77%]
tests/test_pipeline.py::test_coverage[22] PASSED                         [ 77%]
tests/test_pipeline.py::test_coverage[23] PASSED                         [ 77%]
tests/test_pipeline.py::test_coverage[24] PASSED                         [ 77%]
tests/test_pipeline.py::test_coverage[25] PASSED                         [ 78%]
tests/test_pipeline.py::test_coverage[26] PASSED                         [ 78%]
tests/test_pipeline.py::test_coverage[27] PASSED                         [ 78%]
tests/test_pipeline.py::test_coverage[28] PASSED                         [ 78%]
tests/test_pipeline.py::test_coverage[29] PASSED                         [ 78%]
tests/test_pipeline.py::test_coverage[30] PASSED                         [ 78%]
tests/test_pipeline.py::test_coverage[31] PASSED                         [ 78%]
tests/test_pipeline.py::test_coverage[32] PASSED                         [ 78%]
tests/test_pipeline.py::test_coverage[33] PASSED                         [ 79%]
tests/test_pipeline.py::test_coverage[34] PASSED                         [ 79%]
tests/test_pipeline.py::test_coverage[35] PASSED                         [ 79%]
tests/test_pipeline.py::test_coverage[36] PASSED                         [ 79%]
tests/test_pipeline.py::test_coverage[37] PASSED                         [ 79%]
tests/test_pipeline.py::test_coverage[38] PASSED                         [ 79%]
tests/test_pipeline.py::test_coverage[39] PASSED                         [ 79%]
tests/test_pipeline.py::test_coverage[40] PASSED                         [ 79%]
tests/test_pipeline.py::test_coverage[41] PASSED                         [ 79%]
tests/test_pipeline_stages.py::TestValidationStage::test_validate_vcf_format_valid PASSED [ 80%]
tests/test_pipeline_stages.py::TestValidationStage::test_validate_vcf_format_invalid PASSED [ 80%]
tests/test_pipeline_stages.py::TestValidationStage::test_validate_vcf_format_missing_file PASSED [ 80%]
tests/test_pipeline_stages.py::TestValidationStage::test_validate_reference_genome PASSED [ 80%]
tests/test_pipeline_stages.py::TestValidationStage::test_validate_chromosome_names PASSED [ 80%]
tests/test_pipeline_stages.py::TestValidationStage::test_validate_positions PASSED [ 80%]
tests/test_pipeline_stages.py::TestValidationStage::test_validate_alleles PASSED [ 80%]
tests/test_pipeline_stages.py::TestValidationStage::test_execute_validation_stage PASSED [ 80%]
tests/test_pipeline_stages.py::TestAnnotationStage::test_annotate_with_gnomad PASSED [ 80%]
tests/test_pipeline_stages.py::TestAnnotationStage::test_annotate_with_clinvar PASSED [ 81%]
tests/test_pipeline_stages.py::TestAnnotationStage::test_annotate_with_dbnsfp PASSED [ 81%]
tests/test_pipeline_stages.py::TestAnnotationStage::test_annotate_multiple_sources PASSED [ 81%]
tests/test_pipeline_stages.py::TestAnnotationStage::test_annotation_handles_missing_data PASSED [ 81%]
tests/test_pipeline_stages.py::TestAnnotationStage::test_batch_annotation PASSED [ 81%]
tests/test_pipeline_stages.py::TestAnnotationStage::test_execute_annotation_stage PASSED [ 81%]
tests/test_pipeline_stages.py::TestFilteringStage::test_filter_by_quality PASSED [ 81%]
tests/test_pipeline_stages.py::TestFilteringStage::test_filter_by_frequency PASSED [ 81%]
tests/test_pipeline_stages.py::TestFilteringStage::test_filter_by_region PASSED [ 82%]
tests/test_pipeline_stages.py::TestFilteringStage::test_filter_by_gene PASSED [ 82%]
tests/test_pipeline_stages.py::TestFilteringStage::test_filter_by_impact PASSED [ 82%]
tests/test_pipeline_stages.py::TestFilteringStage::test_compound_filtering PASSED [ 82%]
tests/test_pipeline_stages.py::TestFilteringStage::test_execute_filtering_stage PASSED [ 82%]
tests/test_pipeline_stages.py::TestOutputStage::test_write_vcf_output PASSED [ 82%]
tests/test_pipeline_stages.py::TestOutputStage::test_write_tsv_output PASSED [ 82%]
tests/test_pipeline_stages.py::TestOutputStage::test_write_json_output PASSED [ 82%]
tests/test_pipeline_stages.py::TestOutputStage::test_write_html_report PASSED [ 82%]
tests/test_pipeline_stages.py::TestOutputStage::test_write_summary_statistics PASSED [ 83%]
tests/test_pipeline_stages.py::TestOutputStage::test_execute_output_stage PASSED [ 83%]
tests/test_pipeline_stages.py::TestStageDataFlow::test_validation_to_annotation_flow PASSED [ 83%]
tests/test_pipeline_stages.py::TestStageDataFlow::test_annotation_to_filtering_flow PASSED [ 83%]
tests/test_pipeline_validators.py::TestValidateChromosome::test_validate_chromosome_valid_autosome PASSED [ 83%]
tests/test_pipeline_validators.py::TestValidateChromosome::test_validate_chromosome_valid_sex_chromosome PASSED [ 83%]
tests/test_pipeline_validators.py::TestValidateChromosome::test_validate_chromosome_valid_mitochondrial PASSED [ 83%]
tests/test_pipeline_validators.py::TestValidateChromosome::test_validate_chromosome_invalid PASSED [ 83%]
tests/test_pipeline_validators.py::TestValidateChromosome::test_validate_chromosome_none PASSED [ 83%]
tests/test_pipeline_validators.py::TestValidateCoordinates::test_validate_coordinates_valid PASSED [ 84%]
tests/test_pipeline_validators.py::TestValidateCoordinates::test_validate_coordinates_negative_position PASSED [ 84%]
tests/test_pipeline_validators.py::TestValidateCoordinates::test_validate_coordinates_zero_position PASSED [ 84%]
tests/test_pipeline_validators.py::TestValidateCoordinates::test_validate_coordinates_end_before_start PASSED [ 84%]
tests/test_pipeline_validators.py::TestValidateCoordinates::test_validate_coordinates_invalid_chromosome PASSED [ 84%]
tests/test_pipeline_validators.py::TestValidateCoordinates::test_validate_coordinates_large_span PASSED [ 84%]
tests/test_pipeline_validators.py::TestValidateReferenceAllele::test_validate_reference_allele_valid_single_nucleotide PASSED [ 84%]
tests/test_pipeline_validators.py::TestValidateReferenceAllele::test_validate_reference_allele_valid_sequence PASSED [ 84%]
tests/test_pipeline_validators.py::TestValidateReferenceAllele::test_validate_reference_allele_lowercase PASSED [ 85%]
tests/test_pipeline_validators.py::TestValidateReferenceAllele::test_validate_reference_allele_invalid_characters PASSED [ 85%]
tests/test_pipeline_validators.py::TestValidateReferenceAllele::test_validate_reference_allele_empty PASSED [ 85%]
tests/test_pipeline_validators.py::TestValidateReferenceAllele::test_validate_reference_allele_none PASSED [ 85%]
tests/test_pipeline_validators.py::TestValidateReferenceAllele::test_validate_reference_allele_deletion PASSED [ 85%]
tests/test_pipeline_validators.py::TestValidateAssembly::test_validate_assembly_grch37 PASSED [ 85%]
tests/test_pipeline_validators.py::TestValidateAssembly::test_validate_assembly_grch38 PASSED [ 85%]
tests/test_pipeline_validators.py::TestValidateAssembly::test_validate_assembly_case_insensitive PASSED [ 85%]
tests/test_pipeline_validators.py::TestValidateAssembly::test_validate_assembly_invalid PASSED [ 85%]
tests/test_pipeline_validators.py::TestValidateAssembly::test_validate_assembly_none PASSED [ 86%]
tests/test_pipeline_validators.py::TestValidateVariant::test_validate_variant_valid PASSED [ 86%]
tests/test_pipeline_validators.py::TestValidateVariant::test_validate_variant_invalid_chromosome PASSED [ 86%]
tests/test_pipeline_validators.py::TestValidateVariant::test_validate_variant_invalid_position PASSED [ 86%]
tests/test_pipeline_validators.py::TestValidateVariant::test_validate_variant_invalid_reference PASSED [ 86%]
tests/test_pipeline_validators.py::TestValidateVariant::test_validate_variant_invalid_assembly PASSED [ 86%]
tests/test_pipeline_validators.py::TestValidateVariant::test_validate_variant_no_raise PASSED [ 86%]
tests/test_pipeline_validators.py::TestValidateVCFFile::test_validate_vcf_file_valid PASSED [ 86%]
tests/test_pipeline_validators.py::TestValidateVCFFile::test_validate_vcf_file_gzipped PASSED [ 86%]
tests/test_pipeline_validators.py::TestValidateVCFFile::test_validate_vcf_file_nonexistent PASSED [ 87%]
tests/test_pipeline_validators.py::TestValidateVCFFile::test_validate_vcf_file_missing_header PASSED [ 87%]
tests/test_pipeline_validators.py::TestValidateVCFFile::test_validate_vcf_file_empty PASSED [ 87%]
tests/test_pipeline_validators.py::TestValidateVCFFile::test_validate_vcf_file_malformed_columns PASSED [ 87%]
tests/test_pipeline_validators.py::TestValidationEdgeCases::test_validate_coordinates_very_large_position PASSED [ 87%]
tests/test_pipeline_validators.py::TestValidationEdgeCases::test_validate_reference_allele_very_long PASSED [ 87%]
tests/test_pipeline_validators.py::TestValidationEdgeCases::test_validate_variant_missing_fields PASSED [ 87%]
tests/test_pipeline_validators.py::TestValidationEdgeCases::test_validate_chromosome_with_whitespace PASSED [ 87%]
tests/test_pipeline_validators.py::TestValidationEdgeCases::test_validate_reference_allele_with_whitespace PASSED [ 88%]
tests/test_pipeline_validators.py::TestValidationPerformance::test_validate_many_variants PASSED [ 88%]
tests/test_pipeline_validators.py::TestValidationPerformance::test_validate_mixed_validity PASSED [ 88%]
tests/test_property_based.py::TestChromosomeProperties::test_chromosome_string_type PASSED [ 88%]
tests/test_property_based.py::TestChromosomeProperties::test_chromosome_not_empty PASSED [ 88%]
tests/test_property_based.py::TestChromosomeProperties::test_chromosome_normalization_idempotent PASSED [ 88%]
tests/test_property_based.py::TestChromosomeProperties::test_chromosome_case_handling PASSED [ 88%]
tests/test_property_based.py::TestPositionProperties::test_position_positive PASSED [ 88%]
tests/test_property_based.py::TestPositionProperties::test_position_integer PASSED [ 88%]
tests/test_property_based.py::TestPositionProperties::test_position_ordering PASSED [ 89%]
tests/test_property_based.py::TestPositionProperties::test_position_arithmetic PASSED [ 89%]
tests/test_property_based.py::TestNucleotideProperties::test_sequence_valid_characters PASSED [ 89%]
tests/test_property_based.py::TestNucleotideProperties::test_sequence_not_empty PASSED [ 89%]
tests/test_property_based.py::TestNucleotideProperties::test_sequence_length_consistency PASSED [ 89%]
tests/test_property_based.py::TestNucleotideProperties::test_sequence_complement_reversible PASSED [ 89%]
tests/test_property_based.py::TestNucleotideProperties::test_sequence_reverse_twice_identity PASSED [ 89%]
tests/test_property_based.py::TestNucleotideProperties::test_sequence_concatenation_length PASSED [ 89%]
tests/test_property_based.py::TestVariantProperties::test_variant_has_required_fields PASSED [ 89%]
tests/test_property_based.py::TestVariantProperties::test_variant_position_positive PASSED [ 90%]
tests/test_property_based.py::TestVariantProperties::test_variant_ref_not_empty PASSED [ 90%]
tests/test_property_based.py::TestVariantProperties::test_variant_alt_not_empty PASSED [ 90%]
tests/test_property_based.py::TestVariantProperties::test_variant_key_uniqueness PASSED [ 90%]
tests/test_property_based.py::TestDataFrameProperties::test_dataframe_copy_independence FAILED [ 90%]
tests/test_property_based.py::TestDataFrameProperties::test_dataframe_filter_size PASSED [ 90%]
tests/test_property_based.py::TestDataFrameProperties::test_dataframe_sort_stability PASSED [ 90%]
tests/test_property_based.py::TestStringOperationProperties::test_string_case_conversion_reversible PASSED [ 90%]
tests/test_property_based.py::TestStringOperationProperties::test_string_strip_idempotent PASSED [ 91%]
tests/test_property_based.py::TestStringOperationProperties::test_string_concatenation_associative PASSED [ 91%]
tests/test_property_based.py::TestNumericProperties::test_frequency_bounds PASSED [ 91%]
tests/test_property_based.py::TestNumericProperties::test_complement_frequency PASSED [ 91%]
tests/test_property_based.py::TestNumericProperties::test_read_depth_arithmetic PASSED [ 91%]
tests/test_property_based.py::TestInvariantProperties::test_variant_identity_preservation PASSED [ 91%]
tests/test_property_based.py::TestInvariantProperties::test_list_length_after_extend PASSED [ 91%]
tests/test_property_based.py::TestInvariantProperties::test_variant_serialization_roundtrip PASSED [ 91%]
tests/test_property_based.py::TestCombinatorialProperties::test_variant_list_ordering_preservation PASSED [ 91%]
tests/test_property_based.py::TestCombinatorialProperties::test_position_range_consistency PASSED [ 92%]
tests/test_reports_generator.py::TestReportGenerator::test_generator_initialization PASSED [ 92%]
tests/test_reports_generator.py::TestReportGenerator::test_generate_html_report PASSED [ 92%]
tests/test_reports_generator.py::TestReportGenerator::test_generate_summary_statistics PASSED [ 92%]
tests/test_reports_generator.py::TestReportGenerator::test_generate_json_report PASSED [ 92%]
tests/test_reports_generator.py::TestReportGenerator::test_generate_tsv_report PASSED [ 92%]
tests/test_reports_generator.py::TestReportGenerator::test_generate_with_empty_data PASSED [ 92%]
tests/test_reports_generator.py::TestReportGenerator::test_generate_with_invalid_output_path PASSED [ 92%]
tests/test_reports_generator.py::TestHTMLFormatter::test_format_variant_table PASSED [ 92%]
tests/test_reports_generator.py::TestHTMLFormatter::test_format_summary_section PASSED [ 93%]
tests/test_reports_generator.py::TestHTMLFormatter::test_format_complete_report PASSED [ 93%]
tests/test_reports_generator.py::TestHTMLFormatter::test_format_with_custom_template PASSED [ 93%]
tests/test_reports_generator.py::TestHTMLFormatter::test_escape_html_characters PASSED [ 93%]
tests/test_reports_generator.py::TestHTMLFormatter::test_format_with_missing_data PASSED [ 93%]
tests/test_reports_generator.py::TestJSONFormatter::test_format_variants_to_json PASSED [ 93%]
tests/test_reports_generator.py::TestJSONFormatter::test_format_with_pretty_print PASSED [ 93%]
tests/test_reports_generator.py::TestJSONFormatter::test_format_with_null_values PASSED [ 93%]
tests/test_reports_generator.py::TestJSONFormatter::test_format_nested_annotations PASSED [ 94%]
tests/test_reports_generator.py::TestTSVFormatter::test_format_variants_to_tsv PASSED [ 94%]
tests/test_reports_generator.py::TestTSVFormatter::test_tsv_header_row PASSED [ 94%]
tests/test_reports_generator.py::TestTSVFormatter::test_tsv_data_rows PASSED [ 94%]
tests/test_reports_generator.py::TestTSVFormatter::test_tsv_with_missing_annotations PASSED [ 94%]
tests/test_reports_generator.py::TestTSVFormatter::test_tsv_special_character_handling PASSED [ 94%]
tests/test_reports_generator.py::TestReportStatistics::test_count_by_chromosome PASSED [ 94%]
tests/test_reports_generator.py::TestReportStatistics::test_count_by_impact PASSED [ 94%]
tests/test_reports_generator.py::TestReportStatistics::test_count_by_gene PASSED [ 94%]
tests/test_reports_generator.py::TestReportStatistics::test_total_variant_count PASSED [ 95%]
tests/test_reports_generator.py::TestReportStatistics::test_statistics_with_empty_list PASSED [ 95%]
tests/test_reports_generator.py::TestReportTemplates::test_load_default_template PASSED [ 95%]
tests/test_reports_generator.py::TestReportTemplates::test_load_custom_template PASSED [ 95%]
tests/test_reports_generator.py::TestReportTemplates::test_template_variable_substitution PASSED [ 95%]
tests/test_utils_helpers.py::TestDataValidator::test_validate_variant_with_required_fields PASSED [ 95%]
tests/test_utils_helpers.py::TestDataValidator::test_validate_variant_missing_chromosome PASSED [ 95%]
tests/test_utils_helpers.py::TestDataValidator::test_validate_variant_missing_position PASSED [ 95%]
tests/test_utils_helpers.py::TestDataValidator::test_validate_variant_empty_dict PASSED [ 95%]
tests/test_utils_helpers.py::TestDataValidator::test_validate_variant_with_extra_fields PASSED [ 96%]
tests/test_utils_helpers.py::TestDataValidator::test_validate_variant_none_value PASSED [ 96%]
tests/test_utils_helpers.py::TestDataValidatorDataFrame::test_validate_dataframe_valid PASSED [ 96%]
tests/test_utils_helpers.py::TestDataValidatorDataFrame::test_validate_dataframe_empty PASSED [ 96%]
tests/test_utils_helpers.py::TestDataValidatorDataFrame::test_validate_dataframe_none PASSED [ 96%]
tests/test_utils_helpers.py::TestDataValidatorDataFrame::test_validate_dataframe_single_row PASSED [ 96%]
tests/test_utils_helpers.py::TestDataValidatorDataFrame::test_validate_dataframe_non_dataframe PASSED [ 96%]
tests/test_utils_helpers.py::TestFormatVariantKey::test_format_variant_key_basic PASSED [ 96%]
tests/test_utils_helpers.py::TestFormatVariantKey::test_format_variant_key_different_chromosome PASSED [ 97%]
tests/test_utils_helpers.py::TestFormatVariantKey::test_format_variant_key_multi_base_alleles PASSED [ 97%]
tests/test_utils_helpers.py::TestFormatVariantKey::test_format_variant_key_deletion PASSED [ 97%]
tests/test_utils_helpers.py::TestFormatVariantKey::test_format_variant_key_insertion PASSED [ 97%]
tests/test_utils_helpers.py::TestFormatVariantKey::test_format_variant_key_large_position PASSED [ 97%]
tests/test_utils_helpers.py::TestParseVariantKey::test_parse_variant_key_basic PASSED [ 97%]
tests/test_utils_helpers.py::TestParseVariantKey::test_parse_variant_key_different_chromosomes PASSED [ 97%]
tests/test_utils_helpers.py::TestParseVariantKey::test_parse_variant_key_multi_base_alleles PASSED [ 97%]
tests/test_utils_helpers.py::TestParseVariantKey::test_parse_variant_key_invalid_format PASSED [ 97%]
tests/test_utils_helpers.py::TestParseVariantKey::test_parse_variant_key_too_few_parts PASSED [ 98%]
tests/test_utils_helpers.py::TestParseVariantKey::test_parse_variant_key_invalid_position PASSED [ 98%]
tests/test_utils_helpers.py::TestParseVariantKey::test_parse_variant_key_empty_string PASSED [ 98%]
tests/test_utils_helpers.py::TestParseVariantKey::test_parse_variant_key_none PASSED [ 98%]
tests/test_utils_helpers.py::TestClassifyVariantsProduction::test_classify_variants_production_empty_list PASSED [ 98%]
tests/test_utils_helpers.py::TestClassifyVariantsProduction::test_classify_variants_production_single_variant PASSED [ 98%]
tests/test_utils_helpers.py::TestClassifyVariantsProduction::test_classify_variants_production_multiple_variants PASSED [ 98%]
tests/test_utils_helpers.py::TestClassifyVariantsProduction::test_classify_variants_production_default_classification PASSED [ 98%]
tests/test_utils_helpers.py::TestClassifyVariantsProduction::test_classify_variants_production_error_handling PASSED [ 98%]
tests/test_utils_helpers.py::TestClassifyVariantsProduction::test_classify_variants_production_preserves_variant_data PASSED [ 99%]
tests/test_utils_helpers.py::TestClassifyVariantsProduction::test_classify_variants_production_none_classifier PASSED [ 99%]
tests/test_utils_helpers.py::TestEdgeCases::test_format_variant_key_special_characters PASSED [ 99%]
tests/test_utils_helpers.py::TestEdgeCases::test_parse_variant_key_extra_colons PASSED [ 99%]
tests/test_utils_helpers.py::TestEdgeCases::test_data_validator_with_numeric_chromosome PASSED [ 99%]
tests/test_utils_helpers.py::TestEdgeCases::test_format_variant_key_zero_position PASSED [ 99%]
tests/test_utils_helpers.py::TestEdgeCases::test_parse_variant_key_very_large_position PASSED [ 99%]
tests/test_utils_helpers.py::TestIntegration::test_format_parse_roundtrip PASSED [ 99%]
tests/test_utils_helpers.py::TestIntegration::test_format_parse_multiple_variants PASSED [100%]

=================================== FAILURES ===================================
_____________________ TestCLIArguments.test_cli_help_flag ______________________
tests/test_cli_interface.py:16: in test_cli_help_flag
    with pytest.raises(SystemExit) as exc:
         ^^^^^^^^^^^^^^^^^^^^^^^^^
E   Failed: DID NOT RAISE <class 'SystemExit'>
____________________ TestCLIArguments.test_cli_version_flag ____________________
tests/test_cli_interface.py:25: in test_cli_version_flag
    with pytest.raises(SystemExit) as exc:
         ^^^^^^^^^^^^^^^^^^^^^^^^^
E   Failed: DID NOT RAISE <class 'SystemExit'>
___________________ TestCLIArguments.test_cli_required_args ____________________
tests/test_cli_interface.py:32: in test_cli_required_args
    with pytest.raises(SystemExit):
         ^^^^^^^^^^^^^^^^^^^^^^^^^
E   Failed: DID NOT RAISE <class 'SystemExit'>
____________ TestCLIFileValidation.test_cli_input_file_permissions _____________
tests/test_cli_interface.py:82: in test_cli_input_file_permissions
    with pytest.raises(PermissionError):
         ^^^^^^^^^^^^^^^^^^^^^^^^^^^^^^
E   Failed: DID NOT RAISE <class 'PermissionError'>
____________________ TestCLIExecution.test_cli_verbose_mode ____________________
tests/test_cli_interface.py:121: in test_cli_verbose_mode
    assert "Processing" in captured.out or "Loading" in captured.out
E   AssertionError: assert ('Processing' in '' or 'Loading' in '')
E    +  where '' = CaptureResult(out='', err='').out
E    +  and   '' = CaptureResult(out='', err='').out
______________ TestCLIErrorHandling.test_cli_missing_input_error _______________
tests/test_cli_interface.py:147: in test_cli_missing_input_error
    with pytest.raises(SystemExit) as exc:
         ^^^^^^^^^^^^^^^^^^^^^^^^^
E   Failed: DID NOT RAISE <class 'SystemExit'>
______________ TestCLIErrorHandling.test_cli_invalid_format_error ______________
tests/test_cli_interface.py:157: in test_cli_invalid_format_error
    with pytest.raises(SystemExit) as exc:
         ^^^^^^^^^^^^^^^^^^^^^^^^^
E   Failed: DID NOT RAISE <class 'SystemExit'>
________________ TestCLIErrorHandling.test_cli_permission_error ________________
tests/test_cli_interface.py:168: in test_cli_permission_error
    with pytest.raises(SystemExit) as exc:
         ^^^^^^^^^^^^^^^^^^^^^^^^^
E   Failed: DID NOT RAISE <class 'SystemExit'>
_______________ TestCLIErrorHandling.test_cli_interrupt_handling _______________
tests/test_cli_interface.py:178: in test_cli_interrupt_handling
    with pytest.raises(SystemExit) as exc:
         ^^^^^^^^^^^^^^^^^^^^^^^^^
E   Failed: DID NOT RAISE <class 'SystemExit'>
___________________ TestCLIOutputFormats.test_cli_csv_output ___________________
tests/test_cli_interface.py:190: in test_cli_csv_output
    assert output_file.exists()
E   AssertionError: assert False
E    +  where False = exists()
E    +    where exists = PosixPath('/tmp/pytest-of-michal/pytest-65/test_cli_csv_output0/output.csv').exists
__________________ TestCLIOutputFormats.test_cli_json_output ___________________
tests/test_cli_interface.py:197: in test_cli_json_output
    assert output_file.exists()
E   AssertionError: assert False
E    +  where False = exists()
E    +    where exists = PosixPath('/tmp/pytest-of-michal/pytest-65/test_cli_json_output0/output.json').exists
___________________ TestCLIOutputFormats.test_cli_vcf_output ___________________
tests/test_cli_interface.py:204: in test_cli_vcf_output
    assert output_file.exists()
E   AssertionError: assert False
E    +  where False = exists()
E    +    where exists = PosixPath('/tmp/pytest-of-michal/pytest-65/test_cli_vcf_output0/output.vcf').exists
_____________ TestCLIOutputFormats.test_cli_auto_format_detection ______________
tests/test_cli_interface.py:213: in test_cli_auto_format_detection
    assert output_csv.exists()
E   AssertionError: assert False
E    +  where False = exists()
E    +    where exists = PosixPath('/tmp/pytest-of-michal/pytest-65/test_cli_auto_format_detection0/output.csv').exists
___________ TestCLIConfigurationOptions.test_cli_invalid_config_file ___________
tests/test_cli_interface.py:249: in test_cli_invalid_config_file
    with pytest.raises(SystemExit) as exc:
         ^^^^^^^^^^^^^^^^^^^^^^^^^
E   Failed: DID NOT RAISE <class 'SystemExit'>
________________ TestCLIProgressReporting.test_cli_progress_bar ________________
tests/test_cli_interface.py:264: in test_cli_progress_bar
    assert "%" in captured.out or "Progress" in captured.out
E   AssertionError: assert ('%' in '' or 'Progress' in '')
E    +  where '' = CaptureResult(out='', err='').out
E    +  and   '' = CaptureResult(out='', err='').out
_____________ TestCLIProgressReporting.test_cli_log_file_creation ______________
tests/test_cli_interface.py:270: in test_cli_log_file_creation
    assert log_file.exists()
E   AssertionError: assert False
E    +  where False = exists()
E    +    where exists = PosixPath('/tmp/pytest-of-michal/pytest-65/test_cli_log_file_creation0/varidex.log').exists
_________________ TestCLIProgressReporting.test_cli_log_level __________________
tests/test_cli_interface.py:276: in test_cli_log_level
    content = log_file.read_text()
              ^^^^^^^^^^^^^^^^^^^^
/usr/lib/python3.13/pathlib/_local.py:548: in read_text
    return PathBase.read_text(self, encoding, errors, newline)
           ^^^^^^^^^^^^^^^^^^^^^^^^^^^^^^^^^^^^^^^^^^^^^^^^^^^
/usr/lib/python3.13/pathlib/_abc.py:632: in read_text
    with self.open(mode='r', encoding=encoding, errors=errors, newline=newline) as f:
         ^^^^^^^^^^^^^^^^^^^^^^^^^^^^^^^^^^^^^^^^^^^^^^^^^^^^^^^^^^^^^^^^^^^^^^
/usr/lib/python3.13/pathlib/_local.py:539: in open
    return io.open(self, mode, buffering, encoding, errors, newline)
           ^^^^^^^^^^^^^^^^^^^^^^^^^^^^^^^^^^^^^^^^^^^^^^^^^^^^^^^^^
E   FileNotFoundError: [Errno 2] No such file or directory: '/tmp/pytest-of-michal/pytest-65/test_cli_log_level0/debug.log'
_______________ TestVariDexConfigInit.test_custom_initialization _______________
tests/test_core_config.py:39: in test_custom_initialization
    assert config.max_population_af == 0.001
           ^^^^^^^^^^^^^^^^^^^^^^^^
venv/lib/python3.13/site-packages/pydantic/main.py:1147: in __getattr__
    raise AttributeError(
E   AttributeError: 'VariDexConfig' object has no attribute 'max_population_af'
_____________ TestVariDexConfigInit.test_invalid_reference_genome ______________
tests/test_core_config.py:43: in test_invalid_reference_genome
    with pytest.raises((ConfigurationError, ValueError)):
         ^^^^^^^^^^^^^^^^^^^^^^^^^^^^^^^^^^^^^^^^^^^^^^^
E   Failed: DID NOT RAISE any of (<class 'varidex.core.exceptions.ValidationError'>, <class 'ValueError'>)
_______________ TestVariDexConfigInit.test_invalid_quality_score _______________
tests/test_core_config.py:48: in test_invalid_quality_score
    with pytest.raises((ConfigurationError, ValueError)):
         ^^^^^^^^^^^^^^^^^^^^^^^^^^^^^^^^^^^^^^^^^^^^^^^
E   Failed: DID NOT RAISE any of (<class 'varidex.core.exceptions.ValidationError'>, <class 'ValueError'>)
_______________ TestVariDexConfigInit.test_invalid_population_af _______________
tests/test_core_config.py:53: in test_invalid_population_af
    with pytest.raises((ConfigurationError, ValueError)):
         ^^^^^^^^^^^^^^^^^^^^^^^^^^^^^^^^^^^^^^^^^^^^^^^
E   Failed: DID NOT RAISE any of (<class 'varidex.core.exceptions.ValidationError'>, <class 'ValueError'>)
______________ TestVariDexConfigValidation.test_validate_af_range ______________
tests/test_core_config.py:68: in test_validate_af_range
    assert 0 <= config.max_population_af <= 1.0
                ^^^^^^^^^^^^^^^^^^^^^^^^
venv/lib/python3.13/site-packages/pydantic/main.py:1147: in __getattr__
    raise AttributeError(
E   AttributeError: 'VariDexConfig' object has no attribute 'max_population_af'
____________ TestVariDexConfigValidation.test_validate_thread_count ____________
tests/test_core_config.py:73: in test_validate_thread_count
    assert config.num_threads > 0
           ^^^^^^^^^^^^^^^^^^
venv/lib/python3.13/site-packages/pydantic/main.py:1147: in __getattr__
    raise AttributeError(
E   AttributeError: 'VariDexConfig' object has no attribute 'num_threads'
____________ TestVariDexConfigValidation.test_validate_paths_exist _____________
tests/test_core_config.py:79: in test_validate_paths_exist
    assert Path(config.output_dir).exists()
                ^^^^^^^^^^^^^^^^^
venv/lib/python3.13/site-packages/pydantic/main.py:1147: in __getattr__
    raise AttributeError(
E   AttributeError: 'VariDexConfig' object has no attribute 'output_dir'
_____________ TestVariDexConfigDefaults.test_default_population_af _____________
tests/test_core_config.py:98: in test_default_population_af
    assert 0 < config.max_population_af <= 0.01
               ^^^^^^^^^^^^^^^^^^^^^^^^
venv/lib/python3.13/site-packages/pydantic/main.py:1147: in __getattr__
    raise AttributeError(
E   AttributeError: 'VariDexConfig' object has no attribute 'max_population_af'
_____________ TestVariDexConfigDefaults.test_default_thread_count ______________
tests/test_core_config.py:103: in test_default_thread_count
    assert 1 <= config.num_threads <= os.cpu_count() or 1
                ^^^^^^^^^^^^^^^^^^
venv/lib/python3.13/site-packages/pydantic/main.py:1147: in __getattr__
    raise AttributeError(
E   AttributeError: 'VariDexConfig' object has no attribute 'num_threads'
_________________ TestVariDexConfigSerialization.test_to_dict __________________
tests/test_core_config.py:112: in test_to_dict
    config_dict = config.to_dict()
                  ^^^^^^^^^^^^^^
venv/lib/python3.13/site-packages/pydantic/main.py:1147: in __getattr__
    raise AttributeError(
E   AttributeError: 'VariDexConfig' object has no attribute 'to_dict'. Did you mean: 'from_dict'?
________________ TestVariDexConfigSerialization.test_from_dict _________________
tests/test_core_config.py:127: in test_from_dict
    assert config.max_population_af == 0.005
           ^^^^^^^^^^^^^^^^^^^^^^^^
venv/lib/python3.13/site-packages/pydantic/main.py:1147: in __getattr__
    raise AttributeError(
E   AttributeError: 'VariDexConfig' object has no attribute 'max_population_af'
___________ TestVariDexConfigSerialization.test_save_and_load_config ___________
tests/test_core_config.py:138: in test_save_and_load_config
    original_config.save(config_path)
    ^^^^^^^^^^^^^^^^^^^^
venv/lib/python3.13/site-packages/pydantic/main.py:1147: in __getattr__
    raise AttributeError(
E   AttributeError: 'VariDexConfig' object has no attribute 'save'
__________ TestVariDexConfigSerialization.test_save_creates_directory __________
tests/test_core_config.py:152: in test_save_creates_directory
    config.save(str(config_path))
    ^^^^^^^^^^^
venv/lib/python3.13/site-packages/pydantic/main.py:1147: in __getattr__
    raise AttributeError(
E   AttributeError: 'VariDexConfig' object has no attribute 'save'
_____________ TestVariDexConfigUpdate.test_update_single_parameter _____________
tests/test_core_config.py:162: in test_update_single_parameter
    config.update(min_quality_score=30.0)
    ^^^^^^^^^^^^^
venv/lib/python3.13/site-packages/pydantic/main.py:1147: in __getattr__
    raise AttributeError(
E   AttributeError: 'VariDexConfig' object has no attribute 'update'
___________ TestVariDexConfigUpdate.test_update_multiple_parameters ____________
tests/test_core_config.py:168: in test_update_multiple_parameters
    config.update(min_quality_score=25.0, max_population_af=0.002, num_threads=8)
    ^^^^^^^^^^^^^
venv/lib/python3.13/site-packages/pydantic/main.py:1147: in __getattr__
    raise AttributeError(
E   AttributeError: 'VariDexConfig' object has no attribute 'update'
_____________ TestVariDexConfigUpdate.test_update_with_validation ______________
tests/test_core_config.py:177: in test_update_with_validation
    config.update(min_quality_score=-10.0)
    ^^^^^^^^^^^^^
venv/lib/python3.13/site-packages/pydantic/main.py:1147: in __getattr__
    raise AttributeError(
E   AttributeError: 'VariDexConfig' object has no attribute 'update'
_________________ TestVariDexConfigComparison.test_config_hash _________________
tests/test_core_config.py:204: in test_config_hash
    config_hash = hash(config)
                  ^^^^^^^^^^^^
E   TypeError: unhashable type: 'VariDexConfig'
___________ TestVariDexConfigRepresentation.test_str_representation ____________
tests/test_core_config.py:238: in test_str_representation
    assert "VariDexConfig" in config_str or "Config" in config_str
E   assert ('VariDexConfig' in "reference_genome='hg38' min_quality_score=20.0 min_read_depth=10 max_missing_rate=0.1 population_af_threshold=0.01 rare_variant_threshold=0.001 thread_count=4 chunk_size=1000 enable_caching=True clinvar_path=None gnomad_path=None dbnsfp_path=None output_format='json' output_directory=PosixPath('/media/michal/647A504F7A50205A/GENOME/Michal/VariDex10/VariDex') include_annotations=True acmg_strict_mode=False require_population_data=False log_level='INFO' debug_mode=False validate_inputs=True" or 'Config' in "reference_genome='hg38' min_quality_score=20.0 min_read_depth=10 max_missing_rate=0.1 population_af_threshold=0.01 rare_variant_threshold=0.001 thread_count=4 chunk_size=1000 enable_caching=True clinvar_path=None gnomad_path=None dbnsfp_path=None output_format='json' output_directory=PosixPath('/media/michal/647A504F7A50205A/GENOME/Michal/VariDex10/VariDex') include_annotations=True acmg_strict_mode=False require_population_data=False log_level='INFO' debug_mode=False validate_inputs=True")
______________ TestVariDexConfigEdgeCases.test_zero_population_af ______________
tests/test_core_config.py:263: in test_zero_population_af
    assert config.max_population_af == 0.0
           ^^^^^^^^^^^^^^^^^^^^^^^^
venv/lib/python3.13/site-packages/pydantic/main.py:1147: in __getattr__
    raise AttributeError(
E   AttributeError: 'VariDexConfig' object has no attribute 'max_population_af'
______________ TestVariDexConfigEdgeCases.test_max_population_af _______________
tests/test_core_config.py:268: in test_max_population_af
    assert config.max_population_af == 1.0
           ^^^^^^^^^^^^^^^^^^^^^^^^
venv/lib/python3.13/site-packages/pydantic/main.py:1147: in __getattr__
    raise AttributeError(
E   AttributeError: 'VariDexConfig' object has no attribute 'max_population_af'
________________ TestVariDexConfigEdgeCases.test_single_thread _________________
tests/test_core_config.py:273: in test_single_thread
    assert config.num_threads == 1
           ^^^^^^^^^^^^^^^^^^
venv/lib/python3.13/site-packages/pydantic/main.py:1147: in __getattr__
    raise AttributeError(
E   AttributeError: 'VariDexConfig' object has no attribute 'num_threads'
________________ TestVariantCreation.test_full_variant_creation ________________
tests/test_core_models.py:53: in test_full_variant_creation
    assert variant.rs_id == "rs11540652"
           ^^^^^^^^^^^^^
varidex/core/models.py:675: in __getattribute__
    return super().__getattribute__(name)
           ^^^^^^^^^^^^^^^^^^^^^^^^^^^^^^
E   AttributeError: 'Variant' object has no attribute 'rs_id'. Did you mean: 'rsid'?
____________ TestVariantCreation.test_variant_with_optional_fields _____________
tests/test_core_models.py:67: in test_variant_with_optional_fields
    assert variant.consequence == "missense_variant"
E   AssertionError: assert '' == 'missense_variant'
E     
E     - missense_variant
_______________ TestVariantIdentifier.test_variant_id_generation _______________
tests/test_core_models.py:122: in test_variant_id_generation
    assert variant.variant_id == expected_id
E   AssertionError: assert 'chr1:12345:A:G' == 'chr1:12345:A>G'
E     
E     - chr1:12345:A>G
E     ?             ^
E     + chr1:12345:A:G
E     ?             ^
____________ TestVariantSerialization.test_round_trip_serialization ____________
tests/test_core_models.py:187: in test_round_trip_serialization
    assert original.quality_score == restored.quality_score
           ^^^^^^^^^^^^^^^^^^^^^^
varidex/core/models.py:675: in __getattribute__
    return super().__getattribute__(name)
           ^^^^^^^^^^^^^^^^^^^^^^^^^^^^^^
E   AttributeError: 'Variant' object has no attribute 'quality_score'
_______________ TestVariantClassification.test_confidence_range ________________
tests/test_core_models.py:226: in test_confidence_range
    with pytest.raises((ValidationError, ValueError)):
         ^^^^^^^^^^^^^^^^^^^^^^^^^^^^^^^^^^^^^^^^^^^^
E   Failed: DID NOT RAISE any of (<class 'varidex.core.exceptions.ValidationError'>, <class 'ValueError'>)
_____________ TestAnnotatedVariant.test_annotated_variant_creation _____________
tests/test_core_models.py:250: in test_annotated_variant_creation
    assert annotated.chrom == "chr1"
           ^^^^^^^^^^^^^^^
E   AttributeError: 'AnnotatedVariant' object has no attribute 'chrom'
__________________ TestAnnotatedVariant.test_gnomad_af_range ___________________
tests/test_core_models.py:261: in test_gnomad_af_range
    assert 0 <= annotated.gnomad_af <= 1.0
                ^^^^^^^^^^^^^^^^^^^
E   AttributeError: 'AnnotatedVariant' object has no attribute 'gnomad_af'
__________________ TestAnnotatedVariant.test_cadd_score_range __________________
tests/test_core_models.py:268: in test_cadd_score_range
    assert annotated.cadd_score >= 0
           ^^^^^^^^^^^^^^^^^^^^
E   AttributeError: 'AnnotatedVariant' object has no attribute 'cadd_score'
__________________ TestVariantEdgeCases.test_sex_chromosomes ___________________
tests/test_core_models.py:338: in test_sex_chromosomes
    assert variant_x.chrom == "chrX"
E   AssertionError: assert 'chrx' == 'chrX'
E     
E     - chrX
E     ?    ^
E     + chrx
E     ?    ^
_______________ TestVariantEdgeCases.test_mitochondrial_variant ________________
tests/test_core_models.py:344: in test_mitochondrial_variant
    assert variant.chrom == "chrM"
E   AssertionError: assert 'chrm' == 'chrM'
E     
E     - chrM
E     ?    ^
E     + chrm
E     ?    ^
______________ TestFileReadingEdgeCases.test_very_large_file_size ______________
tests/test_coverage_boost_integration_paths.py:108: in test_very_large_file_size
    assert large_file.stat().st_size > 100000
E   AssertionError: assert 98890 > 100000
E    +  where 98890 = os.stat_result(st_mode=33204, st_ino=31710, st_dev=49, st_nlink=1, st_uid=1000, st_gid=1000, st_size=98890, st_atime=1770166810, st_mtime=1770166810, st_ctime=1770166810).st_size
E    +    where os.stat_result(st_mode=33204, st_ino=31710, st_dev=49, st_nlink=1, st_uid=1000, st_gid=1000, st_size=98890, st_atime=1770166810, st_mtime=1770166810, st_ctime=1770166810) = stat()
E    +      where stat = PosixPath('/tmp/pytest-of-michal/pytest-65/test_very_large_file_size0/large.txt').stat
________________ TestChromosomeValidation.test_sex_chromosomes _________________
tests/test_coverage_boost_validation.py:49: in test_sex_chromosomes
    assert variant_x.chrom == "chrX"
E   AssertionError: assert 'chrx' == 'chrX'
E     
E     - chrX
E     ?    ^
E     + chrx
E     ?    ^
____________ TestChromosomeValidation.test_mitochondrial_chromosome ____________
tests/test_coverage_boost_validation.py:55: in test_mitochondrial_chromosome
    assert variant_m.chrom == "chrM"
E   AssertionError: assert 'chrm' == 'chrM'
E     
E     - chrM
E     ?    ^
E     + chrm
E     ?    ^
_____________ TestPositionValidation.test_position_string_rejected _____________
tests/test_coverage_boost_validation.py:127: in test_position_string_rejected
    with pytest.raises((ValidationError, TypeError, ValueError)):
         ^^^^^^^^^^^^^^^^^^^^^^^^^^^^^^^^^^^^^^^^^^^^^^^^^^^^^^^
E   Failed: DID NOT RAISE any of (<class 'varidex.core.exceptions.ValidationError'>, <class 'TypeError'>, <class 'ValueError'>)
____________ TestDownloaderCoverage.test_download_with_invalid_url _____________
tests/test_coverage_gaps.py:402: in test_download_with_invalid_url
    with pytest.raises((ValueError, Exception)):
         ^^^^^^^^^^^^^^^^^^^^^^^^^^^^^^^^^^^^^^
E   Failed: DID NOT RAISE any of (<class 'ValueError'>, <class 'Exception'>)
----------------------------- Captured stdout call -----------------------------

  Security Error: Invalid URL scheme ''. Only HTTPS/HTTP URLs are allowed.
______________ TestDownloaderCoverage.test_download_with_timeout _______________
tests/test_coverage_gaps.py:416: in test_download_with_timeout
    with pytest.raises((requests.exceptions.Timeout, Exception)):
         ^^^^^^^^^^^^^^^^^^^^^^^^^^^^^^^^^^^^^^^^^^^^^^^^^^^^^^^
E   Failed: DID NOT RAISE any of (<class 'requests.exceptions.Timeout'>, <class 'Exception'>)
----------------------------- Captured stdout call -----------------------------
  URL: http://example.com/file.txt

  Error: HTTP Error 404: Not Found
_______________ TestVariantDataValidation.test_invalid_positions _______________
tests/test_data_validation.py:46: in test_invalid_positions
    with pytest.raises(ValueError):
         ^^^^^^^^^^^^^^^^^^^^^^^^^
E   Failed: DID NOT RAISE <class 'ValueError'>
________________ TestFrequencyValidation.test_valid_frequencies ________________
tests/test_data_validation.py:86: in test_valid_frequencies
    assert validate_frequency(freq)
E   assert 0.0
E    +  where 0.0 = validate_frequency(0.0)
_______________ TestDataFrameValidation.test_duplicate_variants ________________
tests/test_data_validation.py:187: in test_duplicate_variants
    assert len(duplicates) == 1  # One duplicate pair
    ^^^^^^^^^^^^^^^^^^^^^^^^^^^
E   assert 2 == 1
E    +  where 2 = len(  CHROM  POS REF ALT\n0     1  100   A   T\n1     1  100   A   T)
______________ TestBoundaryConditions.test_max_chromosome_length _______________
tests/test_data_validation.py:245: in test_max_chromosome_length
    with pytest.raises(ValueError):
         ^^^^^^^^^^^^^^^^^^^^^^^^^
E   Failed: DID NOT RAISE <class 'ValueError'>
_______________ TestBoundaryConditions.test_extreme_float_values _______________
tests/test_data_validation.py:265: in test_extreme_float_values
    with pytest.raises(ValueError):
         ^^^^^^^^^^^^^^^^^^^^^^^^^
E   Failed: DID NOT RAISE <class 'ValueError'>
_________________ TestDownloadFile.test_download_file_success __________________
/usr/lib/python3.13/unittest/mock.py:1423: in patched
    with self.decoration_helper(patched,
/usr/lib/python3.13/contextlib.py:141: in __enter__
    return next(self.gen)
           ^^^^^^^^^^^^^^
/usr/lib/python3.13/unittest/mock.py:1405: in decoration_helper
    arg = exit_stack.enter_context(patching)
          ^^^^^^^^^^^^^^^^^^^^^^^^^^^^^^^^^^
/usr/lib/python3.13/contextlib.py:530: in enter_context
    result = _enter(cm)
             ^^^^^^^^^^
/usr/lib/python3.13/unittest/mock.py:1481: in __enter__
    self.target = self.getter()
                  ^^^^^^^^^^^^^
/usr/lib/python3.13/pkgutil.py:528: in resolve_name
    result = getattr(result, p)
             ^^^^^^^^^^^^^^^^^^
E   AttributeError: module 'varidex.downloader' has no attribute 'requests'
________________ TestDownloadFile.test_download_file_http_error ________________
/usr/lib/python3.13/unittest/mock.py:1423: in patched
    with self.decoration_helper(patched,
/usr/lib/python3.13/contextlib.py:141: in __enter__
    return next(self.gen)
           ^^^^^^^^^^^^^^
/usr/lib/python3.13/unittest/mock.py:1405: in decoration_helper
    arg = exit_stack.enter_context(patching)
          ^^^^^^^^^^^^^^^^^^^^^^^^^^^^^^^^^^
/usr/lib/python3.13/contextlib.py:530: in enter_context
    result = _enter(cm)
             ^^^^^^^^^^
/usr/lib/python3.13/unittest/mock.py:1481: in __enter__
    self.target = self.getter()
                  ^^^^^^^^^^^^^
/usr/lib/python3.13/pkgutil.py:528: in resolve_name
    result = getattr(result, p)
             ^^^^^^^^^^^^^^^^^^
E   AttributeError: module 'varidex.downloader' has no attribute 'requests'
______________ TestDownloadFile.test_download_file_with_progress _______________
/usr/lib/python3.13/unittest/mock.py:1423: in patched
    with self.decoration_helper(patched,
/usr/lib/python3.13/contextlib.py:141: in __enter__
    return next(self.gen)
           ^^^^^^^^^^^^^^
/usr/lib/python3.13/unittest/mock.py:1405: in decoration_helper
    arg = exit_stack.enter_context(patching)
          ^^^^^^^^^^^^^^^^^^^^^^^^^^^^^^^^^^
/usr/lib/python3.13/contextlib.py:530: in enter_context
    result = _enter(cm)
             ^^^^^^^^^^
/usr/lib/python3.13/unittest/mock.py:1481: in __enter__
    self.target = self.getter()
                  ^^^^^^^^^^^^^
/usr/lib/python3.13/pkgutil.py:528: in resolve_name
    result = getattr(result, p)
             ^^^^^^^^^^^^^^^^^^
E   AttributeError: module 'varidex.downloader' has no attribute 'requests'
______________ TestDownloadFile.test_download_file_network_error _______________
/usr/lib/python3.13/unittest/mock.py:1423: in patched
    with self.decoration_helper(patched,
/usr/lib/python3.13/contextlib.py:141: in __enter__
    return next(self.gen)
           ^^^^^^^^^^^^^^
/usr/lib/python3.13/unittest/mock.py:1405: in decoration_helper
    arg = exit_stack.enter_context(patching)
          ^^^^^^^^^^^^^^^^^^^^^^^^^^^^^^^^^^
/usr/lib/python3.13/contextlib.py:530: in enter_context
    result = _enter(cm)
             ^^^^^^^^^^
/usr/lib/python3.13/unittest/mock.py:1481: in __enter__
    self.target = self.getter()
                  ^^^^^^^^^^^^^
/usr/lib/python3.13/pkgutil.py:528: in resolve_name
    result = getattr(result, p)
             ^^^^^^^^^^^^^^^^^^
E   AttributeError: module 'varidex.downloader' has no attribute 'requests'
______________ TestResourceDownloader.test_init_default_cache_dir ______________
tests/test_downloader.py:166: in test_init_default_cache_dir
    assert downloader.cache_dir is not None
           ^^^^^^^^^^^^^^^^^^^^
E   AttributeError: 'ResourceDownloader' object has no attribute 'cache_dir'
______________ TestResourceDownloader.test_init_custom_cache_dir _______________
tests/test_downloader.py:172: in test_init_custom_cache_dir
    downloader = ResourceDownloader(cache_dir=cache_dir)
                 ^^^^^^^^^^^^^^^^^^^^^^^^^^^^^^^^^^^^^^^
E   TypeError: ResourceDownloader.__init__() got an unexpected keyword argument 'cache_dir'
___________ TestResourceDownloader.test_download_resource_not_cached ___________
tests/test_downloader.py:182: in test_download_resource_not_cached
    downloader = ResourceDownloader(cache_dir=cache_dir)
                 ^^^^^^^^^^^^^^^^^^^^^^^^^^^^^^^^^^^^^^^
E   TypeError: ResourceDownloader.__init__() got an unexpected keyword argument 'cache_dir'
_________ TestResourceDownloader.test_download_resource_already_cached _________
tests/test_downloader.py:205: in test_download_resource_already_cached
    downloader = ResourceDownloader(cache_dir=cache_dir)
                 ^^^^^^^^^^^^^^^^^^^^^^^^^^^^^^^^^^^^^^^
E   TypeError: ResourceDownloader.__init__() got an unexpected keyword argument 'cache_dir'
_________ TestResourceDownloader.test_download_resource_with_checksum __________
tests/test_downloader.py:221: in test_download_resource_with_checksum
    downloader = ResourceDownloader(cache_dir=cache_dir)
                 ^^^^^^^^^^^^^^^^^^^^^^^^^^^^^^^^^^^^^^^
E   TypeError: ResourceDownloader.__init__() got an unexpected keyword argument 'cache_dir'
_______ TestResourceDownloader.test_download_resource_checksum_mismatch ________
tests/test_downloader.py:246: in test_download_resource_checksum_mismatch
    downloader = ResourceDownloader(cache_dir=cache_dir)
                 ^^^^^^^^^^^^^^^^^^^^^^^^^^^^^^^^^^^^^^^
E   TypeError: ResourceDownloader.__init__() got an unexpected keyword argument 'cache_dir'
________ TestResourceDownloader.test_download_resource_force_redownload ________
tests/test_downloader.py:269: in test_download_resource_force_redownload
    downloader = ResourceDownloader(cache_dir=cache_dir)
                 ^^^^^^^^^^^^^^^^^^^^^^^^^^^^^^^^^^^^^^^
E   TypeError: ResourceDownloader.__init__() got an unexpected keyword argument 'cache_dir'
___________________ TestResourceDownloader.test_clear_cache ____________________
tests/test_downloader.py:292: in test_clear_cache
    downloader = ResourceDownloader(cache_dir=cache_dir)
                 ^^^^^^^^^^^^^^^^^^^^^^^^^^^^^^^^^^^^^^^
E   TypeError: ResourceDownloader.__init__() got an unexpected keyword argument 'cache_dir'
__________________ TestResourceDownloader.test_get_cache_size __________________
tests/test_downloader.py:304: in test_get_cache_size
    downloader = ResourceDownloader(cache_dir=cache_dir)
                 ^^^^^^^^^^^^^^^^^^^^^^^^^^^^^^^^^^^^^^^
E   TypeError: ResourceDownloader.__init__() got an unexpected keyword argument 'cache_dir'
________________ TestResourceDownloader.test_list_cached_files _________________
tests/test_downloader.py:318: in test_list_cached_files
    downloader = ResourceDownloader(cache_dir=cache_dir)
                 ^^^^^^^^^^^^^^^^^^^^^^^^^^^^^^^^^^^^^^^
E   TypeError: ResourceDownloader.__init__() got an unexpected keyword argument 'cache_dir'
_______ TestDownloadRetry.test_download_retry_success_on_second_attempt ________
/usr/lib/python3.13/unittest/mock.py:1423: in patched
    with self.decoration_helper(patched,
/usr/lib/python3.13/contextlib.py:141: in __enter__
    return next(self.gen)
           ^^^^^^^^^^^^^^
/usr/lib/python3.13/unittest/mock.py:1405: in decoration_helper
    arg = exit_stack.enter_context(patching)
          ^^^^^^^^^^^^^^^^^^^^^^^^^^^^^^^^^^
/usr/lib/python3.13/contextlib.py:530: in enter_context
    result = _enter(cm)
             ^^^^^^^^^^
/usr/lib/python3.13/unittest/mock.py:1481: in __enter__
    self.target = self.getter()
                  ^^^^^^^^^^^^^
/usr/lib/python3.13/pkgutil.py:528: in resolve_name
    result = getattr(result, p)
             ^^^^^^^^^^^^^^^^^^
E   AttributeError: module 'varidex.downloader' has no attribute 'requests'
_______________ TestDownloadRetry.test_download_retry_exhausted ________________
/usr/lib/python3.13/unittest/mock.py:1423: in patched
    with self.decoration_helper(patched,
/usr/lib/python3.13/contextlib.py:141: in __enter__
    return next(self.gen)
           ^^^^^^^^^^^^^^
/usr/lib/python3.13/unittest/mock.py:1405: in decoration_helper
    arg = exit_stack.enter_context(patching)
          ^^^^^^^^^^^^^^^^^^^^^^^^^^^^^^^^^^
/usr/lib/python3.13/contextlib.py:530: in enter_context
    result = _enter(cm)
             ^^^^^^^^^^
/usr/lib/python3.13/unittest/mock.py:1481: in __enter__
    self.target = self.getter()
                  ^^^^^^^^^^^^^
/usr/lib/python3.13/pkgutil.py:528: in resolve_name
    result = getattr(result, p)
             ^^^^^^^^^^^^^^^^^^
E   AttributeError: module 'varidex.downloader' has no attribute 'requests'
_________________ TestMalformedData.test_mixed_type_chromosome _________________
tests/test_edge_cases.py:171: in test_mixed_type_chromosome
    assert df["CHROM"].dtype == object
E   assert <StringDtype(na_value=nan)> == object
E    +  where <StringDtype(na_value=nan)> = 0     1\n1     2\n2     X\n3     Y\n4    MT\nName: CHROM, dtype: str.dtype
__________ TestDataTypeConversions.test_string_to_numeric_conversion ___________
tests/test_edge_cases.py:401: in test_string_to_numeric_conversion
    assert isinstance(df["POS"][0], (int, float))
E   AssertionError: assert False
E    +  where False = isinstance(np.int64(12345), (<class 'int'>, <class 'float'>))
__________ TestDataTypeConversions.test_numeric_to_string_conversion ___________
tests/test_edge_cases.py:408: in test_numeric_to_string_conversion
    assert df["CHROM"].dtype == object
E   assert <StringDtype(na_value=nan)> == object
E    +  where <StringDtype(na_value=nan)> = 0    1\n1    2\n2    3\nName: CHROM, dtype: str.dtype
____________ TestExceptionHierarchy.test_base_exception_inheritance ____________
tests/test_error_recovery.py:28: in test_base_exception_inheritance
    assert issubclass(ValidationError, VariDexError)
E   assert False
E    +  where False = issubclass(ValidationError, VariDexError)
____________ TestDataValidationErrors.test_invalid_position_format _____________
tests/test_error_recovery.py:194: in test_invalid_position_format
    with pytest.raises(ValueError):
         ^^^^^^^^^^^^^^^^^^^^^^^^^
E   Failed: DID NOT RAISE <class 'ValueError'>
___________ TestEndToEndPipeline.test_e2e_single_variant_annotation ____________
tests/test_integration_e2e.py:35: in test_e2e_single_variant_annotation
    from varidex.io.loaders.vcf_loader import load_vcf
E   ModuleNotFoundError: No module named 'varidex.io.loaders.vcf_loader'
____________ TestEndToEndPipeline.test_e2e_multi_source_integration ____________
tests/test_integration_e2e.py:87: in test_e2e_multi_source_integration
    from varidex.io.loaders.vcf_loader import load_vcf
E   ModuleNotFoundError: No module named 'varidex.io.loaders.vcf_loader'
_____________ TestPerformanceIntegration.test_large_vcf_processing _____________
tests/test_integration_e2e.py:195: in test_large_vcf_processing
    from varidex.io.loaders.vcf_loader import load_vcf
E   ModuleNotFoundError: No module named 'varidex.io.loaders.vcf_loader'
_________ TestPerformanceIntegration.test_memory_efficient_processing __________
tests/test_integration_e2e.py:245: in test_memory_efficient_processing
    from varidex.io.loaders.vcf_loader import load_vcf_chunked
E   ModuleNotFoundError: No module named 'varidex.io.loaders.vcf_loader'
______________ TestDataIntegrity.test_roundtrip_vcf_to_dataframe _______________
tests/test_integration_e2e.py:270: in test_roundtrip_vcf_to_dataframe
    from varidex.io.loaders.vcf_loader import load_vcf
E   ModuleNotFoundError: No module named 'varidex.io.loaders.vcf_loader'
____________ TestDataIntegrity.test_allele_normalization_integrity _____________
tests/test_integration_e2e.py:327: in test_allele_normalization_integrity
    assert (
E   AssertionError: assert ('' == 'T'
E     
E     - T or 'T' == ''
E     
E     + T)
___________ TestErrorRecovery.test_pipeline_handles_malformed_input ____________
tests/test_integration_e2e.py:342: in test_pipeline_handles_malformed_input
    from varidex.io.loaders.vcf_loader import load_vcf
E   ModuleNotFoundError: No module named 'varidex.io.loaders.vcf_loader'
____________ TestErrorRecovery.test_pipeline_handles_missing_files _____________
tests/test_integration_e2e.py:349: in test_pipeline_handles_missing_files
    from varidex.io.loaders.vcf_loader import load_vcf
E   ModuleNotFoundError: No module named 'varidex.io.loaders.vcf_loader'
___________ TestDataFrameProperties.test_dataframe_copy_independence ___________
tests/test_property_based.py:194: in test_dataframe_copy_independence
    df=data_frames(
           ^^^^^^^
venv/lib/python3.13/site-packages/pandas/core/series.py:514: in __init__
    data = sanitize_array(data, index, dtype, copy)
           ^^^^^^^^^^^^^^^^^^^^^^^^^^^^^^^^^^^^^^^^
venv/lib/python3.13/site-packages/pandas/core/construction.py:606: in sanitize_array
    subarr = cls._from_sequence(data, dtype=dtype, copy=copy)
             ^^^^^^^^^^^^^^^^^^^^^^^^^^^^^^^^^^^^^^^^^^^^^^^^
venv/lib/python3.13/site-packages/pandas/core/arrays/string_arrow.py:238: in _from_sequence
    pa_arr = pa.array(result, type=pa.large_string(), from_pandas=True)
             ^^^^^^^^^^^^^^^^^^^^^^^^^^^^^^^^^^^^^^^^^^^^^^^^^^^^^^^^^^
pyarrow/array.pxi:365: in pyarrow.lib.array
    ???
pyarrow/array.pxi:91: in pyarrow.lib._ndarray_to_array
    ???
pyarrow/error.pxi:89: in pyarrow.lib.check_status
    ???
E   UnicodeEncodeError: 'utf-8' codec can't encode character '\ud800' in position 0: surrogates not allowed
E   while generating 'df' from data_frames(columns=[column(name='CHROM', elements=None, dtype=str, fill=None, unique=False),
E    column(name='POS', elements=None, dtype=int, fill=None, unique=False),
E    column(name='REF', elements=None, dtype=str, fill=None, unique=False),
E    column(name='ALT', elements=None, dtype=str, fill=None, unique=False)], index=range_indexes(max_size=100))
=============================== warnings summary ===============================
varidex/core/config.py:764
  /media/michal/647A504F7A50205A/GENOME/Michal/VariDex10/VariDex/varidex/core/config.py:764: PydanticDeprecatedSince20: Support for class-based `config` is deprecated, use ConfigDict instead. Deprecated in Pydantic V2.0 to be removed in V3.0. See Pydantic V2 Migration Guide at https://errors.pydantic.dev/2.12/migration/
    class VariDexConfig(BaseModel):

tests/test_dbnsfp_integration.py:15
  /media/michal/647A504F7A50205A/GENOME/Michal/VariDex10/VariDex/tests/test_dbnsfp_integration.py:15: UserWarning: ACMGClassifierV7 is EXPERIMENTAL and not production-tested. Use ACMGClassifier for production. See VERSION_HISTORY.md for details.
    from varidex.core.classifier.engine_v8 import ACMGClassifierV8

tests/test_dbnsfp_integration.py:15
  /media/michal/647A504F7A50205A/GENOME/Michal/VariDex10/VariDex/tests/test_dbnsfp_integration.py:15: UserWarning: ACMGClassifierV8 is EXPERIMENTAL and not production-tested. Use ACMGClassifier for production. See VERSION_HISTORY.md for details.
    from varidex.core.classifier.engine_v8 import ACMGClassifierV8

tests/test_core_config.py::TestVariDexConfigCopy::test_shallow_copy
  /media/michal/647A504F7A50205A/GENOME/Michal/VariDex10/VariDex/tests/test_core_config.py:214: PydanticDeprecatedSince20: The `copy` method is deprecated; use `model_copy` instead. See the docstring of `BaseModel.copy` for details about how to handle `include` and `exclude`. Deprecated in Pydantic V2.0 to be removed in V3.0. See Pydantic V2 Migration Guide at https://errors.pydantic.dev/2.12/migration/
    config2 = config1.copy()

-- Docs: https://docs.pytest.org/en/stable/how-to/capture-warnings.html
================================ tests coverage ================================
_______________ coverage: platform linux, python 3.13.7-final-0 ________________

Name                                                  Stmts   Miss  Cover   Missing
-----------------------------------------------------------------------------------
varidex/__init__.py                                       8      2    75%   39-40
varidex/__main__.py                                       3      3     0%   3-6
varidex/_imports.py                                      66     48    27%   21, 31-40, 50-55, 65, 75-80, 90, 100-105, 115, 125, 135, 145-150, 160, 170-175, 185, 195-207
varidex/cli.py                                            6      6     0%   3-12
varidex/core/__init__.py                                  3      0   100%
varidex/core/classifier/__init__.py                      31      6    81%   97-100, 119-122
varidex/core/classifier/acmg_evidence_full.py           281    281     0%   44-729
varidex/core/classifier/acmg_evidence_pathogenic.py     250    116    54%   148-161, 179-195, 210, 220-247, 264, 274, 295-296, 303-317, 330, 344-352, 371-392, 405, 413, 417, 424-426, 443, 457-459, 463-465, 469-471, 475-477, 481-484, 488-490, 503, 518-528, 562, 566, 570, 574, 576, 582, 584, 590-593
varidex/core/classifier/config.py                       131     46    65%   108, 115, 122, 137, 163, 194, 264, 266, 268, 270, 272, 274, 289, 295, 332-359, 363-369, 373-374, 385-397, 412-447
varidex/core/classifier/engine.py                       137     64    53%   109-111, 133-135, 140-169, 178-185, 189, 193-198, 204, 208, 212, 216, 220, 224, 230, 234, 240, 244, 250-254, 289-295, 328-329, 333-340
varidex/core/classifier/engine_v7.py                    146    106    27%   71-82, 97-135, 139-158, 165-208, 219-242, 257-260, 271-272, 277-287
varidex/core/classifier/engine_v8.py                    148     87    41%   101-105, 128-137, 142-218, 238-252, 282-287, 353, 359-394
varidex/core/classifier/evidence_assignment.py           99     39    61%   55-56, 66-70, 76-81, 110-113, 123-126, 132-137, 143-147, 190-191, 195, 211-214
varidex/core/classifier/evidence_assignment_pm2.py      123    123     0%   10-212
varidex/core/classifier/evidence_utils.py                61     28    54%   57-74, 90-91, 102, 108, 112-115, 129, 133-135, 154-156
varidex/core/classifier/rules.py                         91     91     0%   10-305
varidex/core/classifier/text_utils.py                    16      2    88%   13, 20
varidex/core/config.py                                  336    120    64%   246-256, 260-262, 266-273, 321, 323, 325, 327, 329, 334, 342, 349, 354, 359, 366, 373, 378, 391, 405, 416, 421-423, 428, 433-435, 450, 455-457, 462, 467-469, 472-474, 477-478, 481, 489-495, 528-548, 563, 566, 569-573, 663, 668, 673, 676, 684-698, 700-705, 710-757, 792, 799
varidex/core/exceptions.py                              111     61    45%   145-146, 153-223
varidex/core/models.py                                  402     74    82%   70, 74, 82-84, 90, 92, 94, 96, 98, 100, 102, 106, 164, 170, 182, 197, 201, 413, 426, 431-435, 461, 466, 472, 486, 490, 501-502, 511, 515, 527-537, 586, 591-604, 647-649, 651-652, 654-657, 673-674, 717, 721, 725, 729, 800, 805, 810, 815-819, 823, 831, 852-854, 859, 863, 867, 871, 902, 922-924
varidex/core/models_back.py                             370    370     0%   1-863
varidex/core/schema.py                                   62     62     0%   15-182
varidex/core/services/__init__.py                         2      0   100%
varidex/core/services/computational_prediction.py       218    121    44%   117-122, 174-178, 186, 195-199, 207, 221, 229-235, 243-249, 270-275, 302-309, 331-450, 458-470, 474-497
varidex/core/services/population_frequency.py           152    113    26%   66, 70-84, 103-112, 130-159, 172-183, 201-229, 242-253, 277-360, 368-382
varidex/downloader.py                                   177    119    33%   56-60, 65-75, 80-89, 94-95, 114-117, 120-121, 142, 146-148, 152, 156-157, 161-175, 179-268, 297, 301
varidex/exceptions.py                                    15      0   100%
varidex/gnomad_stage.py                                  31     31     0%   10-81
varidex/integrations/__init__.py                         12      4    67%   16-17, 26-27
varidex/integrations/dbnsfp_client.py                   216     60    72%   82, 90, 102, 114, 120, 132, 146, 148, 250-258, 272-274, 308-309, 336, 340, 346, 353-355, 381, 417-433, 457-476
varidex/integrations/gnomad/__init__.py                   3      0   100%
varidex/integrations/gnomad/config.py                    12      1    92%   23
varidex/integrations/gnomad/query.py                     83     38    54%   54-66, 101-103, 109-140, 144-146, 149, 152, 159-161
varidex/integrations/gnomad/query_parallel.py           112    112     0%   11-282
varidex/integrations/gnomad_annotator.py                132     95    28%   26-28, 34-36, 78-104, 123-149, 153-189, 193-216, 231-241, 253-263, 275-298, 302-304, 308, 312, 333-341, 346-369
varidex/integrations/gnomad_client.py                   166     55    67%   77-78, 83-84, 148, 154, 163-165, 204-236, 257-263, 267-273, 288-290, 331-333, 337-338, 342
varidex/io/__init__.py                                    4      0   100%
varidex/io/indexers/__init__.py                           2      2     0%   9-15
varidex/io/indexers/clinvar_xml_index.py                128    128     0%   10-378
varidex/io/loaders/__init__.py                            1      0   100%
varidex/io/loaders/clinvar.py                           308    308     0%   35-755
varidex/io/loaders/clinvar_loader.py                      3      3     0%   3-7
varidex/io/loaders/clinvar_xml.py                       165    165     0%   12-464
varidex/io/loaders/gnomad.py                            188    143    24%   57, 101-121, 128-149, 154-172, 189-217, 223-252, 256-263, 267-275, 279-287, 302-314, 329-381, 385, 398-401, 405, 409, 430-431, 436-460
varidex/io/loaders/user.py                              139    139     0%   13-285
varidex/io/loaders/vcfloader.py                          29      9    69%   21, 54, 77-99
varidex/io/matching.py                                  210     34    84%   104, 117-118, 120-121, 162, 181-185, 188, 221-224, 227-230, 247-248, 250, 268, 309-314, 319-324, 327, 337, 408, 417, 443, 447, 467
varidex/io/matching_improved.py                         186    186     0%   15-469
varidex/io/normalization.py                              21      0   100%
varidex/io/schema_standardizer.py                        30     30     0%   3-83
varidex/io/validators_advanced.py                       257    257     0%   11-506
varidex/io/validators_parallel.py                        81     81     0%   18-252
varidex/io/writers/__init__.py                            2      1    50%   3
varidex/io/writers/vcf_writer.py                          2      2     0%   4-5
varidex/io/writers/vcfwriter.py                           7      7     0%   1-12
varidex/pipeline/__init__.py                              6      2    67%   33-35
varidex/pipeline/__main__.py                            135    135     0%   14-226
varidex/pipeline/acmg_classifier_stage.py                75     75     0%   10-149
varidex/pipeline/cli_helpers.py                          37     37     0%   9-66
varidex/pipeline/downloader.py                          177    177     0%   8-301
varidex/pipeline/file_utils.py                           70     70     0%   9-121
varidex/pipeline/gnomad_annotator.py                     56     56     0%   5-127
varidex/pipeline/gnomad_annotator_parallel.py            76     76     0%   6-144
varidex/pipeline/gnomad_annotator_parallel_FAST.py       76     76     0%   6-144
varidex/pipeline/gnomad_stage.py                         82     82     0%   8-136
varidex/pipeline/gnomad_stage_fixed2.py                  66     66     0%   5-104
varidex/pipeline/orchestrator.py                         97     97     0%   8-206
varidex/pipeline/orchestrator_enhanced.py                97     97     0%   7-259
varidex/pipeline/orchestrator_v2.py                     153    153     0%   10-275
varidex/pipeline/phase1_enhancement.py                  121    121     0%   8-198
varidex/pipeline/pipeline_config.py                      52     52     0%   9-103
varidex/pipeline/stages.py                              497    269    46%   105-109, 115-120, 127-130, 133-136, 151-172, 177-181, 190-195, 200-223, 226-235, 238, 251-255, 259-267, 270-310, 338-349, 356-379, 392-411, 416-423, 436-461, 474-530, 537-539, 546-554, 567-585, 608-611, 615, 636, 675, 679, 697, 701, 705-707, 711-713, 717-719, 724, 748, 760, 764-766, 770, 784, 788, 805-807, 835-838, 843, 848, 853, 855, 861, 863, 885, 888, 904, 908, 970-997, 1014-1039
varidex/pipeline/stages_core.py                         160    160     0%   16-289
varidex/pipeline/test_stages_fixes.py                     9      9     0%   1-15
varidex/pipeline/validators.py                          168     42    75%   78-79, 97, 113, 118, 126-128, 130-132, 145, 147-150, 156-158, 165, 173, 178, 182-184, 190-193, 202, 205, 246-247, 255-257, 261-263, 267-269
varidex/pipeline_config.py                               52     52     0%   10-104
varidex/pipeline_main_integrated.py                     104    104     0%   7-243
varidex/reports/__init__.py                               8      1    88%   27
varidex/reports/formatters.py                           290    180    38%   29, 34-35, 40-45, 50-54, 61-78, 89-115, 122-165, 176-211, 218-438, 455-496, 513-517, 618, 633-635, 659, 663, 667-668, 680-723, 727-732, 759-760, 765, 794-801
varidex/reports/generator.py                            270    174    36%   49-55, 61-72, 137-151, 167-218, 232-235, 242-246, 274-393, 411-455, 497-586, 618, 622, 666, 765-768, 782-786, 794-798, 804-808, 838-884
varidex/reports/templates/__init__.py                     5      5     0%   1-19
varidex/reports/templates/builder.py                     78     78     0%   9-295
varidex/reports/templates/components.py                  79     79     0%   11-310
varidex/utils/__init__.py                                 1      0   100%
varidex/utils/coordinates.py                             14      0   100%
varidex/utils/helpers.py                                 90     40    56%   52-53, 70-79, 118-124, 130-131, 133-138, 141-142, 144-149, 157-167, 178-180
varidex/utils/liftover.py                                88     80     9%   35-126, 130-195, 199
varidex/version.py                                       14      3    79%   33, 42-43
-----------------------------------------------------------------------------------
TOTAL                                                  9278   6627    29%
=========================== short test summary info ============================
FAILED tests/test_cli_interface.py::TestCLIArguments::test_cli_help_flag - Fa...
FAILED tests/test_cli_interface.py::TestCLIArguments::test_cli_version_flag
FAILED tests/test_cli_interface.py::TestCLIArguments::test_cli_required_args
FAILED tests/test_cli_interface.py::TestCLIFileValidation::test_cli_input_file_permissions
FAILED tests/test_cli_interface.py::TestCLIExecution::test_cli_verbose_mode
FAILED tests/test_cli_interface.py::TestCLIErrorHandling::test_cli_missing_input_error
FAILED tests/test_cli_interface.py::TestCLIErrorHandling::test_cli_invalid_format_error
FAILED tests/test_cli_interface.py::TestCLIErrorHandling::test_cli_permission_error
FAILED tests/test_cli_interface.py::TestCLIErrorHandling::test_cli_interrupt_handling
FAILED tests/test_cli_interface.py::TestCLIOutputFormats::test_cli_csv_output
FAILED tests/test_cli_interface.py::TestCLIOutputFormats::test_cli_json_output
FAILED tests/test_cli_interface.py::TestCLIOutputFormats::test_cli_vcf_output
FAILED tests/test_cli_interface.py::TestCLIOutputFormats::test_cli_auto_format_detection
FAILED tests/test_cli_interface.py::TestCLIConfigurationOptions::test_cli_invalid_config_file
FAILED tests/test_cli_interface.py::TestCLIProgressReporting::test_cli_progress_bar
FAILED tests/test_cli_interface.py::TestCLIProgressReporting::test_cli_log_file_creation
FAILED tests/test_cli_interface.py::TestCLIProgressReporting::test_cli_log_level
FAILED tests/test_core_config.py::TestVariDexConfigInit::test_custom_initialization
FAILED tests/test_core_config.py::TestVariDexConfigInit::test_invalid_reference_genome
FAILED tests/test_core_config.py::TestVariDexConfigInit::test_invalid_quality_score
FAILED tests/test_core_config.py::TestVariDexConfigInit::test_invalid_population_af
FAILED tests/test_core_config.py::TestVariDexConfigValidation::test_validate_af_range
FAILED tests/test_core_config.py::TestVariDexConfigValidation::test_validate_thread_count
FAILED tests/test_core_config.py::TestVariDexConfigValidation::test_validate_paths_exist
FAILED tests/test_core_config.py::TestVariDexConfigDefaults::test_default_population_af
FAILED tests/test_core_config.py::TestVariDexConfigDefaults::test_default_thread_count
FAILED tests/test_core_config.py::TestVariDexConfigSerialization::test_to_dict
FAILED tests/test_core_config.py::TestVariDexConfigSerialization::test_from_dict
FAILED tests/test_core_config.py::TestVariDexConfigSerialization::test_save_and_load_config
FAILED tests/test_core_config.py::TestVariDexConfigSerialization::test_save_creates_directory
FAILED tests/test_core_config.py::TestVariDexConfigUpdate::test_update_single_parameter
FAILED tests/test_core_config.py::TestVariDexConfigUpdate::test_update_multiple_parameters
FAILED tests/test_core_config.py::TestVariDexConfigUpdate::test_update_with_validation
FAILED tests/test_core_config.py::TestVariDexConfigComparison::test_config_hash
FAILED tests/test_core_config.py::TestVariDexConfigRepresentation::test_str_representation
FAILED tests/test_core_config.py::TestVariDexConfigEdgeCases::test_zero_population_af
FAILED tests/test_core_config.py::TestVariDexConfigEdgeCases::test_max_population_af
FAILED tests/test_core_config.py::TestVariDexConfigEdgeCases::test_single_thread
FAILED tests/test_core_models.py::TestVariantCreation::test_full_variant_creation
FAILED tests/test_core_models.py::TestVariantCreation::test_variant_with_optional_fields
FAILED tests/test_core_models.py::TestVariantIdentifier::test_variant_id_generation
FAILED tests/test_core_models.py::TestVariantSerialization::test_round_trip_serialization
FAILED tests/test_core_models.py::TestVariantClassification::test_confidence_range
FAILED tests/test_core_models.py::TestAnnotatedVariant::test_annotated_variant_creation
FAILED tests/test_core_models.py::TestAnnotatedVariant::test_gnomad_af_range
FAILED tests/test_core_models.py::TestAnnotatedVariant::test_cadd_score_range
FAILED tests/test_core_models.py::TestVariantEdgeCases::test_sex_chromosomes
FAILED tests/test_core_models.py::TestVariantEdgeCases::test_mitochondrial_variant
FAILED tests/test_coverage_boost_integration_paths.py::TestFileReadingEdgeCases::test_very_large_file_size
FAILED tests/test_coverage_boost_validation.py::TestChromosomeValidation::test_sex_chromosomes
FAILED tests/test_coverage_boost_validation.py::TestChromosomeValidation::test_mitochondrial_chromosome
FAILED tests/test_coverage_boost_validation.py::TestPositionValidation::test_position_string_rejected
FAILED tests/test_coverage_gaps.py::TestDownloaderCoverage::test_download_with_invalid_url
FAILED tests/test_coverage_gaps.py::TestDownloaderCoverage::test_download_with_timeout
FAILED tests/test_data_validation.py::TestVariantDataValidation::test_invalid_positions
FAILED tests/test_data_validation.py::TestFrequencyValidation::test_valid_frequencies
FAILED tests/test_data_validation.py::TestDataFrameValidation::test_duplicate_variants
FAILED tests/test_data_validation.py::TestBoundaryConditions::test_max_chromosome_length
FAILED tests/test_data_validation.py::TestBoundaryConditions::test_extreme_float_values
FAILED tests/test_downloader.py::TestDownloadFile::test_download_file_success
FAILED tests/test_downloader.py::TestDownloadFile::test_download_file_http_error
FAILED tests/test_downloader.py::TestDownloadFile::test_download_file_with_progress
FAILED tests/test_downloader.py::TestDownloadFile::test_download_file_network_error
FAILED tests/test_downloader.py::TestResourceDownloader::test_init_default_cache_dir
FAILED tests/test_downloader.py::TestResourceDownloader::test_init_custom_cache_dir
FAILED tests/test_downloader.py::TestResourceDownloader::test_download_resource_not_cached
FAILED tests/test_downloader.py::TestResourceDownloader::test_download_resource_already_cached
FAILED tests/test_downloader.py::TestResourceDownloader::test_download_resource_with_checksum
FAILED tests/test_downloader.py::TestResourceDownloader::test_download_resource_checksum_mismatch
FAILED tests/test_downloader.py::TestResourceDownloader::test_download_resource_force_redownload
FAILED tests/test_downloader.py::TestResourceDownloader::test_clear_cache - T...
FAILED tests/test_downloader.py::TestResourceDownloader::test_get_cache_size
FAILED tests/test_downloader.py::TestResourceDownloader::test_list_cached_files
FAILED tests/test_downloader.py::TestDownloadRetry::test_download_retry_success_on_second_attempt
FAILED tests/test_downloader.py::TestDownloadRetry::test_download_retry_exhausted
FAILED tests/test_edge_cases.py::TestMalformedData::test_mixed_type_chromosome
FAILED tests/test_edge_cases.py::TestDataTypeConversions::test_string_to_numeric_conversion
FAILED tests/test_edge_cases.py::TestDataTypeConversions::test_numeric_to_string_conversion
FAILED tests/test_error_recovery.py::TestExceptionHierarchy::test_base_exception_inheritance
FAILED tests/test_error_recovery.py::TestDataValidationErrors::test_invalid_position_format
FAILED tests/test_integration_e2e.py::TestEndToEndPipeline::test_e2e_single_variant_annotation
FAILED tests/test_integration_e2e.py::TestEndToEndPipeline::test_e2e_multi_source_integration
FAILED tests/test_integration_e2e.py::TestPerformanceIntegration::test_large_vcf_processing
FAILED tests/test_integration_e2e.py::TestPerformanceIntegration::test_memory_efficient_processing
FAILED tests/test_integration_e2e.py::TestDataIntegrity::test_roundtrip_vcf_to_dataframe
FAILED tests/test_integration_e2e.py::TestDataIntegrity::test_allele_normalization_integrity
FAILED tests/test_integration_e2e.py::TestErrorRecovery::test_pipeline_handles_malformed_input
FAILED tests/test_integration_e2e.py::TestErrorRecovery::test_pipeline_handles_missing_files
FAILED tests/test_property_based.py::TestDataFrameProperties::test_dataframe_copy_independence
============ 89 failed, 769 passed, 9 skipped, 4 warnings in 7.22s =============
