============================= test session starts ==============================
platform linux -- Python 3.13.7, pytest-9.0.2, pluggy-1.6.0 -- /media/michal/647A504F7A50205A/GENOME/Michal/VariDex10/VariDex/venv/bin/python3
cachedir: .pytest_cache
hypothesis profile 'default'
rootdir: /media/michal/647A504F7A50205A/GENOME/Michal/VariDex10/VariDex
configfile: pytest.ini (WARNING: ignoring pytest config in pyproject.toml!)
testpaths: tests
plugins: cov-7.0.0, typeguard-4.4.4, hypothesis-6.151.3
collecting ... collected 921 items

tests/annotation/test_annotator.py::test_annotation_pipeline PASSED      [  0%]
tests/annotation/test_annotator.py::test_coverage[0] PASSED              [  0%]
tests/annotation/test_annotator.py::test_coverage[1] PASSED              [  0%]
tests/annotation/test_annotator.py::test_coverage[2] PASSED              [  0%]
tests/annotation/test_annotator.py::test_coverage[3] PASSED              [  0%]
tests/annotation/test_annotator.py::test_coverage[4] PASSED              [  0%]
tests/annotation/test_annotator.py::test_coverage[5] PASSED              [  0%]
tests/annotation/test_annotator.py::test_coverage[6] PASSED              [  0%]
tests/annotation/test_annotator.py::test_coverage[7] PASSED              [  0%]
tests/annotation/test_annotator.py::test_coverage[8] PASSED              [  1%]
tests/annotation/test_annotator.py::test_coverage[9] PASSED              [  1%]
tests/annotation/test_annotator.py::test_coverage[10] PASSED             [  1%]
tests/annotation/test_annotator.py::test_coverage[11] PASSED             [  1%]
tests/annotation/test_annotator.py::test_coverage[12] PASSED             [  1%]
tests/annotation/test_annotator.py::test_coverage[13] PASSED             [  1%]
tests/annotation/test_annotator.py::test_coverage[14] PASSED             [  1%]
tests/annotation/test_annotator.py::test_coverage[15] PASSED             [  1%]
tests/annotation/test_annotator.py::test_coverage[16] PASSED             [  1%]
tests/annotation/test_annotator.py::test_coverage[17] PASSED             [  2%]
tests/annotation/test_annotator.py::test_coverage[18] PASSED             [  2%]
tests/annotation/test_annotator.py::test_coverage[19] PASSED             [  2%]
tests/annotation/test_annotator.py::test_coverage[20] PASSED             [  2%]
tests/annotation/test_annotator.py::test_coverage[21] PASSED             [  2%]
tests/annotation/test_annotator.py::test_coverage[22] PASSED             [  2%]
tests/annotation/test_annotator.py::test_coverage[23] PASSED             [  2%]
tests/annotation/test_annotator.py::test_coverage[24] PASSED             [  2%]
tests/annotation/test_annotator.py::test_coverage[25] PASSED             [  2%]
tests/annotation/test_annotator.py::test_coverage[26] PASSED             [  3%]
tests/annotation/test_annotator.py::test_coverage[27] PASSED             [  3%]
tests/annotation/test_annotator.py::test_coverage[28] PASSED             [  3%]
tests/annotation/test_annotator.py::test_coverage[29] PASSED             [  3%]
tests/annotation/test_annotator.py::test_coverage[30] PASSED             [  3%]
tests/annotation/test_annotator.py::test_coverage[31] PASSED             [  3%]
tests/annotation/test_annotator.py::test_coverage[32] PASSED             [  3%]
tests/annotation/test_annotator.py::test_coverage[33] PASSED             [  3%]
tests/annotation/test_annotator.py::test_coverage[34] PASSED             [  3%]
tests/annotation/test_annotator.py::test_coverage[35] PASSED             [  4%]
tests/annotation/test_annotator.py::test_coverage[36] PASSED             [  4%]
tests/annotation/test_annotator.py::test_coverage[37] PASSED             [  4%]
tests/annotation/test_annotator.py::test_coverage[38] PASSED             [  4%]
tests/annotation/test_annotator.py::test_coverage[39] PASSED             [  4%]
tests/annotation/test_annotator.py::test_coverage[40] PASSED             [  4%]
tests/annotation/test_annotator.py::test_coverage[41] PASSED             [  4%]
tests/annotation/test_annotator.py::test_coverage[42] PASSED             [  4%]
tests/annotation/test_annotator.py::test_coverage[43] PASSED             [  4%]
tests/annotation/test_annotator.py::test_coverage[44] PASSED             [  4%]
tests/annotation/test_annotator.py::test_coverage[45] PASSED             [  5%]
tests/annotation/test_annotator.py::test_coverage[46] PASSED             [  5%]
tests/annotation/test_annotator.py::test_coverage[47] PASSED             [  5%]
tests/annotation/test_annotator.py::test_coverage[48] PASSED             [  5%]
tests/annotation/test_annotator.py::test_coverage[49] PASSED             [  5%]
tests/annotation/test_annotator.py::test_coverage[50] PASSED             [  5%]
tests/annotation/test_annotator.py::test_coverage[51] PASSED             [  5%]
tests/annotation/test_annotator.py::test_coverage[52] PASSED             [  5%]
tests/annotation/test_annotator.py::test_coverage[53] PASSED             [  5%]
tests/annotation/test_annotator.py::test_coverage[54] PASSED             [  6%]
tests/annotation/test_annotator.py::test_coverage[55] PASSED             [  6%]
tests/annotation/test_annotator.py::test_coverage[56] PASSED             [  6%]
tests/annotation/test_annotator.py::test_coverage[57] PASSED             [  6%]
tests/annotation/test_annotator.py::test_coverage[58] PASSED             [  6%]
tests/annotation/test_annotator.py::test_coverage[59] PASSED             [  6%]
tests/annotation/test_annotator.py::test_coverage[60] PASSED             [  6%]
tests/annotation/test_annotator.py::test_coverage[61] PASSED             [  6%]
tests/annotation/test_annotator.py::test_coverage[62] PASSED             [  6%]
tests/annotation/test_annotator.py::test_coverage[63] PASSED             [  7%]
tests/annotation/test_annotator.py::test_coverage[64] PASSED             [  7%]
tests/annotation/test_annotator.py::test_coverage[65] PASSED             [  7%]
tests/annotation/test_annotator.py::test_coverage[66] PASSED             [  7%]
tests/annotation/test_annotator.py::test_coverage[67] PASSED             [  7%]
tests/annotation/test_annotator.py::test_coverage[68] PASSED             [  7%]
tests/annotation/test_annotator.py::test_coverage[69] PASSED             [  7%]
tests/annotation/test_annotator.py::test_coverage[70] PASSED             [  7%]
tests/annotation/test_annotator.py::test_coverage[71] PASSED             [  7%]
tests/annotation/test_annotator.py::test_coverage[72] PASSED             [  8%]
tests/annotation/test_annotator.py::test_coverage[73] PASSED             [  8%]
tests/annotation/test_annotator.py::test_coverage[74] PASSED             [  8%]
tests/annotation/test_annotator.py::test_coverage[75] PASSED             [  8%]
tests/annotation/test_annotator.py::test_coverage[76] PASSED             [  8%]
tests/annotation/test_annotator.py::test_coverage[77] PASSED             [  8%]
tests/annotation/test_annotator.py::test_coverage[78] PASSED             [  8%]
tests/annotation/test_annotator.py::test_coverage[79] PASSED             [  8%]
tests/annotation/test_annotator.py::test_coverage[80] PASSED             [  8%]
tests/annotation/test_annotator.py::test_coverage[81] PASSED             [  9%]
tests/annotation/test_annotator.py::test_coverage[82] PASSED             [  9%]
tests/annotation/test_annotator.py::test_coverage[83] PASSED             [  9%]
tests/annotation/test_annotator.py::test_coverage[84] PASSED             [  9%]
tests/annotation/test_annotator.py::test_coverage[85] PASSED             [  9%]
tests/annotation/test_annotator.py::test_coverage[86] PASSED             [  9%]
tests/annotation/test_annotator.py::test_coverage[87] PASSED             [  9%]
tests/annotation/test_annotator.py::test_coverage[88] PASSED             [  9%]
tests/annotation/test_annotator.py::test_coverage[89] PASSED             [  9%]
tests/annotation/test_annotator.py::test_coverage[90] PASSED             [  9%]
tests/annotation/test_annotator.py::test_coverage[91] PASSED             [ 10%]
tests/annotation/test_annotator.py::test_coverage[92] PASSED             [ 10%]
tests/annotation/test_annotator.py::test_coverage[93] PASSED             [ 10%]
tests/annotation/test_annotator.py::test_coverage[94] PASSED             [ 10%]
tests/annotation/test_annotator.py::test_coverage[95] PASSED             [ 10%]
tests/annotation/test_annotator.py::test_coverage[96] PASSED             [ 10%]
tests/annotation/test_annotator.py::test_coverage[97] PASSED             [ 10%]
tests/annotation/test_annotator.py::test_coverage[98] PASSED             [ 10%]
tests/annotation/test_annotator.py::test_coverage[99] PASSED             [ 10%]
tests/annotation/test_annotator.py::test_coverage[100] PASSED            [ 11%]
tests/annotation/test_annotator.py::test_coverage[101] PASSED            [ 11%]
tests/annotation/test_annotator.py::test_coverage[102] PASSED            [ 11%]
tests/annotation/test_annotator.py::test_coverage[103] PASSED            [ 11%]
tests/annotation/test_annotator.py::test_coverage[104] PASSED            [ 11%]
tests/annotation/test_annotator.py::test_coverage[105] PASSED            [ 11%]
tests/annotation/test_annotator.py::test_coverage[106] PASSED            [ 11%]
tests/annotation/test_annotator.py::test_coverage[107] PASSED            [ 11%]
tests/annotation/test_annotator.py::test_coverage[108] PASSED            [ 11%]
tests/annotation/test_annotator.py::test_coverage[109] PASSED            [ 12%]
tests/annotation/test_annotator.py::test_coverage[110] PASSED            [ 12%]
tests/annotation/test_annotator.py::test_coverage[111] PASSED            [ 12%]
tests/annotation/test_annotator.py::test_coverage[112] PASSED            [ 12%]
tests/annotation/test_annotator.py::test_coverage[113] PASSED            [ 12%]
tests/annotation/test_annotator.py::test_coverage[114] PASSED            [ 12%]
tests/annotation/test_annotator.py::test_coverage[115] PASSED            [ 12%]
tests/annotation/test_annotator.py::test_coverage[116] PASSED            [ 12%]
tests/annotation/test_annotator.py::test_coverage[117] PASSED            [ 12%]
tests/annotation/test_annotator.py::test_coverage[118] PASSED            [ 13%]
tests/reporting/test_cli.py::TestReportingCLI::test_generate_help PASSED [ 13%]
tests/reporting/test_cli.py::TestReportingCLI::test_single_format[--html] FAILED [ 13%]
tests/reporting/test_cli.py::TestReportingCLI::test_single_format[--tsv] FAILED [ 13%]
tests/reporting/test_cli.py::TestReportingCLI::test_single_format[--json] FAILED [ 13%]
tests/reporting/test_cli.py::TestReportingCLI::test_single_format[--qc] FAILED [ 13%]
tests/reporting/test_cli.py::TestReportingCLI::test_multiple_formats PASSED [ 13%]
tests/reporting/test_cli.py::TestReportingCLI::test_no_formats PASSED    [ 13%]
tests/reporting/test_core.py::TestReportGenerator::test_html_generation PASSED [ 13%]
tests/reporting/test_core.py::TestReportGenerator::test_tsv_export PASSED [ 14%]
tests/reporting/test_core.py::TestReportGenerator::test_json_export PASSED [ 14%]
tests/reporting/test_core.py::TestReportGenerator::test_csv_export PASSED [ 14%]
tests/reporting/test_core.py::TestReportGenerator::test_all_formats[report.html] PASSED [ 14%]
tests/reporting/test_core.py::TestReportGenerator::test_all_formats[variants.tsv] PASSED [ 14%]
tests/reporting/test_core.py::TestReportGenerator::test_all_formats[data.json] PASSED [ 14%]
tests/reporting/test_core.py::TestReportGenerator::test_all_formats[export.csv] PASSED [ 14%]
tests/reporting/test_core.py::TestReportGenerator::test_empty_variants PASSED [ 14%]
tests/reporting/test_core.py::TestQCDashboard::test_metrics_calculation PASSED [ 14%]
tests/reporting/test_core.py::TestQCDashboard::test_empty_variants_metrics PASSED [ 14%]
tests/reporting/test_integration.py::TestReportingIntegration::test_full_pipeline_html PASSED [ 15%]
tests/reporting/test_integration.py::TestReportingIntegration::test_batch_export_all_formats PASSED [ 15%]
tests/reporting/test_integration.py::TestReportingIntegration::test_varying_variant_counts[0] PASSED [ 15%]
tests/reporting/test_integration.py::TestReportingIntegration::test_varying_variant_counts[1] PASSED [ 15%]
tests/reporting/test_integration.py::TestReportingIntegration::test_varying_variant_counts[100] PASSED [ 15%]
tests/test_acmg_classification.py::TestACMGCriteriaBasics::test_acmg_criteria_initialization PASSED [ 15%]
tests/test_acmg_classification.py::TestACMGCriteriaBasics::test_acmg_criteria_defaults PASSED [ 15%]
tests/test_acmg_classification.py::TestACMGCriteriaBasics::test_pathogenicity_class_enum PASSED [ 15%]
tests/test_acmg_classification.py::TestACMGPathogenicClassification::test_pathogenic_pvs1_ps1 PASSED [ 15%]
tests/test_acmg_classification.py::TestACMGPathogenicClassification::test_pathogenic_two_strong PASSED [ 16%]
tests/test_acmg_classification.py::TestACMGPathogenicClassification::test_pathogenic_one_strong_multiple_moderate PASSED [ 16%]
tests/test_acmg_classification.py::TestACMGPathogenicClassification::test_pathogenic_one_strong_two_moderate_two_supporting PASSED [ 16%]
tests/test_acmg_classification.py::TestACMGLikelyPathogenicClassification::test_likely_pathogenic_pvs1_moderate PASSED [ 16%]
tests/test_acmg_classification.py::TestACMGLikelyPathogenicClassification::test_likely_pathogenic_strong_moderate PASSED [ 16%]
tests/test_acmg_classification.py::TestACMGLikelyPathogenicClassification::test_likely_pathogenic_strong_supporting PASSED [ 16%]
tests/test_acmg_classification.py::TestACMGLikelyPathogenicClassification::test_likely_pathogenic_three_moderate PASSED [ 16%]
tests/test_acmg_classification.py::TestACMGLikelyPathogenicClassification::test_likely_pathogenic_two_moderate_two_supporting PASSED [ 16%]
tests/test_acmg_classification.py::TestACMGBenignClassification::test_benign_ba1_alone PASSED [ 16%]
tests/test_acmg_classification.py::TestACMGBenignClassification::test_benign_two_strong PASSED [ 17%]
tests/test_acmg_classification.py::TestACMGLikelyBenignClassification::test_likely_benign_one_strong_one_supporting PASSED [ 17%]
tests/test_acmg_classification.py::TestACMGLikelyBenignClassification::test_likely_benign_two_supporting PASSED [ 17%]
tests/test_acmg_classification.py::TestACMGUncertainSignificance::test_uncertain_no_criteria PASSED [ 17%]
tests/test_acmg_classification.py::TestACMGUncertainSignificance::test_uncertain_insufficient_evidence PASSED [ 17%]
tests/test_acmg_classification.py::TestACMGUncertainSignificance::test_uncertain_conflicting_evidence PASSED [ 17%]
tests/test_acmg_classification.py::TestACMGEdgeCases::test_all_pathogenic_criteria PASSED [ 17%]
tests/test_acmg_classification.py::TestACMGEdgeCases::test_all_benign_criteria PASSED [ 17%]
tests/test_acmg_classification.py::TestACMGEdgeCases::test_exactly_threshold_pathogenic PASSED [ 17%]
tests/test_acmg_classification.py::TestACMGEdgeCases::test_just_below_threshold PASSED [ 18%]
tests/test_acmg_classification.py::TestACMGCriteriaWeights::test_calculate_pathogenic_weight PASSED [ 18%]
tests/test_acmg_classification.py::TestACMGCriteriaWeights::test_calculate_benign_weight PASSED [ 18%]
tests/test_acmg_classification.py::TestACMGCriteriaWeights::test_zero_weight PASSED [ 18%]
tests/test_acmg_classification.py::TestACMGVariantIntegration::test_variant_with_acmg_classification PASSED [ 18%]
tests/test_acmg_classification.py::TestACMGVariantIntegration::test_variant_acmg_classification_result PASSED [ 18%]
tests/test_cli_interface.py::TestCLIArguments::test_cli_help_flag FAILED [ 18%]
tests/test_cli_interface.py::TestCLIArguments::test_cli_version_flag FAILED [ 18%]
tests/test_cli_interface.py::TestCLIArguments::test_cli_required_args FAILED [ 18%]
tests/test_cli_interface.py::TestCLIArguments::test_cli_input_file_arg PASSED [ 19%]
tests/test_cli_interface.py::TestCLIArguments::test_cli_output_file_arg PASSED [ 19%]
tests/test_cli_interface.py::TestCLIArguments::test_cli_config_file_arg PASSED [ 19%]
tests/test_cli_interface.py::TestCLIFileValidation::test_cli_nonexistent_input_file PASSED [ 19%]
tests/test_cli_interface.py::TestCLIFileValidation::test_cli_input_file_permissions FAILED [ 19%]
tests/test_cli_interface.py::TestCLIFileValidation::test_cli_invalid_file_format PASSED [ 19%]
tests/test_cli_interface.py::TestCLIFileValidation::test_cli_output_directory_creation PASSED [ 19%]
tests/test_cli_interface.py::TestCLIExecution::test_cli_successful_run PASSED [ 19%]
tests/test_cli_interface.py::TestCLIExecution::test_cli_verbose_mode FAILED [ 19%]
tests/test_cli_interface.py::TestCLIExecution::test_cli_quiet_mode PASSED [ 19%]
tests/test_cli_interface.py::TestCLIExecution::test_cli_dry_run_mode PASSED [ 20%]
tests/test_cli_interface.py::TestCLIErrorHandling::test_cli_missing_input_error FAILED [ 20%]
tests/test_cli_interface.py::TestCLIErrorHandling::test_cli_invalid_format_error FAILED [ 20%]
tests/test_cli_interface.py::TestCLIErrorHandling::test_cli_permission_error FAILED [ 20%]
tests/test_cli_interface.py::TestCLIErrorHandling::test_cli_interrupt_handling FAILED [ 20%]
tests/test_cli_interface.py::TestCLIOutputFormats::test_cli_csv_output FAILED [ 20%]
tests/test_cli_interface.py::TestCLIOutputFormats::test_cli_json_output FAILED [ 20%]
tests/test_cli_interface.py::TestCLIOutputFormats::test_cli_vcf_output FAILED [ 20%]
tests/test_cli_interface.py::TestCLIOutputFormats::test_cli_auto_format_detection FAILED [ 20%]
tests/test_cli_interface.py::TestCLIConfigurationOptions::test_cli_config_file_loading FAILED [ 21%]
tests/test_cli_interface.py::TestCLIConfigurationOptions::test_cli_config_override_by_args PASSED [ 21%]
tests/test_cli_interface.py::TestCLIConfigurationOptions::test_cli_invalid_config_file FAILED [ 21%]
tests/test_cli_interface.py::TestCLIProgressReporting::test_cli_progress_bar FAILED [ 21%]
tests/test_cli_interface.py::TestCLIProgressReporting::test_cli_log_file_creation FAILED [ 21%]
tests/test_cli_interface.py::TestCLIProgressReporting::test_cli_log_level FAILED [ 21%]
tests/test_core_config.py::TestVariDexConfigInit::test_default_initialization PASSED [ 21%]
tests/test_core_config.py::TestVariDexConfigInit::test_custom_initialization PASSED [ 21%]
tests/test_core_config.py::TestVariDexConfigInit::test_invalid_reference_genome PASSED [ 21%]
tests/test_core_config.py::TestVariDexConfigInit::test_invalid_quality_score PASSED [ 22%]
tests/test_core_config.py::TestVariDexConfigInit::test_invalid_population_af PASSED [ 22%]
tests/test_core_config.py::TestVariDexConfigValidation::test_validate_quality_score_range PASSED [ 22%]
tests/test_core_config.py::TestVariDexConfigValidation::test_validate_af_range PASSED [ 22%]
tests/test_core_config.py::TestVariDexConfigValidation::test_validate_thread_count PASSED [ 22%]
tests/test_core_config.py::TestVariDexConfigValidation::test_validate_paths_exist PASSED [ 22%]
tests/test_core_config.py::TestVariDexConfigDefaults::test_default_reference_genome PASSED [ 22%]
tests/test_core_config.py::TestVariDexConfigDefaults::test_default_quality_score PASSED [ 22%]
tests/test_core_config.py::TestVariDexConfigDefaults::test_default_population_af PASSED [ 22%]
tests/test_core_config.py::TestVariDexConfigDefaults::test_default_thread_count PASSED [ 23%]
tests/test_core_config.py::TestVariDexConfigSerialization::test_to_dict PASSED [ 23%]
tests/test_core_config.py::TestVariDexConfigSerialization::test_from_dict PASSED [ 23%]
tests/test_core_config.py::TestVariDexConfigSerialization::test_save_and_load_config PASSED [ 23%]
tests/test_core_config.py::TestVariDexConfigSerialization::test_save_creates_directory PASSED [ 23%]
tests/test_core_config.py::TestVariDexConfigUpdate::test_update_single_parameter PASSED [ 23%]
tests/test_core_config.py::TestVariDexConfigUpdate::test_update_multiple_parameters PASSED [ 23%]
tests/test_core_config.py::TestVariDexConfigUpdate::test_update_with_validation PASSED [ 23%]
tests/test_core_config.py::TestVariDexConfigUpdate::test_update_rejects_unknown_parameters PASSED [ 23%]
tests/test_core_config.py::TestVariDexConfigComparison::test_equal_configs PASSED [ 23%]
tests/test_core_config.py::TestVariDexConfigComparison::test_different_configs PASSED [ 24%]
tests/test_core_config.py::TestVariDexConfigComparison::test_config_hash PASSED [ 24%]
tests/test_core_config.py::TestVariDexConfigCopy::test_shallow_copy PASSED [ 24%]
tests/test_core_config.py::TestVariDexConfigCopy::test_deep_copy PASSED  [ 24%]
tests/test_core_config.py::TestVariDexConfigRepresentation::test_str_representation PASSED [ 24%]
tests/test_core_config.py::TestVariDexConfigRepresentation::test_repr_representation PASSED [ 24%]
tests/test_core_config.py::TestVariDexConfigEdgeCases::test_zero_quality_score PASSED [ 24%]
tests/test_core_config.py::TestVariDexConfigEdgeCases::test_max_quality_score PASSED [ 24%]
tests/test_core_config.py::TestVariDexConfigEdgeCases::test_zero_population_af PASSED [ 24%]
tests/test_core_config.py::TestVariDexConfigEdgeCases::test_max_population_af PASSED [ 25%]
tests/test_core_config.py::TestVariDexConfigEdgeCases::test_single_thread PASSED [ 25%]
tests/test_core_config.py::TestVariDexConfigEdgeCases::test_empty_config_dict PASSED [ 25%]
tests/test_core_models.py::TestVariantCreation::test_minimal_variant_creation PASSED [ 25%]
tests/test_core_models.py::TestVariantCreation::test_full_variant_creation FAILED [ 25%]
tests/test_core_models.py::TestVariantCreation::test_variant_with_optional_fields FAILED [ 25%]
tests/test_core_models.py::TestVariantValidation::test_invalid_chromosome FAILED [ 25%]
tests/test_core_models.py::TestVariantValidation::test_negative_position FAILED [ 25%]
tests/test_core_models.py::TestVariantValidation::test_zero_position FAILED [ 25%]
tests/test_core_models.py::TestVariantValidation::test_empty_ref_allele FAILED [ 26%]
tests/test_core_models.py::TestVariantValidation::test_empty_alt_allele FAILED [ 26%]
tests/test_core_models.py::TestVariantValidation::test_invalid_nucleotides FAILED [ 26%]
tests/test_core_models.py::TestVariantValidation::test_valid_nucleotides PASSED [ 26%]
tests/test_core_models.py::TestVariantIdentifier::test_variant_id_generation FAILED [ 26%]
tests/test_core_models.py::TestVariantIdentifier::test_unique_variant_ids PASSED [ 26%]
tests/test_core_models.py::TestVariantIdentifier::test_reproducible_variant_id PASSED [ 26%]
tests/test_core_models.py::TestVariantSerialization::test_to_dict PASSED [ 26%]
tests/test_core_models.py::TestVariantSerialization::test_from_dict PASSED [ 26%]
tests/test_core_models.py::TestVariantSerialization::test_round_trip_serialization FAILED [ 27%]
tests/test_core_models.py::TestVariantClassification::test_classification_creation PASSED [ 27%]
tests/test_core_models.py::TestVariantClassification::test_valid_classifications PASSED [ 27%]
tests/test_core_models.py::TestVariantClassification::test_confidence_range FAILED [ 27%]
tests/test_core_models.py::TestAnnotatedVariant::test_annotated_variant_creation FAILED [ 27%]
tests/test_core_models.py::TestAnnotatedVariant::test_gnomad_af_range FAILED [ 27%]
tests/test_core_models.py::TestAnnotatedVariant::test_cadd_score_range FAILED [ 27%]
tests/test_core_models.py::TestVariantComparison::test_equal_variants PASSED [ 27%]
tests/test_core_models.py::TestVariantComparison::test_different_variants PASSED [ 27%]
tests/test_core_models.py::TestVariantComparison::test_variant_hash PASSED [ 28%]
tests/test_core_models.py::TestVariantComparison::test_variants_in_set PASSED [ 28%]
tests/test_core_models.py::TestVariantEdgeCases::test_insertion_variant PASSED [ 28%]
tests/test_core_models.py::TestVariantEdgeCases::test_deletion_variant PASSED [ 28%]
tests/test_core_models.py::TestVariantEdgeCases::test_complex_variant PASSED [ 28%]
tests/test_core_models.py::TestVariantEdgeCases::test_long_alleles PASSED [ 28%]
tests/test_core_models.py::TestVariantEdgeCases::test_max_chromosome_position PASSED [ 28%]
tests/test_core_models.py::TestVariantEdgeCases::test_sex_chromosomes PASSED [ 28%]
tests/test_core_models.py::TestVariantEdgeCases::test_mitochondrial_variant PASSED [ 28%]
tests/test_coverage_boost_error_handlers.py::TestErrorCodeEnum::test_error_code_values PASSED [ 28%]
tests/test_coverage_boost_error_handlers.py::TestErrorCodeEnum::test_error_code_names PASSED [ 29%]
tests/test_coverage_boost_error_handlers.py::TestErrorCodeEnum::test_error_code_string_representation PASSED [ 29%]
tests/test_coverage_boost_error_handlers.py::TestVaridexErrorBase::test_varidex_error_creation PASSED [ 29%]
tests/test_coverage_boost_error_handlers.py::TestVaridexErrorBase::test_varidex_error_empty_message PASSED [ 29%]
tests/test_coverage_boost_error_handlers.py::TestVaridexErrorBase::test_varidex_error_long_message PASSED [ 29%]
tests/test_coverage_boost_error_handlers.py::TestVaridexErrorBase::test_varidex_error_with_special_characters PASSED [ 29%]
tests/test_coverage_boost_error_handlers.py::TestVaridexErrorBase::test_varidex_error_inheritance PASSED [ 29%]
tests/test_coverage_boost_error_handlers.py::TestValidationError::test_validation_error_creation PASSED [ 29%]
tests/test_coverage_boost_error_handlers.py::TestValidationError::test_validation_error_field_name PASSED [ 29%]
tests/test_coverage_boost_error_handlers.py::TestValidationError::test_validation_error_multiple_fields PASSED [ 30%]
tests/test_coverage_boost_error_handlers.py::TestValidationError::test_validation_error_inheritance PASSED [ 30%]
tests/test_coverage_boost_error_handlers.py::TestValidationError::test_validation_error_raises PASSED [ 30%]
tests/test_coverage_boost_error_handlers.py::TestDataLoadError::test_data_load_error_creation PASSED [ 30%]
tests/test_coverage_boost_error_handlers.py::TestDataLoadError::test_data_load_error_with_filename PASSED [ 30%]
tests/test_coverage_boost_error_handlers.py::TestDataLoadError::test_data_load_error_with_path PASSED [ 30%]
tests/test_coverage_boost_error_handlers.py::TestDataLoadError::test_data_load_error_inheritance PASSED [ 30%]
tests/test_coverage_boost_error_handlers.py::TestClassificationError::test_classification_error_creation PASSED [ 30%]
tests/test_coverage_boost_error_handlers.py::TestClassificationError::test_classification_error_with_variant_id PASSED [ 30%]
tests/test_coverage_boost_error_handlers.py::TestClassificationError::test_classification_error_with_reason PASSED [ 31%]
tests/test_coverage_boost_error_handlers.py::TestClassificationError::test_classification_error_inheritance PASSED [ 31%]
tests/test_coverage_boost_error_handlers.py::TestReportError::test_report_error_creation PASSED [ 31%]
tests/test_coverage_boost_error_handlers.py::TestReportError::test_report_error_with_format PASSED [ 31%]
tests/test_coverage_boost_error_handlers.py::TestReportError::test_report_error_with_details PASSED [ 31%]
tests/test_coverage_boost_error_handlers.py::TestReportError::test_report_error_inheritance PASSED [ 31%]
tests/test_coverage_boost_error_handlers.py::TestFileProcessingError::test_file_processing_error_creation PASSED [ 31%]
tests/test_coverage_boost_error_handlers.py::TestFileProcessingError::test_file_processing_error_with_operation PASSED [ 31%]
tests/test_coverage_boost_error_handlers.py::TestFileProcessingError::test_file_processing_error_with_line_number PASSED [ 31%]
tests/test_coverage_boost_error_handlers.py::TestFileProcessingError::test_file_processing_error_inheritance PASSED [ 32%]
tests/test_coverage_boost_error_handlers.py::TestCoreExceptions::test_configuration_error PASSED [ 32%]
tests/test_coverage_boost_error_handlers.py::TestCoreExceptions::test_data_processing_error PASSED [ 32%]
tests/test_coverage_boost_error_handlers.py::TestCoreExceptions::test_pipeline_error PASSED [ 32%]
tests/test_coverage_boost_error_handlers.py::TestCoreExceptions::test_configuration_error_with_parameter PASSED [ 32%]
tests/test_coverage_boost_error_handlers.py::TestCoreExceptions::test_data_processing_error_with_stage PASSED [ 32%]
tests/test_coverage_boost_error_handlers.py::TestCoreExceptions::test_pipeline_error_with_stage_name PASSED [ 32%]
tests/test_coverage_boost_error_handlers.py::TestErrorPropagation::test_error_propagates_through_functions PASSED [ 32%]
tests/test_coverage_boost_error_handlers.py::TestErrorPropagation::test_error_can_be_caught_and_reraised PASSED [ 32%]
tests/test_coverage_boost_error_handlers.py::TestErrorPropagation::test_error_can_be_transformed PASSED [ 33%]
tests/test_coverage_boost_error_handlers.py::TestErrorContextManagers::test_error_in_context_manager PASSED [ 33%]
tests/test_coverage_boost_error_handlers.py::TestErrorContextManagers::test_error_during_context_cleanup PASSED [ 33%]
tests/test_coverage_boost_error_handlers.py::TestErrorEdgeCases::test_error_with_none_message PASSED [ 33%]
tests/test_coverage_boost_error_handlers.py::TestErrorEdgeCases::test_error_with_numeric_message PASSED [ 33%]
tests/test_coverage_boost_error_handlers.py::TestErrorEdgeCases::test_error_with_unicode_message PASSED [ 33%]
tests/test_coverage_boost_error_handlers.py::TestErrorEdgeCases::test_multiple_exceptions_in_sequence PASSED [ 33%]
tests/test_coverage_boost_error_handlers.py::TestErrorEdgeCases::test_error_comparison PASSED [ 33%]
tests/test_coverage_boost_error_handlers.py::TestErrorRecovery::test_try_except_pattern PASSED [ 33%]
tests/test_coverage_boost_error_handlers.py::TestErrorRecovery::test_try_except_else_pattern PASSED [ 33%]
tests/test_coverage_boost_error_handlers.py::TestErrorRecovery::test_try_except_finally_pattern PASSED [ 34%]
tests/test_coverage_boost_error_handlers.py::TestErrorRecovery::test_multiple_exception_handlers PASSED [ 34%]
tests/test_coverage_boost_integration_paths.py::TestFileFormatDetection::test_vcf_format_detection PASSED [ 34%]
tests/test_coverage_boost_integration_paths.py::TestFileFormatDetection::test_vcf_gz_format_detection PASSED [ 34%]
tests/test_coverage_boost_integration_paths.py::TestFileFormatDetection::test_tsv_format_detection PASSED [ 34%]
tests/test_coverage_boost_integration_paths.py::TestFileFormatDetection::test_csv_format_detection PASSED [ 34%]
tests/test_coverage_boost_integration_paths.py::TestFileFormatDetection::test_unknown_format_handling PASSED [ 34%]
tests/test_coverage_boost_integration_paths.py::TestFileReadingEdgeCases::test_empty_file PASSED [ 34%]
tests/test_coverage_boost_integration_paths.py::TestFileReadingEdgeCases::test_file_with_only_headers PASSED [ 34%]
tests/test_coverage_boost_integration_paths.py::TestFileReadingEdgeCases::test_file_with_comments_only PASSED [ 35%]
tests/test_coverage_boost_integration_paths.py::TestFileReadingEdgeCases::test_file_with_blank_lines PASSED [ 35%]
tests/test_coverage_boost_integration_paths.py::TestFileReadingEdgeCases::test_file_with_unicode_content PASSED [ 35%]
tests/test_coverage_boost_integration_paths.py::TestFileReadingEdgeCases::test_very_large_file_size FAILED [ 35%]
tests/test_coverage_boost_integration_paths.py::TestFileReadingEdgeCases::test_file_with_long_lines PASSED [ 35%]
tests/test_coverage_boost_integration_paths.py::TestDataLoadingErrorPaths::test_nonexistent_file_error PASSED [ 35%]
tests/test_coverage_boost_integration_paths.py::TestDataLoadingErrorPaths::test_permission_denied_error PASSED [ 35%]
tests/test_coverage_boost_integration_paths.py::TestDataLoadingErrorPaths::test_corrupted_file_error PASSED [ 35%]
tests/test_coverage_boost_integration_paths.py::TestDataLoadingErrorPaths::test_invalid_format_error PASSED [ 35%]
tests/test_coverage_boost_integration_paths.py::TestDataLoadingErrorPaths::test_truncated_file_error PASSED [ 36%]
tests/test_coverage_boost_integration_paths.py::TestDataTransformationPaths::test_empty_dataframe_handling PASSED [ 36%]
tests/test_coverage_boost_integration_paths.py::TestDataTransformationPaths::test_dataframe_with_single_row PASSED [ 36%]
tests/test_coverage_boost_integration_paths.py::TestDataTransformationPaths::test_dataframe_with_missing_values PASSED [ 36%]
tests/test_coverage_boost_integration_paths.py::TestDataTransformationPaths::test_dataframe_with_duplicate_rows PASSED [ 36%]
tests/test_coverage_boost_integration_paths.py::TestDataTransformationPaths::test_dataframe_column_type_conversion PASSED [ 36%]
tests/test_coverage_boost_integration_paths.py::TestDataTransformationPaths::test_dataframe_with_special_values PASSED [ 36%]
tests/test_coverage_boost_integration_paths.py::TestDataTransformationPaths::test_dataframe_string_operations PASSED [ 36%]
tests/test_coverage_boost_integration_paths.py::TestIntegrationErrorRecovery::test_partial_data_processing PASSED [ 36%]
tests/test_coverage_boost_integration_paths.py::TestIntegrationErrorRecovery::test_retry_on_failure PASSED [ 37%]
tests/test_coverage_boost_integration_paths.py::TestIntegrationErrorRecovery::test_fallback_on_error PASSED [ 37%]
tests/test_coverage_boost_integration_paths.py::TestPipelineStageTransitions::test_stage_output_becomes_next_stage_input PASSED [ 37%]
tests/test_coverage_boost_integration_paths.py::TestPipelineStageTransitions::test_stage_validation_before_execution PASSED [ 37%]
tests/test_coverage_boost_integration_paths.py::TestPipelineStageTransitions::test_stage_metadata_propagation PASSED [ 37%]
tests/test_coverage_boost_integration_paths.py::TestDataQualityChecks::test_check_for_nulls PASSED [ 37%]
tests/test_coverage_boost_integration_paths.py::TestDataQualityChecks::test_check_for_duplicates PASSED [ 37%]
tests/test_coverage_boost_integration_paths.py::TestDataQualityChecks::test_check_value_ranges PASSED [ 37%]
tests/test_coverage_boost_integration_paths.py::TestDataQualityChecks::test_check_data_consistency PASSED [ 37%]
tests/test_coverage_boost_integration_paths.py::TestBatchProcessing::test_process_in_batches PASSED [ 38%]
tests/test_coverage_boost_integration_paths.py::TestBatchProcessing::test_batch_size_edge_cases PASSED [ 38%]
tests/test_coverage_boost_integration_paths.py::TestBatchProcessing::test_empty_batch_handling PASSED [ 38%]
tests/test_coverage_boost_integration_paths.py::TestCachingMechanisms::test_simple_cache PASSED [ 38%]
tests/test_coverage_boost_integration_paths.py::TestCachingMechanisms::test_cache_invalidation PASSED [ 38%]
tests/test_coverage_boost_integration_paths.py::TestCachingMechanisms::test_lru_cache_behavior PASSED [ 38%]
tests/test_coverage_boost_integration_paths.py::TestResourceManagement::test_context_manager_pattern PASSED [ 38%]
tests/test_coverage_boost_integration_paths.py::TestResourceManagement::test_multiple_resource_handling PASSED [ 38%]
tests/test_coverage_boost_validation.py::TestChromosomeValidation::test_standard_chromosomes PASSED [ 38%]
tests/test_coverage_boost_validation.py::TestChromosomeValidation::test_sex_chromosomes PASSED [ 38%]
tests/test_coverage_boost_validation.py::TestChromosomeValidation::test_mitochondrial_chromosome PASSED [ 39%]
tests/test_coverage_boost_validation.py::TestChromosomeValidation::test_chromosome_without_chr_prefix PASSED [ 39%]
tests/test_coverage_boost_validation.py::TestChromosomeValidation::test_chromosome_case_insensitive PASSED [ 39%]
tests/test_coverage_boost_validation.py::TestChromosomeValidation::test_invalid_chromosome_names FAILED [ 39%]
tests/test_coverage_boost_validation.py::TestChromosomeValidation::test_chromosome_with_special_characters PASSED [ 39%]
tests/test_coverage_boost_validation.py::TestPositionValidation::test_minimum_position PASSED [ 39%]
tests/test_coverage_boost_validation.py::TestPositionValidation::test_position_zero_invalid PASSED [ 39%]
tests/test_coverage_boost_validation.py::TestPositionValidation::test_negative_position_invalid PASSED [ 39%]
tests/test_coverage_boost_validation.py::TestPositionValidation::test_very_large_position PASSED [ 39%]
tests/test_coverage_boost_validation.py::TestPositionValidation::test_position_exceeds_chromosome_length PASSED [ 40%]
tests/test_coverage_boost_validation.py::TestPositionValidation::test_position_float_rejected PASSED [ 40%]
tests/test_coverage_boost_validation.py::TestPositionValidation::test_position_string_rejected FAILED [ 40%]
tests/test_coverage_boost_validation.py::TestAlleleValidation::test_single_nucleotide_variants PASSED [ 40%]
tests/test_coverage_boost_validation.py::TestAlleleValidation::test_same_ref_and_alt_invalid PASSED [ 40%]
tests/test_coverage_boost_validation.py::TestAlleleValidation::test_empty_ref_allele PASSED [ 40%]
tests/test_coverage_boost_validation.py::TestAlleleValidation::test_empty_alt_allele PASSED [ 40%]
tests/test_coverage_boost_validation.py::TestAlleleValidation::test_lowercase_nucleotides PASSED [ 40%]
tests/test_coverage_boost_validation.py::TestAlleleValidation::test_invalid_nucleotide_characters PASSED [ 40%]
tests/test_coverage_boost_validation.py::TestAlleleValidation::test_multi_nucleotide_ref PASSED [ 41%]
tests/test_coverage_boost_validation.py::TestAlleleValidation::test_multi_nucleotide_alt PASSED [ 41%]
tests/test_coverage_boost_validation.py::TestAlleleValidation::test_very_long_alleles PASSED [ 41%]
tests/test_coverage_boost_validation.py::TestVariantTypeDetection::test_snv_detection PASSED [ 41%]
tests/test_coverage_boost_validation.py::TestVariantTypeDetection::test_insertion_detection PASSED [ 41%]
tests/test_coverage_boost_validation.py::TestVariantTypeDetection::test_deletion_detection PASSED [ 41%]
tests/test_coverage_boost_validation.py::TestVariantTypeDetection::test_complex_variant_detection PASSED [ 41%]
tests/test_coverage_boost_validation.py::TestVariantTypeDetection::test_mnv_detection PASSED [ 41%]
tests/test_coverage_boost_validation.py::TestDataValidatorMethods::test_validate_variant_dict_valid PASSED [ 41%]
tests/test_coverage_boost_validation.py::TestDataValidatorMethods::test_validate_variant_dict_missing_chromosome PASSED [ 42%]
tests/test_coverage_boost_validation.py::TestDataValidatorMethods::test_validate_variant_dict_missing_position PASSED [ 42%]
tests/test_coverage_boost_validation.py::TestDataValidatorMethods::test_validate_variant_dict_none PASSED [ 42%]
tests/test_coverage_boost_validation.py::TestDataValidatorMethods::test_validate_variant_dict_empty PASSED [ 42%]
tests/test_coverage_boost_validation.py::TestDataValidatorMethods::test_validate_dataframe_valid PASSED [ 42%]
tests/test_coverage_boost_validation.py::TestDataValidatorMethods::test_validate_dataframe_empty PASSED [ 42%]
tests/test_coverage_boost_validation.py::TestDataValidatorMethods::test_validate_dataframe_none PASSED [ 42%]
tests/test_coverage_boost_validation.py::TestDataValidatorMethods::test_validate_dataframe_not_dataframe FAILED [ 42%]
tests/test_coverage_boost_validation.py::TestVariantKeyFormatting::test_format_key_standard PASSED [ 42%]
tests/test_coverage_boost_validation.py::TestVariantKeyFormatting::test_format_key_different_separators PASSED [ 42%]
tests/test_coverage_boost_validation.py::TestVariantKeyFormatting::test_parse_key_standard PASSED [ 43%]
tests/test_coverage_boost_validation.py::TestVariantKeyFormatting::test_parse_key_invalid_format PASSED [ 43%]
tests/test_coverage_boost_validation.py::TestVariantKeyFormatting::test_parse_key_empty PASSED [ 43%]
tests/test_coverage_boost_validation.py::TestVariantKeyFormatting::test_format_parse_roundtrip PASSED [ 43%]
tests/test_coverage_boost_validation.py::TestInputSanitization::test_whitespace_handling PASSED [ 43%]
tests/test_coverage_boost_validation.py::TestInputSanitization::test_case_normalization PASSED [ 43%]
tests/test_coverage_boost_validation.py::TestInputSanitization::test_leading_zeros_in_chromosome PASSED [ 43%]
tests/test_coverage_boost_validation.py::TestBoundaryConditions::test_max_integer_position PASSED [ 43%]
tests/test_coverage_boost_validation.py::TestBoundaryConditions::test_single_character_alleles PASSED [ 43%]
tests/test_coverage_boost_validation.py::TestBoundaryConditions::test_maximum_allele_length PASSED [ 44%]
tests/test_coverage_boost_validation.py::TestVariantDataModel::test_variant_data_creation PASSED [ 44%]
tests/test_coverage_boost_validation.py::TestVariantDataModel::test_variant_data_optional_fields PASSED [ 44%]
tests/test_coverage_gaps.py::TestPipelineStagesCoverage::test_stage_state_validation_errors SKIPPED [ 44%]
tests/test_coverage_gaps.py::TestPipelineStagesCoverage::test_stage_with_corrupted_state SKIPPED [ 44%]
tests/test_coverage_gaps.py::TestClassifierCoverage::test_classifier_with_missing_fields PASSED [ 44%]
tests/test_coverage_gaps.py::TestClassifierCoverage::test_classifier_edge_cases PASSED [ 44%]
tests/test_coverage_gaps.py::TestClassifierCoverage::test_acmg_criteria_all_false SKIPPED) [ 44%]
tests/test_coverage_gaps.py::TestReportsGeneratorCoverage::test_report_with_empty_results PASSED [ 44%]
tests/test_coverage_gaps.py::TestReportsGeneratorCoverage::test_report_with_special_characters SKIPPEDate_report') [ 45%]
tests/test_coverage_gaps.py::TestCoreModelsCoverage::test_variant_data_minimal PASSED [ 45%]
tests/test_coverage_gaps.py::TestCoreModelsCoverage::test_variant_data_with_all_fields PASSED [ 45%]
tests/test_coverage_gaps.py::TestCoreModelsCoverage::test_pathogenicity_class_values SKIPPEDe 'UNCERTAIN') [ 45%]
tests/test_coverage_gaps.py::TestIOCoverage::test_load_empty_file SKIPPEDfrom 'varidex.io.loaders' (/media/michal/647A504F7A50205A/GENOME/Michal/
VariDex10/VariDex/varidex/io/loaders/__init__.py))                       [ 45%]
tests/test_coverage_gaps.py::TestIOCoverage::test_file_path_validation SKIPPED [ 45%]
tests/test_coverage_gaps.py::TestIntegrationsCoverage::test_gnomad_timeout_handling SKIPPEDintegrations.gnomad' (/media/michal/647A504
F7A50205A/GENOME/Michal/VariDex10/VariDex/varidex/integrations/gnomad/__
init__.py))                                                              [ 45%]
tests/test_coverage_gaps.py::TestIntegrationsCoverage::test_dbnsfp_missing_file_handling SKIPPED [ 45%]
tests/test_coverage_gaps.py::TestExceptionsCoverage::test_custom_exceptions_exist SKIPPEDdex.exceptions' (/media/michal/647A504F7A50
205A/GENOME/Michal/VariDex10/VariDex/varidex/exceptions.py))             [ 45%]
tests/test_coverage_gaps.py::TestExceptionsCoverage::test_exception_hierarchy SKIPPEDdex.exceptions' (/media/michal/647A504F7A50
205A/GENOME/Michal/VariDex10/VariDex/varidex/exceptions.py))             [ 46%]
tests/test_coverage_gaps.py::TestDownloaderCoverage::test_download_with_invalid_url FAILED [ 46%]
tests/test_coverage_gaps.py::TestDownloaderCoverage::test_download_with_timeout FAILED [ 46%]
tests/test_data_validation.py::TestVariantDataValidation::test_valid_chromosome_names PASSED [ 46%]
tests/test_data_validation.py::TestVariantDataValidation::test_invalid_chromosome_names PASSED [ 46%]
tests/test_data_validation.py::TestVariantDataValidation::test_valid_positions PASSED [ 46%]
tests/test_data_validation.py::TestVariantDataValidation::test_invalid_positions FAILED [ 46%]
tests/test_data_validation.py::TestVariantDataValidation::test_valid_nucleotides PASSED [ 46%]
tests/test_data_validation.py::TestVariantDataValidation::test_invalid_nucleotides PASSED [ 46%]
tests/test_data_validation.py::TestVariantDataValidation::test_ref_alt_validation PASSED [ 47%]
tests/test_data_validation.py::TestFrequencyValidation::test_valid_frequencies FAILED [ 47%]
tests/test_data_validation.py::TestFrequencyValidation::test_invalid_frequencies PASSED [ 47%]
tests/test_data_validation.py::TestFrequencyValidation::test_frequency_precision PASSED [ 47%]
tests/test_data_validation.py::TestFrequencyValidation::test_rare_variant_threshold PASSED [ 47%]
tests/test_data_validation.py::TestScoreValidation::test_valid_cadd_scores PASSED [ 47%]
tests/test_data_validation.py::TestScoreValidation::test_invalid_cadd_scores PASSED [ 47%]
tests/test_data_validation.py::TestScoreValidation::test_valid_revel_scores PASSED [ 47%]
tests/test_data_validation.py::TestScoreValidation::test_invalid_revel_scores PASSED [ 47%]
tests/test_data_validation.py::TestScoreValidation::test_score_interpretation PASSED [ 47%]
tests/test_data_validation.py::TestDataFrameValidation::test_required_columns_present PASSED [ 48%]
tests/test_data_validation.py::TestDataFrameValidation::test_missing_required_columns PASSED [ 48%]
tests/test_data_validation.py::TestDataFrameValidation::test_empty_dataframe PASSED [ 48%]
tests/test_data_validation.py::TestDataFrameValidation::test_duplicate_variants FAILED [ 48%]
tests/test_data_validation.py::TestDataFrameValidation::test_dataframe_memory_size PASSED [ 48%]
tests/test_data_validation.py::TestInputSanitization::test_sanitize_chromosome_names PASSED [ 48%]
tests/test_data_validation.py::TestInputSanitization::test_sanitize_case_sensitivity PASSED [ 48%]
tests/test_data_validation.py::TestInputSanitization::test_strip_whitespace PASSED [ 48%]
tests/test_data_validation.py::TestInputSanitization::test_remove_special_characters PASSED [ 48%]
tests/test_data_validation.py::TestInputSanitization::test_sql_injection_prevention PASSED [ 49%]
tests/test_data_validation.py::TestBoundaryConditions::test_max_chromosome_length FAILED [ 49%]
tests/test_data_validation.py::TestBoundaryConditions::test_very_long_sequences PASSED [ 49%]
tests/test_data_validation.py::TestBoundaryConditions::test_zero_and_negative_values PASSED [ 49%]
tests/test_data_validation.py::TestBoundaryConditions::test_extreme_float_values FAILED [ 49%]
tests/test_data_validation.py::TestDataTypeValidation::test_integer_conversion PASSED [ 49%]
tests/test_data_validation.py::TestDataTypeValidation::test_float_conversion PASSED [ 49%]
tests/test_data_validation.py::TestDataTypeValidation::test_boolean_conversion PASSED [ 49%]
tests/test_data_validation.py::TestDataTypeValidation::test_list_conversion PASSED [ 49%]
tests/test_dbnsfp_integration.py::TestPredictionScore::test_count_deleterious_sift PASSED [ 50%]
tests/test_dbnsfp_integration.py::TestPredictionScore::test_count_deleterious_polyphen PASSED [ 50%]
tests/test_dbnsfp_integration.py::TestPredictionScore::test_count_deleterious_cadd PASSED [ 50%]
tests/test_dbnsfp_integration.py::TestPredictionScore::test_count_deleterious_multiple PASSED [ 50%]
tests/test_dbnsfp_integration.py::TestPredictionScore::test_count_benign_sift PASSED [ 50%]
tests/test_dbnsfp_integration.py::TestPredictionScore::test_count_benign_polyphen PASSED [ 50%]
tests/test_dbnsfp_integration.py::TestPredictionScore::test_count_benign_cadd PASSED [ 50%]
tests/test_dbnsfp_integration.py::TestPredictionScore::test_count_benign_multiple PASSED [ 50%]
tests/test_dbnsfp_integration.py::TestPredictionScore::test_has_scores PASSED [ 50%]
tests/test_dbnsfp_integration.py::TestPredictionScore::test_summary PASSED [ 51%]
tests/test_dbnsfp_integration.py::TestValidationHelpers::test_validate_not_none_fail PASSED [ 51%]
tests/test_dbnsfp_integration.py::TestDbNSFPClient::test_init_default PASSED [ 51%]
tests/test_dbnsfp_integration.py::TestDbNSFPClient::test_init_custom PASSED [ 51%]
tests/test_dbnsfp_integration.py::TestDbNSFPClient::test_cache_operations PASSED [ 51%]
tests/test_dbnsfp_integration.py::TestDbNSFPClient::test_get_predictions_not_found PASSED [ 51%]
tests/test_dbnsfp_integration.py::TestDbNSFPClient::test_get_predictions_found PASSED [ 51%]
tests/test_dbnsfp_integration.py::TestDbNSFPClient::test_get_statistics PASSED [ 51%]
tests/test_dbnsfp_integration.py::TestComputationalPredictionService::test_init_with_predictions PASSED [ 51%]
tests/test_dbnsfp_integration.py::TestComputationalPredictionService::test_analyze_sift PASSED [ 52%]
tests/test_dbnsfp_integration.py::TestComputationalPredictionService::test_analyze_polyphen PASSED [ 52%]
tests/test_dbnsfp_integration.py::TestComputationalPredictionService::test_analyze_cadd PASSED [ 52%]
tests/test_dbnsfp_integration.py::TestComputationalPredictionService::test_check_pp3_sufficient PASSED [ 52%]
tests/test_dbnsfp_integration.py::TestComputationalPredictionService::test_check_pp3_insufficient PASSED [ 52%]
tests/test_dbnsfp_integration.py::TestComputationalPredictionService::test_check_bp4_sufficient PASSED [ 52%]
tests/test_dbnsfp_integration.py::TestComputationalPredictionService::test_check_bp4_deferred_to_pp3 PASSED [ 52%]
tests/test_dbnsfp_integration.py::TestACMGClassifierV8::test_init_without_predictions PASSED [ 52%]
tests/test_dbnsfp_integration.py::TestACMGClassifierV8::test_get_enabled_codes_with_predictions PASSED [ 52%]
tests/test_dbnsfp_integration.py::TestACMGClassifierV8::test_health_check PASSED [ 52%]
tests/test_dbnsfp_integration.py::TestACMGClassifierV8::test_get_evidence_summary PASSED [ 53%]
tests/test_downloader.py::TestCalculateChecksum::test_calculate_checksum_md5 PASSED [ 53%]
tests/test_downloader.py::TestCalculateChecksum::test_calculate_checksum_sha256 PASSED [ 53%]
tests/test_downloader.py::TestCalculateChecksum::test_calculate_checksum_nonexistent_file PASSED [ 53%]
tests/test_downloader.py::TestCalculateChecksum::test_calculate_checksum_invalid_algorithm PASSED [ 53%]
tests/test_downloader.py::TestVerifyChecksum::test_verify_checksum_valid PASSED [ 53%]
tests/test_downloader.py::TestVerifyChecksum::test_verify_checksum_invalid PASSED [ 53%]
tests/test_downloader.py::TestVerifyChecksum::test_verify_checksum_case_insensitive PASSED [ 53%]
tests/test_downloader.py::TestDownloadFile::test_download_file_success FAILED [ 53%]
tests/test_downloader.py::TestDownloadFile::test_download_file_http_error FAILED [ 54%]
tests/test_downloader.py::TestDownloadFile::test_download_file_with_progress FAILED [ 54%]
tests/test_downloader.py::TestDownloadFile::test_download_file_network_error FAILED [ 54%]
tests/test_downloader.py::TestResourceDownloader::test_init_default_cache_dir FAILED [ 54%]
tests/test_downloader.py::TestResourceDownloader::test_init_custom_cache_dir FAILED [ 54%]
tests/test_downloader.py::TestResourceDownloader::test_download_resource_not_cached FAILED [ 54%]
tests/test_downloader.py::TestResourceDownloader::test_download_resource_already_cached FAILED [ 54%]
tests/test_downloader.py::TestResourceDownloader::test_download_resource_with_checksum FAILED [ 54%]
tests/test_downloader.py::TestResourceDownloader::test_download_resource_checksum_mismatch FAILED [ 54%]
tests/test_downloader.py::TestResourceDownloader::test_download_resource_force_redownload FAILED [ 55%]
tests/test_downloader.py::TestResourceDownloader::test_clear_cache FAILED [ 55%]
tests/test_downloader.py::TestResourceDownloader::test_get_cache_size FAILED [ 55%]
tests/test_downloader.py::TestResourceDownloader::test_list_cached_files FAILED [ 55%]
tests/test_downloader.py::TestDownloadRetry::test_download_retry_success_on_second_attempt FAILED [ 55%]
tests/test_downloader.py::TestDownloadRetry::test_download_retry_exhausted FAILED [ 55%]
tests/test_edge_cases.py::TestEmptyInputHandling::test_empty_dataframe PASSED [ 55%]
tests/test_edge_cases.py::TestEmptyInputHandling::test_dataframe_with_no_variants PASSED [ 55%]
tests/test_edge_cases.py::TestEmptyInputHandling::test_empty_string_fields PASSED [ 55%]
tests/test_edge_cases.py::TestEmptyInputHandling::test_none_values_in_dataframe PASSED [ 56%]
tests/test_edge_cases.py::TestBoundaryValues::test_maximum_chromosome_position PASSED [ 56%]
tests/test_edge_cases.py::TestBoundaryValues::test_minimum_chromosome_position PASSED [ 56%]
tests/test_edge_cases.py::TestBoundaryValues::test_zero_position PASSED  [ 56%]
tests/test_edge_cases.py::TestBoundaryValues::test_negative_position PASSED [ 56%]
tests/test_edge_cases.py::TestBoundaryValues::test_very_long_allele_sequence PASSED [ 56%]
tests/test_edge_cases.py::TestSpecialCharacters::test_unicode_in_gene_name PASSED [ 56%]
tests/test_edge_cases.py::TestSpecialCharacters::test_special_characters_in_fields PASSED [ 56%]
tests/test_edge_cases.py::TestSpecialCharacters::test_newlines_in_text_fields PASSED [ 56%]
tests/test_edge_cases.py::TestSpecialCharacters::test_tab_characters PASSED [ 57%]
tests/test_edge_cases.py::TestMalformedData::test_mixed_type_chromosome FAILED [ 57%]
tests/test_edge_cases.py::TestMalformedData::test_inconsistent_column_count PASSED [ 57%]
tests/test_edge_cases.py::TestMalformedData::test_duplicate_variant_entries PASSED [ 57%]
tests/test_edge_cases.py::TestMemoryAndPerformance::test_large_number_of_variants PASSED [ 57%]
tests/test_edge_cases.py::TestMemoryAndPerformance::test_large_dataframe_memory_usage PASSED [ 57%]
tests/test_edge_cases.py::TestChromosomeVariants::test_chromosome_with_chr_prefix PASSED [ 57%]
tests/test_edge_cases.py::TestChromosomeVariants::test_chromosome_without_prefix PASSED [ 57%]
tests/test_edge_cases.py::TestChromosomeVariants::test_mitochondrial_chromosome PASSED [ 57%]
tests/test_edge_cases.py::TestChromosomeVariants::test_invalid_chromosome_names PASSED [ 57%]
tests/test_edge_cases.py::TestAlleleFormats::test_single_nucleotide_variant PASSED [ 58%]
tests/test_edge_cases.py::TestAlleleFormats::test_insertion PASSED       [ 58%]
tests/test_edge_cases.py::TestAlleleFormats::test_deletion PASSED        [ 58%]
tests/test_edge_cases.py::TestAlleleFormats::test_mnv_multi_nucleotide_variant PASSED [ 58%]
tests/test_edge_cases.py::TestAlleleFormats::test_complex_variant PASSED [ 58%]
tests/test_edge_cases.py::TestAlleleFormats::test_lowercase_alleles PASSED [ 58%]
tests/test_edge_cases.py::TestAlleleFormats::test_mixed_case_alleles PASSED [ 58%]
tests/test_edge_cases.py::TestConfigurationEdgeCases::test_empty_config_dict PASSED [ 58%]
tests/test_edge_cases.py::TestConfigurationEdgeCases::test_config_with_invalid_paths PASSED [ 58%]
tests/test_edge_cases.py::TestConfigurationEdgeCases::test_config_with_special_characters_in_paths PASSED [ 59%]
tests/test_edge_cases.py::TestConcurrentAccess::test_multiple_dataframe_copies PASSED [ 59%]
tests/test_edge_cases.py::TestFloatingPointPrecision::test_frequency_precision PASSED [ 59%]
tests/test_edge_cases.py::TestFloatingPointPrecision::test_quality_score_precision PASSED [ 59%]
tests/test_edge_cases.py::TestDataTypeConversions::test_string_to_numeric_conversion FAILED [ 59%]
tests/test_edge_cases.py::TestDataTypeConversions::test_numeric_to_string_conversion FAILED [ 59%]
tests/test_error_recovery.py::TestExceptionHierarchy::test_base_exception_inheritance PASSED [ 59%]
tests/test_error_recovery.py::TestExceptionHierarchy::test_exception_message_handling PASSED [ 59%]
tests/test_error_recovery.py::TestExceptionHierarchy::test_exception_with_context PASSED [ 59%]
tests/test_error_recovery.py::TestFileIOErrorHandling::test_missing_input_file PASSED [ 60%]
tests/test_error_recovery.py::TestFileIOErrorHandling::test_permission_denied_error PASSED [ 60%]
tests/test_error_recovery.py::TestFileIOErrorHandling::test_corrupted_file_recovery PASSED [ 60%]
tests/test_error_recovery.py::TestFileIOErrorHandling::test_partial_file_write_recovery PASSED [ 60%]
tests/test_error_recovery.py::TestFileIOErrorHandling::test_disk_full_simulation PASSED [ 60%]
tests/test_error_recovery.py::TestNetworkErrorHandling::test_connection_timeout PASSED [ 60%]
tests/test_error_recovery.py::TestNetworkErrorHandling::test_connection_refused PASSED [ 60%]
tests/test_error_recovery.py::TestNetworkErrorHandling::test_http_error_codes PASSED [ 60%]
tests/test_error_recovery.py::TestNetworkErrorHandling::test_retry_mechanism PASSED [ 60%]
tests/test_error_recovery.py::TestDataValidationErrors::test_invalid_chromosome_format PASSED [ 61%]
tests/test_error_recovery.py::TestDataValidationErrors::test_invalid_position_format FAILED [ 61%]
tests/test_error_recovery.py::TestDataValidationErrors::test_invalid_allele_characters PASSED [ 61%]
tests/test_error_recovery.py::TestDataValidationErrors::test_missing_required_fields PASSED [ 61%]
tests/test_error_recovery.py::TestDataValidationErrors::test_mismatched_array_lengths PASSED [ 61%]
tests/test_error_recovery.py::TestMemoryErrorHandling::test_large_allocation_simulation PASSED [ 61%]
tests/test_error_recovery.py::TestMemoryErrorHandling::test_chunked_processing_fallback PASSED [ 61%]
tests/test_error_recovery.py::TestConcurrencyErrors::test_file_locked_by_another_process PASSED [ 61%]
tests/test_error_recovery.py::TestConcurrencyErrors::test_concurrent_dataframe_modification PASSED [ 61%]
tests/test_error_recovery.py::TestPartialFailureScenarios::test_partial_variant_processing PASSED [ 61%]
tests/test_error_recovery.py::TestPartialFailureScenarios::test_transaction_rollback_pattern PASSED [ 62%]
tests/test_error_recovery.py::TestResourceCleanup::test_file_handle_cleanup PASSED [ 62%]
tests/test_error_recovery.py::TestResourceCleanup::test_exception_during_context_manager PASSED [ 62%]
tests/test_error_recovery.py::TestResourceCleanup::test_temp_file_cleanup PASSED [ 62%]
tests/test_error_recovery.py::TestGracefulDegradation::test_missing_optional_data PASSED [ 62%]
tests/test_error_recovery.py::TestGracefulDegradation::test_fallback_to_default_values PASSED [ 62%]
tests/test_error_recovery.py::TestGracefulDegradation::test_alternative_data_source_fallback PASSED [ 62%]
tests/test_error_recovery.py::TestErrorLogging::test_error_context_preservation PASSED [ 62%]
tests/test_error_recovery.py::TestErrorLogging::test_multiple_error_accumulation PASSED [ 62%]
tests/test_exceptions.py::TestExceptionHierarchy::test_base_exception_class PASSED [ 63%]
tests/test_exceptions.py::TestExceptionHierarchy::test_exception_inheritance_and_error_code[ValidationError-ErrorCode.VALIDATION] PASSED [ 63%]
tests/test_exceptions.py::TestExceptionHierarchy::test_exception_inheritance_and_error_code[DataLoadError-ErrorCode.DATA_LOAD] PASSED [ 63%]
tests/test_exceptions.py::TestExceptionHierarchy::test_exception_inheritance_and_error_code[ClassificationError-ErrorCode.CLASSIFICATION] PASSED [ 63%]
tests/test_exceptions.py::TestExceptionHierarchy::test_exception_inheritance_and_error_code[ReportError-ErrorCode.REPORT] PASSED [ 63%]
tests/test_exceptions.py::TestExceptionHierarchy::test_exception_inheritance_and_error_code[FileProcessingError-ErrorCode.FILE_PROCESSING] PASSED [ 63%]
tests/test_exceptions.py::TestValidationHelpers::test_validate_not_none_pass[string] PASSED [ 63%]
tests/test_exceptions.py::TestValidationHelpers::test_validate_not_none_pass[0] PASSED [ 63%]
tests/test_exceptions.py::TestValidationHelpers::test_validate_not_none_pass[value2] PASSED [ 63%]
tests/test_exceptions.py::TestValidationHelpers::test_validate_not_none_pass[value3] PASSED [ 64%]
tests/test_exceptions.py::TestValidationHelpers::test_validate_not_none_pass[False] PASSED [ 64%]
tests/test_exceptions.py::TestValidationHelpers::test_validate_not_none_fail PASSED [ 64%]
tests/test_exceptions.py::TestValidationHelpers::test_validate_not_empty_fail[-empty string] PASSED [ 64%]
tests/test_exceptions.py::TestValidationHelpers::test_validate_not_empty_fail[empty_value1-empty list] PASSED [ 64%]
tests/test_exceptions.py::TestValidationHelpers::test_validate_not_empty_fail[empty_value2-empty dict] PASSED [ 64%]
tests/test_gnomad_integration.py::TestGnomadVariantFrequency::test_max_af_with_genome_only PASSED [ 64%]
tests/test_gnomad_integration.py::TestGnomadVariantFrequency::test_max_af_with_exome_only PASSED [ 64%]
tests/test_gnomad_integration.py::TestGnomadVariantFrequency::test_max_af_with_both PASSED [ 64%]
tests/test_gnomad_integration.py::TestGnomadVariantFrequency::test_max_af_none PASSED [ 65%]
tests/test_gnomad_integration.py::TestGnomadVariantFrequency::test_is_common PASSED [ 65%]
tests/test_gnomad_integration.py::TestGnomadVariantFrequency::test_is_rare PASSED [ 65%]
tests/test_gnomad_integration.py::TestGnomadVariantFrequency::test_is_rare_absent PASSED [ 65%]
tests/test_gnomad_integration.py::TestRateLimiter::test_under_limit PASSED [ 65%]
tests/test_gnomad_integration.py::TestRateLimiter::test_exceeds_limit PASSED [ 65%]
tests/test_gnomad_integration.py::TestGnomadClient::test_init_default PASSED [ 65%]
tests/test_gnomad_integration.py::TestGnomadClient::test_init_custom PASSED [ 65%]
tests/test_gnomad_integration.py::TestGnomadClient::test_cache_operations PASSED [ 65%]
tests/test_gnomad_integration.py::TestGnomadClient::test_build_graphql_query PASSED [ 66%]
tests/test_gnomad_integration.py::TestGnomadClient::test_get_variant_frequency_not_found PASSED [ 66%]
tests/test_gnomad_integration.py::TestGnomadClient::test_get_variant_frequency_found PASSED [ 66%]
tests/test_gnomad_integration.py::TestPopulationFrequencyService::test_init_with_gnomad PASSED [ 66%]
tests/test_gnomad_integration.py::TestPopulationFrequencyService::test_pm2_absent_variant PASSED [ 66%]
tests/test_gnomad_integration.py::TestPopulationFrequencyService::test_pm2_rare_dominant PASSED [ 66%]
tests/test_gnomad_integration.py::TestPopulationFrequencyService::test_pm2_not_rare_enough PASSED [ 66%]
tests/test_gnomad_integration.py::TestPopulationFrequencyService::test_ba1_common_variant PASSED [ 66%]
tests/test_gnomad_integration.py::TestPopulationFrequencyService::test_ba1_not_common PASSED [ 66%]
tests/test_gnomad_integration.py::TestPopulationFrequencyService::test_bs1_too_high_frequency PASSED [ 66%]
tests/test_gnomad_integration.py::TestPopulationFrequencyService::test_bs1_vs_ba1_precedence PASSED [ 67%]
tests/test_gnomad_integration.py::TestACMGClassifierV7::test_init_without_gnomad PASSED [ 67%]
tests/test_gnomad_integration.py::TestACMGClassifierV7::test_init_with_gnomad PASSED [ 67%]
tests/test_gnomad_integration.py::TestACMGClassifierV7::test_extract_coordinates_full PASSED [ 67%]
tests/test_gnomad_integration.py::TestACMGClassifierV7::test_extract_coordinates_missing PASSED [ 67%]
tests/test_gnomad_integration.py::TestACMGClassifierV7::test_infer_inheritance_dominant PASSED [ 67%]
tests/test_gnomad_integration.py::TestACMGClassifierV7::test_infer_inheritance_xlinked PASSED [ 67%]
tests/test_gnomad_integration.py::TestACMGClassifierV7::test_get_enabled_codes_with_gnomad PASSED [ 67%]
tests/test_gnomad_integration.py::TestACMGClassifierV7::test_health_check PASSED [ 67%]
tests/test_integration_e2e.py::TestEndToEndPipeline::test_e2e_single_variant_annotation FAILED [ 68%]
tests/test_integration_e2e.py::TestEndToEndPipeline::test_e2e_variant_matching_workflow FAILED [ 68%]
tests/test_integration_e2e.py::TestEndToEndPipeline::test_e2e_multi_source_integration FAILED [ 68%]
tests/test_integration_e2e.py::TestEndToEndPipeline::test_e2e_pipeline_with_filtering PASSED [ 68%]
tests/test_integration_e2e.py::TestEndToEndPipeline::test_e2e_report_generation PASSED [ 68%]
tests/test_integration_e2e.py::TestPerformanceIntegration::test_large_vcf_processing FAILED [ 68%]
tests/test_integration_e2e.py::TestPerformanceIntegration::test_concurrent_matching_performance FAILED [ 68%]
tests/test_integration_e2e.py::TestPerformanceIntegration::test_memory_efficient_processing FAILED [ 68%]
tests/test_integration_e2e.py::TestDataIntegrity::test_roundtrip_vcf_to_dataframe FAILED [ 68%]
tests/test_integration_e2e.py::TestDataIntegrity::test_coordinate_system_consistency FAILED [ 69%]
tests/test_integration_e2e.py::TestDataIntegrity::test_allele_normalization_integrity FAILED [ 69%]
tests/test_integration_e2e.py::TestErrorRecovery::test_pipeline_handles_malformed_input FAILED [ 69%]
tests/test_integration_e2e.py::TestErrorRecovery::test_pipeline_handles_missing_files FAILED [ 69%]
tests/test_integration_e2e.py::TestErrorRecovery::test_pipeline_partial_failure_recovery PASSED [ 69%]
tests/test_integration_e2e.py::TestConfigurationIntegration::test_config_affects_pipeline_behavior FAILED [ 69%]
tests/test_integration_e2e.py::TestConfigurationIntegration::test_config_persistence FAILED [ 69%]
tests/test_io_matching.py::TestCreateVariantKey::test_create_variant_key_basic PASSED [ 69%]
tests/test_io_matching.py::TestCreateVariantKey::test_create_variant_key_sex_chromosome PASSED [ 69%]
tests/test_io_matching.py::TestCreateVariantKey::test_create_variant_key_indel PASSED [ 70%]
tests/test_io_matching.py::TestCreateVariantKey::test_create_variant_key_normalization PASSED [ 70%]
tests/test_io_matching.py::TestMatchByCoordinates::test_match_by_coordinates_exact FAILED [ 70%]
tests/test_io_matching.py::TestMatchByCoordinates::test_match_by_coordinates_no_matches PASSED [ 70%]
tests/test_io_matching.py::TestMatchByCoordinates::test_match_by_coordinates_partial_overlap FAILED [ 70%]
tests/test_io_matching.py::TestMatchByCoordinates::test_match_by_coordinates_allow_mismatch FAILED [ 70%]
tests/test_io_matching.py::TestMatchByVariantID::test_match_by_variant_id_rsid FAILED [ 70%]
tests/test_io_matching.py::TestMatchByVariantID::test_match_by_variant_id_custom_column PASSED [ 70%]
tests/test_io_matching.py::TestMatchByVariantID::test_match_by_variant_id_no_matches FAILED [ 70%]
tests/test_io_matching.py::TestFindExactMatches::test_find_exact_matches_basic FAILED [ 71%]
tests/test_io_matching.py::TestFindExactMatches::test_find_exact_matches_none FAILED [ 71%]
tests/test_io_matching.py::TestFindExactMatches::test_find_exact_matches_assembly_mismatch FAILED [ 71%]
tests/test_io_matching.py::TestFindFuzzyMatches::test_find_fuzzy_matches_nearby_position FAILED [ 71%]
tests/test_io_matching.py::TestFindFuzzyMatches::test_find_fuzzy_matches_different_alleles FAILED [ 71%]
tests/test_io_matching.py::TestFindFuzzyMatches::test_find_fuzzy_matches_strict_alleles FAILED [ 71%]
tests/test_io_matching.py::TestMatchVariants::test_match_variants_exact_mode FAILED [ 71%]
tests/test_io_matching.py::TestMatchVariants::test_match_variants_fuzzy_mode FAILED [ 71%]
tests/test_io_matching.py::TestMatchVariants::test_match_variants_invalid_mode FAILED [ 71%]
tests/test_io_matching.py::TestMatchVariants::test_match_variants_empty_query FAILED [ 71%]
tests/test_io_matching.py::TestMatchVariants::test_match_variants_empty_reference FAILED [ 72%]
tests/test_io_matching.py::TestMatchingPerformance::test_match_large_dataset FAILED [ 72%]
tests/test_io_matching.py::TestMatchingPerformance::test_match_variants_deduplication FAILED [ 72%]
tests/test_performance_benchmarks.py::TestProcessingSpeed::test_small_dataset_processing_time PASSED [ 72%]
tests/test_performance_benchmarks.py::TestProcessingSpeed::test_medium_dataset_processing_time PASSED [ 72%]
tests/test_performance_benchmarks.py::TestProcessingSpeed::test_large_dataset_processing_time PASSED [ 72%]
tests/test_performance_benchmarks.py::TestProcessingSpeed::test_linear_scaling PASSED [ 72%]
tests/test_performance_benchmarks.py::TestMemoryUsage::test_memory_usage_within_limits FAILED [ 72%]
tests/test_performance_benchmarks.py::TestMemoryUsage::test_memory_cleanup_after_processing PASSED [ 72%]
tests/test_performance_benchmarks.py::TestMemoryUsage::test_streaming_large_files PASSED [ 73%]
tests/test_performance_benchmarks.py::TestScalability::test_concurrent_processing PASSED [ 73%]
tests/test_performance_benchmarks.py::TestScalability::test_handling_many_chromosomes PASSED [ 73%]
tests/test_performance_benchmarks.py::TestResourceOptimization::test_batch_processing_efficiency FAILED [ 73%]
tests/test_performance_benchmarks.py::TestResourceOptimization::test_caching_improves_performance PASSED [ 73%]
tests/test_performance_benchmarks.py::TestPerformanceRegression::test_baseline_performance PASSED [ 73%]
tests/test_pipeline.py::test_pipeline PASSED                             [ 73%]
tests/test_pipeline.py::test_coverage[0] PASSED                          [ 73%]
tests/test_pipeline.py::test_coverage[1] PASSED                          [ 73%]
tests/test_pipeline.py::test_coverage[2] PASSED                          [ 74%]
tests/test_pipeline.py::test_coverage[3] PASSED                          [ 74%]
tests/test_pipeline.py::test_coverage[4] PASSED                          [ 74%]
tests/test_pipeline.py::test_coverage[5] PASSED                          [ 74%]
tests/test_pipeline.py::test_coverage[6] PASSED                          [ 74%]
tests/test_pipeline.py::test_coverage[7] PASSED                          [ 74%]
tests/test_pipeline.py::test_coverage[8] PASSED                          [ 74%]
tests/test_pipeline.py::test_coverage[9] PASSED                          [ 74%]
tests/test_pipeline.py::test_coverage[10] PASSED                         [ 74%]
tests/test_pipeline.py::test_coverage[11] PASSED                         [ 75%]
tests/test_pipeline.py::test_coverage[12] PASSED                         [ 75%]
tests/test_pipeline.py::test_coverage[13] PASSED                         [ 75%]
tests/test_pipeline.py::test_coverage[14] PASSED                         [ 75%]
tests/test_pipeline.py::test_coverage[15] PASSED                         [ 75%]
tests/test_pipeline.py::test_coverage[16] PASSED                         [ 75%]
tests/test_pipeline.py::test_coverage[17] PASSED                         [ 75%]
tests/test_pipeline.py::test_coverage[18] PASSED                         [ 75%]
tests/test_pipeline.py::test_coverage[19] PASSED                         [ 75%]
tests/test_pipeline.py::test_coverage[20] PASSED                         [ 76%]
tests/test_pipeline.py::test_coverage[21] PASSED                         [ 76%]
tests/test_pipeline.py::test_coverage[22] PASSED                         [ 76%]
tests/test_pipeline.py::test_coverage[23] PASSED                         [ 76%]
tests/test_pipeline.py::test_coverage[24] PASSED                         [ 76%]
tests/test_pipeline.py::test_coverage[25] PASSED                         [ 76%]
tests/test_pipeline.py::test_coverage[26] PASSED                         [ 76%]
tests/test_pipeline.py::test_coverage[27] PASSED                         [ 76%]
tests/test_pipeline.py::test_coverage[28] PASSED                         [ 76%]
tests/test_pipeline.py::test_coverage[29] PASSED                         [ 76%]
tests/test_pipeline.py::test_coverage[30] PASSED                         [ 77%]
tests/test_pipeline.py::test_coverage[31] PASSED                         [ 77%]
tests/test_pipeline.py::test_coverage[32] PASSED                         [ 77%]
tests/test_pipeline.py::test_coverage[33] PASSED                         [ 77%]
tests/test_pipeline.py::test_coverage[34] PASSED                         [ 77%]
tests/test_pipeline.py::test_coverage[35] PASSED                         [ 77%]
tests/test_pipeline.py::test_coverage[36] PASSED                         [ 77%]
tests/test_pipeline.py::test_coverage[37] PASSED                         [ 77%]
tests/test_pipeline.py::test_coverage[38] PASSED                         [ 77%]
tests/test_pipeline.py::test_coverage[39] PASSED                         [ 78%]
tests/test_pipeline.py::test_coverage[40] PASSED                         [ 78%]
tests/test_pipeline.py::test_coverage[41] PASSED                         [ 78%]
tests/test_pipeline_orchestrator.py::TestPipelineOrchestratorInit::test_orchestrator_initialization_with_config PASSED [ 78%]
tests/test_pipeline_orchestrator.py::TestPipelineOrchestratorInit::test_orchestrator_initialization_creates_output_dir PASSED [ 78%]
tests/test_pipeline_orchestrator.py::TestPipelineOrchestratorInit::test_orchestrator_initialization_invalid_config PASSED [ 78%]
tests/test_pipeline_orchestrator.py::TestPipelineOrchestratorInit::test_orchestrator_sets_default_parameters PASSED [ 78%]
tests/test_pipeline_orchestrator.py::TestPipelineExecution::test_pipeline_run_basic_execution PASSED [ 78%]
tests/test_pipeline_orchestrator.py::TestPipelineExecution::test_pipeline_run_with_stages PASSED [ 78%]
tests/test_pipeline_orchestrator.py::TestPipelineExecution::test_pipeline_handles_stage_failure PASSED [ 79%]
tests/test_pipeline_orchestrator.py::TestPipelineExecution::test_pipeline_skip_completed_stages PASSED [ 79%]
tests/test_pipeline_orchestrator.py::TestStageManagement::test_stage_registration FAILED [ 79%]
tests/test_pipeline_orchestrator.py::TestStageManagement::test_stage_execution_order FAILED [ 79%]
tests/test_pipeline_orchestrator.py::TestStageManagement::test_stage_dependency_resolution PASSED [ 79%]
tests/test_pipeline_orchestrator.py::TestStageManagement::test_stage_skip_on_error FAILED [ 79%]
tests/test_pipeline_orchestrator.py::TestProgressTracking::test_progress_callback_called PASSED [ 79%]
tests/test_pipeline_orchestrator.py::TestProgressTracking::test_progress_percentage_calculation PASSED [ 79%]
tests/test_pipeline_orchestrator.py::TestProgressTracking::test_progress_tracking_with_errors PASSED [ 79%]
tests/test_pipeline_orchestrator.py::TestErrorHandling::test_pipeline_error_propagation PASSED [ 80%]
tests/test_pipeline_orchestrator.py::TestErrorHandling::test_validation_error_handling FAILED [ 80%]
tests/test_pipeline_orchestrator.py::TestErrorHandling::test_data_processing_error_handling FAILED [ 80%]
tests/test_pipeline_orchestrator.py::TestErrorHandling::test_continue_on_error_mode FAILED [ 80%]
tests/test_pipeline_orchestrator.py::TestErrorHandling::test_error_logging PASSED [ 80%]
tests/test_pipeline_orchestrator.py::TestResourceCleanup::test_cleanup_on_success PASSED [ 80%]
tests/test_pipeline_orchestrator.py::TestResourceCleanup::test_cleanup_on_failure PASSED [ 80%]
tests/test_pipeline_orchestrator.py::TestResourceCleanup::test_temporary_files_cleaned PASSED [ 80%]
tests/test_pipeline_orchestrator.py::TestResourceCleanup::test_context_manager_cleanup PASSED [ 80%]
tests/test_pipeline_orchestrator.py::TestPipelineIntegration::test_end_to_end_pipeline_execution PASSED [ 80%]
tests/test_pipeline_orchestrator.py::TestPipelineIntegration::test_pipeline_with_multiple_inputs PASSED [ 81%]
tests/test_pipeline_stages.py::TestValidationStage::test_validate_vcf_format_valid FAILED [ 81%]
tests/test_pipeline_stages.py::TestValidationStage::test_validate_vcf_format_invalid FAILED [ 81%]
tests/test_pipeline_stages.py::TestValidationStage::test_validate_vcf_format_missing_file FAILED [ 81%]
tests/test_pipeline_stages.py::TestValidationStage::test_validate_reference_genome FAILED [ 81%]
tests/test_pipeline_stages.py::TestValidationStage::test_validate_chromosome_names FAILED [ 81%]
tests/test_pipeline_stages.py::TestValidationStage::test_validate_positions FAILED [ 81%]
tests/test_pipeline_stages.py::TestValidationStage::test_validate_alleles FAILED [ 81%]
tests/test_pipeline_stages.py::TestValidationStage::test_execute_validation_stage FAILED [ 81%]
tests/test_pipeline_stages.py::TestAnnotationStage::test_annotate_with_gnomad FAILED [ 82%]
tests/test_pipeline_stages.py::TestAnnotationStage::test_annotate_with_clinvar FAILED [ 82%]
tests/test_pipeline_stages.py::TestAnnotationStage::test_annotate_with_dbnsfp FAILED [ 82%]
tests/test_pipeline_stages.py::TestAnnotationStage::test_annotate_multiple_sources FAILED [ 82%]
tests/test_pipeline_stages.py::TestAnnotationStage::test_annotation_handles_missing_data FAILED [ 82%]
tests/test_pipeline_stages.py::TestAnnotationStage::test_batch_annotation FAILED [ 82%]
tests/test_pipeline_stages.py::TestAnnotationStage::test_execute_annotation_stage FAILED [ 82%]
tests/test_pipeline_stages.py::TestFilteringStage::test_filter_by_quality FAILED [ 82%]
tests/test_pipeline_stages.py::TestFilteringStage::test_filter_by_frequency FAILED [ 82%]
tests/test_pipeline_stages.py::TestFilteringStage::test_filter_by_region FAILED [ 83%]
tests/test_pipeline_stages.py::TestFilteringStage::test_filter_by_gene FAILED [ 83%]
tests/test_pipeline_stages.py::TestFilteringStage::test_filter_by_impact FAILED [ 83%]
tests/test_pipeline_stages.py::TestFilteringStage::test_compound_filtering FAILED [ 83%]
tests/test_pipeline_stages.py::TestFilteringStage::test_execute_filtering_stage FAILED [ 83%]
tests/test_pipeline_stages.py::TestOutputStage::test_write_vcf_output FAILED [ 83%]
tests/test_pipeline_stages.py::TestOutputStage::test_write_tsv_output FAILED [ 83%]
tests/test_pipeline_stages.py::TestOutputStage::test_write_json_output FAILED [ 83%]
tests/test_pipeline_stages.py::TestOutputStage::test_write_html_report FAILED [ 83%]
tests/test_pipeline_stages.py::TestOutputStage::test_write_summary_statistics FAILED [ 84%]
tests/test_pipeline_stages.py::TestOutputStage::test_execute_output_stage FAILED [ 84%]
tests/test_pipeline_stages.py::TestStageDataFlow::test_validation_to_annotation_flow FAILED [ 84%]
tests/test_pipeline_stages.py::TestStageDataFlow::test_annotation_to_filtering_flow FAILED [ 84%]
tests/test_pipeline_validators.py::TestValidateChromosome::test_validate_chromosome_valid_autosome PASSED [ 84%]
tests/test_pipeline_validators.py::TestValidateChromosome::test_validate_chromosome_valid_sex_chromosome PASSED [ 84%]
tests/test_pipeline_validators.py::TestValidateChromosome::test_validate_chromosome_valid_mitochondrial PASSED [ 84%]
tests/test_pipeline_validators.py::TestValidateChromosome::test_validate_chromosome_invalid PASSED [ 84%]
tests/test_pipeline_validators.py::TestValidateChromosome::test_validate_chromosome_none PASSED [ 84%]
tests/test_pipeline_validators.py::TestValidateCoordinates::test_validate_coordinates_valid PASSED [ 85%]
tests/test_pipeline_validators.py::TestValidateCoordinates::test_validate_coordinates_negative_position PASSED [ 85%]
tests/test_pipeline_validators.py::TestValidateCoordinates::test_validate_coordinates_zero_position PASSED [ 85%]
tests/test_pipeline_validators.py::TestValidateCoordinates::test_validate_coordinates_end_before_start PASSED [ 85%]
tests/test_pipeline_validators.py::TestValidateCoordinates::test_validate_coordinates_invalid_chromosome PASSED [ 85%]
tests/test_pipeline_validators.py::TestValidateCoordinates::test_validate_coordinates_large_span PASSED [ 85%]
tests/test_pipeline_validators.py::TestValidateReferenceAllele::test_validate_reference_allele_valid_single_nucleotide PASSED [ 85%]
tests/test_pipeline_validators.py::TestValidateReferenceAllele::test_validate_reference_allele_valid_sequence PASSED [ 85%]
tests/test_pipeline_validators.py::TestValidateReferenceAllele::test_validate_reference_allele_lowercase PASSED [ 85%]
tests/test_pipeline_validators.py::TestValidateReferenceAllele::test_validate_reference_allele_invalid_characters PASSED [ 85%]
tests/test_pipeline_validators.py::TestValidateReferenceAllele::test_validate_reference_allele_empty PASSED [ 86%]
tests/test_pipeline_validators.py::TestValidateReferenceAllele::test_validate_reference_allele_none PASSED [ 86%]
tests/test_pipeline_validators.py::TestValidateReferenceAllele::test_validate_reference_allele_deletion PASSED [ 86%]
tests/test_pipeline_validators.py::TestValidateAssembly::test_validate_assembly_grch37 PASSED [ 86%]
tests/test_pipeline_validators.py::TestValidateAssembly::test_validate_assembly_grch38 PASSED [ 86%]
tests/test_pipeline_validators.py::TestValidateAssembly::test_validate_assembly_case_insensitive PASSED [ 86%]
tests/test_pipeline_validators.py::TestValidateAssembly::test_validate_assembly_invalid PASSED [ 86%]
tests/test_pipeline_validators.py::TestValidateAssembly::test_validate_assembly_none PASSED [ 86%]
tests/test_pipeline_validators.py::TestValidateVariant::test_validate_variant_valid PASSED [ 86%]
tests/test_pipeline_validators.py::TestValidateVariant::test_validate_variant_invalid_chromosome FAILED [ 87%]
tests/test_pipeline_validators.py::TestValidateVariant::test_validate_variant_invalid_position FAILED [ 87%]
tests/test_pipeline_validators.py::TestValidateVariant::test_validate_variant_invalid_reference FAILED [ 87%]
tests/test_pipeline_validators.py::TestValidateVariant::test_validate_variant_invalid_assembly PASSED [ 87%]
tests/test_pipeline_validators.py::TestValidateVariant::test_validate_variant_no_raise FAILED [ 87%]
tests/test_pipeline_validators.py::TestValidateVCFFile::test_validate_vcf_file_valid PASSED [ 87%]
tests/test_pipeline_validators.py::TestValidateVCFFile::test_validate_vcf_file_gzipped PASSED [ 87%]
tests/test_pipeline_validators.py::TestValidateVCFFile::test_validate_vcf_file_nonexistent PASSED [ 87%]
tests/test_pipeline_validators.py::TestValidateVCFFile::test_validate_vcf_file_missing_header PASSED [ 87%]
tests/test_pipeline_validators.py::TestValidateVCFFile::test_validate_vcf_file_empty PASSED [ 88%]
tests/test_pipeline_validators.py::TestValidateVCFFile::test_validate_vcf_file_malformed_columns PASSED [ 88%]
tests/test_pipeline_validators.py::TestValidationEdgeCases::test_validate_coordinates_very_large_position PASSED [ 88%]
[...]
FAILED tests/test_integration_e2e.py::TestEndToEndPipeline::test_e2e_variant_matching_workflow - assert 0 == 1
 +  where 0 = len(Empty DataFrame\nColumns: []\nIndex: [])
FAILED tests/test_integration_e2e.py::TestEndToEndPipeline::test_e2e_multi_source_integration - ModuleNotFoundError: No module named 'varidex.io.loaders.vcf_loader'
FAILED tests/test_integration_e2e.py::TestPerformanceIntegration::test_large_vcf_processing - ModuleNotFoundError: No module named 'varidex.io.loaders.vcf_loader'
FAILED tests/test_integration_e2e.py::TestPerformanceIntegration::test_concurrent_matching_performance - assert 0 == (50000 // 2)
 +  where 0 = len(Empty DataFrame\nColumns: []\nIndex: [])
FAILED tests/test_integration_e2e.py::TestPerformanceIntegration::test_memory_efficient_processing - ModuleNotFoundError: No module named 'varidex.io.loaders.vcf_loader'
FAILED tests/test_integration_e2e.py::TestDataIntegrity::test_roundtrip_vcf_to_dataframe - ModuleNotFoundError: No module named 'varidex.io.loaders.vcf_loader'
FAILED tests/test_integration_e2e.py::TestDataIntegrity::test_coordinate_system_consistency - ModuleNotFoundError: No module named 'varidex.utils.coordinates'
FAILED tests/test_integration_e2e.py::TestDataIntegrity::test_allele_normalization_integrity - ImportError: cannot import name 'normalize_alleles' from 'varidex.io.normalization' (/media/michal/647A504F7A50205A/GENOME/Michal/VariDex10/VariDex/varidex/io/normalization.py)
FAILED tests/test_integration_e2e.py::TestErrorRecovery::test_pipeline_handles_malformed_input - ModuleNotFoundError: No module named 'varidex.io.loaders.vcf_loader'
FAILED tests/test_integration_e2e.py::TestErrorRecovery::test_pipeline_handles_missing_files - ModuleNotFoundError: No module named 'varidex.io.loaders.vcf_loader'
FAILED tests/test_integration_e2e.py::TestConfigurationIntegration::test_config_affects_pipeline_behavior - AssertionError: assert '/tmp/pytest-of-michal/pytest-44/test_config_affects_pipeline_b0' == PosixPath('/tmp/pytest-of-michal/pytest-44/test_config_affects_pipeline_b0')
 +  where '/tmp/pytest-of-michal/pytest-44/test_config_affects_pipeline_b0' = VariDexConfig(reference_genome='GRCh38', min_quality_score=20.0, min_read_depth=10, max_missing_rate=0.1, population_af_threshold=0.01, rare_variant_threshold=0.001, thread_count=4, chunk_size=1000, enable_caching=True, clinvar_path='', gnomad_path='', dbnsfp_path='', output_format='json', output_directory='/tmp/pytest-of-michal/pytest-44/test_config_affects_pipeline_b0', include_annotations=True, acmg_strict_mode=False, require_population_data=False, log_level='INFO', debug_mode=False).output_dir
FAILED tests/test_integration_e2e.py::TestConfigurationIntegration::test_config_persistence - AssertionError: assert '/tmp/pytest-of-michal/pytest-44/test_config_persistence0' == PosixPath('/tmp/pytest-of-michal/pytest-44/test_config_persistence0')
 +  where '/tmp/pytest-of-michal/pytest-44/test_config_persistence0' = VariDexConfig(reference_genome='GRCh38', min_quality_score=20.0, min_read_depth=10, max_missing_rate=0.1, population_af_threshold=0.01, rare_variant_threshold=0.001, thread_count=4, chunk_size=1000, enable_caching=True, clinvar_path='', gnomad_path='', dbnsfp_path='', output_format='json', output_directory='/tmp/pytest-of-michal/pytest-44/test_config_persistence0', include_annotations=True, acmg_strict_mode=False, require_population_data=False, log_level='INFO', debug_mode=False).output_dir
FAILED tests/test_io_matching.py::TestMatchByCoordinates::test_match_by_coordinates_exact - assert 0 == 2
 +  where 0 = len(Empty DataFrame\nColumns: []\nIndex: [])
FAILED tests/test_io_matching.py::TestMatchByCoordinates::test_match_by_coordinates_partial_overlap - assert 0 == 2
 +  where 0 = len(Empty DataFrame\nColumns: []\nIndex: [])
FAILED tests/test_io_matching.py::TestMatchByCoordinates::test_match_by_coordinates_allow_mismatch - TypeError: match_by_coordinates() got an unexpected keyword argument 'match_alleles'
FAILED tests/test_io_matching.py::TestMatchByVariantID::test_match_by_variant_id_rsid - NameError: name 'MatchingError' is not defined
FAILED tests/test_io_matching.py::TestMatchByVariantID::test_match_by_variant_id_no_matches - NameError: name 'MatchingError' is not defined
FAILED tests/test_io_matching.py::TestFindExactMatches::test_find_exact_matches_basic - AttributeError: 'list' object has no attribute 'merge'
FAILED tests/test_io_matching.py::TestFindExactMatches::test_find_exact_matches_none - AttributeError: 'list' object has no attribute 'merge'
FAILED tests/test_io_matching.py::TestFindExactMatches::test_find_exact_matches_assembly_mismatch - AttributeError: 'list' object has no attribute 'merge'
FAILED tests/test_io_matching.py::TestFindFuzzyMatches::test_find_fuzzy_matches_nearby_position - TypeError: find_fuzzy_matches() got an unexpected keyword argument 'position_tolerance'
FAILED tests/test_io_matching.py::TestFindFuzzyMatches::test_find_fuzzy_matches_different_alleles - TypeError: find_fuzzy_matches() got an unexpected keyword argument 'allow_allele_mismatch'
FAILED tests/test_io_matching.py::TestFindFuzzyMatches::test_find_fuzzy_matches_strict_alleles - TypeError: find_fuzzy_matches() got an unexpected keyword argument 'position_tolerance'
FAILED tests/test_io_matching.py::TestMatchVariants::test_match_variants_exact_mode - TypeError: match_variants() got an unexpected keyword argument 'mode'
FAILED tests/test_io_matching.py::TestMatchVariants::test_match_variants_fuzzy_mode - TypeError: match_variants() got an unexpected keyword argument 'mode'
FAILED tests/test_io_matching.py::TestMatchVariants::test_match_variants_invalid_mode - TypeError: match_variants() got an unexpected keyword argument 'mode'
FAILED tests/test_io_matching.py::TestMatchVariants::test_match_variants_empty_query - NameError: name 'MatchingError' is not defined
FAILED tests/test_io_matching.py::TestMatchVariants::test_match_variants_empty_reference - NameError: name 'MatchingError' is not defined
FAILED tests/test_io_matching.py::TestMatchingPerformance::test_match_large_dataset - assert 0 == (10000 // 2)
 +  where 0 = len(Empty DataFrame\nColumns: []\nIndex: [])
FAILED tests/test_io_matching.py::TestMatchingPerformance::test_match_variants_deduplication - assert 0 >= 1
 +  where 0 = len(Empty DataFrame\nColumns: []\nIndex: [])
FAILED tests/test_performance_benchmarks.py::TestMemoryUsage::test_memory_usage_within_limits - TypeError: '>' not supported between instances of 'str' and 'int'
FAILED tests/test_performance_benchmarks.py::TestResourceOptimization::test_batch_processing_efficiency - varidex.exceptions.ValidationError: Invalid variant data: Invalid chromosome '10000'. Must be 1-22, X, Y, M, or MT (with optional 'chr' prefix)
FAILED tests/test_pipeline_orchestrator.py::TestStageManagement::test_stage_registration - AssertionError: assert (False or False)
 +  where False = hasattr(<varidex.pipeline.orchestrator.PipelineOrchestrator object at 0x70ef3efaccd0>, '_stages')
 +  and   False = hasattr(<varidex.pipeline.orchestrator.PipelineOrchestrator object at 0x70ef3efaccd0>, 'stages')
FAILED tests/test_pipeline_orchestrator.py::TestStageManagement::test_stage_execution_order - varidex.exceptions.PipelineError: TestStageManagement.test_stage_execution_order.<locals>.<lambda>() takes 0 positional arguments but 1 was given
FAILED tests/test_pipeline_orchestrator.py::TestStageManagement::test_stage_skip_on_error - varidex.exceptions.PipelineError: Stage 1 failed
FAILED tests/test_pipeline_orchestrator.py::TestErrorHandling::test_validation_error_handling - varidex.exceptions.PipelineError: Invalid input
FAILED tests/test_pipeline_orchestrator.py::TestErrorHandling::test_data_processing_error_handling - varidex.exceptions.PipelineError: Processing failed
FAILED tests/test_pipeline_orchestrator.py::TestErrorHandling::test_continue_on_error_mode - varidex.exceptions.PipelineError: Non-critical error
FAILED tests/test_pipeline_stages.py::TestValidationStage::test_validate_vcf_format_valid - AttributeError: 'ValidationStage' object has no attribute 'validate_vcf_format'
FAILED tests/test_pipeline_stages.py::TestValidationStage::test_validate_vcf_format_invalid - AttributeError: 'ValidationStage' object has no attribute 'validate_vcf_format'
FAILED tests/test_pipeline_stages.py::TestValidationStage::test_validate_vcf_format_missing_file - AttributeError: 'ValidationStage' object has no attribute 'validate_vcf_format'
FAILED tests/test_pipeline_stages.py::TestValidationStage::test_validate_reference_genome - AttributeError: 'ValidationStage' object has no attribute 'validate_reference_genome'
FAILED tests/test_pipeline_stages.py::TestValidationStage::test_validate_chromosome_names - AttributeError: 'ValidationStage' object has no attribute 'validate_chromosome'
FAILED tests/test_pipeline_stages.py::TestValidationStage::test_validate_positions - AttributeError: 'ValidationStage' object has no attribute 'validate_position'
FAILED tests/test_pipeline_stages.py::TestValidationStage::test_validate_alleles - AttributeError: 'ValidationStage' object has no attribute 'validate_alleles'
FAILED tests/test_pipeline_stages.py::TestValidationStage::test_execute_validation_stage - AttributeError: 'ValidationStage' object has no attribute 'config'
FAILED tests/test_pipeline_stages.py::TestAnnotationStage::test_annotate_with_gnomad - AttributeError: <varidex.pipeline.stages.AnnotationStage object at 0x70ef3bb2ef90> does not have the attribute '_fetch_gnomad_data'
FAILED tests/test_pipeline_stages.py::TestAnnotationStage::test_annotate_with_clinvar - AttributeError: <varidex.pipeline.stages.AnnotationStage object at 0x70ef3bb62490> does not have the attribute '_fetch_clinvar_data'
FAILED tests/test_pipeline_stages.py::TestAnnotationStage::test_annotate_with_dbnsfp - AttributeError: <varidex.pipeline.stages.AnnotationStage object at 0x70ef3bb61bd0> does not have the attribute '_fetch_dbnsfp_data'
FAILED tests/test_pipeline_stages.py::TestAnnotationStage::test_annotate_multiple_sources - AttributeError: <varidex.pipeline.stages.AnnotationStage object at 0x70ef3b70ec40> does not have the attribute '_fetch_gnomad_data'
FAILED tests/test_pipeline_stages.py::TestAnnotationStage::test_annotation_handles_missing_data - AttributeError: <varidex.pipeline.stages.AnnotationStage object at 0x70ef3b70f230> does not have the attribute '_fetch_gnomad_data'
FAILED tests/test_pipeline_stages.py::TestAnnotationStage::test_batch_annotation - AttributeError: <varidex.pipeline.stages.AnnotationStage object at 0x70ef3bf520f0> does not have the attribute 'annotate_variant'
FAILED tests/test_pipeline_stages.py::TestAnnotationStage::test_execute_annotation_stage - AttributeError: <varidex.pipeline.stages.AnnotationStage object at 0x70ef3b76f570> does not have the attribute '_load_variants'
FAILED tests/test_pipeline_stages.py::TestFilteringStage::test_filter_by_quality - AttributeError: 'FilteringStage' object has no attribute 'filter_by_quality'
FAILED tests/test_pipeline_stages.py::TestFilteringStage::test_filter_by_frequency - AttributeError: 'FilteringStage' object has no attribute 'filter_by_frequency'
FAILED tests/test_pipeline_stages.py::TestFilteringStage::test_filter_by_region - AttributeError: 'FilteringStage' object has no attribute 'filter_by_region'
FAILED tests/test_pipeline_stages.py::TestFilteringStage::test_filter_by_gene - AttributeError: 'VariantData' object has no attribute 'annotations'
FAILED tests/test_pipeline_stages.py::TestFilteringStage::test_filter_by_impact - AttributeError: 'VariantData' object has no attribute 'annotations'
FAILED tests/test_pipeline_stages.py::TestFilteringStage::test_compound_filtering - AttributeError: 'FilteringStage' object has no attribute 'apply_filters'
FAILED tests/test_pipeline_stages.py::TestFilteringStage::test_execute_filtering_stage - AttributeError: <varidex.pipeline.stages.FilteringStage object at 0x70ef3bb63750> does not have the attribute '_load_variants'
FAILED tests/test_pipeline_stages.py::TestOutputStage::test_write_vcf_output - AttributeError: 'OutputStage' object has no attribute 'write_vcf'
FAILED tests/test_pipeline_stages.py::TestOutputStage::test_write_tsv_output - AttributeError: 'OutputStage' object has no attribute 'write_tsv'
FAILED tests/test_pipeline_stages.py::TestOutputStage::test_write_json_output - AttributeError: 'OutputStage' object has no attribute 'write_json'
FAILED tests/test_pipeline_stages.py::TestOutputStage::test_write_html_report - AttributeError: 'OutputStage' object has no attribute 'write_html_report'
FAILED tests/test_pipeline_stages.py::TestOutputStage::test_write_summary_statistics - AttributeError: 'OutputStage' object has no attribute 'write_summary'
FAILED tests/test_pipeline_stages.py::TestOutputStage::test_execute_output_stage - AttributeError: <varidex.pipeline.stages.OutputStage object at 0x70ef3bb63890> does not have the attribute '_load_variants'
FAILED tests/test_pipeline_stages.py::TestStageDataFlow::test_validation_to_annotation_flow - varidex.exceptions.ValidationError: Invalid variant data: Invalid chromosome '12345'. Must be 1-22, X, Y, M, or MT (with optional 'chr' prefix)
FAILED tests/test_pipeline_stages.py::TestStageDataFlow::test_annotation_to_filtering_flow - varidex.exceptions.ValidationError: Invalid variant data: Invalid chromosome '12345'. Must be 1-22, X, Y, M, or MT (with optional 'chr' prefix)
FAILED tests/test_pipeline_validators.py::TestValidateVariant::test_validate_variant_invalid_chromosome - varidex.exceptions.ValidationError: Invalid variant data: Invalid chromosome 'chr99'. Must be 1-22, X, Y, M, or MT (with optional 'chr' prefix)
FAILED tests/test_pipeline_validators.py::TestValidateVariant::test_validate_variant_invalid_position - varidex.exceptions.ValidationError: Invalid variant data: Position must be positive, got -100
FAILED tests/test_pipeline_validators.py::TestValidateVariant::test_validate_variant_invalid_reference - varidex.exceptions.ValidationError: Invalid variant data: Invalid reference allele 'X'. Must contain only nucleotides A, C, G, T, or N
FAILED tests/test_pipeline_validators.py::TestValidateVariant::test_validate_variant_no_raise - varidex.exceptions.ValidationError: Invalid variant data: Invalid chromosome 'chr99'. Must be 1-22, X, Y, M, or MT (with optional 'chr' prefix)
FAILED tests/test_pipeline_validators.py::TestValidationEdgeCases::test_validate_variant_missing_fields - varidex.exceptions.ValidationError: Invalid variant data: Reference allele cannot be empty
FAILED tests/test_pipeline_validators.py::TestValidationPerformance::test_validate_mixed_validity - varidex.exceptions.ValidationError: Invalid variant data: Invalid chromosome 'chr99'. Must be 1-22, X, Y, M, or MT (with optional 'chr' prefix)
FAILED tests/test_reports_generator.py::TestReportGenerator::test_generate_html_report - AttributeError: 'ReportGenerator' object has no attribute 'generate_html_report'. Did you mean: 'generate_reports'?
FAILED tests/test_reports_generator.py::TestReportGenerator::test_generate_summary_statistics - AttributeError: 'ReportGenerator' object has no attribute 'generate_summary'
FAILED tests/test_reports_generator.py::TestReportGenerator::test_generate_json_report - AttributeError: 'ReportGenerator' object has no attribute 'generate_json_report'. Did you mean: 'generate_reports'?
FAILED tests/test_reports_generator.py::TestReportGenerator::test_generate_tsv_report - AttributeError: 'ReportGenerator' object has no attribute 'generate_tsv_report'. Did you mean: 'generate_reports'?
FAILED tests/test_reports_generator.py::TestReportGenerator::test_generate_with_empty_data - AttributeError: 'ReportGenerator' object has no attribute 'generate_html_report'. Did you mean: 'generate_reports'?
FAILED tests/test_reports_generator.py::TestReportGenerator::test_generate_with_invalid_output_path - AttributeError: 'ReportGenerator' object has no attribute 'generate_html_report'. Did you mean: 'generate_reports'?
FAILED tests/test_reports_generator.py::TestHTMLFormatter::test_format_variant_table - AttributeError: 'HTMLFormatter' object has no attribute 'format_variant_table'
FAILED tests/test_reports_generator.py::TestHTMLFormatter::test_format_summary_section - AttributeError: 'HTMLFormatter' object has no attribute 'format_summary'
FAILED tests/test_reports_generator.py::TestHTMLFormatter::test_format_complete_report - AttributeError: 'HTMLFormatter' object has no attribute 'format_report'
FAILED tests/test_reports_generator.py::TestHTMLFormatter::test_format_with_custom_template - AttributeError: 'HTMLFormatter' object has no attribute 'format_with_template'
FAILED tests/test_reports_generator.py::TestHTMLFormatter::test_escape_html_characters - AttributeError: 'HTMLFormatter' object has no attribute 'escape'
FAILED tests/test_reports_generator.py::TestHTMLFormatter::test_format_with_missing_data - AttributeError: 'HTMLFormatter' object has no attribute 'format_report'
FAILED tests/test_reports_generator.py::TestJSONFormatter::test_format_variants_to_json - TypeError: string indices must be integers, not 'str'
FAILED tests/test_reports_generator.py::TestJSONFormatter::test_format_with_pretty_print - TypeError: JSONFormatter.format() got an unexpected keyword argument 'indent'
FAILED tests/test_reports_generator.py::TestJSONFormatter::test_format_nested_annotations - AssertionError: assert 'annotations' in 'Variant( in :  ->  [No evidence])'
FAILED tests/test_reports_generator.py::TestTSVFormatter::test_format_variants_to_tsv - AssertionError: assert '\t' in ''
FAILED tests/test_reports_generator.py::TestTSVFormatter::test_tsv_header_row - AssertionError: assert ('chromosome' in '' or 'chrom' in '')
 +  where '' = <built-in method lower of str object at 0xa59de8>()
 +    where <built-in method lower of str object at 0xa59de8> = ''.lower
 +  and   '' = <built-in method lower of str object at 0xa59de8>()
 +    where <built-in method lower of str object at 0xa59de8> = ''.lower
FAILED tests/test_reports_generator.py::TestTSVFormatter::test_tsv_data_rows - AssertionError: assert 1 >= 3
 +  where 1 = len([''])
FAILED tests/test_reports_generator.py::TestTSVFormatter::test_tsv_with_missing_annotations - AssertionError: assert 'chr1' in ''
FAILED tests/test_reports_generator.py::TestReportStatistics::test_statistics_with_empty_list - AttributeError: 'ReportGenerator' object has no attribute 'generate_summary'
FAILED tests/test_utils_helpers.py::TestDataValidatorDataFrame::test_validate_dataframe_non_dataframe - AssertionError: assert True is False
 +  where True = <function DataValidator.validate_dataframe at 0x70ef3ec41e40>('not a dataframe')
 +    where <function DataValidator.validate_dataframe at 0x70ef3ec41e40> = DataValidator.validate_dataframe
FAILED tests/test_utils_helpers.py::TestParseVariantKey::test_parse_variant_key_none - Failed: DID NOT RAISE any of (<class 'TypeError'>, <class 'AttributeError'>)
ERROR tests/test_reports_generator.py::TestReportStatistics::test_count_by_chromosome - varidex.exceptions.ValidationError: Invalid variant data: Invalid chromosome '12345'. Must be 1-22, X, Y, M, or MT (with optional 'chr' prefix)
ERROR tests/test_reports_generator.py::TestReportStatistics::test_count_by_impact - varidex.exceptions.ValidationError: Invalid variant data: Invalid chromosome '12345'. Must be 1-22, X, Y, M, or MT (with optional 'chr' prefix)
ERROR tests/test_reports_generator.py::TestReportStatistics::test_count_by_gene - varidex.exceptions.ValidationError: Invalid variant data: Invalid chromosome '12345'. Must be 1-22, X, Y, M, or MT (with optional 'chr' prefix)
ERROR tests/test_reports_generator.py::TestReportStatistics::test_total_variant_count - varidex.exceptions.ValidationError: Invalid variant data: Invalid chromosome '12345'. Must be 1-22, X, Y, M, or MT (with optional 'chr' prefix)
====== 164 failed, 739 passed, 14 skipped, 2 warnings, 4 errors in 4.75s =======
