============================= test session starts ==============================
platform linux -- Python 3.13.7, pytest-9.0.2, pluggy-1.6.0 -- /media/michal/647A504F7A50205A/GENOME/Michal/VariDex10/VariDex/venv/bin/python3
cachedir: .pytest_cache
hypothesis profile 'default'
rootdir: /media/michal/647A504F7A50205A/GENOME/Michal/VariDex10/VariDex
configfile: pytest.ini (WARNING: ignoring pytest config in pyproject.toml!)
testpaths: tests
plugins: cov-7.0.0, typeguard-4.4.4, hypothesis-6.151.3
collecting ... collected 921 items

tests/annotation/test_annotator.py::test_annotation_pipeline PASSED      [  0%]
tests/annotation/test_annotator.py::test_coverage[0] PASSED              [  0%]
tests/annotation/test_annotator.py::test_coverage[1] PASSED              [  0%]
tests/annotation/test_annotator.py::test_coverage[2] PASSED              [  0%]
tests/annotation/test_annotator.py::test_coverage[3] PASSED              [  0%]
tests/annotation/test_annotator.py::test_coverage[4] PASSED              [  0%]
tests/annotation/test_annotator.py::test_coverage[5] PASSED              [  0%]
tests/annotation/test_annotator.py::test_coverage[6] PASSED              [  0%]
tests/annotation/test_annotator.py::test_coverage[7] PASSED              [  0%]
tests/annotation/test_annotator.py::test_coverage[8] PASSED              [  1%]
tests/annotation/test_annotator.py::test_coverage[9] PASSED              [  1%]
tests/annotation/test_annotator.py::test_coverage[10] PASSED             [  1%]
tests/annotation/test_annotator.py::test_coverage[11] PASSED             [  1%]
tests/annotation/test_annotator.py::test_coverage[12] PASSED             [  1%]
tests/annotation/test_annotator.py::test_coverage[13] PASSED             [  1%]
tests/annotation/test_annotator.py::test_coverage[14] PASSED             [  1%]
tests/annotation/test_annotator.py::test_coverage[15] PASSED             [  1%]
tests/annotation/test_annotator.py::test_coverage[16] PASSED             [  1%]
tests/annotation/test_annotator.py::test_coverage[17] PASSED             [  2%]
tests/annotation/test_annotator.py::test_coverage[18] PASSED             [  2%]
tests/annotation/test_annotator.py::test_coverage[19] PASSED             [  2%]
tests/annotation/test_annotator.py::test_coverage[20] PASSED             [  2%]
tests/annotation/test_annotator.py::test_coverage[21] PASSED             [  2%]
tests/annotation/test_annotator.py::test_coverage[22] PASSED             [  2%]
tests/annotation/test_annotator.py::test_coverage[23] PASSED             [  2%]
tests/annotation/test_annotator.py::test_coverage[24] PASSED             [  2%]
tests/annotation/test_annotator.py::test_coverage[25] PASSED             [  2%]
tests/annotation/test_annotator.py::test_coverage[26] PASSED             [  3%]
tests/annotation/test_annotator.py::test_coverage[27] PASSED             [  3%]
tests/annotation/test_annotator.py::test_coverage[28] PASSED             [  3%]
tests/annotation/test_annotator.py::test_coverage[29] PASSED             [  3%]
tests/annotation/test_annotator.py::test_coverage[30] PASSED             [  3%]
tests/annotation/test_annotator.py::test_coverage[31] PASSED             [  3%]
tests/annotation/test_annotator.py::test_coverage[32] PASSED             [  3%]
tests/annotation/test_annotator.py::test_coverage[33] PASSED             [  3%]
tests/annotation/test_annotator.py::test_coverage[34] PASSED             [  3%]
tests/annotation/test_annotator.py::test_coverage[35] PASSED             [  4%]
tests/annotation/test_annotator.py::test_coverage[36] PASSED             [  4%]
tests/annotation/test_annotator.py::test_coverage[37] PASSED             [  4%]
tests/annotation/test_annotator.py::test_coverage[38] PASSED             [  4%]
tests/annotation/test_annotator.py::test_coverage[39] PASSED             [  4%]
tests/annotation/test_annotator.py::test_coverage[40] PASSED             [  4%]
tests/annotation/test_annotator.py::test_coverage[41] PASSED             [  4%]
tests/annotation/test_annotator.py::test_coverage[42] PASSED             [  4%]
tests/annotation/test_annotator.py::test_coverage[43] PASSED             [  4%]
tests/annotation/test_annotator.py::test_coverage[44] PASSED             [  4%]
tests/annotation/test_annotator.py::test_coverage[45] PASSED             [  5%]
tests/annotation/test_annotator.py::test_coverage[46] PASSED             [  5%]
tests/annotation/test_annotator.py::test_coverage[47] PASSED             [  5%]
tests/annotation/test_annotator.py::test_coverage[48] PASSED             [  5%]
tests/annotation/test_annotator.py::test_coverage[49] PASSED             [  5%]
tests/annotation/test_annotator.py::test_coverage[50] PASSED             [  5%]
tests/annotation/test_annotator.py::test_coverage[51] PASSED             [  5%]
tests/annotation/test_annotator.py::test_coverage[52] PASSED             [  5%]
tests/annotation/test_annotator.py::test_coverage[53] PASSED             [  5%]
tests/annotation/test_annotator.py::test_coverage[54] PASSED             [  6%]
tests/annotation/test_annotator.py::test_coverage[55] PASSED             [  6%]
tests/annotation/test_annotator.py::test_coverage[56] PASSED             [  6%]
tests/annotation/test_annotator.py::test_coverage[57] PASSED             [  6%]
tests/annotation/test_annotator.py::test_coverage[58] PASSED             [  6%]
tests/annotation/test_annotator.py::test_coverage[59] PASSED             [  6%]
tests/annotation/test_annotator.py::test_coverage[60] PASSED             [  6%]
tests/annotation/test_annotator.py::test_coverage[61] PASSED             [  6%]
tests/annotation/test_annotator.py::test_coverage[62] PASSED             [  6%]
tests/annotation/test_annotator.py::test_coverage[63] PASSED             [  7%]
tests/annotation/test_annotator.py::test_coverage[64] PASSED             [  7%]
tests/annotation/test_annotator.py::test_coverage[65] PASSED             [  7%]
tests/annotation/test_annotator.py::test_coverage[66] PASSED             [  7%]
tests/annotation/test_annotator.py::test_coverage[67] PASSED             [  7%]
tests/annotation/test_annotator.py::test_coverage[68] PASSED             [  7%]
tests/annotation/test_annotator.py::test_coverage[69] PASSED             [  7%]
tests/annotation/test_annotator.py::test_coverage[70] PASSED             [  7%]
tests/annotation/test_annotator.py::test_coverage[71] PASSED             [  7%]
tests/annotation/test_annotator.py::test_coverage[72] PASSED             [  8%]
tests/annotation/test_annotator.py::test_coverage[73] PASSED             [  8%]
tests/annotation/test_annotator.py::test_coverage[74] PASSED             [  8%]
tests/annotation/test_annotator.py::test_coverage[75] PASSED             [  8%]
tests/annotation/test_annotator.py::test_coverage[76] PASSED             [  8%]
tests/annotation/test_annotator.py::test_coverage[77] PASSED             [  8%]
tests/annotation/test_annotator.py::test_coverage[78] PASSED             [  8%]
tests/annotation/test_annotator.py::test_coverage[79] PASSED             [  8%]
tests/annotation/test_annotator.py::test_coverage[80] PASSED             [  8%]
tests/annotation/test_annotator.py::test_coverage[81] PASSED             [  9%]
tests/annotation/test_annotator.py::test_coverage[82] PASSED             [  9%]
tests/annotation/test_annotator.py::test_coverage[83] PASSED             [  9%]
tests/annotation/test_annotator.py::test_coverage[84] PASSED             [  9%]
tests/annotation/test_annotator.py::test_coverage[85] PASSED             [  9%]
tests/annotation/test_annotator.py::test_coverage[86] PASSED             [  9%]
tests/annotation/test_annotator.py::test_coverage[87] PASSED             [  9%]
tests/annotation/test_annotator.py::test_coverage[88] PASSED             [  9%]
tests/annotation/test_annotator.py::test_coverage[89] PASSED             [  9%]
tests/annotation/test_annotator.py::test_coverage[90] PASSED             [  9%]
tests/annotation/test_annotator.py::test_coverage[91] PASSED             [ 10%]
tests/annotation/test_annotator.py::test_coverage[92] PASSED             [ 10%]
tests/annotation/test_annotator.py::test_coverage[93] PASSED             [ 10%]
tests/annotation/test_annotator.py::test_coverage[94] PASSED             [ 10%]
tests/annotation/test_annotator.py::test_coverage[95] PASSED             [ 10%]
tests/annotation/test_annotator.py::test_coverage[96] PASSED             [ 10%]
tests/annotation/test_annotator.py::test_coverage[97] PASSED             [ 10%]
tests/annotation/test_annotator.py::test_coverage[98] PASSED             [ 10%]
tests/annotation/test_annotator.py::test_coverage[99] PASSED             [ 10%]
tests/annotation/test_annotator.py::test_coverage[100] PASSED            [ 11%]
tests/annotation/test_annotator.py::test_coverage[101] PASSED            [ 11%]
tests/annotation/test_annotator.py::test_coverage[102] PASSED            [ 11%]
tests/annotation/test_annotator.py::test_coverage[103] PASSED            [ 11%]
tests/annotation/test_annotator.py::test_coverage[104] PASSED            [ 11%]
tests/annotation/test_annotator.py::test_coverage[105] PASSED            [ 11%]
tests/annotation/test_annotator.py::test_coverage[106] PASSED            [ 11%]
tests/annotation/test_annotator.py::test_coverage[107] PASSED            [ 11%]
tests/annotation/test_annotator.py::test_coverage[108] PASSED            [ 11%]
tests/annotation/test_annotator.py::test_coverage[109] PASSED            [ 12%]
tests/annotation/test_annotator.py::test_coverage[110] PASSED            [ 12%]
tests/annotation/test_annotator.py::test_coverage[111] PASSED            [ 12%]
tests/annotation/test_annotator.py::test_coverage[112] PASSED            [ 12%]
tests/annotation/test_annotator.py::test_coverage[113] PASSED            [ 12%]
tests/annotation/test_annotator.py::test_coverage[114] PASSED            [ 12%]
tests/annotation/test_annotator.py::test_coverage[115] PASSED            [ 12%]
tests/annotation/test_annotator.py::test_coverage[116] PASSED            [ 12%]
tests/annotation/test_annotator.py::test_coverage[117] PASSED            [ 12%]
tests/annotation/test_annotator.py::test_coverage[118] PASSED            [ 13%]
tests/reporting/test_cli.py::TestReportingCLI::test_generate_help PASSED [ 13%]
tests/reporting/test_cli.py::TestReportingCLI::test_single_format[--html] FAILED [ 13%]
tests/reporting/test_cli.py::TestReportingCLI::test_single_format[--tsv] FAILED [ 13%]
tests/reporting/test_cli.py::TestReportingCLI::test_single_format[--json] FAILED [ 13%]
tests/reporting/test_cli.py::TestReportingCLI::test_single_format[--qc] FAILED [ 13%]
tests/reporting/test_cli.py::TestReportingCLI::test_multiple_formats PASSED [ 13%]
tests/reporting/test_cli.py::TestReportingCLI::test_no_formats PASSED    [ 13%]
tests/reporting/test_core.py::TestReportGenerator::test_html_generation PASSED [ 13%]
tests/reporting/test_core.py::TestReportGenerator::test_tsv_export PASSED [ 14%]
tests/reporting/test_core.py::TestReportGenerator::test_json_export PASSED [ 14%]
tests/reporting/test_core.py::TestReportGenerator::test_csv_export PASSED [ 14%]
tests/reporting/test_core.py::TestReportGenerator::test_all_formats[report.html] PASSED [ 14%]
tests/reporting/test_core.py::TestReportGenerator::test_all_formats[variants.tsv] PASSED [ 14%]
tests/reporting/test_core.py::TestReportGenerator::test_all_formats[data.json] PASSED [ 14%]
tests/reporting/test_core.py::TestReportGenerator::test_all_formats[export.csv] PASSED [ 14%]
tests/reporting/test_core.py::TestReportGenerator::test_empty_variants PASSED [ 14%]
tests/reporting/test_core.py::TestQCDashboard::test_metrics_calculation PASSED [ 14%]
tests/reporting/test_core.py::TestQCDashboard::test_empty_variants_metrics PASSED [ 14%]
tests/reporting/test_integration.py::TestReportingIntegration::test_full_pipeline_html PASSED [ 15%]
tests/reporting/test_integration.py::TestReportingIntegration::test_batch_export_all_formats PASSED [ 15%]
tests/reporting/test_integration.py::TestReportingIntegration::test_varying_variant_counts[0] PASSED [ 15%]
tests/reporting/test_integration.py::TestReportingIntegration::test_varying_variant_counts[1] PASSED [ 15%]
tests/reporting/test_integration.py::TestReportingIntegration::test_varying_variant_counts[100] PASSED [ 15%]
tests/test_acmg_classification.py::TestACMGCriteriaBasics::test_acmg_criteria_initialization PASSED [ 15%]
tests/test_acmg_classification.py::TestACMGCriteriaBasics::test_acmg_criteria_defaults PASSED [ 15%]
tests/test_acmg_classification.py::TestACMGCriteriaBasics::test_pathogenicity_class_enum PASSED [ 15%]
tests/test_acmg_classification.py::TestACMGPathogenicClassification::test_pathogenic_pvs1_ps1 PASSED [ 15%]
tests/test_acmg_classification.py::TestACMGPathogenicClassification::test_pathogenic_two_strong PASSED [ 16%]
tests/test_acmg_classification.py::TestACMGPathogenicClassification::test_pathogenic_one_strong_multiple_moderate PASSED [ 16%]
tests/test_acmg_classification.py::TestACMGPathogenicClassification::test_pathogenic_one_strong_two_moderate_two_supporting PASSED [ 16%]
tests/test_acmg_classification.py::TestACMGLikelyPathogenicClassification::test_likely_pathogenic_pvs1_moderate PASSED [ 16%]
tests/test_acmg_classification.py::TestACMGLikelyPathogenicClassification::test_likely_pathogenic_strong_moderate PASSED [ 16%]
tests/test_acmg_classification.py::TestACMGLikelyPathogenicClassification::test_likely_pathogenic_strong_supporting PASSED [ 16%]
tests/test_acmg_classification.py::TestACMGLikelyPathogenicClassification::test_likely_pathogenic_three_moderate PASSED [ 16%]
tests/test_acmg_classification.py::TestACMGLikelyPathogenicClassification::test_likely_pathogenic_two_moderate_two_supporting PASSED [ 16%]
tests/test_acmg_classification.py::TestACMGBenignClassification::test_benign_ba1_alone PASSED [ 16%]
tests/test_acmg_classification.py::TestACMGBenignClassification::test_benign_two_strong PASSED [ 17%]
tests/test_acmg_classification.py::TestACMGLikelyBenignClassification::test_likely_benign_one_strong_one_supporting PASSED [ 17%]
tests/test_acmg_classification.py::TestACMGLikelyBenignClassification::test_likely_benign_two_supporting PASSED [ 17%]
tests/test_acmg_classification.py::TestACMGUncertainSignificance::test_uncertain_no_criteria PASSED [ 17%]
tests/test_acmg_classification.py::TestACMGUncertainSignificance::test_uncertain_insufficient_evidence PASSED [ 17%]
tests/test_acmg_classification.py::TestACMGUncertainSignificance::test_uncertain_conflicting_evidence PASSED [ 17%]
tests/test_acmg_classification.py::TestACMGEdgeCases::test_all_pathogenic_criteria PASSED [ 17%]
tests/test_acmg_classification.py::TestACMGEdgeCases::test_all_benign_criteria PASSED [ 17%]
tests/test_acmg_classification.py::TestACMGEdgeCases::test_exactly_threshold_pathogenic PASSED [ 17%]
tests/test_acmg_classification.py::TestACMGEdgeCases::test_just_below_threshold PASSED [ 18%]
tests/test_acmg_classification.py::TestACMGCriteriaWeights::test_calculate_pathogenic_weight PASSED [ 18%]
tests/test_acmg_classification.py::TestACMGCriteriaWeights::test_calculate_benign_weight PASSED [ 18%]
tests/test_acmg_classification.py::TestACMGCriteriaWeights::test_zero_weight PASSED [ 18%]
tests/test_acmg_classification.py::TestACMGVariantIntegration::test_variant_with_acmg_classification PASSED [ 18%]
tests/test_acmg_classification.py::TestACMGVariantIntegration::test_variant_acmg_classification_result PASSED [ 18%]
tests/test_cli_interface.py::TestCLIArguments::test_cli_help_flag FAILED [ 18%]
tests/test_cli_interface.py::TestCLIArguments::test_cli_version_flag FAILED [ 18%]
tests/test_cli_interface.py::TestCLIArguments::test_cli_required_args FAILED [ 18%]
tests/test_cli_interface.py::TestCLIArguments::test_cli_input_file_arg PASSED [ 19%]
tests/test_cli_interface.py::TestCLIArguments::test_cli_output_file_arg PASSED [ 19%]
tests/test_cli_interface.py::TestCLIArguments::test_cli_config_file_arg PASSED [ 19%]
tests/test_cli_interface.py::TestCLIFileValidation::test_cli_nonexistent_input_file PASSED [ 19%]
tests/test_cli_interface.py::TestCLIFileValidation::test_cli_input_file_permissions FAILED [ 19%]
tests/test_cli_interface.py::TestCLIFileValidation::test_cli_invalid_file_format PASSED [ 19%]
tests/test_cli_interface.py::TestCLIFileValidation::test_cli_output_directory_creation PASSED [ 19%]
tests/test_cli_interface.py::TestCLIExecution::test_cli_successful_run PASSED [ 19%]
tests/test_cli_interface.py::TestCLIExecution::test_cli_verbose_mode FAILED [ 19%]
tests/test_cli_interface.py::TestCLIExecution::test_cli_quiet_mode PASSED [ 19%]
tests/test_cli_interface.py::TestCLIExecution::test_cli_dry_run_mode PASSED [ 20%]
tests/test_cli_interface.py::TestCLIErrorHandling::test_cli_missing_input_error FAILED [ 20%]
tests/test_cli_interface.py::TestCLIErrorHandling::test_cli_invalid_format_error FAILED [ 20%]
tests/test_cli_interface.py::TestCLIErrorHandling::test_cli_permission_error FAILED [ 20%]
tests/test_cli_interface.py::TestCLIErrorHandling::test_cli_interrupt_handling FAILED [ 20%]
tests/test_cli_interface.py::TestCLIOutputFormats::test_cli_csv_output FAILED [ 20%]
tests/test_cli_interface.py::TestCLIOutputFormats::test_cli_json_output FAILED [ 20%]
tests/test_cli_interface.py::TestCLIOutputFormats::test_cli_vcf_output FAILED [ 20%]
tests/test_cli_interface.py::TestCLIOutputFormats::test_cli_auto_format_detection FAILED [ 20%]
tests/test_cli_interface.py::TestCLIConfigurationOptions::test_cli_config_file_loading FAILED [ 21%]
tests/test_cli_interface.py::TestCLIConfigurationOptions::test_cli_config_override_by_args PASSED [ 21%]
tests/test_cli_interface.py::TestCLIConfigurationOptions::test_cli_invalid_config_file FAILED [ 21%]
tests/test_cli_interface.py::TestCLIProgressReporting::test_cli_progress_bar FAILED [ 21%]
tests/test_cli_interface.py::TestCLIProgressReporting::test_cli_log_file_creation FAILED [ 21%]
tests/test_cli_interface.py::TestCLIProgressReporting::test_cli_log_level FAILED [ 21%]
tests/test_core_config.py::TestVariDexConfigInit::test_default_initialization PASSED [ 21%]
tests/test_core_config.py::TestVariDexConfigInit::test_custom_initialization PASSED [ 21%]
tests/test_core_config.py::TestVariDexConfigInit::test_invalid_reference_genome PASSED [ 21%]
tests/test_core_config.py::TestVariDexConfigInit::test_invalid_quality_score PASSED [ 22%]
tests/test_core_config.py::TestVariDexConfigInit::test_invalid_population_af PASSED [ 22%]
tests/test_core_config.py::TestVariDexConfigValidation::test_validate_quality_score_range PASSED [ 22%]
tests/test_core_config.py::TestVariDexConfigValidation::test_validate_af_range PASSED [ 22%]
tests/test_core_config.py::TestVariDexConfigValidation::test_validate_thread_count PASSED [ 22%]
tests/test_core_config.py::TestVariDexConfigValidation::test_validate_paths_exist PASSED [ 22%]
tests/test_core_config.py::TestVariDexConfigDefaults::test_default_reference_genome PASSED [ 22%]
tests/test_core_config.py::TestVariDexConfigDefaults::test_default_quality_score PASSED [ 22%]
tests/test_core_config.py::TestVariDexConfigDefaults::test_default_population_af PASSED [ 22%]
tests/test_core_config.py::TestVariDexConfigDefaults::test_default_thread_count PASSED [ 23%]
tests/test_core_config.py::TestVariDexConfigSerialization::test_to_dict PASSED [ 23%]
tests/test_core_config.py::TestVariDexConfigSerialization::test_from_dict PASSED [ 23%]
tests/test_core_config.py::TestVariDexConfigSerialization::test_save_and_load_config PASSED [ 23%]
tests/test_core_config.py::TestVariDexConfigSerialization::test_save_creates_directory PASSED [ 23%]
tests/test_core_config.py::TestVariDexConfigUpdate::test_update_single_parameter PASSED [ 23%]
tests/test_core_config.py::TestVariDexConfigUpdate::test_update_multiple_parameters PASSED [ 23%]
tests/test_core_config.py::TestVariDexConfigUpdate::test_update_with_validation PASSED [ 23%]
tests/test_core_config.py::TestVariDexConfigUpdate::test_update_rejects_unknown_parameters PASSED [ 23%]
tests/test_core_config.py::TestVariDexConfigComparison::test_equal_configs PASSED [ 23%]
tests/test_core_config.py::TestVariDexConfigComparison::test_different_configs PASSED [ 24%]
tests/test_core_config.py::TestVariDexConfigComparison::test_config_hash PASSED [ 24%]
tests/test_core_config.py::TestVariDexConfigCopy::test_shallow_copy PASSED [ 24%]
tests/test_core_config.py::TestVariDexConfigCopy::test_deep_copy PASSED  [ 24%]
tests/test_core_config.py::TestVariDexConfigRepresentation::test_str_representation PASSED [ 24%]
tests/test_core_config.py::TestVariDexConfigRepresentation::test_repr_representation PASSED [ 24%]
tests/test_core_config.py::TestVariDexConfigEdgeCases::test_zero_quality_score PASSED [ 24%]
tests/test_core_config.py::TestVariDexConfigEdgeCases::test_max_quality_score PASSED [ 24%]
tests/test_core_config.py::TestVariDexConfigEdgeCases::test_zero_population_af PASSED [ 24%]
tests/test_core_config.py::TestVariDexConfigEdgeCases::test_max_population_af PASSED [ 25%]
tests/test_core_config.py::TestVariDexConfigEdgeCases::test_single_thread PASSED [ 25%]
tests/test_core_config.py::TestVariDexConfigEdgeCases::test_empty_config_dict PASSED [ 25%]
tests/test_core_models.py::TestVariantCreation::test_minimal_variant_creation PASSED [ 25%]
tests/test_core_models.py::TestVariantCreation::test_full_variant_creation FAILED [ 25%]
tests/test_core_models.py::TestVariantCreation::test_variant_with_optional_fields FAILED [ 25%]
tests/test_core_models.py::TestVariantValidation::test_invalid_chromosome FAILED [ 25%]
tests/test_core_models.py::TestVariantValidation::test_negative_position FAILED [ 25%]
tests/test_core_models.py::TestVariantValidation::test_zero_position FAILED [ 25%]
tests/test_core_models.py::TestVariantValidation::test_empty_ref_allele FAILED [ 26%]
tests/test_core_models.py::TestVariantValidation::test_empty_alt_allele FAILED [ 26%]
tests/test_core_models.py::TestVariantValidation::test_invalid_nucleotides FAILED [ 26%]
tests/test_core_models.py::TestVariantValidation::test_valid_nucleotides PASSED [ 26%]
tests/test_core_models.py::TestVariantIdentifier::test_variant_id_generation FAILED [ 26%]
tests/test_core_models.py::TestVariantIdentifier::test_unique_variant_ids PASSED [ 26%]
tests/test_core_models.py::TestVariantIdentifier::test_reproducible_variant_id PASSED [ 26%]
tests/test_core_models.py::TestVariantSerialization::test_to_dict PASSED [ 26%]
tests/test_core_models.py::TestVariantSerialization::test_from_dict PASSED [ 26%]
tests/test_core_models.py::TestVariantSerialization::test_round_trip_serialization FAILED [ 27%]
tests/test_core_models.py::TestVariantClassification::test_classification_creation PASSED [ 27%]
tests/test_core_models.py::TestVariantClassification::test_valid_classifications PASSED [ 27%]
tests/test_core_models.py::TestVariantClassification::test_confidence_range FAILED [ 27%]
tests/test_core_models.py::TestAnnotatedVariant::test_annotated_variant_creation FAILED [ 27%]
tests/test_core_models.py::TestAnnotatedVariant::test_gnomad_af_range FAILED [ 27%]
tests/test_core_models.py::TestAnnotatedVariant::test_cadd_score_range FAILED [ 27%]
tests/test_core_models.py::TestVariantComparison::test_equal_variants PASSED [ 27%]
tests/test_core_models.py::TestVariantComparison::test_different_variants PASSED [ 27%]
tests/test_core_models.py::TestVariantComparison::test_variant_hash PASSED [ 28%]
tests/test_core_models.py::TestVariantComparison::test_variants_in_set PASSED [ 28%]
tests/test_core_models.py::TestVariantEdgeCases::test_insertion_variant PASSED [ 28%]
tests/test_core_models.py::TestVariantEdgeCases::test_deletion_variant PASSED [ 28%]
tests/test_core_models.py::TestVariantEdgeCases::test_complex_variant PASSED [ 28%]
tests/test_core_models.py::TestVariantEdgeCases::test_long_alleles PASSED [ 28%]
tests/test_core_models.py::TestVariantEdgeCases::test_max_chromosome_position PASSED [ 28%]
tests/test_core_models.py::TestVariantEdgeCases::test_sex_chromosomes PASSED [ 28%]
tests/test_core_models.py::TestVariantEdgeCases::test_mitochondrial_variant PASSED [ 28%]
tests/test_coverage_boost_error_handlers.py::TestErrorCodeEnum::test_error_code_values PASSED [ 28%]
tests/test_coverage_boost_error_handlers.py::TestErrorCodeEnum::test_error_code_names PASSED [ 29%]
tests/test_coverage_boost_error_handlers.py::TestErrorCodeEnum::test_error_code_string_representation PASSED [ 29%]
tests/test_coverage_boost_error_handlers.py::TestVaridexErrorBase::test_varidex_error_creation PASSED [ 29%]
tests/test_coverage_boost_error_handlers.py::TestVaridexErrorBase::test_varidex_error_empty_message PASSED [ 29%]
tests/test_coverage_boost_error_handlers.py::TestVaridexErrorBase::test_varidex_error_long_message PASSED [ 29%]
tests/test_coverage_boost_error_handlers.py::TestVaridexErrorBase::test_varidex_error_with_special_characters PASSED [ 29%]
tests/test_coverage_boost_error_handlers.py::TestVaridexErrorBase::test_varidex_error_inheritance PASSED [ 29%]
tests/test_coverage_boost_error_handlers.py::TestValidationError::test_validation_error_creation PASSED [ 29%]
tests/test_coverage_boost_error_handlers.py::TestValidationError::test_validation_error_field_name PASSED [ 29%]
tests/test_coverage_boost_error_handlers.py::TestValidationError::test_validation_error_multiple_fields PASSED [ 30%]
tests/test_coverage_boost_error_handlers.py::TestValidationError::test_validation_error_inheritance PASSED [ 30%]
tests/test_coverage_boost_error_handlers.py::TestValidationError::test_validation_error_raises PASSED [ 30%]
tests/test_coverage_boost_error_handlers.py::TestDataLoadError::test_data_load_error_creation PASSED [ 30%]
tests/test_coverage_boost_error_handlers.py::TestDataLoadError::test_data_load_error_with_filename PASSED [ 30%]
tests/test_coverage_boost_error_handlers.py::TestDataLoadError::test_data_load_error_with_path PASSED [ 30%]
tests/test_coverage_boost_error_handlers.py::TestDataLoadError::test_data_load_error_inheritance PASSED [ 30%]
tests/test_coverage_boost_error_handlers.py::TestClassificationError::test_classification_error_creation PASSED [ 30%]
tests/test_coverage_boost_error_handlers.py::TestClassificationError::test_classification_error_with_variant_id PASSED [ 30%]
tests/test_coverage_boost_error_handlers.py::TestClassificationError::test_classification_error_with_reason PASSED [ 31%]
tests/test_coverage_boost_error_handlers.py::TestClassificationError::test_classification_error_inheritance PASSED [ 31%]
tests/test_coverage_boost_error_handlers.py::TestReportError::test_report_error_creation PASSED [ 31%]
tests/test_coverage_boost_error_handlers.py::TestReportError::test_report_error_with_format PASSED [ 31%]
tests/test_coverage_boost_error_handlers.py::TestReportError::test_report_error_with_details PASSED [ 31%]
tests/test_coverage_boost_error_handlers.py::TestReportError::test_report_error_inheritance PASSED [ 31%]
tests/test_coverage_boost_error_handlers.py::TestFileProcessingError::test_file_processing_error_creation PASSED [ 31%]
tests/test_coverage_boost_error_handlers.py::TestFileProcessingError::test_file_processing_error_with_operation PASSED [ 31%]
tests/test_coverage_boost_error_handlers.py::TestFileProcessingError::test_file_processing_error_with_line_number PASSED [ 31%]
tests/test_coverage_boost_error_handlers.py::TestFileProcessingError::test_file_processing_error_inheritance PASSED [ 32%]
tests/test_coverage_boost_error_handlers.py::TestCoreExceptions::test_configuration_error PASSED [ 32%]
tests/test_coverage_boost_error_handlers.py::TestCoreExceptions::test_data_processing_error PASSED [ 32%]
tests/test_coverage_boost_error_handlers.py::TestCoreExceptions::test_pipeline_error PASSED [ 32%]
tests/test_coverage_boost_error_handlers.py::TestCoreExceptions::test_configuration_error_with_parameter PASSED [ 32%]
tests/test_coverage_boost_error_handlers.py::TestCoreExceptions::test_data_processing_error_with_stage PASSED [ 32%]
tests/test_coverage_boost_error_handlers.py::TestCoreExceptions::test_pipeline_error_with_stage_name PASSED [ 32%]
tests/test_coverage_boost_error_handlers.py::TestErrorPropagation::test_error_propagates_through_functions PASSED [ 32%]
tests/test_coverage_boost_error_handlers.py::TestErrorPropagation::test_error_can_be_caught_and_reraised PASSED [ 32%]
tests/test_coverage_boost_error_handlers.py::TestErrorPropagation::test_error_can_be_transformed PASSED [ 33%]
tests/test_coverage_boost_error_handlers.py::TestErrorContextManagers::test_error_in_context_manager PASSED [ 33%]
tests/test_coverage_boost_error_handlers.py::TestErrorContextManagers::test_error_during_context_cleanup PASSED [ 33%]
tests/test_coverage_boost_error_handlers.py::TestErrorEdgeCases::test_error_with_none_message PASSED [ 33%]
tests/test_coverage_boost_error_handlers.py::TestErrorEdgeCases::test_error_with_numeric_message PASSED [ 33%]
tests/test_coverage_boost_error_handlers.py::TestErrorEdgeCases::test_error_with_unicode_message PASSED [ 33%]
tests/test_coverage_boost_error_handlers.py::TestErrorEdgeCases::test_multiple_exceptions_in_sequence PASSED [ 33%]
tests/test_coverage_boost_error_handlers.py::TestErrorEdgeCases::test_error_comparison PASSED [ 33%]
tests/test_coverage_boost_error_handlers.py::TestErrorRecovery::test_try_except_pattern PASSED [ 33%]
tests/test_coverage_boost_error_handlers.py::TestErrorRecovery::test_try_except_else_pattern PASSED [ 33%]
tests/test_coverage_boost_error_handlers.py::TestErrorRecovery::test_try_except_finally_pattern PASSED [ 34%]
tests/test_coverage_boost_error_handlers.py::TestErrorRecovery::test_multiple_exception_handlers PASSED [ 34%]
tests/test_coverage_boost_integration_paths.py::TestFileFormatDetection::test_vcf_format_detection PASSED [ 34%]
tests/test_coverage_boost_integration_paths.py::TestFileFormatDetection::test_vcf_gz_format_detection PASSED [ 34%]
tests/test_coverage_boost_integration_paths.py::TestFileFormatDetection::test_tsv_format_detection PASSED [ 34%]
tests/test_coverage_boost_integration_paths.py::TestFileFormatDetection::test_csv_format_detection PASSED [ 34%]
tests/test_coverage_boost_integration_paths.py::TestFileFormatDetection::test_unknown_format_handling PASSED [ 34%]
tests/test_coverage_boost_integration_paths.py::TestFileReadingEdgeCases::test_empty_file PASSED [ 34%]
tests/test_coverage_boost_integration_paths.py::TestFileReadingEdgeCases::test_file_with_only_headers PASSED [ 34%]
tests/test_coverage_boost_integration_paths.py::TestFileReadingEdgeCases::test_file_with_comments_only PASSED [ 35%]
tests/test_coverage_boost_integration_paths.py::TestFileReadingEdgeCases::test_file_with_blank_lines PASSED [ 35%]
tests/test_coverage_boost_integration_paths.py::TestFileReadingEdgeCases::test_file_with_unicode_content PASSED [ 35%]
tests/test_coverage_boost_integration_paths.py::TestFileReadingEdgeCases::test_very_large_file_size FAILED [ 35%]
tests/test_coverage_boost_integration_paths.py::TestFileReadingEdgeCases::test_file_with_long_lines PASSED [ 35%]
tests/test_coverage_boost_integration_paths.py::TestDataLoadingErrorPaths::test_nonexistent_file_error PASSED [ 35%]
tests/test_coverage_boost_integration_paths.py::TestDataLoadingErrorPaths::test_permission_denied_error PASSED [ 35%]
tests/test_coverage_boost_integration_paths.py::TestDataLoadingErrorPaths::test_corrupted_file_error PASSED [ 35%]
tests/test_coverage_boost_integration_paths.py::TestDataLoadingErrorPaths::test_invalid_format_error PASSED [ 35%]
tests/test_coverage_boost_integration_paths.py::TestDataLoadingErrorPaths::test_truncated_file_error PASSED [ 36%]
tests/test_coverage_boost_integration_paths.py::TestDataTransformationPaths::test_empty_dataframe_handling PASSED [ 36%]
tests/test_coverage_boost_integration_paths.py::TestDataTransformationPaths::test_dataframe_with_single_row PASSED [ 36%]
tests/test_coverage_boost_integration_paths.py::TestDataTransformationPaths::test_dataframe_with_missing_values PASSED [ 36%]
tests/test_coverage_boost_integration_paths.py::TestDataTransformationPaths::test_dataframe_with_duplicate_rows PASSED [ 36%]
tests/test_coverage_boost_integration_paths.py::TestDataTransformationPaths::test_dataframe_column_type_conversion PASSED [ 36%]
tests/test_coverage_boost_integration_paths.py::TestDataTransformationPaths::test_dataframe_with_special_values PASSED [ 36%]
tests/test_coverage_boost_integration_paths.py::TestDataTransformationPaths::test_dataframe_string_operations PASSED [ 36%]
tests/test_coverage_boost_integration_paths.py::TestIntegrationErrorRecovery::test_partial_data_processing PASSED [ 36%]
tests/test_coverage_boost_integration_paths.py::TestIntegrationErrorRecovery::test_retry_on_failure PASSED [ 37%]
tests/test_coverage_boost_integration_paths.py::TestIntegrationErrorRecovery::test_fallback_on_error PASSED [ 37%]
tests/test_coverage_boost_integration_paths.py::TestPipelineStageTransitions::test_stage_output_becomes_next_stage_input PASSED [ 37%]
tests/test_coverage_boost_integration_paths.py::TestPipelineStageTransitions::test_stage_validation_before_execution PASSED [ 37%]
tests/test_coverage_boost_integration_paths.py::TestPipelineStageTransitions::test_stage_metadata_propagation PASSED [ 37%]
tests/test_coverage_boost_integration_paths.py::TestDataQualityChecks::test_check_for_nulls PASSED [ 37%]
tests/test_coverage_boost_integration_paths.py::TestDataQualityChecks::test_check_for_duplicates PASSED [ 37%]
tests/test_coverage_boost_integration_paths.py::TestDataQualityChecks::test_check_value_ranges PASSED [ 37%]
tests/test_coverage_boost_integration_paths.py::TestDataQualityChecks::test_check_data_consistency PASSED [ 37%]
tests/test_coverage_boost_integration_paths.py::TestBatchProcessing::test_process_in_batches PASSED [ 38%]
tests/test_coverage_boost_integration_paths.py::TestBatchProcessing::test_batch_size_edge_cases PASSED [ 38%]
tests/test_coverage_boost_integration_paths.py::TestBatchProcessing::test_empty_batch_handling PASSED [ 38%]
tests/test_coverage_boost_integration_paths.py::TestCachingMechanisms::test_simple_cache PASSED [ 38%]
tests/test_coverage_boost_integration_paths.py::TestCachingMechanisms::test_cache_invalidation PASSED [ 38%]
tests/test_coverage_boost_integration_paths.py::TestCachingMechanisms::test_lru_cache_behavior PASSED [ 38%]
tests/test_coverage_boost_integration_paths.py::TestResourceManagement::test_context_manager_pattern PASSED [ 38%]
tests/test_coverage_boost_integration_paths.py::TestResourceManagement::test_multiple_resource_handling PASSED [ 38%]
tests/test_coverage_boost_validation.py::TestChromosomeValidation::test_standard_chromosomes PASSED [ 38%]
tests/test_coverage_boost_validation.py::TestChromosomeValidation::test_sex_chromosomes PASSED [ 38%]
tests/test_coverage_boost_validation.py::TestChromosomeValidation::test_mitochondrial_chromosome PASSED [ 39%]
tests/test_coverage_boost_validation.py::TestChromosomeValidation::test_chromosome_without_chr_prefix PASSED [ 39%]
tests/test_coverage_boost_validation.py::TestChromosomeValidation::test_chromosome_case_insensitive PASSED [ 39%]
tests/test_coverage_boost_validation.py::TestChromosomeValidation::test_invalid_chromosome_names FAILED [ 39%]
tests/test_coverage_boost_validation.py::TestChromosomeValidation::test_chromosome_with_special_characters PASSED [ 39%]
tests/test_coverage_boost_validation.py::TestPositionValidation::test_minimum_position PASSED [ 39%]
tests/test_coverage_boost_validation.py::TestPositionValidation::test_position_zero_invalid PASSED [ 39%]
tests/test_coverage_boost_validation.py::TestPositionValidation::test_negative_position_invalid PASSED [ 39%]
tests/test_coverage_boost_validation.py::TestPositionValidation::test_very_large_position PASSED [ 39%]
tests/test_coverage_boost_validation.py::TestPositionValidation::test_position_exceeds_chromosome_length PASSED [ 40%]
tests/test_coverage_boost_validation.py::TestPositionValidation::test_position_float_rejected PASSED [ 40%]
tests/test_coverage_boost_validation.py::TestPositionValidation::test_position_string_rejected FAILED [ 40%]
tests/test_coverage_boost_validation.py::TestAlleleValidation::test_single_nucleotide_variants PASSED [ 40%]
tests/test_coverage_boost_validation.py::TestAlleleValidation::test_same_ref_and_alt_invalid PASSED [ 40%]
tests/test_coverage_boost_validation.py::TestAlleleValidation::test_empty_ref_allele PASSED [ 40%]
tests/test_coverage_boost_validation.py::TestAlleleValidation::test_empty_alt_allele PASSED [ 40%]
tests/test_coverage_boost_validation.py::TestAlleleValidation::test_lowercase_nucleotides PASSED [ 40%]
tests/test_coverage_boost_validation.py::TestAlleleValidation::test_invalid_nucleotide_characters PASSED [ 40%]
tests/test_coverage_boost_validation.py::TestAlleleValidation::test_multi_nucleotide_ref PASSED [ 41%]
tests/test_coverage_boost_validation.py::TestAlleleValidation::test_multi_nucleotide_alt PASSED [ 41%]
tests/test_coverage_boost_validation.py::TestAlleleValidation::test_very_long_alleles PASSED [ 41%]
tests/test_coverage_boost_validation.py::TestVariantTypeDetection::test_snv_detection PASSED [ 41%]
tests/test_coverage_boost_validation.py::TestVariantTypeDetection::test_insertion_detection PASSED [ 41%]
tests/test_coverage_boost_validation.py::TestVariantTypeDetection::test_deletion_detection PASSED [ 41%]
tests/test_coverage_boost_validation.py::TestVariantTypeDetection::test_complex_variant_detection PASSED [ 41%]
tests/test_coverage_boost_validation.py::TestVariantTypeDetection::test_mnv_detection PASSED [ 41%]
tests/test_coverage_boost_validation.py::TestDataValidatorMethods::test_validate_variant_dict_valid PASSED [ 41%]
tests/test_coverage_boost_validation.py::TestDataValidatorMethods::test_validate_variant_dict_missing_chromosome PASSED [ 42%]
tests/test_coverage_boost_validation.py::TestDataValidatorMethods::test_validate_variant_dict_missing_position PASSED [ 42%]
tests/test_coverage_boost_validation.py::TestDataValidatorMethods::test_validate_variant_dict_none PASSED [ 42%]
tests/test_coverage_boost_validation.py::TestDataValidatorMethods::test_validate_variant_dict_empty PASSED [ 42%]
tests/test_coverage_boost_validation.py::TestDataValidatorMethods::test_validate_dataframe_valid PASSED [ 42%]
tests/test_coverage_boost_validation.py::TestDataValidatorMethods::test_validate_dataframe_empty PASSED [ 42%]
tests/test_coverage_boost_validation.py::TestDataValidatorMethods::test_validate_dataframe_none PASSED [ 42%]
tests/test_coverage_boost_validation.py::TestDataValidatorMethods::test_validate_dataframe_not_dataframe FAILED [ 42%]
tests/test_coverage_boost_validation.py::TestVariantKeyFormatting::test_format_key_standard PASSED [ 42%]
tests/test_coverage_boost_validation.py::TestVariantKeyFormatting::test_format_key_different_separators PASSED [ 42%]
tests/test_coverage_boost_validation.py::TestVariantKeyFormatting::test_parse_key_standard PASSED [ 43%]
tests/test_coverage_boost_validation.py::TestVariantKeyFormatting::test_parse_key_invalid_format PASSED [ 43%]
tests/test_coverage_boost_validation.py::TestVariantKeyFormatting::test_parse_key_empty PASSED [ 43%]
tests/test_coverage_boost_validation.py::TestVariantKeyFormatting::test_format_parse_roundtrip PASSED [ 43%]
tests/test_coverage_boost_validation.py::TestInputSanitization::test_whitespace_handling PASSED [ 43%]
tests/test_coverage_boost_validation.py::TestInputSanitization::test_case_normalization PASSED [ 43%]
tests/test_coverage_boost_validation.py::TestInputSanitization::test_leading_zeros_in_chromosome PASSED [ 43%]
tests/test_coverage_boost_validation.py::TestBoundaryConditions::test_max_integer_position PASSED [ 43%]
tests/test_coverage_boost_validation.py::TestBoundaryConditions::test_single_character_alleles PASSED [ 43%]
tests/test_coverage_boost_validation.py::TestBoundaryConditions::test_maximum_allele_length PASSED [ 44%]
tests/test_coverage_boost_validation.py::TestVariantDataModel::test_variant_data_creation PASSED [ 44%]
tests/test_coverage_boost_validation.py::TestVariantDataModel::test_variant_data_optional_fields PASSED [ 44%]
tests/test_coverage_gaps.py::TestPipelineStagesCoverage::test_stage_state_validation_errors SKIPPED [ 44%]
tests/test_coverage_gaps.py::TestPipelineStagesCoverage::test_stage_with_corrupted_state SKIPPED [ 44%]
tests/test_coverage_gaps.py::TestClassifierCoverage::test_classifier_with_missing_fields PASSED [ 44%]
tests/test_coverage_gaps.py::TestClassifierCoverage::test_classifier_edge_cases PASSED [ 44%]
tests/test_coverage_gaps.py::TestClassifierCoverage::test_acmg_criteria_all_false SKIPPED) [ 44%]
tests/test_coverage_gaps.py::TestReportsGeneratorCoverage::test_report_with_empty_results PASSED [ 44%]
tests/test_coverage_gaps.py::TestReportsGeneratorCoverage::test_report_with_special_characters SKIPPEDate_report') [ 45%]
tests/test_coverage_gaps.py::TestCoreModelsCoverage::test_variant_data_minimal PASSED [ 45%]
tests/test_coverage_gaps.py::TestCoreModelsCoverage::test_variant_data_with_all_fields PASSED [ 45%]
tests/test_coverage_gaps.py::TestCoreModelsCoverage::test_pathogenicity_class_values SKIPPEDe 'UNCERTAIN') [ 45%]
tests/test_coverage_gaps.py::TestIOCoverage::test_load_empty_file SKIPPEDfrom 'varidex.io.loaders' (/media/michal/647A504F7A50205A/GENOME/Michal/
VariDex10/VariDex/varidex/io/loaders/__init__.py))                       [ 45%]
tests/test_coverage_gaps.py::TestIOCoverage::test_file_path_validation SKIPPED [ 45%]
tests/test_coverage_gaps.py::TestIntegrationsCoverage::test_gnomad_timeout_handling SKIPPEDintegrations.gnomad' (/media/michal/647A504
F7A50205A/GENOME/Michal/VariDex10/VariDex/varidex/integrations/gnomad/__
init__.py))                                                              [ 45%]
tests/test_coverage_gaps.py::TestIntegrationsCoverage::test_dbnsfp_missing_file_handling SKIPPED [ 45%]
tests/test_coverage_gaps.py::TestExceptionsCoverage::test_custom_exceptions_exist SKIPPEDdex.exceptions' (/media/michal/647A504F7A50
205A/GENOME/Michal/VariDex10/VariDex/varidex/exceptions.py))             [ 45%]
tests/test_coverage_gaps.py::TestExceptionsCoverage::test_exception_hierarchy SKIPPEDdex.exceptions' (/media/michal/647A504F7A50
205A/GENOME/Michal/VariDex10/VariDex/varidex/exceptions.py))             [ 46%]
tests/test_coverage_gaps.py::TestDownloaderCoverage::test_download_with_invalid_url FAILED [ 46%]
tests/test_coverage_gaps.py::TestDownloaderCoverage::test_download_with_timeout FAILED [ 46%]
tests/test_data_validation.py::TestVariantDataValidation::test_valid_chromosome_names PASSED [ 46%]
tests/test_data_validation.py::TestVariantDataValidation::test_invalid_chromosome_names PASSED [ 46%]
tests/test_data_validation.py::TestVariantDataValidation::test_valid_positions PASSED [ 46%]
tests/test_data_validation.py::TestVariantDataValidation::test_invalid_positions FAILED [ 46%]
tests/test_data_validation.py::TestVariantDataValidation::test_valid_nucleotides PASSED [ 46%]
tests/test_data_validation.py::TestVariantDataValidation::test_invalid_nucleotides PASSED [ 46%]
tests/test_data_validation.py::TestVariantDataValidation::test_ref_alt_validation PASSED [ 47%]
tests/test_data_validation.py::TestFrequencyValidation::test_valid_frequencies FAILED [ 47%]
tests/test_data_validation.py::TestFrequencyValidation::test_invalid_frequencies PASSED [ 47%]
tests/test_data_validation.py::TestFrequencyValidation::test_frequency_precision PASSED [ 47%]
tests/test_data_validation.py::TestFrequencyValidation::test_rare_variant_threshold PASSED [ 47%]
tests/test_data_validation.py::TestScoreValidation::test_valid_cadd_scores PASSED [ 47%]
tests/test_data_validation.py::TestScoreValidation::test_invalid_cadd_scores PASSED [ 47%]
tests/test_data_validation.py::TestScoreValidation::test_valid_revel_scores PASSED [ 47%]
tests/test_data_validation.py::TestScoreValidation::test_invalid_revel_scores PASSED [ 47%]
tests/test_data_validation.py::TestScoreValidation::test_score_interpretation PASSED [ 47%]
tests/test_data_validation.py::TestDataFrameValidation::test_required_columns_present PASSED [ 48%]
tests/test_data_validation.py::TestDataFrameValidation::test_missing_required_columns PASSED [ 48%]
tests/test_data_validation.py::TestDataFrameValidation::test_empty_dataframe PASSED [ 48%]
tests/test_data_validation.py::TestDataFrameValidation::test_duplicate_variants FAILED [ 48%]
tests/test_data_validation.py::TestDataFrameValidation::test_dataframe_memory_size PASSED [ 48%]
tests/test_data_validation.py::TestInputSanitization::test_sanitize_chromosome_names PASSED [ 48%]
tests/test_data_validation.py::TestInputSanitization::test_sanitize_case_sensitivity PASSED [ 48%]
tests/test_data_validation.py::TestInputSanitization::test_strip_whitespace PASSED [ 48%]
tests/test_data_validation.py::TestInputSanitization::test_remove_special_characters PASSED [ 48%]
tests/test_data_validation.py::TestInputSanitization::test_sql_injection_prevention PASSED [ 49%]
tests/test_data_validation.py::TestBoundaryConditions::test_max_chromosome_length FAILED [ 49%]
tests/test_data_validation.py::TestBoundaryConditions::test_very_long_sequences PASSED [ 49%]
tests/test_data_validation.py::TestBoundaryConditions::test_zero_and_negative_values PASSED [ 49%]
tests/test_data_validation.py::TestBoundaryConditions::test_extreme_float_values FAILED [ 49%]
tests/test_data_validation.py::TestDataTypeValidation::test_integer_conversion PASSED [ 49%]
tests/test_data_validation.py::TestDataTypeValidation::test_float_conversion PASSED [ 49%]
tests/test_data_validation.py::TestDataTypeValidation::test_boolean_conversion PASSED [ 49%]
tests/test_data_validation.py::TestDataTypeValidation::test_list_conversion PASSED [ 49%]
tests/test_dbnsfp_integration.py::TestPredictionScore::test_count_deleterious_sift PASSED [ 50%]
tests/test_dbnsfp_integration.py::TestPredictionScore::test_count_deleterious_polyphen PASSED [ 50%]
tests/test_dbnsfp_integration.py::TestPredictionScore::test_count_deleterious_cadd PASSED [ 50%]
tests/test_dbnsfp_integration.py::TestPredictionScore::test_count_deleterious_multiple PASSED [ 50%]
tests/test_dbnsfp_integration.py::TestPredictionScore::test_count_benign_sift PASSED [ 50%]
tests/test_dbnsfp_integration.py::TestPredictionScore::test_count_benign_polyphen PASSED [ 50%]
tests/test_dbnsfp_integration.py::TestPredictionScore::test_count_benign_cadd PASSED [ 50%]
tests/test_dbnsfp_integration.py::TestPredictionScore::test_count_benign_multiple PASSED [ 50%]
tests/test_dbnsfp_integration.py::TestPredictionScore::test_has_scores PASSED [ 50%]
tests/test_dbnsfp_integration.py::TestPredictionScore::test_summary PASSED [ 51%]
tests/test_dbnsfp_integration.py::TestValidationHelpers::test_validate_not_none_fail PASSED [ 51%]
tests/test_dbnsfp_integration.py::TestDbNSFPClient::test_init_default PASSED [ 51%]
tests/test_dbnsfp_integration.py::TestDbNSFPClient::test_init_custom PASSED [ 51%]
tests/test_dbnsfp_integration.py::TestDbNSFPClient::test_cache_operations PASSED [ 51%]
tests/test_dbnsfp_integration.py::TestDbNSFPClient::test_get_predictions_not_found PASSED [ 51%]
tests/test_dbnsfp_integration.py::TestDbNSFPClient::test_get_predictions_found PASSED [ 51%]
tests/test_dbnsfp_integration.py::TestDbNSFPClient::test_get_statistics PASSED [ 51%]
tests/test_dbnsfp_integration.py::TestComputationalPredictionService::test_init_with_predictions PASSED [ 51%]
tests/test_dbnsfp_integration.py::TestComputationalPredictionService::test_analyze_sift PASSED [ 52%]
tests/test_dbnsfp_integration.py::TestComputationalPredictionService::test_analyze_polyphen PASSED [ 52%]
tests/test_dbnsfp_integration.py::TestComputationalPredictionService::test_analyze_cadd PASSED [ 52%]
tests/test_dbnsfp_integration.py::TestComputationalPredictionService::test_check_pp3_sufficient PASSED [ 52%]
tests/test_dbnsfp_integration.py::TestComputationalPredictionService::test_check_pp3_insufficient PASSED [ 52%]
tests/test_dbnsfp_integration.py::TestComputationalPredictionService::test_check_bp4_sufficient PASSED [ 52%]
tests/test_dbnsfp_integration.py::TestComputationalPredictionService::test_check_bp4_deferred_to_pp3 PASSED [ 52%]
tests/test_dbnsfp_integration.py::TestACMGClassifierV8::test_init_without_predictions PASSED [ 52%]
tests/test_dbnsfp_integration.py::TestACMGClassifierV8::test_get_enabled_codes_with_predictions PASSED [ 52%]
tests/test_dbnsfp_integration.py::TestACMGClassifierV8::test_health_check PASSED [ 52%]
tests/test_dbnsfp_integration.py::TestACMGClassifierV8::test_get_evidence_summary PASSED [ 53%]
tests/test_downloader.py::TestCalculateChecksum::test_calculate_checksum_md5 PASSED [ 53%]
tests/test_downloader.py::TestCalculateChecksum::test_calculate_checksum_sha256 PASSED [ 53%]
tests/test_downloader.py::TestCalculateChecksum::test_calculate_checksum_nonexistent_file PASSED [ 53%]
tests/test_downloader.py::TestCalculateChecksum::test_calculate_checksum_invalid_algorithm PASSED [ 53%]
tests/test_downloader.py::TestVerifyChecksum::test_verify_checksum_valid PASSED [ 53%]
tests/test_downloader.py::TestVerifyChecksum::test_verify_checksum_invalid PASSED [ 53%]
tests/test_downloader.py::TestVerifyChecksum::test_verify_checksum_case_insensitive PASSED [ 53%]
tests/test_downloader.py::TestDownloadFile::test_download_file_success FAILED [ 53%]
tests/test_downloader.py::TestDownloadFile::test_download_file_http_error FAILED [ 54%]
tests/test_downloader.py::TestDownloadFile::test_download_file_with_progress FAILED [ 54%]
tests/test_downloader.py::TestDownloadFile::test_download_file_network_error FAILED [ 54%]
tests/test_downloader.py::TestResourceDownloader::test_init_default_cache_dir FAILED [ 54%]
tests/test_downloader.py::TestResourceDownloader::test_init_custom_cache_dir FAILED [ 54%]
tests/test_downloader.py::TestResourceDownloader::test_download_resource_not_cached FAILED [ 54%]
tests/test_downloader.py::TestResourceDownloader::test_download_resource_already_cached FAILED [ 54%]
tests/test_downloader.py::TestResourceDownloader::test_download_resource_with_checksum FAILED [ 54%]
tests/test_downloader.py::TestResourceDownloader::test_download_resource_checksum_mismatch FAILED [ 54%]
tests/test_downloader.py::TestResourceDownloader::test_download_resource_force_redownload FAILED [ 55%]
tests/test_downloader.py::TestResourceDownloader::test_clear_cache FAILED [ 55%]
tests/test_downloader.py::TestResourceDownloader::test_get_cache_size FAILED [ 55%]
tests/test_downloader.py::TestResourceDownloader::test_list_cached_files FAILED [ 55%]
tests/test_downloader.py::TestDownloadRetry::test_download_retry_success_on_second_attempt FAILED [ 55%]
tests/test_downloader.py::TestDownloadRetry::test_download_retry_exhausted FAILED [ 55%]
tests/test_edge_cases.py::TestEmptyInputHandling::test_empty_dataframe PASSED [ 55%]
tests/test_edge_cases.py::TestEmptyInputHandling::test_dataframe_with_no_variants PASSED [ 55%]
tests/test_edge_cases.py::TestEmptyInputHandling::test_empty_string_fields PASSED [ 55%]
tests/test_edge_cases.py::TestEmptyInputHandling::test_none_values_in_dataframe PASSED [ 56%]
tests/test_edge_cases.py::TestBoundaryValues::test_maximum_chromosome_position PASSED [ 56%]
tests/test_edge_cases.py::TestBoundaryValues::test_minimum_chromosome_position PASSED [ 56%]
tests/test_edge_cases.py::TestBoundaryValues::test_zero_position PASSED  [ 56%]
tests/test_edge_cases.py::TestBoundaryValues::test_negative_position PASSED [ 56%]
tests/test_edge_cases.py::TestBoundaryValues::test_very_long_allele_sequence PASSED [ 56%]
tests/test_edge_cases.py::TestSpecialCharacters::test_unicode_in_gene_name PASSED [ 56%]
tests/test_edge_cases.py::TestSpecialCharacters::test_special_characters_in_fields PASSED [ 56%]
tests/test_edge_cases.py::TestSpecialCharacters::test_newlines_in_text_fields PASSED [ 56%]
tests/test_edge_cases.py::TestSpecialCharacters::test_tab_characters PASSED [ 57%]
tests/test_edge_cases.py::TestMalformedData::test_mixed_type_chromosome FAILED [ 57%]
tests/test_edge_cases.py::TestMalformedData::test_inconsistent_column_count PASSED [ 57%]
tests/test_edge_cases.py::TestMalformedData::test_duplicate_variant_entries PASSED [ 57%]
tests/test_edge_cases.py::TestMemoryAndPerformance::test_large_number_of_variants PASSED [ 57%]
tests/test_edge_cases.py::TestMemoryAndPerformance::test_large_dataframe_memory_usage PASSED [ 57%]
tests/test_edge_cases.py::TestChromosomeVariants::test_chromosome_with_chr_prefix PASSED [ 57%]
tests/test_edge_cases.py::TestChromosomeVariants::test_chromosome_without_prefix PASSED [ 57%]
tests/test_edge_cases.py::TestChromosomeVariants::test_mitochondrial_chromosome PASSED [ 57%]
tests/test_edge_cases.py::TestChromosomeVariants::test_invalid_chromosome_names PASSED [ 57%]
tests/test_edge_cases.py::TestAlleleFormats::test_single_nucleotide_variant PASSED [ 58%]
tests/test_edge_cases.py::TestAlleleFormats::test_insertion PASSED       [ 58%]
tests/test_edge_cases.py::TestAlleleFormats::test_deletion PASSED        [ 58%]
tests/test_edge_cases.py::TestAlleleFormats::test_mnv_multi_nucleotide_variant PASSED [ 58%]
tests/test_edge_cases.py::TestAlleleFormats::test_complex_variant PASSED [ 58%]
tests/test_edge_cases.py::TestAlleleFormats::test_lowercase_alleles PASSED [ 58%]
tests/test_edge_cases.py::TestAlleleFormats::test_mixed_case_alleles PASSED [ 58%]
tests/test_edge_cases.py::TestConfigurationEdgeCases::test_empty_config_dict PASSED [ 58%]
tests/test_edge_cases.py::TestConfigurationEdgeCases::test_config_with_invalid_paths PASSED [ 58%]
tests/test_edge_cases.py::TestConfigurationEdgeCases::test_config_with_special_characters_in_paths PASSED [ 59%]
tests/test_edge_cases.py::TestConcurrentAccess::test_multiple_dataframe_copies PASSED [ 59%]
tests/test_edge_cases.py::TestFloatingPointPrecision::test_frequency_precision PASSED [ 59%]
tests/test_edge_cases.py::TestFloatingPointPrecision::test_quality_score_precision PASSED [ 59%]
tests/test_edge_cases.py::TestDataTypeConversions::test_string_to_numeric_conversion FAILED [ 59%]
tests/test_edge_cases.py::TestDataTypeConversions::test_numeric_to_string_conversion FAILED [ 59%]
tests/test_error_recovery.py::TestExceptionHierarchy::test_base_exception_inheritance PASSED [ 59%]
tests/test_error_recovery.py::TestExceptionHierarchy::test_exception_message_handling PASSED [ 59%]
tests/test_error_recovery.py::TestExceptionHierarchy::test_exception_with_context PASSED [ 59%]
tests/test_error_recovery.py::TestFileIOErrorHandling::test_missing_input_file PASSED [ 60%]
tests/test_error_recovery.py::TestFileIOErrorHandling::test_permission_denied_error PASSED [ 60%]
tests/test_error_recovery.py::TestFileIOErrorHandling::test_corrupted_file_recovery PASSED [ 60%]
tests/test_error_recovery.py::TestFileIOErrorHandling::test_partial_file_write_recovery PASSED [ 60%]
tests/test_error_recovery.py::TestFileIOErrorHandling::test_disk_full_simulation PASSED [ 60%]
tests/test_error_recovery.py::TestNetworkErrorHandling::test_connection_timeout PASSED [ 60%]
tests/test_error_recovery.py::TestNetworkErrorHandling::test_connection_refused PASSED [ 60%]
tests/test_error_recovery.py::TestNetworkErrorHandling::test_http_error_codes PASSED [ 60%]
tests/test_error_recovery.py::TestNetworkErrorHandling::test_retry_mechanism PASSED [ 60%]
tests/test_error_recovery.py::TestDataValidationErrors::test_invalid_chromosome_format PASSED [ 61%]
tests/test_error_recovery.py::TestDataValidationErrors::test_invalid_position_format FAILED [ 61%]
tests/test_error_recovery.py::TestDataValidationErrors::test_invalid_allele_characters PASSED [ 61%]
tests/test_error_recovery.py::TestDataValidationErrors::test_missing_required_fields PASSED [ 61%]
tests/test_error_recovery.py::TestDataValidationErrors::test_mismatched_array_lengths PASSED [ 61%]
tests/test_error_recovery.py::TestMemoryErrorHandling::test_large_allocation_simulation PASSED [ 61%]
tests/test_error_recovery.py::TestMemoryErrorHandling::test_chunked_processing_fallback PASSED [ 61%]
tests/test_error_recovery.py::TestConcurrencyErrors::test_file_locked_by_another_process PASSED [ 61%]
tests/test_error_recovery.py::TestConcurrencyErrors::test_concurrent_dataframe_modification PASSED [ 61%]
tests/test_error_recovery.py::TestPartialFailureScenarios::test_partial_variant_processing PASSED [ 61%]
tests/test_error_recovery.py::TestPartialFailureScenarios::test_transaction_rollback_pattern PASSED [ 62%]
tests/test_error_recovery.py::TestResourceCleanup::test_file_handle_cleanup PASSED [ 62%]
tests/test_error_recovery.py::TestResourceCleanup::test_exception_during_context_manager PASSED [ 62%]
tests/test_error_recovery.py::TestResourceCleanup::test_temp_file_cleanup PASSED [ 62%]
tests/test_error_recovery.py::TestGracefulDegradation::test_missing_optional_data PASSED [ 62%]
tests/test_error_recovery.py::TestGracefulDegradation::test_fallback_to_default_values PASSED [ 62%]
tests/test_error_recovery.py::TestGracefulDegradation::test_alternative_data_source_fallback PASSED [ 62%]
tests/test_error_recovery.py::TestErrorLogging::test_error_context_preservation PASSED [ 62%]
tests/test_error_recovery.py::TestErrorLogging::test_multiple_error_accumulation PASSED [ 62%]
tests/test_exceptions.py::TestExceptionHierarchy::test_base_exception_class PASSED [ 63%]
tests/test_exceptions.py::TestExceptionHierarchy::test_exception_inheritance_and_error_code[ValidationError-ErrorCode.VALIDATION] PASSED [ 63%]
tests/test_exceptions.py::TestExceptionHierarchy::test_exception_inheritance_and_error_code[DataLoadError-ErrorCode.DATA_LOAD] PASSED [ 63%]
tests/test_exceptions.py::TestExceptionHierarchy::test_exception_inheritance_and_error_code[ClassificationError-ErrorCode.CLASSIFICATION] PASSED [ 63%]
tests/test_exceptions.py::TestExceptionHierarchy::test_exception_inheritance_and_error_code[ReportError-ErrorCode.REPORT] PASSED [ 63%]
tests/test_exceptions.py::TestExceptionHierarchy::test_exception_inheritance_and_error_code[FileProcessingError-ErrorCode.FILE_PROCESSING] PASSED [ 63%]
tests/test_exceptions.py::TestValidationHelpers::test_validate_not_none_pass[string] PASSED [ 63%]
tests/test_exceptions.py::TestValidationHelpers::test_validate_not_none_pass[0] PASSED [ 63%]
tests/test_exceptions.py::TestValidationHelpers::test_validate_not_none_pass[value2] PASSED [ 63%]
tests/test_exceptions.py::TestValidationHelpers::test_validate_not_none_pass[value3] PASSED [ 64%]
tests/test_exceptions.py::TestValidationHelpers::test_validate_not_none_pass[False] PASSED [ 64%]
tests/test_exceptions.py::TestValidationHelpers::test_validate_not_none_fail PASSED [ 64%]
tests/test_exceptions.py::TestValidationHelpers::test_validate_not_empty_fail[-empty string] PASSED [ 64%]
tests/test_exceptions.py::TestValidationHelpers::test_validate_not_empty_fail[empty_value1-empty list] PASSED [ 64%]
tests/test_exceptions.py::TestValidationHelpers::test_validate_not_empty_fail[empty_value2-empty dict] PASSED [ 64%]
tests/test_gnomad_integration.py::TestGnomadVariantFrequency::test_max_af_with_genome_only PASSED [ 64%]
tests/test_gnomad_integration.py::TestGnomadVariantFrequency::test_max_af_with_exome_only PASSED [ 64%]
tests/test_gnomad_integration.py::TestGnomadVariantFrequency::test_max_af_with_both PASSED [ 64%]
tests/test_gnomad_integration.py::TestGnomadVariantFrequency::test_max_af_none PASSED [ 65%]
tests/test_gnomad_integration.py::TestGnomadVariantFrequency::test_is_common PASSED [ 65%]
tests/test_gnomad_integration.py::TestGnomadVariantFrequency::test_is_rare PASSED [ 65%]
tests/test_gnomad_integration.py::TestGnomadVariantFrequency::test_is_rare_absent PASSED [ 65%]
tests/test_gnomad_integration.py::TestRateLimiter::test_under_limit PASSED [ 65%]
tests/test_gnomad_integration.py::TestRateLimiter::test_exceeds_limit PASSED [ 65%]
tests/test_gnomad_integration.py::TestGnomadClient::test_init_default PASSED [ 65%]
tests/test_gnomad_integration.py::TestGnomadClient::test_init_custom PASSED [ 65%]
tests/test_gnomad_integration.py::TestGnomadClient::test_cache_operations PASSED [ 65%]
tests/test_gnomad_integration.py::TestGnomadClient::test_build_graphql_query PASSED [ 66%]
tests/test_gnomad_integration.py::TestGnomadClient::test_get_variant_frequency_not_found PASSED [ 66%]
tests/test_gnomad_integration.py::TestGnomadClient::test_get_variant_frequency_found PASSED [ 66%]
tests/test_gnomad_integration.py::TestPopulationFrequencyService::test_init_with_gnomad PASSED [ 66%]
tests/test_gnomad_integration.py::TestPopulationFrequencyService::test_pm2_absent_variant PASSED [ 66%]
tests/test_gnomad_integration.py::TestPopulationFrequencyService::test_pm2_rare_dominant PASSED [ 66%]
tests/test_gnomad_integration.py::TestPopulationFrequencyService::test_pm2_not_rare_enough PASSED [ 66%]
tests/test_gnomad_integration.py::TestPopulationFrequencyService::test_ba1_common_variant PASSED [ 66%]
tests/test_gnomad_integration.py::TestPopulationFrequencyService::test_ba1_not_common PASSED [ 66%]
tests/test_gnomad_integration.py::TestPopulationFrequencyService::test_bs1_too_high_frequency PASSED [ 66%]
tests/test_gnomad_integration.py::TestPopulationFrequencyService::test_bs1_vs_ba1_precedence PASSED [ 67%]
tests/test_gnomad_integration.py::TestACMGClassifierV7::test_init_without_gnomad PASSED [ 67%]
tests/test_gnomad_integration.py::TestACMGClassifierV7::test_init_with_gnomad PASSED [ 67%]
tests/test_gnomad_integration.py::TestACMGClassifierV7::test_extract_coordinates_full PASSED [ 67%]
tests/test_gnomad_integration.py::TestACMGClassifierV7::test_extract_coordinates_missing PASSED [ 67%]
tests/test_gnomad_integration.py::TestACMGClassifierV7::test_infer_inheritance_dominant PASSED [ 67%]
tests/test_gnomad_integration.py::TestACMGClassifierV7::test_infer_inheritance_xlinked PASSED [ 67%]
tests/test_gnomad_integration.py::TestACMGClassifierV7::test_get_enabled_codes_with_gnomad PASSED [ 67%]
tests/test_gnomad_integration.py::TestACMGClassifierV7::test_health_check PASSED [ 67%]
tests/test_integration_e2e.py::TestEndToEndPipeline::test_e2e_single_variant_annotation FAILED [ 68%]
tests/test_integration_e2e.py::TestEndToEndPipeline::test_e2e_variant_matching_workflow FAILED [ 68%]
tests/test_integration_e2e.py::TestEndToEndPipeline::test_e2e_multi_source_integration FAILED [ 68%]
tests/test_integration_e2e.py::TestEndToEndPipeline::test_e2e_pipeline_with_filtering PASSED [ 68%]
tests/test_integration_e2e.py::TestEndToEndPipeline::test_e2e_report_generation PASSED [ 68%]
tests/test_integration_e2e.py::TestPerformanceIntegration::test_large_vcf_processing FAILED [ 68%]
tests/test_integration_e2e.py::TestPerformanceIntegration::test_concurrent_matching_performance FAILED [ 68%]
tests/test_integration_e2e.py::TestPerformanceIntegration::test_memory_efficient_processing FAILED [ 68%]
tests/test_integration_e2e.py::TestDataIntegrity::test_roundtrip_vcf_to_dataframe FAILED [ 68%]
tests/test_integration_e2e.py::TestDataIntegrity::test_coordinate_system_consistency FAILED [ 69%]
tests/test_integration_e2e.py::TestDataIntegrity::test_allele_normalization_integrity FAILED [ 69%]
tests/test_integration_e2e.py::TestErrorRecovery::test_pipeline_handles_malformed_input FAILED [ 69%]
tests/test_integration_e2e.py::TestErrorRecovery::test_pipeline_handles_missing_files FAILED [ 69%]
tests/test_integration_e2e.py::TestErrorRecovery::test_pipeline_partial_failure_recovery PASSED [ 69%]
tests/test_integration_e2e.py::TestConfigurationIntegration::test_config_affects_pipeline_behavior FAILED [ 69%]
tests/test_integration_e2e.py::TestConfigurationIntegration::test_config_persistence FAILED [ 69%]
tests/test_io_matching.py::TestCreateVariantKey::test_create_variant_key_basic PASSED [ 69%]
tests/test_io_matching.py::TestCreateVariantKey::test_create_variant_key_sex_chromosome PASSED [ 69%]
tests/test_io_matching.py::TestCreateVariantKey::test_create_variant_key_indel PASSED [ 70%]
tests/test_io_matching.py::TestCreateVariantKey::test_create_variant_key_normalization PASSED [ 70%]
tests/test_io_matching.py::TestMatchByCoordinates::test_match_by_coordinates_exact FAILED [ 70%]
tests/test_io_matching.py::TestMatchByCoordinates::test_match_by_coordinates_no_matches PASSED [ 70%]
tests/test_io_matching.py::TestMatchByCoordinates::test_match_by_coordinates_partial_overlap FAILED [ 70%]
tests/test_io_matching.py::TestMatchByCoordinates::test_match_by_coordinates_allow_mismatch FAILED [ 70%]
tests/test_io_matching.py::TestMatchByVariantID::test_match_by_variant_id_rsid FAILED [ 70%]
tests/test_io_matching.py::TestMatchByVariantID::test_match_by_variant_id_custom_column PASSED [ 70%]
tests/test_io_matching.py::TestMatchByVariantID::test_match_by_variant_id_no_matches FAILED [ 70%]
tests/test_io_matching.py::TestFindExactMatches::test_find_exact_matches_basic FAILED [ 71%]
tests/test_io_matching.py::TestFindExactMatches::test_find_exact_matches_none FAILED [ 71%]
tests/test_io_matching.py::TestFindExactMatches::test_find_exact_matches_assembly_mismatch FAILED [ 71%]
tests/test_io_matching.py::TestFindFuzzyMatches::test_find_fuzzy_matches_nearby_position FAILED [ 71%]
tests/test_io_matching.py::TestFindFuzzyMatches::test_find_fuzzy_matches_different_alleles FAILED [ 71%]
tests/test_io_matching.py::TestFindFuzzyMatches::test_find_fuzzy_matches_strict_alleles FAILED [ 71%]
tests/test_io_matching.py::TestMatchVariants::test_match_variants_exact_mode FAILED [ 71%]
tests/test_io_matching.py::TestMatchVariants::test_match_variants_fuzzy_mode FAILED [ 71%]
tests/test_io_matching.py::TestMatchVariants::test_match_variants_invalid_mode FAILED [ 71%]
tests/test_io_matching.py::TestMatchVariants::test_match_variants_empty_query FAILED [ 71%]
tests/test_io_matching.py::TestMatchVariants::test_match_variants_empty_reference FAILED [ 72%]
tests/test_io_matching.py::TestMatchingPerformance::test_match_large_dataset FAILED [ 72%]
tests/test_io_matching.py::TestMatchingPerformance::test_match_variants_deduplication FAILED [ 72%]
tests/test_performance_benchmarks.py::TestProcessingSpeed::test_small_dataset_processing_time PASSED [ 72%]
tests/test_performance_benchmarks.py::TestProcessingSpeed::test_medium_dataset_processing_time PASSED [ 72%]
tests/test_performance_benchmarks.py::TestProcessingSpeed::test_large_dataset_processing_time PASSED [ 72%]
tests/test_performance_benchmarks.py::TestProcessingSpeed::test_linear_scaling PASSED [ 72%]
tests/test_performance_benchmarks.py::TestMemoryUsage::test_memory_usage_within_limits FAILED [ 72%]
tests/test_performance_benchmarks.py::TestMemoryUsage::test_memory_cleanup_after_processing PASSED [ 72%]
tests/test_performance_benchmarks.py::TestMemoryUsage::test_streaming_large_files PASSED [ 73%]
tests/test_performance_benchmarks.py::TestScalability::test_concurrent_processing PASSED [ 73%]
tests/test_performance_benchmarks.py::TestScalability::test_handling_many_chromosomes PASSED [ 73%]
tests/test_performance_benchmarks.py::TestResourceOptimization::test_batch_processing_efficiency FAILED [ 73%]
tests/test_performance_benchmarks.py::TestResourceOptimization::test_caching_improves_performance PASSED [ 73%]
tests/test_performance_benchmarks.py::TestPerformanceRegression::test_baseline_performance PASSED [ 73%]
tests/test_pipeline.py::test_pipeline PASSED                             [ 73%]
tests/test_pipeline.py::test_coverage[0] PASSED                          [ 73%]
tests/test_pipeline.py::test_coverage[1] PASSED                          [ 73%]
tests/test_pipeline.py::test_coverage[2] PASSED                          [ 74%]
tests/test_pipeline.py::test_coverage[3] PASSED                          [ 74%]
tests/test_pipeline.py::test_coverage[4] PASSED                          [ 74%]
tests/test_pipeline.py::test_coverage[5] PASSED                          [ 74%]
tests/test_pipeline.py::test_coverage[6] PASSED                          [ 74%]
tests/test_pipeline.py::test_coverage[7] PASSED                          [ 74%]
tests/test_pipeline.py::test_coverage[8] PASSED                          [ 74%]
tests/test_pipeline.py::test_coverage[9] PASSED                          [ 74%]
tests/test_pipeline.py::test_coverage[10] PASSED                         [ 74%]
tests/test_pipeline.py::test_coverage[11] PASSED                         [ 75%]
tests/test_pipeline.py::test_coverage[12] PASSED                         [ 75%]
tests/test_pipeline.py::test_coverage[13] PASSED                         [ 75%]
tests/test_pipeline.py::test_coverage[14] PASSED                         [ 75%]
tests/test_pipeline.py::test_coverage[15] PASSED                         [ 75%]
tests/test_pipeline.py::test_coverage[16] PASSED                         [ 75%]
tests/test_pipeline.py::test_coverage[17] PASSED                         [ 75%]
tests/test_pipeline.py::test_coverage[18] PASSED                         [ 75%]
tests/test_pipeline.py::test_coverage[19] PASSED                         [ 75%]
tests/test_pipeline.py::test_coverage[20] PASSED                         [ 76%]
tests/test_pipeline.py::test_coverage[21] PASSED                         [ 76%]
tests/test_pipeline.py::test_coverage[22] PASSED                         [ 76%]
tests/test_pipeline.py::test_coverage[23] PASSED                         [ 76%]
tests/test_pipeline.py::test_coverage[24] PASSED                         [ 76%]
tests/test_pipeline.py::test_coverage[25] PASSED                         [ 76%]
tests/test_pipeline.py::test_coverage[26] PASSED                         [ 76%]
tests/test_pipeline.py::test_coverage[27] PASSED                         [ 76%]
tests/test_pipeline.py::test_coverage[28] PASSED                         [ 76%]
tests/test_pipeline.py::test_coverage[29] PASSED                         [ 76%]
tests/test_pipeline.py::test_coverage[30] PASSED                         [ 77%]
tests/test_pipeline.py::test_coverage[31] PASSED                         [ 77%]
tests/test_pipeline.py::test_coverage[32] PASSED                         [ 77%]
tests/test_pipeline.py::test_coverage[33] PASSED                         [ 77%]
tests/test_pipeline.py::test_coverage[34] PASSED                         [ 77%]
tests/test_pipeline.py::test_coverage[35] PASSED                         [ 77%]
tests/test_pipeline.py::test_coverage[36] PASSED                         [ 77%]
tests/test_pipeline.py::test_coverage[37] PASSED                         [ 77%]
tests/test_pipeline.py::test_coverage[38] PASSED                         [ 77%]
tests/test_pipeline.py::test_coverage[39] PASSED                         [ 78%]
tests/test_pipeline.py::test_coverage[40] PASSED                         [ 78%]
tests/test_pipeline.py::test_coverage[41] PASSED                         [ 78%]
tests/test_pipeline_orchestrator.py::TestPipelineOrchestratorInit::test_orchestrator_initialization_with_config PASSED [ 78%]
tests/test_pipeline_orchestrator.py::TestPipelineOrchestratorInit::test_orchestrator_initialization_creates_output_dir PASSED [ 78%]
tests/test_pipeline_orchestrator.py::TestPipelineOrchestratorInit::test_orchestrator_initialization_invalid_config PASSED [ 78%]
tests/test_pipeline_orchestrator.py::TestPipelineOrchestratorInit::test_orchestrator_sets_default_parameters PASSED [ 78%]
tests/test_pipeline_orchestrator.py::TestPipelineExecution::test_pipeline_run_basic_execution PASSED [ 78%]
tests/test_pipeline_orchestrator.py::TestPipelineExecution::test_pipeline_run_with_stages PASSED [ 78%]
tests/test_pipeline_orchestrator.py::TestPipelineExecution::test_pipeline_handles_stage_failure PASSED [ 79%]
tests/test_pipeline_orchestrator.py::TestPipelineExecution::test_pipeline_skip_completed_stages PASSED [ 79%]
tests/test_pipeline_orchestrator.py::TestStageManagement::test_stage_registration FAILED [ 79%]
tests/test_pipeline_orchestrator.py::TestStageManagement::test_stage_execution_order FAILED [ 79%]
tests/test_pipeline_orchestrator.py::TestStageManagement::test_stage_dependency_resolution PASSED [ 79%]
tests/test_pipeline_orchestrator.py::TestStageManagement::test_stage_skip_on_error FAILED [ 79%]
tests/test_pipeline_orchestrator.py::TestProgressTracking::test_progress_callback_called PASSED [ 79%]
tests/test_pipeline_orchestrator.py::TestProgressTracking::test_progress_percentage_calculation PASSED [ 79%]
tests/test_pipeline_orchestrator.py::TestProgressTracking::test_progress_tracking_with_errors PASSED [ 79%]
tests/test_pipeline_orchestrator.py::TestErrorHandling::test_pipeline_error_propagation PASSED [ 80%]
tests/test_pipeline_orchestrator.py::TestErrorHandling::test_validation_error_handling FAILED [ 80%]
tests/test_pipeline_orchestrator.py::TestErrorHandling::test_data_processing_error_handling FAILED [ 80%]
tests/test_pipeline_orchestrator.py::TestErrorHandling::test_continue_on_error_mode FAILED [ 80%]
tests/test_pipeline_orchestrator.py::TestErrorHandling::test_error_logging PASSED [ 80%]
tests/test_pipeline_orchestrator.py::TestResourceCleanup::test_cleanup_on_success PASSED [ 80%]
tests/test_pipeline_orchestrator.py::TestResourceCleanup::test_cleanup_on_failure PASSED [ 80%]
tests/test_pipeline_orchestrator.py::TestResourceCleanup::test_temporary_files_cleaned PASSED [ 80%]
tests/test_pipeline_orchestrator.py::TestResourceCleanup::test_context_manager_cleanup PASSED [ 80%]
tests/test_pipeline_orchestrator.py::TestPipelineIntegration::test_end_to_end_pipeline_execution PASSED [ 80%]
tests/test_pipeline_orchestrator.py::TestPipelineIntegration::test_pipeline_with_multiple_inputs PASSED [ 81%]
tests/test_pipeline_stages.py::TestValidationStage::test_validate_vcf_format_valid FAILED [ 81%]
tests/test_pipeline_stages.py::TestValidationStage::test_validate_vcf_format_invalid FAILED [ 81%]
tests/test_pipeline_stages.py::TestValidationStage::test_validate_vcf_format_missing_file FAILED [ 81%]
tests/test_pipeline_stages.py::TestValidationStage::test_validate_reference_genome FAILED [ 81%]
tests/test_pipeline_stages.py::TestValidationStage::test_validate_chromosome_names FAILED [ 81%]
tests/test_pipeline_stages.py::TestValidationStage::test_validate_positions FAILED [ 81%]
tests/test_pipeline_stages.py::TestValidationStage::test_validate_alleles FAILED [ 81%]
tests/test_pipeline_stages.py::TestValidationStage::test_execute_validation_stage FAILED [ 81%]
tests/test_pipeline_stages.py::TestAnnotationStage::test_annotate_with_gnomad FAILED [ 82%]
tests/test_pipeline_stages.py::TestAnnotationStage::test_annotate_with_clinvar FAILED [ 82%]
tests/test_pipeline_stages.py::TestAnnotationStage::test_annotate_with_dbnsfp FAILED [ 82%]
tests/test_pipeline_stages.py::TestAnnotationStage::test_annotate_multiple_sources FAILED [ 82%]
tests/test_pipeline_stages.py::TestAnnotationStage::test_annotation_handles_missing_data FAILED [ 82%]
tests/test_pipeline_stages.py::TestAnnotationStage::test_batch_annotation FAILED [ 82%]
tests/test_pipeline_stages.py::TestAnnotationStage::test_execute_annotation_stage FAILED [ 82%]
tests/test_pipeline_stages.py::TestFilteringStage::test_filter_by_quality FAILED [ 82%]
tests/test_pipeline_stages.py::TestFilteringStage::test_filter_by_frequency FAILED [ 82%]
tests/test_pipeline_stages.py::TestFilteringStage::test_filter_by_region FAILED [ 83%]
tests/test_pipeline_stages.py::TestFilteringStage::test_filter_by_gene FAILED [ 83%]
tests/test_pipeline_stages.py::TestFilteringStage::test_filter_by_impact FAILED [ 83%]
tests/test_pipeline_stages.py::TestFilteringStage::test_compound_filtering FAILED [ 83%]
tests/test_pipeline_stages.py::TestFilteringStage::test_execute_filtering_stage FAILED [ 83%]
tests/test_pipeline_stages.py::TestOutputStage::test_write_vcf_output FAILED [ 83%]
tests/test_pipeline_stages.py::TestOutputStage::test_write_tsv_output FAILED [ 83%]
tests/test_pipeline_stages.py::TestOutputStage::test_write_json_output FAILED [ 83%]
tests/test_pipeline_stages.py::TestOutputStage::test_write_html_report FAILED [ 83%]
tests/test_pipeline_stages.py::TestOutputStage::test_write_summary_statistics FAILED [ 84%]
tests/test_pipeline_stages.py::TestOutputStage::test_execute_output_stage FAILED [ 84%]
tests/test_pipeline_stages.py::TestStageDataFlow::test_validation_to_annotation_flow FAILED [ 84%]
tests/test_pipeline_stages.py::TestStageDataFlow::test_annotation_to_filtering_flow FAILED [ 84%]
tests/test_pipeline_validators.py::TestValidateChromosome::test_validate_chromosome_valid_autosome PASSED [ 84%]
tests/test_pipeline_validators.py::TestValidateChromosome::test_validate_chromosome_valid_sex_chromosome PASSED [ 84%]
tests/test_pipeline_validators.py::TestValidateChromosome::test_validate_chromosome_valid_mitochondrial PASSED [ 84%]
tests/test_pipeline_validators.py::TestValidateChromosome::test_validate_chromosome_invalid PASSED [ 84%]
tests/test_pipeline_validators.py::TestValidateChromosome::test_validate_chromosome_none PASSED [ 84%]
tests/test_pipeline_validators.py::TestValidateCoordinates::test_validate_coordinates_valid PASSED [ 85%]
tests/test_pipeline_validators.py::TestValidateCoordinates::test_validate_coordinates_negative_position PASSED [ 85%]
tests/test_pipeline_validators.py::TestValidateCoordinates::test_validate_coordinates_zero_position PASSED [ 85%]
tests/test_pipeline_validators.py::TestValidateCoordinates::test_validate_coordinates_end_before_start PASSED [ 85%]
tests/test_pipeline_validators.py::TestValidateCoordinates::test_validate_coordinates_invalid_chromosome PASSED [ 85%]
tests/test_pipeline_validators.py::TestValidateCoordinates::test_validate_coordinates_large_span PASSED [ 85%]
tests/test_pipeline_validators.py::TestValidateReferenceAllele::test_validate_reference_allele_valid_single_nucleotide PASSED [ 85%]
tests/test_pipeline_validators.py::TestValidateReferenceAllele::test_validate_reference_allele_valid_sequence PASSED [ 85%]
tests/test_pipeline_validators.py::TestValidateReferenceAllele::test_validate_reference_allele_lowercase PASSED [ 85%]
tests/test_pipeline_validators.py::TestValidateReferenceAllele::test_validate_reference_allele_invalid_characters PASSED [ 85%]
tests/test_pipeline_validators.py::TestValidateReferenceAllele::test_validate_reference_allele_empty PASSED [ 86%]
tests/test_pipeline_validators.py::TestValidateReferenceAllele::test_validate_reference_allele_none PASSED [ 86%]
tests/test_pipeline_validators.py::TestValidateReferenceAllele::test_validate_reference_allele_deletion PASSED [ 86%]
tests/test_pipeline_validators.py::TestValidateAssembly::test_validate_assembly_grch37 PASSED [ 86%]
tests/test_pipeline_validators.py::TestValidateAssembly::test_validate_assembly_grch38 PASSED [ 86%]
tests/test_pipeline_validators.py::TestValidateAssembly::test_validate_assembly_case_insensitive PASSED [ 86%]
tests/test_pipeline_validators.py::TestValidateAssembly::test_validate_assembly_invalid PASSED [ 86%]
tests/test_pipeline_validators.py::TestValidateAssembly::test_validate_assembly_none PASSED [ 86%]
tests/test_pipeline_validators.py::TestValidateVariant::test_validate_variant_valid PASSED [ 86%]
tests/test_pipeline_validators.py::TestValidateVariant::test_validate_variant_invalid_chromosome FAILED [ 87%]
tests/test_pipeline_validators.py::TestValidateVariant::test_validate_variant_invalid_position FAILED [ 87%]
tests/test_pipeline_validators.py::TestValidateVariant::test_validate_variant_invalid_reference FAILED [ 87%]
tests/test_pipeline_validators.py::TestValidateVariant::test_validate_variant_invalid_assembly PASSED [ 87%]
tests/test_pipeline_validators.py::TestValidateVariant::test_validate_variant_no_raise FAILED [ 87%]
tests/test_pipeline_validators.py::TestValidateVCFFile::test_validate_vcf_file_valid PASSED [ 87%]
tests/test_pipeline_validators.py::TestValidateVCFFile::test_validate_vcf_file_gzipped PASSED [ 87%]
tests/test_pipeline_validators.py::TestValidateVCFFile::test_validate_vcf_file_nonexistent PASSED [ 87%]
tests/test_pipeline_validators.py::TestValidateVCFFile::test_validate_vcf_file_missing_header PASSED [ 87%]
tests/test_pipeline_validators.py::TestValidateVCFFile::test_validate_vcf_file_empty PASSED [ 88%]
tests/test_pipeline_validators.py::TestValidateVCFFile::test_validate_vcf_file_malformed_columns PASSED [ 88%]
tests/test_pipeline_validators.py::TestValidationEdgeCases::test_validate_coordinates_very_large_position PASSED [ 88%]
tests/test_pipeline_validators.py::TestValidationEdgeCases::test_validate_reference_allele_very_long PASSED [ 88%]
tests/test_pipeline_validators.py::TestValidationEdgeCases::test_validate_variant_missing_fields FAILED [ 88%]
tests/test_pipeline_validators.py::TestValidationEdgeCases::test_validate_chromosome_with_whitespace PASSED [ 88%]
tests/test_pipeline_validators.py::TestValidationEdgeCases::test_validate_reference_allele_with_whitespace PASSED [ 88%]
tests/test_pipeline_validators.py::TestValidationPerformance::test_validate_many_variants PASSED [ 88%]
tests/test_pipeline_validators.py::TestValidationPerformance::test_validate_mixed_validity FAILED [ 88%]
tests/test_property_based.py::TestChromosomeProperties::test_chromosome_string_type PASSED [ 89%]
tests/test_property_based.py::TestChromosomeProperties::test_chromosome_not_empty PASSED [ 89%]
tests/test_property_based.py::TestChromosomeProperties::test_chromosome_normalization_idempotent PASSED [ 89%]
tests/test_property_based.py::TestChromosomeProperties::test_chromosome_case_handling PASSED [ 89%]
tests/test_property_based.py::TestPositionProperties::test_position_positive PASSED [ 89%]
tests/test_property_based.py::TestPositionProperties::test_position_integer PASSED [ 89%]
tests/test_property_based.py::TestPositionProperties::test_position_ordering PASSED [ 89%]
tests/test_property_based.py::TestPositionProperties::test_position_arithmetic PASSED [ 89%]
tests/test_property_based.py::TestNucleotideProperties::test_sequence_valid_characters PASSED [ 89%]
tests/test_property_based.py::TestNucleotideProperties::test_sequence_not_empty PASSED [ 90%]
tests/test_property_based.py::TestNucleotideProperties::test_sequence_length_consistency PASSED [ 90%]
tests/test_property_based.py::TestNucleotideProperties::test_sequence_complement_reversible PASSED [ 90%]
tests/test_property_based.py::TestNucleotideProperties::test_sequence_reverse_twice_identity PASSED [ 90%]
tests/test_property_based.py::TestNucleotideProperties::test_sequence_concatenation_length PASSED [ 90%]
tests/test_property_based.py::TestVariantProperties::test_variant_has_required_fields PASSED [ 90%]
tests/test_property_based.py::TestVariantProperties::test_variant_position_positive PASSED [ 90%]
tests/test_property_based.py::TestVariantProperties::test_variant_ref_not_empty PASSED [ 90%]
tests/test_property_based.py::TestVariantProperties::test_variant_alt_not_empty PASSED [ 90%]
tests/test_property_based.py::TestVariantProperties::test_variant_key_uniqueness PASSED [ 90%]
tests/test_property_based.py::TestDataFrameProperties::test_dataframe_copy_independence PASSED [ 91%]
tests/test_property_based.py::TestDataFrameProperties::test_dataframe_filter_size PASSED [ 91%]
tests/test_property_based.py::TestDataFrameProperties::test_dataframe_sort_stability PASSED [ 91%]
tests/test_property_based.py::TestStringOperationProperties::test_string_case_conversion_reversible PASSED [ 91%]
tests/test_property_based.py::TestStringOperationProperties::test_string_strip_idempotent PASSED [ 91%]
tests/test_property_based.py::TestStringOperationProperties::test_string_concatenation_associative PASSED [ 91%]
tests/test_property_based.py::TestNumericProperties::test_frequency_bounds PASSED [ 91%]
tests/test_property_based.py::TestNumericProperties::test_complement_frequency PASSED [ 91%]
tests/test_property_based.py::TestNumericProperties::test_read_depth_arithmetic PASSED [ 91%]
tests/test_property_based.py::TestInvariantProperties::test_variant_identity_preservation PASSED [ 92%]
tests/test_property_based.py::TestInvariantProperties::test_list_length_after_extend PASSED [ 92%]
tests/test_property_based.py::TestInvariantProperties::test_variant_serialization_roundtrip PASSED [ 92%]
tests/test_property_based.py::TestCombinatorialProperties::test_variant_list_ordering_preservation PASSED [ 92%]
tests/test_property_based.py::TestCombinatorialProperties::test_position_range_consistency PASSED [ 92%]
tests/test_reports_generator.py::TestReportGenerator::test_generator_initialization PASSED [ 92%]
tests/test_reports_generator.py::TestReportGenerator::test_generate_html_report FAILED [ 92%]
tests/test_reports_generator.py::TestReportGenerator::test_generate_summary_statistics FAILED [ 92%]
tests/test_reports_generator.py::TestReportGenerator::test_generate_json_report FAILED [ 92%]
tests/test_reports_generator.py::TestReportGenerator::test_generate_tsv_report FAILED [ 93%]
tests/test_reports_generator.py::TestReportGenerator::test_generate_with_empty_data FAILED [ 93%]
tests/test_reports_generator.py::TestReportGenerator::test_generate_with_invalid_output_path FAILED [ 93%]
tests/test_reports_generator.py::TestHTMLFormatter::test_format_variant_table FAILED [ 93%]
tests/test_reports_generator.py::TestHTMLFormatter::test_format_summary_section FAILED [ 93%]
tests/test_reports_generator.py::TestHTMLFormatter::test_format_complete_report FAILED [ 93%]
tests/test_reports_generator.py::TestHTMLFormatter::test_format_with_custom_template FAILED [ 93%]
tests/test_reports_generator.py::TestHTMLFormatter::test_escape_html_characters FAILED [ 93%]
tests/test_reports_generator.py::TestHTMLFormatter::test_format_with_missing_data FAILED [ 93%]
tests/test_reports_generator.py::TestJSONFormatter::test_format_variants_to_json FAILED [ 94%]
tests/test_reports_generator.py::TestJSONFormatter::test_format_with_pretty_print FAILED [ 94%]
tests/test_reports_generator.py::TestJSONFormatter::test_format_with_null_values PASSED [ 94%]
tests/test_reports_generator.py::TestJSONFormatter::test_format_nested_annotations FAILED [ 94%]
tests/test_reports_generator.py::TestTSVFormatter::test_format_variants_to_tsv FAILED [ 94%]
tests/test_reports_generator.py::TestTSVFormatter::test_tsv_header_row FAILED [ 94%]
tests/test_reports_generator.py::TestTSVFormatter::test_tsv_data_rows FAILED [ 94%]
tests/test_reports_generator.py::TestTSVFormatter::test_tsv_with_missing_annotations FAILED [ 94%]
tests/test_reports_generator.py::TestTSVFormatter::test_tsv_special_character_handling PASSED [ 94%]
tests/test_reports_generator.py::TestReportStatistics::test_count_by_chromosome ERROR [ 95%]
tests/test_reports_generator.py::TestReportStatistics::test_count_by_impact ERROR [ 95%]
tests/test_reports_generator.py::TestReportStatistics::test_count_by_gene ERROR [ 95%]
tests/test_reports_generator.py::TestReportStatistics::test_total_variant_count ERROR [ 95%]
tests/test_reports_generator.py::TestReportStatistics::test_statistics_with_empty_list FAILED [ 95%]
tests/test_reports_generator.py::TestReportTemplates::test_load_default_template SKIPPED [ 95%]
tests/test_reports_generator.py::TestReportTemplates::test_load_custom_template SKIPPED [ 95%]
tests/test_reports_generator.py::TestReportTemplates::test_template_variable_substitution SKIPPED [ 95%]
tests/test_utils_helpers.py::TestDataValidator::test_validate_variant_with_required_fields PASSED [ 95%]
tests/test_utils_helpers.py::TestDataValidator::test_validate_variant_missing_chromosome PASSED [ 95%]
tests/test_utils_helpers.py::TestDataValidator::test_validate_variant_missing_position PASSED [ 96%]
tests/test_utils_helpers.py::TestDataValidator::test_validate_variant_empty_dict PASSED [ 96%]
tests/test_utils_helpers.py::TestDataValidator::test_validate_variant_with_extra_fields PASSED [ 96%]
tests/test_utils_helpers.py::TestDataValidator::test_validate_variant_none_value PASSED [ 96%]
tests/test_utils_helpers.py::TestDataValidatorDataFrame::test_validate_dataframe_valid PASSED [ 96%]
tests/test_utils_helpers.py::TestDataValidatorDataFrame::test_validate_dataframe_empty PASSED [ 96%]
tests/test_utils_helpers.py::TestDataValidatorDataFrame::test_validate_dataframe_none PASSED [ 96%]
tests/test_utils_helpers.py::TestDataValidatorDataFrame::test_validate_dataframe_single_row PASSED [ 96%]
tests/test_utils_helpers.py::TestDataValidatorDataFrame::test_validate_dataframe_non_dataframe FAILED [ 96%]
tests/test_utils_helpers.py::TestFormatVariantKey::test_format_variant_key_basic PASSED [ 97%]
tests/test_utils_helpers.py::TestFormatVariantKey::test_format_variant_key_different_chromosome PASSED [ 97%]
tests/test_utils_helpers.py::TestFormatVariantKey::test_format_variant_key_multi_base_alleles PASSED [ 97%]
tests/test_utils_helpers.py::TestFormatVariantKey::test_format_variant_key_deletion PASSED [ 97%]
tests/test_utils_helpers.py::TestFormatVariantKey::test_format_variant_key_insertion PASSED [ 97%]
tests/test_utils_helpers.py::TestFormatVariantKey::test_format_variant_key_large_position PASSED [ 97%]
tests/test_utils_helpers.py::TestParseVariantKey::test_parse_variant_key_basic PASSED [ 97%]
tests/test_utils_helpers.py::TestParseVariantKey::test_parse_variant_key_different_chromosomes PASSED [ 97%]
tests/test_utils_helpers.py::TestParseVariantKey::test_parse_variant_key_multi_base_alleles PASSED [ 97%]
tests/test_utils_helpers.py::TestParseVariantKey::test_parse_variant_key_invalid_format PASSED [ 98%]
tests/test_utils_helpers.py::TestParseVariantKey::test_parse_variant_key_too_few_parts PASSED [ 98%]
tests/test_utils_helpers.py::TestParseVariantKey::test_parse_variant_key_invalid_position PASSED [ 98%]
tests/test_utils_helpers.py::TestParseVariantKey::test_parse_variant_key_empty_string PASSED [ 98%]
tests/test_utils_helpers.py::TestParseVariantKey::test_parse_variant_key_none FAILED [ 98%]
tests/test_utils_helpers.py::TestClassifyVariantsProduction::test_classify_variants_production_empty_list PASSED [ 98%]
tests/test_utils_helpers.py::TestClassifyVariantsProduction::test_classify_variants_production_single_variant PASSED [ 98%]
tests/test_utils_helpers.py::TestClassifyVariantsProduction::test_classify_variants_production_multiple_variants PASSED [ 98%]
tests/test_utils_helpers.py::TestClassifyVariantsProduction::test_classify_variants_production_default_classification PASSED [ 98%]
tests/test_utils_helpers.py::TestClassifyVariantsProduction::test_classify_variants_production_error_handling PASSED [ 99%]
tests/test_utils_helpers.py::TestClassifyVariantsProduction::test_classify_variants_production_preserves_variant_data PASSED [ 99%]
tests/test_utils_helpers.py::TestClassifyVariantsProduction::test_classify_variants_production_none_classifier PASSED [ 99%]
tests/test_utils_helpers.py::TestEdgeCases::test_format_variant_key_special_characters PASSED [ 99%]
tests/test_utils_helpers.py::TestEdgeCases::test_parse_variant_key_extra_colons PASSED [ 99%]
tests/test_utils_helpers.py::TestEdgeCases::test_data_validator_with_numeric_chromosome PASSED [ 99%]
tests/test_utils_helpers.py::TestEdgeCases::test_format_variant_key_zero_position PASSED [ 99%]
tests/test_utils_helpers.py::TestEdgeCases::test_parse_variant_key_very_large_position PASSED [ 99%]
tests/test_utils_helpers.py::TestIntegration::test_format_parse_roundtrip PASSED [ 99%]
tests/test_utils_helpers.py::TestIntegration::test_format_parse_multiple_variants PASSED [100%]

==================================== ERRORS ====================================
_______ ERROR at setup of TestReportStatistics.test_count_by_chromosome ________
varidex/core/models.py:334: in __init__
    chromosome = _validate_chromosome(chromosome)
                 ^^^^^^^^^^^^^^^^^^^^^^^^^^^^^^^^
varidex/core/models.py:133: in _validate_chromosome
    raise ValidationError(
E   varidex.exceptions.ValidationError: Invalid chromosome '12345'. Must be 1-22, X, Y, M, or MT (with optional 'chr' prefix)

The above exception was the direct cause of the following exception:
tests/test_reports_generator.py:347: in sample_variants
    Variant(
varidex/core/models.py:349: in __init__
    raise ValidationError(f"Invalid variant data: {e}") from e
E   varidex.exceptions.ValidationError: Invalid variant data: Invalid chromosome '12345'. Must be 1-22, X, Y, M, or MT (with optional 'chr' prefix)
_________ ERROR at setup of TestReportStatistics.test_count_by_impact __________
varidex/core/models.py:334: in __init__
    chromosome = _validate_chromosome(chromosome)
                 ^^^^^^^^^^^^^^^^^^^^^^^^^^^^^^^^
varidex/core/models.py:133: in _validate_chromosome
    raise ValidationError(
E   varidex.exceptions.ValidationError: Invalid chromosome '12345'. Must be 1-22, X, Y, M, or MT (with optional 'chr' prefix)

The above exception was the direct cause of the following exception:
tests/test_reports_generator.py:347: in sample_variants
    Variant(
varidex/core/models.py:349: in __init__
    raise ValidationError(f"Invalid variant data: {e}") from e
E   varidex.exceptions.ValidationError: Invalid variant data: Invalid chromosome '12345'. Must be 1-22, X, Y, M, or MT (with optional 'chr' prefix)
__________ ERROR at setup of TestReportStatistics.test_count_by_gene ___________
varidex/core/models.py:334: in __init__
    chromosome = _validate_chromosome(chromosome)
                 ^^^^^^^^^^^^^^^^^^^^^^^^^^^^^^^^
varidex/core/models.py:133: in _validate_chromosome
    raise ValidationError(
E   varidex.exceptions.ValidationError: Invalid chromosome '12345'. Must be 1-22, X, Y, M, or MT (with optional 'chr' prefix)

The above exception was the direct cause of the following exception:
tests/test_reports_generator.py:347: in sample_variants
    Variant(
varidex/core/models.py:349: in __init__
    raise ValidationError(f"Invalid variant data: {e}") from e
E   varidex.exceptions.ValidationError: Invalid variant data: Invalid chromosome '12345'. Must be 1-22, X, Y, M, or MT (with optional 'chr' prefix)
_______ ERROR at setup of TestReportStatistics.test_total_variant_count ________
varidex/core/models.py:334: in __init__
    chromosome = _validate_chromosome(chromosome)
                 ^^^^^^^^^^^^^^^^^^^^^^^^^^^^^^^^
varidex/core/models.py:133: in _validate_chromosome
    raise ValidationError(
E   varidex.exceptions.ValidationError: Invalid chromosome '12345'. Must be 1-22, X, Y, M, or MT (with optional 'chr' prefix)

The above exception was the direct cause of the following exception:
tests/test_reports_generator.py:347: in sample_variants
    Variant(
varidex/core/models.py:349: in __init__
    raise ValidationError(f"Invalid variant data: {e}") from e
E   varidex.exceptions.ValidationError: Invalid variant data: Invalid chromosome '12345'. Must be 1-22, X, Y, M, or MT (with optional 'chr' prefix)
=================================== FAILURES ===================================
_________________ TestReportingCLI.test_single_format[--html] __________________
tests/reporting/test_cli.py:22: in test_single_format
    assert result.exit_code == 0  # Mock success
    ^^^^^^^^^^^^^^^^^^^^^^^^^^^^
E   AssertionError: assert 1 == 0
E    +  where 1 = <Result IsADirectoryError(21, 'Is a directory')>.exit_code
__________________ TestReportingCLI.test_single_format[--tsv] __________________
tests/reporting/test_cli.py:22: in test_single_format
    assert result.exit_code == 0  # Mock success
    ^^^^^^^^^^^^^^^^^^^^^^^^^^^^
E   AssertionError: assert 1 == 0
E    +  where 1 = <Result IsADirectoryError(21, 'Is a directory')>.exit_code
_________________ TestReportingCLI.test_single_format[--json] __________________
tests/reporting/test_cli.py:22: in test_single_format
    assert result.exit_code == 0  # Mock success
    ^^^^^^^^^^^^^^^^^^^^^^^^^^^^
E   AssertionError: assert 1 == 0
E    +  where 1 = <Result IsADirectoryError(21, 'Is a directory')>.exit_code
__________________ TestReportingCLI.test_single_format[--qc] ___________________
tests/reporting/test_cli.py:22: in test_single_format
    assert result.exit_code == 0  # Mock success
    ^^^^^^^^^^^^^^^^^^^^^^^^^^^^
E   AssertionError: assert 1 == 0
E    +  where 1 = <Result IsADirectoryError(21, 'Is a directory')>.exit_code
_____________________ TestCLIArguments.test_cli_help_flag ______________________
tests/test_cli_interface.py:16: in test_cli_help_flag
    with pytest.raises(SystemExit) as exc:
         ^^^^^^^^^^^^^^^^^^^^^^^^^
E   Failed: DID NOT RAISE <class 'SystemExit'>
____________________ TestCLIArguments.test_cli_version_flag ____________________
tests/test_cli_interface.py:25: in test_cli_version_flag
    with pytest.raises(SystemExit) as exc:
         ^^^^^^^^^^^^^^^^^^^^^^^^^
E   Failed: DID NOT RAISE <class 'SystemExit'>
___________________ TestCLIArguments.test_cli_required_args ____________________
tests/test_cli_interface.py:32: in test_cli_required_args
    with pytest.raises(SystemExit):
         ^^^^^^^^^^^^^^^^^^^^^^^^^
E   Failed: DID NOT RAISE <class 'SystemExit'>
____________ TestCLIFileValidation.test_cli_input_file_permissions _____________
tests/test_cli_interface.py:82: in test_cli_input_file_permissions
    with pytest.raises(PermissionError):
         ^^^^^^^^^^^^^^^^^^^^^^^^^^^^^^
E   Failed: DID NOT RAISE <class 'PermissionError'>
____________________ TestCLIExecution.test_cli_verbose_mode ____________________
tests/test_cli_interface.py:121: in test_cli_verbose_mode
    assert "Processing" in captured.out or "Loading" in captured.out
E   AssertionError: assert ('Processing' in '' or 'Loading' in '')
E    +  where '' = CaptureResult(out='', err='').out
E    +  and   '' = CaptureResult(out='', err='').out
______________ TestCLIErrorHandling.test_cli_missing_input_error _______________
tests/test_cli_interface.py:147: in test_cli_missing_input_error
    with pytest.raises(SystemExit) as exc:
         ^^^^^^^^^^^^^^^^^^^^^^^^^
E   Failed: DID NOT RAISE <class 'SystemExit'>
______________ TestCLIErrorHandling.test_cli_invalid_format_error ______________
tests/test_cli_interface.py:157: in test_cli_invalid_format_error
    with pytest.raises(SystemExit) as exc:
         ^^^^^^^^^^^^^^^^^^^^^^^^^
E   Failed: DID NOT RAISE <class 'SystemExit'>
________________ TestCLIErrorHandling.test_cli_permission_error ________________
tests/test_cli_interface.py:168: in test_cli_permission_error
    with pytest.raises(SystemExit) as exc:
         ^^^^^^^^^^^^^^^^^^^^^^^^^
E   Failed: DID NOT RAISE <class 'SystemExit'>
_______________ TestCLIErrorHandling.test_cli_interrupt_handling _______________
tests/test_cli_interface.py:178: in test_cli_interrupt_handling
    with pytest.raises(SystemExit) as exc:
         ^^^^^^^^^^^^^^^^^^^^^^^^^
E   Failed: DID NOT RAISE <class 'SystemExit'>
___________________ TestCLIOutputFormats.test_cli_csv_output ___________________
tests/test_cli_interface.py:190: in test_cli_csv_output
    assert output_file.exists()
E   AssertionError: assert False
E    +  where False = exists()
E    +    where exists = PosixPath('/tmp/pytest-of-michal/pytest-44/test_cli_csv_output0/output.csv').exists
__________________ TestCLIOutputFormats.test_cli_json_output ___________________
tests/test_cli_interface.py:197: in test_cli_json_output
    assert output_file.exists()
E   AssertionError: assert False
E    +  where False = exists()
E    +    where exists = PosixPath('/tmp/pytest-of-michal/pytest-44/test_cli_json_output0/output.json').exists
___________________ TestCLIOutputFormats.test_cli_vcf_output ___________________
tests/test_cli_interface.py:204: in test_cli_vcf_output
    assert output_file.exists()
E   AssertionError: assert False
E    +  where False = exists()
E    +    where exists = PosixPath('/tmp/pytest-of-michal/pytest-44/test_cli_vcf_output0/output.vcf').exists
_____________ TestCLIOutputFormats.test_cli_auto_format_detection ______________
tests/test_cli_interface.py:213: in test_cli_auto_format_detection
    assert output_csv.exists()
E   AssertionError: assert False
E    +  where False = exists()
E    +    where exists = PosixPath('/tmp/pytest-of-michal/pytest-44/test_cli_auto_format_detection0/output.csv').exists
___________ TestCLIConfigurationOptions.test_cli_config_file_loading ___________
tests/test_cli_interface.py:231: in test_cli_config_file_loading
    config = load_config(str(config_file))
             ^^^^^^^^^^^^^^^^^^^^^^^^^^^^^
tests/test_cli_interface.py:332: in load_config
    import yaml
E   ModuleNotFoundError: No module named 'yaml'
___________ TestCLIConfigurationOptions.test_cli_invalid_config_file ___________
tests/test_cli_interface.py:249: in test_cli_invalid_config_file
    with pytest.raises(SystemExit) as exc:
         ^^^^^^^^^^^^^^^^^^^^^^^^^
E   Failed: DID NOT RAISE <class 'SystemExit'>
________________ TestCLIProgressReporting.test_cli_progress_bar ________________
tests/test_cli_interface.py:264: in test_cli_progress_bar
    assert "%" in captured.out or "Progress" in captured.out
E   AssertionError: assert ('%' in '' or 'Progress' in '')
E    +  where '' = CaptureResult(out='', err='').out
E    +  and   '' = CaptureResult(out='', err='').out
_____________ TestCLIProgressReporting.test_cli_log_file_creation ______________
tests/test_cli_interface.py:270: in test_cli_log_file_creation
    assert log_file.exists()
E   AssertionError: assert False
E    +  where False = exists()
E    +    where exists = PosixPath('/tmp/pytest-of-michal/pytest-44/test_cli_log_file_creation0/varidex.log').exists
_________________ TestCLIProgressReporting.test_cli_log_level __________________
tests/test_cli_interface.py:276: in test_cli_log_level
    content = log_file.read_text()
              ^^^^^^^^^^^^^^^^^^^^
/usr/lib/python3.13/pathlib/_local.py:548: in read_text
    return PathBase.read_text(self, encoding, errors, newline)
           ^^^^^^^^^^^^^^^^^^^^^^^^^^^^^^^^^^^^^^^^^^^^^^^^^^^
/usr/lib/python3.13/pathlib/_abc.py:632: in read_text
    with self.open(mode='r', encoding=encoding, errors=errors, newline=newline) as f:
         ^^^^^^^^^^^^^^^^^^^^^^^^^^^^^^^^^^^^^^^^^^^^^^^^^^^^^^^^^^^^^^^^^^^^^^
/usr/lib/python3.13/pathlib/_local.py:539: in open
    return io.open(self, mode, buffering, encoding, errors, newline)
           ^^^^^^^^^^^^^^^^^^^^^^^^^^^^^^^^^^^^^^^^^^^^^^^^^^^^^^^^^
E   FileNotFoundError: [Errno 2] No such file or directory: '/tmp/pytest-of-michal/pytest-44/test_cli_log_level0/debug.log'
________________ TestVariantCreation.test_full_variant_creation ________________
tests/test_core_models.py:53: in test_full_variant_creation
    assert variant.rs_id == "rs11540652"
           ^^^^^^^^^^^^^
E   AttributeError: 'VariantData' object has no attribute 'rs_id'. Did you mean: 'rsid'?
____________ TestVariantCreation.test_variant_with_optional_fields _____________
tests/test_core_models.py:67: in test_variant_with_optional_fields
    assert variant.consequence == "missense_variant"
E   AssertionError: assert '' == 'missense_variant'
E     
E     - missense_variant
________________ TestVariantValidation.test_invalid_chromosome _________________
varidex/core/models.py:334: in __init__
    chromosome = _validate_chromosome(chromosome)
                 ^^^^^^^^^^^^^^^^^^^^^^^^^^^^^^^^
varidex/core/models.py:133: in _validate_chromosome
    raise ValidationError(
E   varidex.exceptions.ValidationError: Invalid chromosome 'invalid'. Must be 1-22, X, Y, M, or MT (with optional 'chr' prefix)

The above exception was the direct cause of the following exception:
tests/test_core_models.py:78: in test_invalid_chromosome
    Variant(chrom="invalid", pos=100, ref="A", alt="G")
varidex/core/models.py:349: in __init__
    raise ValidationError(f"Invalid variant data: {e}") from e
E   varidex.exceptions.ValidationError: Invalid variant data: Invalid chromosome 'invalid'. Must be 1-22, X, Y, M, or MT (with optional 'chr' prefix)
_________________ TestVariantValidation.test_negative_position _________________
varidex/core/models.py:335: in __init__
    position = _validate_position(position)
               ^^^^^^^^^^^^^^^^^^^^^^^^^^^^
varidex/core/models.py:176: in _validate_position
    raise ValidationError(f"Position must be positive, got {pos_int}")
E   varidex.exceptions.ValidationError: Position must be positive, got -100

The above exception was the direct cause of the following exception:
tests/test_core_models.py:83: in test_negative_position
    Variant(chrom="chr1", pos=-100, ref="A", alt="G")
varidex/core/models.py:349: in __init__
    raise ValidationError(f"Invalid variant data: {e}") from e
E   varidex.exceptions.ValidationError: Invalid variant data: Position must be positive, got -100
___________________ TestVariantValidation.test_zero_position ___________________
varidex/core/models.py:335: in __init__
    position = _validate_position(position)
               ^^^^^^^^^^^^^^^^^^^^^^^^^^^^
varidex/core/models.py:176: in _validate_position
    raise ValidationError(f"Position must be positive, got {pos_int}")
E   varidex.exceptions.ValidationError: Position must be positive, got 0

The above exception was the direct cause of the following exception:
tests/test_core_models.py:88: in test_zero_position
    Variant(chrom="chr1", pos=0, ref="A", alt="G")
varidex/core/models.py:349: in __init__
    raise ValidationError(f"Invalid variant data: {e}") from e
E   varidex.exceptions.ValidationError: Invalid variant data: Position must be positive, got 0
_________________ TestVariantValidation.test_empty_ref_allele __________________
varidex/core/models.py:336: in __init__
    ref_allele = _validate_allele(
varidex/core/models.py:215: in _validate_allele
    raise ValidationError(f"{allele_type.capitalize()} cannot be empty")
E   varidex.exceptions.ValidationError: Reference allele cannot be empty

The above exception was the direct cause of the following exception:
tests/test_core_models.py:93: in test_empty_ref_allele
    Variant(chrom="chr1", pos=100, ref="", alt="G")
varidex/core/models.py:349: in __init__
    raise ValidationError(f"Invalid variant data: {e}") from e
E   varidex.exceptions.ValidationError: Invalid variant data: Reference allele cannot be empty
_________________ TestVariantValidation.test_empty_alt_allele __________________
varidex/core/models.py:339: in __init__
    alt_allele = _validate_allele(
varidex/core/models.py:215: in _validate_allele
    raise ValidationError(f"{allele_type.capitalize()} cannot be empty")
E   varidex.exceptions.ValidationError: Alternate allele cannot be empty

The above exception was the direct cause of the following exception:
tests/test_core_models.py:98: in test_empty_alt_allele
    Variant(chrom="chr1", pos=100, ref="A", alt="")
varidex/core/models.py:349: in __init__
    raise ValidationError(f"Invalid variant data: {e}") from e
E   varidex.exceptions.ValidationError: Invalid variant data: Alternate allele cannot be empty
________________ TestVariantValidation.test_invalid_nucleotides ________________
varidex/core/models.py:336: in __init__
    ref_allele = _validate_allele(
varidex/core/models.py:223: in _validate_allele
    raise ValidationError(
E   varidex.exceptions.ValidationError: Invalid reference allele 'X'. Must contain only nucleotides A, C, G, T, or N

The above exception was the direct cause of the following exception:
tests/test_core_models.py:103: in test_invalid_nucleotides
    Variant(chrom="chr1", pos=100, ref="X", alt="G")
varidex/core/models.py:349: in __init__
    raise ValidationError(f"Invalid variant data: {e}") from e
E   varidex.exceptions.ValidationError: Invalid variant data: Invalid reference allele 'X'. Must contain only nucleotides A, C, G, T, or N
_______________ TestVariantIdentifier.test_variant_id_generation _______________
tests/test_core_models.py:122: in test_variant_id_generation
    assert variant.variant_id == expected_id
E   AssertionError: assert 'chr1:12345:A:G' == 'chr1:12345:A>G'
E     
E     - chr1:12345:A>G
E     ?             ^
E     + chr1:12345:A:G
E     ?             ^
____________ TestVariantSerialization.test_round_trip_serialization ____________
tests/test_core_models.py:187: in test_round_trip_serialization
    assert original.quality_score == restored.quality_score
           ^^^^^^^^^^^^^^^^^^^^^^
E   AttributeError: 'VariantData' object has no attribute 'quality_score'
_______________ TestVariantClassification.test_confidence_range ________________
tests/test_core_models.py:226: in test_confidence_range
    with pytest.raises((ValidationError, ValueError)):
         ^^^^^^^^^^^^^^^^^^^^^^^^^^^^^^^^^^^^^^^^^^^^
E   Failed: DID NOT RAISE any of (<class 'varidex.core.exceptions.ValidationError'>, <class 'ValueError'>)
_____________ TestAnnotatedVariant.test_annotated_variant_creation _____________
tests/test_core_models.py:250: in test_annotated_variant_creation
    assert annotated.chrom == "chr1"
           ^^^^^^^^^^^^^^^
E   AttributeError: 'AnnotatedVariant' object has no attribute 'chrom'
__________________ TestAnnotatedVariant.test_gnomad_af_range ___________________
tests/test_core_models.py:261: in test_gnomad_af_range
    assert 0 <= annotated.gnomad_af <= 1.0
                ^^^^^^^^^^^^^^^^^^^
E   AttributeError: 'AnnotatedVariant' object has no attribute 'gnomad_af'
__________________ TestAnnotatedVariant.test_cadd_score_range __________________
tests/test_core_models.py:268: in test_cadd_score_range
    assert annotated.cadd_score >= 0
           ^^^^^^^^^^^^^^^^^^^^
E   AttributeError: 'AnnotatedVariant' object has no attribute 'cadd_score'
______________ TestFileReadingEdgeCases.test_very_large_file_size ______________
tests/test_coverage_boost_integration_paths.py:108: in test_very_large_file_size
    assert large_file.stat().st_size > 100000
E   AssertionError: assert 98890 > 100000
E    +  where 98890 = os.stat_result(st_mode=33204, st_ino=68338, st_dev=49, st_nlink=1, st_uid=1000, st_gid=1000, st_size=98890, st_atime=1769644545, st_mtime=1769644545, st_ctime=1769644545).st_size
E    +    where os.stat_result(st_mode=33204, st_ino=68338, st_dev=49, st_nlink=1, st_uid=1000, st_gid=1000, st_size=98890, st_atime=1769644545, st_mtime=1769644545, st_ctime=1769644545) = stat()
E    +      where stat = PosixPath('/tmp/pytest-of-michal/pytest-44/test_very_large_file_size0/large.txt').stat
____________ TestChromosomeValidation.test_invalid_chromosome_names ____________
tests/test_coverage_boost_validation.py:77: in test_invalid_chromosome_names
    with pytest.raises((ValidationError, ValueError)):
         ^^^^^^^^^^^^^^^^^^^^^^^^^^^^^^^^^^^^^^^^^^^^
E   Failed: DID NOT RAISE any of (<class 'varidex.exceptions.ValidationError'>, <class 'ValueError'>)
_____________ TestPositionValidation.test_position_string_rejected _____________
tests/test_coverage_boost_validation.py:127: in test_position_string_rejected
    with pytest.raises((ValidationError, TypeError, ValueError)):
         ^^^^^^^^^^^^^^^^^^^^^^^^^^^^^^^^^^^^^^^^^^^^^^^^^^^^^^^
E   Failed: DID NOT RAISE any of (<class 'varidex.exceptions.ValidationError'>, <class 'TypeError'>, <class 'ValueError'>)
________ TestDataValidatorMethods.test_validate_dataframe_not_dataframe ________
tests/test_coverage_boost_validation.py:279: in test_validate_dataframe_not_dataframe
    assert result is False
E   assert True is False
____________ TestDownloaderCoverage.test_download_with_invalid_url _____________
tests/test_coverage_gaps.py:402: in test_download_with_invalid_url
    with pytest.raises((ValueError, Exception)):
         ^^^^^^^^^^^^^^^^^^^^^^^^^^^^^^^^^^^^^^
E   Failed: DID NOT RAISE any of (<class 'ValueError'>, <class 'Exception'>)
----------------------------- Captured stdout call -----------------------------

  Security Error: Invalid URL scheme ''. Only HTTPS/HTTP URLs are allowed.
______________ TestDownloaderCoverage.test_download_with_timeout _______________
tests/test_coverage_gaps.py:416: in test_download_with_timeout
    with pytest.raises((requests.exceptions.Timeout, Exception)):
         ^^^^^^^^^^^^^^^^^^^^^^^^^^^^^^^^^^^^^^^^^^^^^^^^^^^^^^^
E   Failed: DID NOT RAISE any of (<class 'requests.exceptions.Timeout'>, <class 'Exception'>)
----------------------------- Captured stdout call -----------------------------
  URL: http://example.com/file.txt

  Error: HTTP Error 404: Not Found
_______________ TestVariantDataValidation.test_invalid_positions _______________
tests/test_data_validation.py:46: in test_invalid_positions
    with pytest.raises(ValueError):
         ^^^^^^^^^^^^^^^^^^^^^^^^^
E   Failed: DID NOT RAISE <class 'ValueError'>
________________ TestFrequencyValidation.test_valid_frequencies ________________
tests/test_data_validation.py:86: in test_valid_frequencies
    assert validate_frequency(freq)
E   assert 0.0
E    +  where 0.0 = validate_frequency(0.0)
_______________ TestDataFrameValidation.test_duplicate_variants ________________
tests/test_data_validation.py:187: in test_duplicate_variants
    assert len(duplicates) == 1  # One duplicate pair
    ^^^^^^^^^^^^^^^^^^^^^^^^^^^
E   assert 2 == 1
E    +  where 2 = len(  CHROM  POS REF ALT\n0     1  100   A   T\n1     1  100   A   T)
______________ TestBoundaryConditions.test_max_chromosome_length _______________
tests/test_data_validation.py:245: in test_max_chromosome_length
    with pytest.raises(ValueError):
         ^^^^^^^^^^^^^^^^^^^^^^^^^
E   Failed: DID NOT RAISE <class 'ValueError'>
_______________ TestBoundaryConditions.test_extreme_float_values _______________
tests/test_data_validation.py:265: in test_extreme_float_values
    with pytest.raises(ValueError):
         ^^^^^^^^^^^^^^^^^^^^^^^^^
E   Failed: DID NOT RAISE <class 'ValueError'>
_________________ TestDownloadFile.test_download_file_success __________________
/usr/lib/python3.13/unittest/mock.py:1423: in patched
    with self.decoration_helper(patched,
/usr/lib/python3.13/contextlib.py:141: in __enter__
    return next(self.gen)
           ^^^^^^^^^^^^^^
/usr/lib/python3.13/unittest/mock.py:1405: in decoration_helper
    arg = exit_stack.enter_context(patching)
          ^^^^^^^^^^^^^^^^^^^^^^^^^^^^^^^^^^
/usr/lib/python3.13/contextlib.py:530: in enter_context
    result = _enter(cm)
             ^^^^^^^^^^
/usr/lib/python3.13/unittest/mock.py:1481: in __enter__
    self.target = self.getter()
                  ^^^^^^^^^^^^^
/usr/lib/python3.13/pkgutil.py:528: in resolve_name
    result = getattr(result, p)
             ^^^^^^^^^^^^^^^^^^
E   AttributeError: module 'varidex.downloader' has no attribute 'requests'
________________ TestDownloadFile.test_download_file_http_error ________________
/usr/lib/python3.13/unittest/mock.py:1423: in patched
    with self.decoration_helper(patched,
/usr/lib/python3.13/contextlib.py:141: in __enter__
    return next(self.gen)
           ^^^^^^^^^^^^^^
/usr/lib/python3.13/unittest/mock.py:1405: in decoration_helper
    arg = exit_stack.enter_context(patching)
          ^^^^^^^^^^^^^^^^^^^^^^^^^^^^^^^^^^
/usr/lib/python3.13/contextlib.py:530: in enter_context
    result = _enter(cm)
             ^^^^^^^^^^
/usr/lib/python3.13/unittest/mock.py:1481: in __enter__
    self.target = self.getter()
                  ^^^^^^^^^^^^^
/usr/lib/python3.13/pkgutil.py:528: in resolve_name
    result = getattr(result, p)
             ^^^^^^^^^^^^^^^^^^
E   AttributeError: module 'varidex.downloader' has no attribute 'requests'
______________ TestDownloadFile.test_download_file_with_progress _______________
/usr/lib/python3.13/unittest/mock.py:1423: in patched
    with self.decoration_helper(patched,
/usr/lib/python3.13/contextlib.py:141: in __enter__
    return next(self.gen)
           ^^^^^^^^^^^^^^
/usr/lib/python3.13/unittest/mock.py:1405: in decoration_helper
    arg = exit_stack.enter_context(patching)
          ^^^^^^^^^^^^^^^^^^^^^^^^^^^^^^^^^^
/usr/lib/python3.13/contextlib.py:530: in enter_context
    result = _enter(cm)
             ^^^^^^^^^^
/usr/lib/python3.13/unittest/mock.py:1481: in __enter__
    self.target = self.getter()
                  ^^^^^^^^^^^^^
/usr/lib/python3.13/pkgutil.py:528: in resolve_name
    result = getattr(result, p)
             ^^^^^^^^^^^^^^^^^^
E   AttributeError: module 'varidex.downloader' has no attribute 'requests'
______________ TestDownloadFile.test_download_file_network_error _______________
/usr/lib/python3.13/unittest/mock.py:1423: in patched
    with self.decoration_helper(patched,
/usr/lib/python3.13/contextlib.py:141: in __enter__
    return next(self.gen)
           ^^^^^^^^^^^^^^
/usr/lib/python3.13/unittest/mock.py:1405: in decoration_helper
    arg = exit_stack.enter_context(patching)
          ^^^^^^^^^^^^^^^^^^^^^^^^^^^^^^^^^^
/usr/lib/python3.13/contextlib.py:530: in enter_context
    result = _enter(cm)
             ^^^^^^^^^^
/usr/lib/python3.13/unittest/mock.py:1481: in __enter__
    self.target = self.getter()
                  ^^^^^^^^^^^^^
/usr/lib/python3.13/pkgutil.py:528: in resolve_name
    result = getattr(result, p)
             ^^^^^^^^^^^^^^^^^^
E   AttributeError: module 'varidex.downloader' has no attribute 'requests'
______________ TestResourceDownloader.test_init_default_cache_dir ______________
tests/test_downloader.py:166: in test_init_default_cache_dir
    assert downloader.cache_dir is not None
           ^^^^^^^^^^^^^^^^^^^^
E   AttributeError: 'ResourceDownloader' object has no attribute 'cache_dir'
______________ TestResourceDownloader.test_init_custom_cache_dir _______________
tests/test_downloader.py:172: in test_init_custom_cache_dir
    downloader = ResourceDownloader(cache_dir=cache_dir)
                 ^^^^^^^^^^^^^^^^^^^^^^^^^^^^^^^^^^^^^^^
E   TypeError: ResourceDownloader.__init__() got an unexpected keyword argument 'cache_dir'
___________ TestResourceDownloader.test_download_resource_not_cached ___________
tests/test_downloader.py:182: in test_download_resource_not_cached
    downloader = ResourceDownloader(cache_dir=cache_dir)
                 ^^^^^^^^^^^^^^^^^^^^^^^^^^^^^^^^^^^^^^^
E   TypeError: ResourceDownloader.__init__() got an unexpected keyword argument 'cache_dir'
_________ TestResourceDownloader.test_download_resource_already_cached _________
tests/test_downloader.py:205: in test_download_resource_already_cached
    downloader = ResourceDownloader(cache_dir=cache_dir)
                 ^^^^^^^^^^^^^^^^^^^^^^^^^^^^^^^^^^^^^^^
E   TypeError: ResourceDownloader.__init__() got an unexpected keyword argument 'cache_dir'
_________ TestResourceDownloader.test_download_resource_with_checksum __________
tests/test_downloader.py:221: in test_download_resource_with_checksum
    downloader = ResourceDownloader(cache_dir=cache_dir)
                 ^^^^^^^^^^^^^^^^^^^^^^^^^^^^^^^^^^^^^^^
E   TypeError: ResourceDownloader.__init__() got an unexpected keyword argument 'cache_dir'
_______ TestResourceDownloader.test_download_resource_checksum_mismatch ________
tests/test_downloader.py:246: in test_download_resource_checksum_mismatch
    downloader = ResourceDownloader(cache_dir=cache_dir)
                 ^^^^^^^^^^^^^^^^^^^^^^^^^^^^^^^^^^^^^^^
E   TypeError: ResourceDownloader.__init__() got an unexpected keyword argument 'cache_dir'
________ TestResourceDownloader.test_download_resource_force_redownload ________
tests/test_downloader.py:269: in test_download_resource_force_redownload
    downloader = ResourceDownloader(cache_dir=cache_dir)
                 ^^^^^^^^^^^^^^^^^^^^^^^^^^^^^^^^^^^^^^^
E   TypeError: ResourceDownloader.__init__() got an unexpected keyword argument 'cache_dir'
___________________ TestResourceDownloader.test_clear_cache ____________________
tests/test_downloader.py:292: in test_clear_cache
    downloader = ResourceDownloader(cache_dir=cache_dir)
                 ^^^^^^^^^^^^^^^^^^^^^^^^^^^^^^^^^^^^^^^
E   TypeError: ResourceDownloader.__init__() got an unexpected keyword argument 'cache_dir'
__________________ TestResourceDownloader.test_get_cache_size __________________
tests/test_downloader.py:304: in test_get_cache_size
    downloader = ResourceDownloader(cache_dir=cache_dir)
                 ^^^^^^^^^^^^^^^^^^^^^^^^^^^^^^^^^^^^^^^
E   TypeError: ResourceDownloader.__init__() got an unexpected keyword argument 'cache_dir'
________________ TestResourceDownloader.test_list_cached_files _________________
tests/test_downloader.py:318: in test_list_cached_files
    downloader = ResourceDownloader(cache_dir=cache_dir)
                 ^^^^^^^^^^^^^^^^^^^^^^^^^^^^^^^^^^^^^^^
E   TypeError: ResourceDownloader.__init__() got an unexpected keyword argument 'cache_dir'
_______ TestDownloadRetry.test_download_retry_success_on_second_attempt ________
/usr/lib/python3.13/unittest/mock.py:1423: in patched
    with self.decoration_helper(patched,
/usr/lib/python3.13/contextlib.py:141: in __enter__
    return next(self.gen)
           ^^^^^^^^^^^^^^
/usr/lib/python3.13/unittest/mock.py:1405: in decoration_helper
    arg = exit_stack.enter_context(patching)
          ^^^^^^^^^^^^^^^^^^^^^^^^^^^^^^^^^^
/usr/lib/python3.13/contextlib.py:530: in enter_context
    result = _enter(cm)
             ^^^^^^^^^^
/usr/lib/python3.13/unittest/mock.py:1481: in __enter__
    self.target = self.getter()
                  ^^^^^^^^^^^^^
/usr/lib/python3.13/pkgutil.py:528: in resolve_name
    result = getattr(result, p)
             ^^^^^^^^^^^^^^^^^^
E   AttributeError: module 'varidex.downloader' has no attribute 'requests'
_______________ TestDownloadRetry.test_download_retry_exhausted ________________
/usr/lib/python3.13/unittest/mock.py:1423: in patched
    with self.decoration_helper(patched,
/usr/lib/python3.13/contextlib.py:141: in __enter__
    return next(self.gen)
           ^^^^^^^^^^^^^^
/usr/lib/python3.13/unittest/mock.py:1405: in decoration_helper
    arg = exit_stack.enter_context(patching)
          ^^^^^^^^^^^^^^^^^^^^^^^^^^^^^^^^^^
/usr/lib/python3.13/contextlib.py:530: in enter_context
    result = _enter(cm)
             ^^^^^^^^^^
/usr/lib/python3.13/unittest/mock.py:1481: in __enter__
    self.target = self.getter()
                  ^^^^^^^^^^^^^
/usr/lib/python3.13/pkgutil.py:528: in resolve_name
    result = getattr(result, p)
             ^^^^^^^^^^^^^^^^^^
E   AttributeError: module 'varidex.downloader' has no attribute 'requests'
_________________ TestMalformedData.test_mixed_type_chromosome _________________
tests/test_edge_cases.py:171: in test_mixed_type_chromosome
    assert df["CHROM"].dtype == object
E   AssertionError: assert <StringDtype(storage='python', na_value=nan)> == object
E    +  where <StringDtype(storage='python', na_value=nan)> = 0     1\n1     2\n2     X\n3     Y\n4    MT\nName: CHROM, dtype: str.dtype
__________ TestDataTypeConversions.test_string_to_numeric_conversion ___________
tests/test_edge_cases.py:401: in test_string_to_numeric_conversion
    assert isinstance(df["POS"][0], (int, float))
E   AssertionError: assert False
E    +  where False = isinstance(np.int64(12345), (<class 'int'>, <class 'float'>))
__________ TestDataTypeConversions.test_numeric_to_string_conversion ___________
tests/test_edge_cases.py:408: in test_numeric_to_string_conversion
    assert df["CHROM"].dtype == object
E   AssertionError: assert <StringDtype(storage='python', na_value=nan)> == object
E    +  where <StringDtype(storage='python', na_value=nan)> = 0    1\n1    2\n2    3\nName: CHROM, dtype: str.dtype
____________ TestDataValidationErrors.test_invalid_position_format _____________
tests/test_error_recovery.py:194: in test_invalid_position_format
    with pytest.raises(ValueError):
         ^^^^^^^^^^^^^^^^^^^^^^^^^
E   Failed: DID NOT RAISE <class 'ValueError'>
___________ TestEndToEndPipeline.test_e2e_single_variant_annotation ____________
tests/test_integration_e2e.py:35: in test_e2e_single_variant_annotation
    from varidex.io.loaders.vcf_loader import load_vcf
E   ModuleNotFoundError: No module named 'varidex.io.loaders.vcf_loader'
___________ TestEndToEndPipeline.test_e2e_variant_matching_workflow ____________
tests/test_integration_e2e.py:73: in test_e2e_variant_matching_workflow
    assert len(matches) == 1
E   assert 0 == 1
E    +  where 0 = len(Empty DataFrame\nColumns: []\nIndex: [])
------------------------------ Captured log call -------------------------------
WARNING  varidex.io.matching:matching.py:85 User DataFrame missing coordinate columns
____________ TestEndToEndPipeline.test_e2e_multi_source_integration ____________
tests/test_integration_e2e.py:87: in test_e2e_multi_source_integration
    from varidex.io.loaders.vcf_loader import load_vcf
E   ModuleNotFoundError: No module named 'varidex.io.loaders.vcf_loader'
_____________ TestPerformanceIntegration.test_large_vcf_processing _____________
tests/test_integration_e2e.py:195: in test_large_vcf_processing
    from varidex.io.loaders.vcf_loader import load_vcf
E   ModuleNotFoundError: No module named 'varidex.io.loaders.vcf_loader'
_______ TestPerformanceIntegration.test_concurrent_matching_performance ________
tests/test_integration_e2e.py:228: in test_concurrent_matching_performance
    assert len(matches) == n_variants // 2
E   assert 0 == (50000 // 2)
E    +  where 0 = len(Empty DataFrame\nColumns: []\nIndex: [])
------------------------------ Captured log call -------------------------------
WARNING  varidex.io.matching:matching.py:85 User DataFrame missing coordinate columns
_________ TestPerformanceIntegration.test_memory_efficient_processing __________
tests/test_integration_e2e.py:245: in test_memory_efficient_processing
    from varidex.io.loaders.vcf_loader import load_vcf_chunked
E   ModuleNotFoundError: No module named 'varidex.io.loaders.vcf_loader'
______________ TestDataIntegrity.test_roundtrip_vcf_to_dataframe _______________
tests/test_integration_e2e.py:270: in test_roundtrip_vcf_to_dataframe
    from varidex.io.loaders.vcf_loader import load_vcf
E   ModuleNotFoundError: No module named 'varidex.io.loaders.vcf_loader'
_____________ TestDataIntegrity.test_coordinate_system_consistency _____________
tests/test_integration_e2e.py:298: in test_coordinate_system_consistency
    from varidex.utils.coordinates import convert_to_1based
E   ModuleNotFoundError: No module named 'varidex.utils.coordinates'
____________ TestDataIntegrity.test_allele_normalization_integrity _____________
tests/test_integration_e2e.py:322: in test_allele_normalization_integrity
    from varidex.io.normalization import normalize_alleles
E   ImportError: cannot import name 'normalize_alleles' from 'varidex.io.normalization' (/media/michal/647A504F7A50205A/GENOME/Michal/VariDex10/VariDex/varidex/io/normalization.py)
___________ TestErrorRecovery.test_pipeline_handles_malformed_input ____________
tests/test_integration_e2e.py:342: in test_pipeline_handles_malformed_input
    from varidex.io.loaders.vcf_loader import load_vcf
E   ModuleNotFoundError: No module named 'varidex.io.loaders.vcf_loader'
____________ TestErrorRecovery.test_pipeline_handles_missing_files _____________
tests/test_integration_e2e.py:349: in test_pipeline_handles_missing_files
    from varidex.io.loaders.vcf_loader import load_vcf
E   ModuleNotFoundError: No module named 'varidex.io.loaders.vcf_loader'
______ TestConfigurationIntegration.test_config_affects_pipeline_behavior ______
tests/test_integration_e2e.py:388: in test_config_affects_pipeline_behavior
    assert config.output_dir == tmp_path
E   AssertionError: assert '/tmp/pytest-of-michal/pytest-44/test_config_affects_pipeline_b0' == PosixPath('/tmp/pytest-of-michal/pytest-44/test_config_affects_pipeline_b0')
E    +  where '/tmp/pytest-of-michal/pytest-44/test_config_affects_pipeline_b0' = VariDexConfig(reference_genome='GRCh38', min_quality_score=20.0, min_read_depth=10, max_missing_rate=0.1, population_af_threshold=0.01, rare_variant_threshold=0.001, thread_count=4, chunk_size=1000, enable_caching=True, clinvar_path='', gnomad_path='', dbnsfp_path='', output_format='json', output_directory='/tmp/pytest-of-michal/pytest-44/test_config_affects_pipeline_b0', include_annotations=True, acmg_strict_mode=False, require_population_data=False, log_level='INFO', debug_mode=False).output_dir
_____________ TestConfigurationIntegration.test_config_persistence _____________
tests/test_integration_e2e.py:406: in test_config_persistence
    assert loaded_config.output_dir == tmp_path
E   AssertionError: assert '/tmp/pytest-of-michal/pytest-44/test_config_persistence0' == PosixPath('/tmp/pytest-of-michal/pytest-44/test_config_persistence0')
E    +  where '/tmp/pytest-of-michal/pytest-44/test_config_persistence0' = VariDexConfig(reference_genome='GRCh38', min_quality_score=20.0, min_read_depth=10, max_missing_rate=0.1, population_af_threshold=0.01, rare_variant_threshold=0.001, thread_count=4, chunk_size=1000, enable_caching=True, clinvar_path='', gnomad_path='', dbnsfp_path='', output_format='json', output_directory='/tmp/pytest-of-michal/pytest-44/test_config_persistence0', include_annotations=True, acmg_strict_mode=False, require_population_data=False, log_level='INFO', debug_mode=False).output_dir
____________ TestMatchByCoordinates.test_match_by_coordinates_exact ____________
tests/test_io_matching.py:77: in test_match_by_coordinates_exact
    assert len(result) == 2
E   assert 0 == 2
E    +  where 0 = len(Empty DataFrame\nColumns: []\nIndex: [])
------------------------------ Captured log call -------------------------------
WARNING  varidex.io.matching:matching.py:85 User DataFrame missing coordinate columns
_______ TestMatchByCoordinates.test_match_by_coordinates_partial_overlap _______
tests/test_io_matching.py:125: in test_match_by_coordinates_partial_overlap
    assert len(result) == 2
E   assert 0 == 2
E    +  where 0 = len(Empty DataFrame\nColumns: []\nIndex: [])
------------------------------ Captured log call -------------------------------
WARNING  varidex.io.matching:matching.py:85 User DataFrame missing coordinate columns
_______ TestMatchByCoordinates.test_match_by_coordinates_allow_mismatch ________
tests/test_io_matching.py:149: in test_match_by_coordinates_allow_mismatch
    result = match_by_coordinates(query_df, ref_df, match_alleles=False)
             ^^^^^^^^^^^^^^^^^^^^^^^^^^^^^^^^^^^^^^^^^^^^^^^^^^^^^^^^^^^
E   TypeError: match_by_coordinates() got an unexpected keyword argument 'match_alleles'
______________ TestMatchByVariantID.test_match_by_variant_id_rsid ______________
tests/test_io_matching.py:169: in test_match_by_variant_id_rsid
    result = match_by_variant_id(query_df, ref_df)
             ^^^^^^^^^^^^^^^^^^^^^^^^^^^^^^^^^^^^^
varidex/io/matching.py:271: in match_by_variant_id
    raise MatchingError(f"Column '{id_column}' not found in user variants")
          ^^^^^^^^^^^^^
E   NameError: name 'MatchingError' is not defined
___________ TestMatchByVariantID.test_match_by_variant_id_no_matches ___________
tests/test_io_matching.py:188: in test_match_by_variant_id_no_matches
    result = match_by_variant_id(query_df, ref_df)
             ^^^^^^^^^^^^^^^^^^^^^^^^^^^^^^^^^^^^^
varidex/io/matching.py:271: in match_by_variant_id
    raise MatchingError(f"Column '{id_column}' not found in user variants")
          ^^^^^^^^^^^^^
E   NameError: name 'MatchingError' is not defined
______________ TestFindExactMatches.test_find_exact_matches_basic ______________
tests/test_io_matching.py:224: in test_find_exact_matches_basic
    matches = find_exact_matches(query_variants, reference_variants)
              ^^^^^^^^^^^^^^^^^^^^^^^^^^^^^^^^^^^^^^^^^^^^^^^^^^^^^^
varidex/io/matching.py:359: in find_exact_matches
    matched = variants_df.merge(reference_df, on=match_cols, how="inner")
              ^^^^^^^^^^^^^^^^^
E   AttributeError: 'list' object has no attribute 'merge'
______________ TestFindExactMatches.test_find_exact_matches_none _______________
tests/test_io_matching.py:250: in test_find_exact_matches_none
    matches = find_exact_matches(query_variants, reference_variants)
              ^^^^^^^^^^^^^^^^^^^^^^^^^^^^^^^^^^^^^^^^^^^^^^^^^^^^^^
varidex/io/matching.py:359: in find_exact_matches
    matched = variants_df.merge(reference_df, on=match_cols, how="inner")
              ^^^^^^^^^^^^^^^^^
E   AttributeError: 'list' object has no attribute 'merge'
________ TestFindExactMatches.test_find_exact_matches_assembly_mismatch ________
tests/test_io_matching.py:275: in test_find_exact_matches_assembly_mismatch
    matches = find_exact_matches(query_variants, reference_variants)
              ^^^^^^^^^^^^^^^^^^^^^^^^^^^^^^^^^^^^^^^^^^^^^^^^^^^^^^
varidex/io/matching.py:359: in find_exact_matches
    matched = variants_df.merge(reference_df, on=match_cols, how="inner")
              ^^^^^^^^^^^^^^^^^
E   AttributeError: 'list' object has no attribute 'merge'
_________ TestFindFuzzyMatches.test_find_fuzzy_matches_nearby_position _________
tests/test_io_matching.py:305: in test_find_fuzzy_matches_nearby_position
    matches = find_fuzzy_matches(
E   TypeError: find_fuzzy_matches() got an unexpected keyword argument 'position_tolerance'
________ TestFindFuzzyMatches.test_find_fuzzy_matches_different_alleles ________
tests/test_io_matching.py:332: in test_find_fuzzy_matches_different_alleles
    matches = find_fuzzy_matches(
E   TypeError: find_fuzzy_matches() got an unexpected keyword argument 'allow_allele_mismatch'
_________ TestFindFuzzyMatches.test_find_fuzzy_matches_strict_alleles __________
tests/test_io_matching.py:359: in test_find_fuzzy_matches_strict_alleles
    matches = find_fuzzy_matches(
E   TypeError: find_fuzzy_matches() got an unexpected keyword argument 'position_tolerance'
_______________ TestMatchVariants.test_match_variants_exact_mode _______________
tests/test_io_matching.py:392: in test_match_variants_exact_mode
    result = match_variants(query, reference, mode="exact")
             ^^^^^^^^^^^^^^^^^^^^^^^^^^^^^^^^^^^^^^^^^^^^^^
E   TypeError: match_variants() got an unexpected keyword argument 'mode'
_______________ TestMatchVariants.test_match_variants_fuzzy_mode _______________
tests/test_io_matching.py:417: in test_match_variants_fuzzy_mode
    result = match_variants(query, reference, mode="fuzzy", tolerance=5)
             ^^^^^^^^^^^^^^^^^^^^^^^^^^^^^^^^^^^^^^^^^^^^^^^^^^^^^^^^^^^
E   TypeError: match_variants() got an unexpected keyword argument 'mode'
______________ TestMatchVariants.test_match_variants_invalid_mode ______________
tests/test_io_matching.py:426: in test_match_variants_invalid_mode
    match_variants(query, reference, mode="invalid")
E   TypeError: match_variants() got an unexpected keyword argument 'mode'
______________ TestMatchVariants.test_match_variants_empty_query _______________
tests/test_io_matching.py:433: in test_match_variants_empty_query
    result = match_variants(query, reference)
             ^^^^^^^^^^^^^^^^^^^^^^^^^^^^^^^^
varidex/io/matching.py:307: in match_variants
    raise MatchingError(f"Column '{col}' not found in user variants")
          ^^^^^^^^^^^^^
E   NameError: name 'MatchingError' is not defined
____________ TestMatchVariants.test_match_variants_empty_reference _____________
tests/test_io_matching.py:441: in test_match_variants_empty_reference
    result = match_variants(query, reference)
             ^^^^^^^^^^^^^^^^^^^^^^^^^^^^^^^^
varidex/io/matching.py:309: in match_variants
    raise MatchingError(f"Column '{col}' not found in ClinVar data")
          ^^^^^^^^^^^^^
E   NameError: name 'MatchingError' is not defined
_______________ TestMatchingPerformance.test_match_large_dataset _______________
tests/test_io_matching.py:470: in test_match_large_dataset
    assert len(result) == n_variants // 2
E   assert 0 == (10000 // 2)
E    +  where 0 = len(Empty DataFrame\nColumns: []\nIndex: [])
------------------------------ Captured log call -------------------------------
WARNING  varidex.io.matching:matching.py:85 User DataFrame missing coordinate columns
__________ TestMatchingPerformance.test_match_variants_deduplication ___________
tests/test_io_matching.py:494: in test_match_variants_deduplication
    assert len(result) >= 1
E   assert 0 >= 1
E    +  where 0 = len(Empty DataFrame\nColumns: []\nIndex: [])
------------------------------ Captured log call -------------------------------
WARNING  varidex.io.matching:matching.py:85 User DataFrame missing coordinate columns
_______________ TestMemoryUsage.test_memory_usage_within_limits ________________
tests/test_performance_benchmarks.py:175: in test_memory_usage_within_limits
    processed = [v for v in sample_variants if v.position > 0]
                                               ^^^^^^^^^^^^^^
E   TypeError: '>' not supported between instances of 'str' and 'int'
__________ TestResourceOptimization.test_batch_processing_efficiency ___________
varidex/core/models.py:334: in __init__
    chromosome = _validate_chromosome(chromosome)
                 ^^^^^^^^^^^^^^^^^^^^^^^^^^^^^^^^
varidex/core/models.py:133: in _validate_chromosome
    raise ValidationError(
E   varidex.exceptions.ValidationError: Invalid chromosome '10000'. Must be 1-22, X, Y, M, or MT (with optional 'chr' prefix)

The above exception was the direct cause of the following exception:
tests/test_performance_benchmarks.py:327: in test_batch_processing_efficiency
    variants = [Variant("chr1", 10000 + i * 100, "A", "G") for i in range(100)]
                ^^^^^^^^^^^^^^^^^^^^^^^^^^^^^^^^^^^^^^^^^^
varidex/core/models.py:349: in __init__
    raise ValidationError(f"Invalid variant data: {e}") from e
E   varidex.exceptions.ValidationError: Invalid variant data: Invalid chromosome '10000'. Must be 1-22, X, Y, M, or MT (with optional 'chr' prefix)
_________________ TestStageManagement.test_stage_registration __________________
tests/test_pipeline_orchestrator.py:148: in test_stage_registration
    assert hasattr(orchestrator, "_stages") or hasattr(orchestrator, "stages")
E   AssertionError: assert (False or False)
E    +  where False = hasattr(<varidex.pipeline.orchestrator.PipelineOrchestrator object at 0x70ef3efaccd0>, '_stages')
E    +  and   False = hasattr(<varidex.pipeline.orchestrator.PipelineOrchestrator object at 0x70ef3efaccd0>, 'stages')
________________ TestStageManagement.test_stage_execution_order ________________
varidex/pipeline/orchestrator.py:157: in run
    return self._execute_stages(stages)
           ^^^^^^^^^^^^^^^^^^^^^^^^^^^^
/usr/lib/python3.13/unittest/mock.py:1169: in __call__
    return self._mock_call(*args, **kwargs)
           ^^^^^^^^^^^^^^^^^^^^^^^^^^^^^^^^
/usr/lib/python3.13/unittest/mock.py:1173: in _mock_call
    return self._execute_mock_call(*args, **kwargs)
           ^^^^^^^^^^^^^^^^^^^^^^^^^^^^^^^^^^^^^^^^
/usr/lib/python3.13/unittest/mock.py:1234: in _execute_mock_call
    result = effect(*args, **kwargs)
             ^^^^^^^^^^^^^^^^^^^^^^^
E   TypeError: TestStageManagement.test_stage_execution_order.<locals>.<lambda>() takes 0 positional arguments but 1 was given

During handling of the above exception, another exception occurred:
tests/test_pipeline_orchestrator.py:165: in test_stage_execution_order
    orchestrator.run()
varidex/pipeline/orchestrator.py:162: in run
    raise PipelineError(str(e))
E   varidex.exceptions.PipelineError: TestStageManagement.test_stage_execution_order.<locals>.<lambda>() takes 0 positional arguments but 1 was given
------------------------------ Captured log call -------------------------------
ERROR    varidex.pipeline.orchestrator:orchestrator.py:161 Pipeline execution failed: TestStageManagement.test_stage_execution_order.<locals>.<lambda>() takes 0 positional arguments but 1 was given
_________________ TestStageManagement.test_stage_skip_on_error _________________
varidex/pipeline/orchestrator.py:157: in run
    return self._execute_stages(stages)
           ^^^^^^^^^^^^^^^^^^^^^^^^^^^^
/usr/lib/python3.13/unittest/mock.py:1169: in __call__
    return self._mock_call(*args, **kwargs)
           ^^^^^^^^^^^^^^^^^^^^^^^^^^^^^^^^
/usr/lib/python3.13/unittest/mock.py:1173: in _mock_call
    return self._execute_mock_call(*args, **kwargs)
           ^^^^^^^^^^^^^^^^^^^^^^^^^^^^^^^^^^^^^^^^
/usr/lib/python3.13/unittest/mock.py:1232: in _execute_mock_call
    raise result
E   varidex.exceptions.DataIntegrityError: Stage 1 failed

During handling of the above exception, another exception occurred:
tests/test_pipeline_orchestrator.py:192: in test_stage_skip_on_error
    orchestrator.run()
varidex/pipeline/orchestrator.py:162: in run
    raise PipelineError(str(e))
E   varidex.exceptions.PipelineError: Stage 1 failed
------------------------------ Captured log call -------------------------------
ERROR    varidex.pipeline.orchestrator:orchestrator.py:161 Pipeline execution failed: Stage 1 failed
_______________ TestErrorHandling.test_validation_error_handling _______________
varidex/pipeline/orchestrator.py:157: in run
    return self._execute_stages(stages)
           ^^^^^^^^^^^^^^^^^^^^^^^^^^^^
/usr/lib/python3.13/unittest/mock.py:1169: in __call__
    return self._mock_call(*args, **kwargs)
           ^^^^^^^^^^^^^^^^^^^^^^^^^^^^^^^^
/usr/lib/python3.13/unittest/mock.py:1173: in _mock_call
    return self._execute_mock_call(*args, **kwargs)
           ^^^^^^^^^^^^^^^^^^^^^^^^^^^^^^^^^^^^^^^^
/usr/lib/python3.13/unittest/mock.py:1228: in _execute_mock_call
    raise effect
E   varidex.exceptions.ValidationError: Invalid input

During handling of the above exception, another exception occurred:
tests/test_pipeline_orchestrator.py:289: in test_validation_error_handling
    orchestrator.run()
varidex/pipeline/orchestrator.py:162: in run
    raise PipelineError(str(e))
E   varidex.exceptions.PipelineError: Invalid input
------------------------------ Captured log call -------------------------------
ERROR    varidex.pipeline.orchestrator:orchestrator.py:161 Pipeline execution failed: Invalid input
____________ TestErrorHandling.test_data_processing_error_handling _____________
varidex/pipeline/orchestrator.py:157: in run
    return self._execute_stages(stages)
           ^^^^^^^^^^^^^^^^^^^^^^^^^^^^
/usr/lib/python3.13/unittest/mock.py:1169: in __call__
    return self._mock_call(*args, **kwargs)
           ^^^^^^^^^^^^^^^^^^^^^^^^^^^^^^^^
/usr/lib/python3.13/unittest/mock.py:1173: in _mock_call
    return self._execute_mock_call(*args, **kwargs)
           ^^^^^^^^^^^^^^^^^^^^^^^^^^^^^^^^^^^^^^^^
/usr/lib/python3.13/unittest/mock.py:1228: in _execute_mock_call
    raise effect
E   varidex.exceptions.DataIntegrityError: Processing failed

During handling of the above exception, another exception occurred:
tests/test_pipeline_orchestrator.py:297: in test_data_processing_error_handling
    orchestrator.run()
varidex/pipeline/orchestrator.py:162: in run
    raise PipelineError(str(e))
E   varidex.exceptions.PipelineError: Processing failed
------------------------------ Captured log call -------------------------------
ERROR    varidex.pipeline.orchestrator:orchestrator.py:161 Pipeline execution failed: Processing failed
________________ TestErrorHandling.test_continue_on_error_mode _________________
varidex/pipeline/orchestrator.py:157: in run
    return self._execute_stages(stages)
           ^^^^^^^^^^^^^^^^^^^^^^^^^^^^
/usr/lib/python3.13/unittest/mock.py:1169: in __call__
    return self._mock_call(*args, **kwargs)
           ^^^^^^^^^^^^^^^^^^^^^^^^^^^^^^^^
/usr/lib/python3.13/unittest/mock.py:1173: in _mock_call
    return self._execute_mock_call(*args, **kwargs)
           ^^^^^^^^^^^^^^^^^^^^^^^^^^^^^^^^^^^^^^^^
/usr/lib/python3.13/unittest/mock.py:1232: in _execute_mock_call
    raise result
E   varidex.exceptions.DataIntegrityError: Non-critical error

During handling of the above exception, another exception occurred:
tests/test_pipeline_orchestrator.py:311: in test_continue_on_error_mode
    result = orchestrator.run()
             ^^^^^^^^^^^^^^^^^^
varidex/pipeline/orchestrator.py:162: in run
    raise PipelineError(str(e))
E   varidex.exceptions.PipelineError: Non-critical error
------------------------------ Captured log call -------------------------------
ERROR    varidex.pipeline.orchestrator:orchestrator.py:161 Pipeline execution failed: Non-critical error
______________ TestValidationStage.test_validate_vcf_format_valid ______________
tests/test_pipeline_stages.py:62: in test_validate_vcf_format_valid
    result = validation_stage.validate_vcf_format(valid_vcf)
             ^^^^^^^^^^^^^^^^^^^^^^^^^^^^^^^^^^^^
E   AttributeError: 'ValidationStage' object has no attribute 'validate_vcf_format'
_____________ TestValidationStage.test_validate_vcf_format_invalid _____________
tests/test_pipeline_stages.py:68: in test_validate_vcf_format_invalid
    validation_stage.validate_vcf_format(invalid_vcf)
    ^^^^^^^^^^^^^^^^^^^^^^^^^^^^^^^^^^^^
E   AttributeError: 'ValidationStage' object has no attribute 'validate_vcf_format'
__________ TestValidationStage.test_validate_vcf_format_missing_file ___________
tests/test_pipeline_stages.py:74: in test_validate_vcf_format_missing_file
    validation_stage.validate_vcf_format(missing_file)
    ^^^^^^^^^^^^^^^^^^^^^^^^^^^^^^^^^^^^
E   AttributeError: 'ValidationStage' object has no attribute 'validate_vcf_format'
______________ TestValidationStage.test_validate_reference_genome ______________
tests/test_pipeline_stages.py:78: in test_validate_reference_genome
    assert validation_stage.validate_reference_genome("GRCh38") is True
           ^^^^^^^^^^^^^^^^^^^^^^^^^^^^^^^^^^^^^^^^^^
E   AttributeError: 'ValidationStage' object has no attribute 'validate_reference_genome'
______________ TestValidationStage.test_validate_chromosome_names ______________
tests/test_pipeline_stages.py:88: in test_validate_chromosome_names
    assert validation_stage.validate_chromosome(chrom) is True
           ^^^^^^^^^^^^^^^^^^^^^^^^^^^^^^^^^^^^
E   AttributeError: 'ValidationStage' object has no attribute 'validate_chromosome'
_________________ TestValidationStage.test_validate_positions __________________
tests/test_pipeline_stages.py:92: in test_validate_positions
    assert validation_stage.validate_position(12345) is True
           ^^^^^^^^^^^^^^^^^^^^^^^^^^^^^^^^^^
E   AttributeError: 'ValidationStage' object has no attribute 'validate_position'
__________________ TestValidationStage.test_validate_alleles ___________________
tests/test_pipeline_stages.py:102: in test_validate_alleles
    assert validation_stage.validate_alleles("A", "G") is True
           ^^^^^^^^^^^^^^^^^^^^^^^^^^^^^^^^^
E   AttributeError: 'ValidationStage' object has no attribute 'validate_alleles'
______________ TestValidationStage.test_execute_validation_stage _______________
tests/test_pipeline_stages.py:112: in test_execute_validation_stage
    validation_stage.config.input_vcf = valid_vcf
    ^^^^^^^^^^^^^^^^^^^^^^^
E   AttributeError: 'ValidationStage' object has no attribute 'config'
________________ TestAnnotationStage.test_annotate_with_gnomad _________________
tests/test_pipeline_stages.py:151: in test_annotate_with_gnomad
    with patch.object(annotation_stage, "_fetch_gnomad_data") as mock_gnomad:
         ^^^^^^^^^^^^^^^^^^^^^^^^^^^^^^^^^^^^^^^^^^^^^^^^^^^^
/usr/lib/python3.13/unittest/mock.py:1497: in __enter__
    original, local = self.get_original()
                      ^^^^^^^^^^^^^^^^^^^
/usr/lib/python3.13/unittest/mock.py:1467: in get_original
    raise AttributeError(
E   AttributeError: <varidex.pipeline.stages.AnnotationStage object at 0x70ef3bb2ef90> does not have the attribute '_fetch_gnomad_data'
________________ TestAnnotationStage.test_annotate_with_clinvar ________________
tests/test_pipeline_stages.py:163: in test_annotate_with_clinvar
    with patch.object(annotation_stage, "_fetch_clinvar_data") as mock_clinvar:
         ^^^^^^^^^^^^^^^^^^^^^^^^^^^^^^^^^^^^^^^^^^^^^^^^^^^^^
/usr/lib/python3.13/unittest/mock.py:1497: in __enter__
    original, local = self.get_original()
                      ^^^^^^^^^^^^^^^^^^^
/usr/lib/python3.13/unittest/mock.py:1467: in get_original
    raise AttributeError(
E   AttributeError: <varidex.pipeline.stages.AnnotationStage object at 0x70ef3bb62490> does not have the attribute '_fetch_clinvar_data'
________________ TestAnnotationStage.test_annotate_with_dbnsfp _________________
tests/test_pipeline_stages.py:175: in test_annotate_with_dbnsfp
    with patch.object(annotation_stage, "_fetch_dbnsfp_data") as mock_dbnsfp:
         ^^^^^^^^^^^^^^^^^^^^^^^^^^^^^^^^^^^^^^^^^^^^^^^^^^^^
/usr/lib/python3.13/unittest/mock.py:1497: in __enter__
    original, local = self.get_original()
                      ^^^^^^^^^^^^^^^^^^^
/usr/lib/python3.13/unittest/mock.py:1467: in get_original
    raise AttributeError(
E   AttributeError: <varidex.pipeline.stages.AnnotationStage object at 0x70ef3bb61bd0> does not have the attribute '_fetch_dbnsfp_data'
______________ TestAnnotationStage.test_annotate_multiple_sources ______________
tests/test_pipeline_stages.py:187: in test_annotate_multiple_sources
    with patch.object(annotation_stage, "_fetch_gnomad_data") as mock_gnomad:
         ^^^^^^^^^^^^^^^^^^^^^^^^^^^^^^^^^^^^^^^^^^^^^^^^^^^^
/usr/lib/python3.13/unittest/mock.py:1497: in __enter__
    original, local = self.get_original()
                      ^^^^^^^^^^^^^^^^^^^
/usr/lib/python3.13/unittest/mock.py:1467: in get_original
    raise AttributeError(
E   AttributeError: <varidex.pipeline.stages.AnnotationStage object at 0x70ef3b70ec40> does not have the attribute '_fetch_gnomad_data'
___________ TestAnnotationStage.test_annotation_handles_missing_data ___________
tests/test_pipeline_stages.py:202: in test_annotation_handles_missing_data
    with patch.object(annotation_stage, "_fetch_gnomad_data") as mock_gnomad:
         ^^^^^^^^^^^^^^^^^^^^^^^^^^^^^^^^^^^^^^^^^^^^^^^^^^^^
/usr/lib/python3.13/unittest/mock.py:1497: in __enter__
    original, local = self.get_original()
                      ^^^^^^^^^^^^^^^^^^^
/usr/lib/python3.13/unittest/mock.py:1467: in get_original
    raise AttributeError(
E   AttributeError: <varidex.pipeline.stages.AnnotationStage object at 0x70ef3b70f230> does not have the attribute '_fetch_gnomad_data'
__________________ TestAnnotationStage.test_batch_annotation ___________________
tests/test_pipeline_stages.py:213: in test_batch_annotation
    with patch.object(annotation_stage, "annotate_variant") as mock_annotate:
         ^^^^^^^^^^^^^^^^^^^^^^^^^^^^^^^^^^^^^^^^^^^^^^^^^^
/usr/lib/python3.13/unittest/mock.py:1497: in __enter__
    original, local = self.get_original()
                      ^^^^^^^^^^^^^^^^^^^
/usr/lib/python3.13/unittest/mock.py:1467: in get_original
    raise AttributeError(
E   AttributeError: <varidex.pipeline.stages.AnnotationStage object at 0x70ef3bf520f0> does not have the attribute 'annotate_variant'
______________ TestAnnotationStage.test_execute_annotation_stage _______________
tests/test_pipeline_stages.py:223: in test_execute_annotation_stage
    with patch.object(annotation_stage, "_load_variants") as mock_load:
         ^^^^^^^^^^^^^^^^^^^^^^^^^^^^^^^^^^^^^^^^^^^^^^^^
/usr/lib/python3.13/unittest/mock.py:1497: in __enter__
    original, local = self.get_original()
                      ^^^^^^^^^^^^^^^^^^^
/usr/lib/python3.13/unittest/mock.py:1467: in get_original
    raise AttributeError(
E   AttributeError: <varidex.pipeline.stages.AnnotationStage object at 0x70ef3b76f570> does not have the attribute '_load_variants'
__________________ TestFilteringStage.test_filter_by_quality ___________________
tests/test_pipeline_stages.py:266: in test_filter_by_quality
    filtered = filtering_stage.filter_by_quality(annotated_variants, min_quality=20)
               ^^^^^^^^^^^^^^^^^^^^^^^^^^^^^^^^^
E   AttributeError: 'FilteringStage' object has no attribute 'filter_by_quality'
_________________ TestFilteringStage.test_filter_by_frequency __________________
tests/test_pipeline_stages.py:273: in test_filter_by_frequency
    filtered = filtering_stage.filter_by_frequency(annotated_variants, max_af=0.05)
               ^^^^^^^^^^^^^^^^^^^^^^^^^^^^^^^^^^^
E   AttributeError: 'FilteringStage' object has no attribute 'filter_by_frequency'
___________________ TestFilteringStage.test_filter_by_region ___________________
tests/test_pipeline_stages.py:280: in test_filter_by_region
    filtered = filtering_stage.filter_by_region(
               ^^^^^^^^^^^^^^^^^^^^^^^^^^^^^^^^
E   AttributeError: 'FilteringStage' object has no attribute 'filter_by_region'
____________________ TestFilteringStage.test_filter_by_gene ____________________
tests/test_pipeline_stages.py:291: in test_filter_by_gene
    annotated_variants[0].annotations["gene"] = "BRCA1"
    ^^^^^^^^^^^^^^^^^^^^^^^^^^^^^^^^^
E   AttributeError: 'VariantData' object has no attribute 'annotations'
___________________ TestFilteringStage.test_filter_by_impact ___________________
tests/test_pipeline_stages.py:301: in test_filter_by_impact
    annotated_variants[0].annotations["impact"] = "HIGH"
    ^^^^^^^^^^^^^^^^^^^^^^^^^^^^^^^^^
E   AttributeError: 'VariantData' object has no attribute 'annotations'
__________________ TestFilteringStage.test_compound_filtering __________________
tests/test_pipeline_stages.py:313: in test_compound_filtering
    filtered = filtering_stage.apply_filters(
               ^^^^^^^^^^^^^^^^^^^^^^^^^^^^^
E   AttributeError: 'FilteringStage' object has no attribute 'apply_filters'
_______________ TestFilteringStage.test_execute_filtering_stage ________________
tests/test_pipeline_stages.py:323: in test_execute_filtering_stage
    with patch.object(filtering_stage, "_load_variants") as mock_load:
         ^^^^^^^^^^^^^^^^^^^^^^^^^^^^^^^^^^^^^^^^^^^^^^^
/usr/lib/python3.13/unittest/mock.py:1497: in __enter__
    original, local = self.get_original()
                      ^^^^^^^^^^^^^^^^^^^
/usr/lib/python3.13/unittest/mock.py:1467: in get_original
    raise AttributeError(
E   AttributeError: <varidex.pipeline.stages.FilteringStage object at 0x70ef3bb63750> does not have the attribute '_load_variants'
____________________ TestOutputStage.test_write_vcf_output _____________________
tests/test_pipeline_stages.py:360: in test_write_vcf_output
    output_stage.write_vcf(processed_variants, output_file)
    ^^^^^^^^^^^^^^^^^^^^^^
E   AttributeError: 'OutputStage' object has no attribute 'write_vcf'
____________________ TestOutputStage.test_write_tsv_output _____________________
tests/test_pipeline_stages.py:369: in test_write_tsv_output
    output_stage.write_tsv(processed_variants, output_file)
    ^^^^^^^^^^^^^^^^^^^^^^
E   AttributeError: 'OutputStage' object has no attribute 'write_tsv'
____________________ TestOutputStage.test_write_json_output ____________________
tests/test_pipeline_stages.py:378: in test_write_json_output
    output_stage.write_json(processed_variants, output_file)
    ^^^^^^^^^^^^^^^^^^^^^^^
E   AttributeError: 'OutputStage' object has no attribute 'write_json'
____________________ TestOutputStage.test_write_html_report ____________________
tests/test_pipeline_stages.py:389: in test_write_html_report
    output_stage.write_html_report(processed_variants, output_file)
    ^^^^^^^^^^^^^^^^^^^^^^^^^^^^^^
E   AttributeError: 'OutputStage' object has no attribute 'write_html_report'
________________ TestOutputStage.test_write_summary_statistics _________________
tests/test_pipeline_stages.py:398: in test_write_summary_statistics
    output_stage.write_summary(processed_variants, output_file)
    ^^^^^^^^^^^^^^^^^^^^^^^^^^
E   AttributeError: 'OutputStage' object has no attribute 'write_summary'
__________________ TestOutputStage.test_execute_output_stage ___________________
tests/test_pipeline_stages.py:406: in test_execute_output_stage
    with patch.object(output_stage, "_load_variants") as mock_load:
         ^^^^^^^^^^^^^^^^^^^^^^^^^^^^^^^^^^^^^^^^^^^^
/usr/lib/python3.13/unittest/mock.py:1497: in __enter__
    original, local = self.get_original()
                      ^^^^^^^^^^^^^^^^^^^
/usr/lib/python3.13/unittest/mock.py:1467: in get_original
    raise AttributeError(
E   AttributeError: <varidex.pipeline.stages.OutputStage object at 0x70ef3bb63890> does not have the attribute '_load_variants'
_____________ TestStageDataFlow.test_validation_to_annotation_flow _____________
varidex/core/models.py:334: in __init__
    chromosome = _validate_chromosome(chromosome)
                 ^^^^^^^^^^^^^^^^^^^^^^^^^^^^^^^^
varidex/core/models.py:133: in _validate_chromosome
    raise ValidationError(
E   varidex.exceptions.ValidationError: Invalid chromosome '12345'. Must be 1-22, X, Y, M, or MT (with optional 'chr' prefix)

The above exception was the direct cause of the following exception:
tests/test_pipeline_stages.py:430: in test_validation_to_annotation_flow
    validated_data = [Variant("chr1", 12345, "A", "G")]
                      ^^^^^^^^^^^^^^^^^^^^^^^^^^^^^^^^
varidex/core/models.py:349: in __init__
    raise ValidationError(f"Invalid variant data: {e}") from e
E   varidex.exceptions.ValidationError: Invalid variant data: Invalid chromosome '12345'. Must be 1-22, X, Y, M, or MT (with optional 'chr' prefix)
_____________ TestStageDataFlow.test_annotation_to_filtering_flow ______________
varidex/core/models.py:334: in __init__
    chromosome = _validate_chromosome(chromosome)
                 ^^^^^^^^^^^^^^^^^^^^^^^^^^^^^^^^
varidex/core/models.py:133: in _validate_chromosome
    raise ValidationError(
E   varidex.exceptions.ValidationError: Invalid chromosome '12345'. Must be 1-22, X, Y, M, or MT (with optional 'chr' prefix)

The above exception was the direct cause of the following exception:
tests/test_pipeline_stages.py:451: in test_annotation_to_filtering_flow
    annotated_data = [Variant("chr1", 12345, "A", "G", annotations={"af": 0.001})]
                      ^^^^^^^^^^^^^^^^^^^^^^^^^^^^^^^^^^^^^^^^^^^^^^^^^^^^^^^^^^^
varidex/core/models.py:349: in __init__
    raise ValidationError(f"Invalid variant data: {e}") from e
E   varidex.exceptions.ValidationError: Invalid variant data: Invalid chromosome '12345'. Must be 1-22, X, Y, M, or MT (with optional 'chr' prefix)
_________ TestValidateVariant.test_validate_variant_invalid_chromosome _________
varidex/core/models.py:334: in __init__
    chromosome = _validate_chromosome(chromosome)
                 ^^^^^^^^^^^^^^^^^^^^^^^^^^^^^^^^
varidex/core/models.py:133: in _validate_chromosome
    raise ValidationError(
E   varidex.exceptions.ValidationError: Invalid chromosome 'chr99'. Must be 1-22, X, Y, M, or MT (with optional 'chr' prefix)

The above exception was the direct cause of the following exception:
tests/test_pipeline_validators.py:172: in test_validate_variant_invalid_chromosome
    variant = GenomicVariant(
varidex/core/models.py:349: in __init__
    raise ValidationError(f"Invalid variant data: {e}") from e
E   varidex.exceptions.ValidationError: Invalid variant data: Invalid chromosome 'chr99'. Must be 1-22, X, Y, M, or MT (with optional 'chr' prefix)
__________ TestValidateVariant.test_validate_variant_invalid_position __________
varidex/core/models.py:335: in __init__
    position = _validate_position(position)
               ^^^^^^^^^^^^^^^^^^^^^^^^^^^^
varidex/core/models.py:176: in _validate_position
    raise ValidationError(f"Position must be positive, got {pos_int}")
E   varidex.exceptions.ValidationError: Position must be positive, got -100

The above exception was the direct cause of the following exception:
tests/test_pipeline_validators.py:184: in test_validate_variant_invalid_position
    variant = GenomicVariant(
varidex/core/models.py:349: in __init__
    raise ValidationError(f"Invalid variant data: {e}") from e
E   varidex.exceptions.ValidationError: Invalid variant data: Position must be positive, got -100
_________ TestValidateVariant.test_validate_variant_invalid_reference __________
varidex/core/models.py:336: in __init__
    ref_allele = _validate_allele(
varidex/core/models.py:223: in _validate_allele
    raise ValidationError(
E   varidex.exceptions.ValidationError: Invalid reference allele 'X'. Must contain only nucleotides A, C, G, T, or N

The above exception was the direct cause of the following exception:
tests/test_pipeline_validators.py:195: in test_validate_variant_invalid_reference
    variant = GenomicVariant(
varidex/core/models.py:349: in __init__
    raise ValidationError(f"Invalid variant data: {e}") from e
E   varidex.exceptions.ValidationError: Invalid variant data: Invalid reference allele 'X'. Must contain only nucleotides A, C, G, T, or N
______________ TestValidateVariant.test_validate_variant_no_raise ______________
varidex/core/models.py:334: in __init__
    chromosome = _validate_chromosome(chromosome)
                 ^^^^^^^^^^^^^^^^^^^^^^^^^^^^^^^^
varidex/core/models.py:133: in _validate_chromosome
    raise ValidationError(
E   varidex.exceptions.ValidationError: Invalid chromosome 'chr99'. Must be 1-22, X, Y, M, or MT (with optional 'chr' prefix)

The above exception was the direct cause of the following exception:
tests/test_pipeline_validators.py:218: in test_validate_variant_no_raise
    variant = GenomicVariant(
varidex/core/models.py:349: in __init__
    raise ValidationError(f"Invalid variant data: {e}") from e
E   varidex.exceptions.ValidationError: Invalid variant data: Invalid chromosome 'chr99'. Must be 1-22, X, Y, M, or MT (with optional 'chr' prefix)
_________ TestValidationEdgeCases.test_validate_variant_missing_fields _________
varidex/core/models.py:336: in __init__
    ref_allele = _validate_allele(
varidex/core/models.py:215: in _validate_allele
    raise ValidationError(f"{allele_type.capitalize()} cannot be empty")
E   varidex.exceptions.ValidationError: Reference allele cannot be empty

The above exception was the direct cause of the following exception:
tests/test_pipeline_validators.py:306: in test_validate_variant_missing_fields
    variant = GenomicVariant(
varidex/core/models.py:349: in __init__
    raise ValidationError(f"Invalid variant data: {e}") from e
E   varidex.exceptions.ValidationError: Invalid variant data: Reference allele cannot be empty
____________ TestValidationPerformance.test_validate_mixed_validity ____________
varidex/core/models.py:334: in __init__
    chromosome = _validate_chromosome(chromosome)
                 ^^^^^^^^^^^^^^^^^^^^^^^^^^^^^^^^
varidex/core/models.py:133: in _validate_chromosome
    raise ValidationError(
E   varidex.exceptions.ValidationError: Invalid chromosome 'chr99'. Must be 1-22, X, Y, M, or MT (with optional 'chr' prefix)

The above exception was the direct cause of the following exception:
tests/test_pipeline_validators.py:357: in test_validate_mixed_validity
    GenomicVariant(
varidex/core/models.py:349: in __init__
    raise ValidationError(f"Invalid variant data: {e}") from e
E   varidex.exceptions.ValidationError: Invalid variant data: Invalid chromosome 'chr99'. Must be 1-22, X, Y, M, or MT (with optional 'chr' prefix)
________________ TestReportGenerator.test_generate_html_report _________________
tests/test_reports_generator.py:68: in test_generate_html_report
    generator.generate_html_report(sample_variants, output_file)
    ^^^^^^^^^^^^^^^^^^^^^^^^^^^^^^
E   AttributeError: 'ReportGenerator' object has no attribute 'generate_html_report'. Did you mean: 'generate_reports'?
_____________ TestReportGenerator.test_generate_summary_statistics _____________
tests/test_reports_generator.py:77: in test_generate_summary_statistics
    summary = generator.generate_summary(sample_variants)
              ^^^^^^^^^^^^^^^^^^^^^^^^^^
E   AttributeError: 'ReportGenerator' object has no attribute 'generate_summary'
________________ TestReportGenerator.test_generate_json_report _________________
tests/test_reports_generator.py:86: in test_generate_json_report
    generator.generate_json_report(sample_variants, output_file)
    ^^^^^^^^^^^^^^^^^^^^^^^^^^^^^^
E   AttributeError: 'ReportGenerator' object has no attribute 'generate_json_report'. Did you mean: 'generate_reports'?
_________________ TestReportGenerator.test_generate_tsv_report _________________
tests/test_reports_generator.py:95: in test_generate_tsv_report
    generator.generate_tsv_report(sample_variants, output_file)
    ^^^^^^^^^^^^^^^^^^^^^^^^^^^^^
E   AttributeError: 'ReportGenerator' object has no attribute 'generate_tsv_report'. Did you mean: 'generate_reports'?
______________ TestReportGenerator.test_generate_with_empty_data _______________
tests/test_reports_generator.py:105: in test_generate_with_empty_data
    generator.generate_html_report([], output_file)
    ^^^^^^^^^^^^^^^^^^^^^^^^^^^^^^
E   AttributeError: 'ReportGenerator' object has no attribute 'generate_html_report'. Did you mean: 'generate_reports'?
__________ TestReportGenerator.test_generate_with_invalid_output_path __________
tests/test_reports_generator.py:116: in test_generate_with_invalid_output_path
    generator.generate_html_report(sample_variants, invalid_path)
    ^^^^^^^^^^^^^^^^^^^^^^^^^^^^^^
E   AttributeError: 'ReportGenerator' object has no attribute 'generate_html_report'. Did you mean: 'generate_reports'?
_________________ TestHTMLFormatter.test_format_variant_table __________________
tests/test_reports_generator.py:144: in test_format_variant_table
    html = formatter.format_variant_table(sample_data["variants"])
           ^^^^^^^^^^^^^^^^^^^^^^^^^^^^^^
E   AttributeError: 'HTMLFormatter' object has no attribute 'format_variant_table'
________________ TestHTMLFormatter.test_format_summary_section _________________
tests/test_reports_generator.py:152: in test_format_summary_section
    html = formatter.format_summary(sample_data["summary"])
           ^^^^^^^^^^^^^^^^^^^^^^^^
E   AttributeError: 'HTMLFormatter' object has no attribute 'format_summary'
________________ TestHTMLFormatter.test_format_complete_report _________________
tests/test_reports_generator.py:159: in test_format_complete_report
    html = formatter.format_report(sample_data)
           ^^^^^^^^^^^^^^^^^^^^^^^
E   AttributeError: 'HTMLFormatter' object has no attribute 'format_report'
______________ TestHTMLFormatter.test_format_with_custom_template ______________
tests/test_reports_generator.py:168: in test_format_with_custom_template
    html = formatter.format_with_template(sample_data, template=custom_template)
           ^^^^^^^^^^^^^^^^^^^^^^^^^^^^^^
E   AttributeError: 'HTMLFormatter' object has no attribute 'format_with_template'
________________ TestHTMLFormatter.test_escape_html_characters _________________
tests/test_reports_generator.py:176: in test_escape_html_characters
    safe_output = formatter.escape(dangerous_input)
                  ^^^^^^^^^^^^^^^^
E   AttributeError: 'HTMLFormatter' object has no attribute 'escape'
_______________ TestHTMLFormatter.test_format_with_missing_data ________________
tests/test_reports_generator.py:184: in test_format_with_missing_data
    html = formatter.format_report(incomplete_data)
           ^^^^^^^^^^^^^^^^^^^^^^^
E   AttributeError: 'HTMLFormatter' object has no attribute 'format_report'
________________ TestJSONFormatter.test_format_variants_to_json ________________
tests/test_reports_generator.py:217: in test_format_variants_to_json
    assert data[0]["chromosome"] == "chr1"
           ^^^^^^^^^^^^^^^^^^^^^
E   TypeError: string indices must be integers, not 'str'
_______________ TestJSONFormatter.test_format_with_pretty_print ________________
tests/test_reports_generator.py:221: in test_format_with_pretty_print
    json_str = formatter.format(sample_variants, indent=2)
               ^^^^^^^^^^^^^^^^^^^^^^^^^^^^^^^^^^^^^^^^^^^
E   TypeError: JSONFormatter.format() got an unexpected keyword argument 'indent'
_______________ TestJSONFormatter.test_format_nested_annotations _______________
tests/test_reports_generator.py:253: in test_format_nested_annotations
    assert "annotations" in data[0]
E   AssertionError: assert 'annotations' in 'Variant( in :  ->  [No evidence])'
_________________ TestTSVFormatter.test_format_variants_to_tsv _________________
tests/test_reports_generator.py:288: in test_format_variants_to_tsv
    assert "\t" in tsv_str
E   AssertionError: assert '\t' in ''
_____________________ TestTSVFormatter.test_tsv_header_row _____________________
tests/test_reports_generator.py:298: in test_tsv_header_row
    assert "chromosome" in header.lower() or "chrom" in header.lower()
E   AssertionError: assert ('chromosome' in '' or 'chrom' in '')
E    +  where '' = <built-in method lower of str object at 0xa59de8>()
E    +    where <built-in method lower of str object at 0xa59de8> = ''.lower
E    +  and   '' = <built-in method lower of str object at 0xa59de8>()
E    +    where <built-in method lower of str object at 0xa59de8> = ''.lower
_____________________ TestTSVFormatter.test_tsv_data_rows ______________________
tests/test_reports_generator.py:306: in test_tsv_data_rows
    assert len(lines) >= 3  # Header + 2 data rows + possible empty
    ^^^^^^^^^^^^^^^^^^^^^^
E   AssertionError: assert 1 >= 3
E    +  where 1 = len([''])
______________ TestTSVFormatter.test_tsv_with_missing_annotations ______________
tests/test_reports_generator.py:317: in test_tsv_with_missing_annotations
    assert "chr1" in tsv_str
E   AssertionError: assert 'chr1' in ''
_____________ TestReportStatistics.test_statistics_with_empty_list _____________
tests/test_reports_generator.py:405: in test_statistics_with_empty_list
    stats = generator.generate_summary([])
            ^^^^^^^^^^^^^^^^^^^^^^^^^^
E   AttributeError: 'ReportGenerator' object has no attribute 'generate_summary'
_______ TestDataValidatorDataFrame.test_validate_dataframe_non_dataframe _______
tests/test_utils_helpers.py:95: in test_validate_dataframe_non_dataframe
    assert DataValidator.validate_dataframe("not a dataframe") is False
E   AssertionError: assert True is False
E    +  where True = <function DataValidator.validate_dataframe at 0x70ef3ec41e40>('not a dataframe')
E    +    where <function DataValidator.validate_dataframe at 0x70ef3ec41e40> = DataValidator.validate_dataframe
_______________ TestParseVariantKey.test_parse_variant_key_none ________________
tests/test_utils_helpers.py:188: in test_parse_variant_key_none
    with pytest.raises((TypeError, AttributeError)):
         ^^^^^^^^^^^^^^^^^^^^^^^^^^^^^^^^^^^^^^^^^^
E   Failed: DID NOT RAISE any of (<class 'TypeError'>, <class 'AttributeError'>)
=============================== warnings summary ===============================
tests/test_dbnsfp_integration.py:15
  /media/michal/647A504F7A50205A/GENOME/Michal/VariDex10/VariDex/tests/test_dbnsfp_integration.py:15: UserWarning: ACMGClassifierV7 is EXPERIMENTAL and not production-tested. Use ACMGClassifier for production. See VERSION_HISTORY.md for details.
    from varidex.core.classifier.engine_v8 import ACMGClassifierV8

tests/test_dbnsfp_integration.py:15
  /media/michal/647A504F7A50205A/GENOME/Michal/VariDex10/VariDex/tests/test_dbnsfp_integration.py:15: UserWarning: ACMGClassifierV8 is EXPERIMENTAL and not production-tested. Use ACMGClassifier for production. See VERSION_HISTORY.md for details.
    from varidex.core.classifier.engine_v8 import ACMGClassifierV8

-- Docs: https://docs.pytest.org/en/stable/how-to/capture-warnings.html
=========================== short test summary info ============================
FAILED tests/reporting/test_cli.py::TestReportingCLI::test_single_format[--html] - AssertionError: assert 1 == 0
 +  where 1 = <Result IsADirectoryError(21, 'Is a directory')>.exit_code
FAILED tests/reporting/test_cli.py::TestReportingCLI::test_single_format[--tsv] - AssertionError: assert 1 == 0
 +  where 1 = <Result IsADirectoryError(21, 'Is a directory')>.exit_code
FAILED tests/reporting/test_cli.py::TestReportingCLI::test_single_format[--json] - AssertionError: assert 1 == 0
 +  where 1 = <Result IsADirectoryError(21, 'Is a directory')>.exit_code
FAILED tests/reporting/test_cli.py::TestReportingCLI::test_single_format[--qc] - AssertionError: assert 1 == 0
 +  where 1 = <Result IsADirectoryError(21, 'Is a directory')>.exit_code
FAILED tests/test_cli_interface.py::TestCLIArguments::test_cli_help_flag - Failed: DID NOT RAISE <class 'SystemExit'>
FAILED tests/test_cli_interface.py::TestCLIArguments::test_cli_version_flag - Failed: DID NOT RAISE <class 'SystemExit'>
FAILED tests/test_cli_interface.py::TestCLIArguments::test_cli_required_args - Failed: DID NOT RAISE <class 'SystemExit'>
FAILED tests/test_cli_interface.py::TestCLIFileValidation::test_cli_input_file_permissions - Failed: DID NOT RAISE <class 'PermissionError'>
FAILED tests/test_cli_interface.py::TestCLIExecution::test_cli_verbose_mode - AssertionError: assert ('Processing' in '' or 'Loading' in '')
 +  where '' = CaptureResult(out='', err='').out
 +  and   '' = CaptureResult(out='', err='').out
FAILED tests/test_cli_interface.py::TestCLIErrorHandling::test_cli_missing_input_error - Failed: DID NOT RAISE <class 'SystemExit'>
FAILED tests/test_cli_interface.py::TestCLIErrorHandling::test_cli_invalid_format_error - Failed: DID NOT RAISE <class 'SystemExit'>
FAILED tests/test_cli_interface.py::TestCLIErrorHandling::test_cli_permission_error - Failed: DID NOT RAISE <class 'SystemExit'>
FAILED tests/test_cli_interface.py::TestCLIErrorHandling::test_cli_interrupt_handling - Failed: DID NOT RAISE <class 'SystemExit'>
FAILED tests/test_cli_interface.py::TestCLIOutputFormats::test_cli_csv_output - AssertionError: assert False
 +  where False = exists()
 +    where exists = PosixPath('/tmp/pytest-of-michal/pytest-44/test_cli_csv_output0/output.csv').exists
FAILED tests/test_cli_interface.py::TestCLIOutputFormats::test_cli_json_output - AssertionError: assert False
 +  where False = exists()
 +    where exists = PosixPath('/tmp/pytest-of-michal/pytest-44/test_cli_json_output0/output.json').exists
FAILED tests/test_cli_interface.py::TestCLIOutputFormats::test_cli_vcf_output - AssertionError: assert False
 +  where False = exists()
 +    where exists = PosixPath('/tmp/pytest-of-michal/pytest-44/test_cli_vcf_output0/output.vcf').exists
FAILED tests/test_cli_interface.py::TestCLIOutputFormats::test_cli_auto_format_detection - AssertionError: assert False
 +  where False = exists()
 +    where exists = PosixPath('/tmp/pytest-of-michal/pytest-44/test_cli_auto_format_detection0/output.csv').exists
FAILED tests/test_cli_interface.py::TestCLIConfigurationOptions::test_cli_config_file_loading - ModuleNotFoundError: No module named 'yaml'
FAILED tests/test_cli_interface.py::TestCLIConfigurationOptions::test_cli_invalid_config_file - Failed: DID NOT RAISE <class 'SystemExit'>
FAILED tests/test_cli_interface.py::TestCLIProgressReporting::test_cli_progress_bar - AssertionError: assert ('%' in '' or 'Progress' in '')
 +  where '' = CaptureResult(out='', err='').out
 +  and   '' = CaptureResult(out='', err='').out
FAILED tests/test_cli_interface.py::TestCLIProgressReporting::test_cli_log_file_creation - AssertionError: assert False
 +  where False = exists()
 +    where exists = PosixPath('/tmp/pytest-of-michal/pytest-44/test_cli_log_file_creation0/varidex.log').exists
FAILED tests/test_cli_interface.py::TestCLIProgressReporting::test_cli_log_level - FileNotFoundError: [Errno 2] No such file or directory: '/tmp/pytest-of-michal/pytest-44/test_cli_log_level0/debug.log'
FAILED tests/test_core_models.py::TestVariantCreation::test_full_variant_creation - AttributeError: 'VariantData' object has no attribute 'rs_id'. Did you mean: 'rsid'?
FAILED tests/test_core_models.py::TestVariantCreation::test_variant_with_optional_fields - AssertionError: assert '' == 'missense_variant'
  
  - missense_variant
FAILED tests/test_core_models.py::TestVariantValidation::test_invalid_chromosome - varidex.exceptions.ValidationError: Invalid variant data: Invalid chromosome 'invalid'. Must be 1-22, X, Y, M, or MT (with optional 'chr' prefix)
FAILED tests/test_core_models.py::TestVariantValidation::test_negative_position - varidex.exceptions.ValidationError: Invalid variant data: Position must be positive, got -100
FAILED tests/test_core_models.py::TestVariantValidation::test_zero_position - varidex.exceptions.ValidationError: Invalid variant data: Position must be positive, got 0
FAILED tests/test_core_models.py::TestVariantValidation::test_empty_ref_allele - varidex.exceptions.ValidationError: Invalid variant data: Reference allele cannot be empty
FAILED tests/test_core_models.py::TestVariantValidation::test_empty_alt_allele - varidex.exceptions.ValidationError: Invalid variant data: Alternate allele cannot be empty
FAILED tests/test_core_models.py::TestVariantValidation::test_invalid_nucleotides - varidex.exceptions.ValidationError: Invalid variant data: Invalid reference allele 'X'. Must contain only nucleotides A, C, G, T, or N
FAILED tests/test_core_models.py::TestVariantIdentifier::test_variant_id_generation - AssertionError: assert 'chr1:12345:A:G' == 'chr1:12345:A>G'
  
  - chr1:12345:A>G
  ?             ^
  + chr1:12345:A:G
  ?             ^
FAILED tests/test_core_models.py::TestVariantSerialization::test_round_trip_serialization - AttributeError: 'VariantData' object has no attribute 'quality_score'
FAILED tests/test_core_models.py::TestVariantClassification::test_confidence_range - Failed: DID NOT RAISE any of (<class 'varidex.core.exceptions.ValidationError'>, <class 'ValueError'>)
FAILED tests/test_core_models.py::TestAnnotatedVariant::test_annotated_variant_creation - AttributeError: 'AnnotatedVariant' object has no attribute 'chrom'
FAILED tests/test_core_models.py::TestAnnotatedVariant::test_gnomad_af_range - AttributeError: 'AnnotatedVariant' object has no attribute 'gnomad_af'
FAILED tests/test_core_models.py::TestAnnotatedVariant::test_cadd_score_range - AttributeError: 'AnnotatedVariant' object has no attribute 'cadd_score'
FAILED tests/test_coverage_boost_integration_paths.py::TestFileReadingEdgeCases::test_very_large_file_size - AssertionError: assert 98890 > 100000
 +  where 98890 = os.stat_result(st_mode=33204, st_ino=68338, st_dev=49, st_nlink=1, st_uid=1000, st_gid=1000, st_size=98890, st_atime=1769644545, st_mtime=1769644545, st_ctime=1769644545).st_size
 +    where os.stat_result(st_mode=33204, st_ino=68338, st_dev=49, st_nlink=1, st_uid=1000, st_gid=1000, st_size=98890, st_atime=1769644545, st_mtime=1769644545, st_ctime=1769644545) = stat()
 +      where stat = PosixPath('/tmp/pytest-of-michal/pytest-44/test_very_large_file_size0/large.txt').stat
FAILED tests/test_coverage_boost_validation.py::TestChromosomeValidation::test_invalid_chromosome_names - Failed: DID NOT RAISE any of (<class 'varidex.exceptions.ValidationError'>, <class 'ValueError'>)
FAILED tests/test_coverage_boost_validation.py::TestPositionValidation::test_position_string_rejected - Failed: DID NOT RAISE any of (<class 'varidex.exceptions.ValidationError'>, <class 'TypeError'>, <class 'ValueError'>)
FAILED tests/test_coverage_boost_validation.py::TestDataValidatorMethods::test_validate_dataframe_not_dataframe - assert True is False
FAILED tests/test_coverage_gaps.py::TestDownloaderCoverage::test_download_with_invalid_url - Failed: DID NOT RAISE any of (<class 'ValueError'>, <class 'Exception'>)
FAILED tests/test_coverage_gaps.py::TestDownloaderCoverage::test_download_with_timeout - Failed: DID NOT RAISE any of (<class 'requests.exceptions.Timeout'>, <class 'Exception'>)
FAILED tests/test_data_validation.py::TestVariantDataValidation::test_invalid_positions - Failed: DID NOT RAISE <class 'ValueError'>
FAILED tests/test_data_validation.py::TestFrequencyValidation::test_valid_frequencies - assert 0.0
 +  where 0.0 = validate_frequency(0.0)
FAILED tests/test_data_validation.py::TestDataFrameValidation::test_duplicate_variants - assert 2 == 1
 +  where 2 = len(  CHROM  POS REF ALT\n0     1  100   A   T\n1     1  100   A   T)
FAILED tests/test_data_validation.py::TestBoundaryConditions::test_max_chromosome_length - Failed: DID NOT RAISE <class 'ValueError'>
FAILED tests/test_data_validation.py::TestBoundaryConditions::test_extreme_float_values - Failed: DID NOT RAISE <class 'ValueError'>
FAILED tests/test_downloader.py::TestDownloadFile::test_download_file_success - AttributeError: module 'varidex.downloader' has no attribute 'requests'
FAILED tests/test_downloader.py::TestDownloadFile::test_download_file_http_error - AttributeError: module 'varidex.downloader' has no attribute 'requests'
FAILED tests/test_downloader.py::TestDownloadFile::test_download_file_with_progress - AttributeError: module 'varidex.downloader' has no attribute 'requests'
FAILED tests/test_downloader.py::TestDownloadFile::test_download_file_network_error - AttributeError: module 'varidex.downloader' has no attribute 'requests'
FAILED tests/test_downloader.py::TestResourceDownloader::test_init_default_cache_dir - AttributeError: 'ResourceDownloader' object has no attribute 'cache_dir'
FAILED tests/test_downloader.py::TestResourceDownloader::test_init_custom_cache_dir - TypeError: ResourceDownloader.__init__() got an unexpected keyword argument 'cache_dir'
FAILED tests/test_downloader.py::TestResourceDownloader::test_download_resource_not_cached - TypeError: ResourceDownloader.__init__() got an unexpected keyword argument 'cache_dir'
FAILED tests/test_downloader.py::TestResourceDownloader::test_download_resource_already_cached - TypeError: ResourceDownloader.__init__() got an unexpected keyword argument 'cache_dir'
FAILED tests/test_downloader.py::TestResourceDownloader::test_download_resource_with_checksum - TypeError: ResourceDownloader.__init__() got an unexpected keyword argument 'cache_dir'
FAILED tests/test_downloader.py::TestResourceDownloader::test_download_resource_checksum_mismatch - TypeError: ResourceDownloader.__init__() got an unexpected keyword argument 'cache_dir'
FAILED tests/test_downloader.py::TestResourceDownloader::test_download_resource_force_redownload - TypeError: ResourceDownloader.__init__() got an unexpected keyword argument 'cache_dir'
FAILED tests/test_downloader.py::TestResourceDownloader::test_clear_cache - TypeError: ResourceDownloader.__init__() got an unexpected keyword argument 'cache_dir'
FAILED tests/test_downloader.py::TestResourceDownloader::test_get_cache_size - TypeError: ResourceDownloader.__init__() got an unexpected keyword argument 'cache_dir'
FAILED tests/test_downloader.py::TestResourceDownloader::test_list_cached_files - TypeError: ResourceDownloader.__init__() got an unexpected keyword argument 'cache_dir'
FAILED tests/test_downloader.py::TestDownloadRetry::test_download_retry_success_on_second_attempt - AttributeError: module 'varidex.downloader' has no attribute 'requests'
FAILED tests/test_downloader.py::TestDownloadRetry::test_download_retry_exhausted - AttributeError: module 'varidex.downloader' has no attribute 'requests'
FAILED tests/test_edge_cases.py::TestMalformedData::test_mixed_type_chromosome - AssertionError: assert <StringDtype(storage='python', na_value=nan)> == object
 +  where <StringDtype(storage='python', na_value=nan)> = 0     1\n1     2\n2     X\n3     Y\n4    MT\nName: CHROM, dtype: str.dtype
FAILED tests/test_edge_cases.py::TestDataTypeConversions::test_string_to_numeric_conversion - AssertionError: assert False
 +  where False = isinstance(np.int64(12345), (<class 'int'>, <class 'float'>))
FAILED tests/test_edge_cases.py::TestDataTypeConversions::test_numeric_to_string_conversion - AssertionError: assert <StringDtype(storage='python', na_value=nan)> == object
 +  where <StringDtype(storage='python', na_value=nan)> = 0    1\n1    2\n2    3\nName: CHROM, dtype: str.dtype
FAILED tests/test_error_recovery.py::TestDataValidationErrors::test_invalid_position_format - Failed: DID NOT RAISE <class 'ValueError'>
FAILED tests/test_integration_e2e.py::TestEndToEndPipeline::test_e2e_single_variant_annotation - ModuleNotFoundError: No module named 'varidex.io.loaders.vcf_loader'
FAILED tests/test_integration_e2e.py::TestEndToEndPipeline::test_e2e_variant_matching_workflow - assert 0 == 1
 +  where 0 = len(Empty DataFrame\nColumns: []\nIndex: [])
FAILED tests/test_integration_e2e.py::TestEndToEndPipeline::test_e2e_multi_source_integration - ModuleNotFoundError: No module named 'varidex.io.loaders.vcf_loader'
FAILED tests/test_integration_e2e.py::TestPerformanceIntegration::test_large_vcf_processing - ModuleNotFoundError: No module named 'varidex.io.loaders.vcf_loader'
FAILED tests/test_integration_e2e.py::TestPerformanceIntegration::test_concurrent_matching_performance - assert 0 == (50000 // 2)
 +  where 0 = len(Empty DataFrame\nColumns: []\nIndex: [])
FAILED tests/test_integration_e2e.py::TestPerformanceIntegration::test_memory_efficient_processing - ModuleNotFoundError: No module named 'varidex.io.loaders.vcf_loader'
FAILED tests/test_integration_e2e.py::TestDataIntegrity::test_roundtrip_vcf_to_dataframe - ModuleNotFoundError: No module named 'varidex.io.loaders.vcf_loader'
FAILED tests/test_integration_e2e.py::TestDataIntegrity::test_coordinate_system_consistency - ModuleNotFoundError: No module named 'varidex.utils.coordinates'
FAILED tests/test_integration_e2e.py::TestDataIntegrity::test_allele_normalization_integrity - ImportError: cannot import name 'normalize_alleles' from 'varidex.io.normalization' (/media/michal/647A504F7A50205A/GENOME/Michal/VariDex10/VariDex/varidex/io/normalization.py)
FAILED tests/test_integration_e2e.py::TestErrorRecovery::test_pipeline_handles_malformed_input - ModuleNotFoundError: No module named 'varidex.io.loaders.vcf_loader'
FAILED tests/test_integration_e2e.py::TestErrorRecovery::test_pipeline_handles_missing_files - ModuleNotFoundError: No module named 'varidex.io.loaders.vcf_loader'
FAILED tests/test_integration_e2e.py::TestConfigurationIntegration::test_config_affects_pipeline_behavior - AssertionError: assert '/tmp/pytest-of-michal/pytest-44/test_config_affects_pipeline_b0' == PosixPath('/tmp/pytest-of-michal/pytest-44/test_config_affects_pipeline_b0')
 +  where '/tmp/pytest-of-michal/pytest-44/test_config_affects_pipeline_b0' = VariDexConfig(reference_genome='GRCh38', min_quality_score=20.0, min_read_depth=10, max_missing_rate=0.1, population_af_threshold=0.01, rare_variant_threshold=0.001, thread_count=4, chunk_size=1000, enable_caching=True, clinvar_path='', gnomad_path='', dbnsfp_path='', output_format='json', output_directory='/tmp/pytest-of-michal/pytest-44/test_config_affects_pipeline_b0', include_annotations=True, acmg_strict_mode=False, require_population_data=False, log_level='INFO', debug_mode=False).output_dir
FAILED tests/test_integration_e2e.py::TestConfigurationIntegration::test_config_persistence - AssertionError: assert '/tmp/pytest-of-michal/pytest-44/test_config_persistence0' == PosixPath('/tmp/pytest-of-michal/pytest-44/test_config_persistence0')
 +  where '/tmp/pytest-of-michal/pytest-44/test_config_persistence0' = VariDexConfig(reference_genome='GRCh38', min_quality_score=20.0, min_read_depth=10, max_missing_rate=0.1, population_af_threshold=0.01, rare_variant_threshold=0.001, thread_count=4, chunk_size=1000, enable_caching=True, clinvar_path='', gnomad_path='', dbnsfp_path='', output_format='json', output_directory='/tmp/pytest-of-michal/pytest-44/test_config_persistence0', include_annotations=True, acmg_strict_mode=False, require_population_data=False, log_level='INFO', debug_mode=False).output_dir
FAILED tests/test_io_matching.py::TestMatchByCoordinates::test_match_by_coordinates_exact - assert 0 == 2
 +  where 0 = len(Empty DataFrame\nColumns: []\nIndex: [])
FAILED tests/test_io_matching.py::TestMatchByCoordinates::test_match_by_coordinates_partial_overlap - assert 0 == 2
 +  where 0 = len(Empty DataFrame\nColumns: []\nIndex: [])
FAILED tests/test_io_matching.py::TestMatchByCoordinates::test_match_by_coordinates_allow_mismatch - TypeError: match_by_coordinates() got an unexpected keyword argument 'match_alleles'
FAILED tests/test_io_matching.py::TestMatchByVariantID::test_match_by_variant_id_rsid - NameError: name 'MatchingError' is not defined
FAILED tests/test_io_matching.py::TestMatchByVariantID::test_match_by_variant_id_no_matches - NameError: name 'MatchingError' is not defined
FAILED tests/test_io_matching.py::TestFindExactMatches::test_find_exact_matches_basic - AttributeError: 'list' object has no attribute 'merge'
FAILED tests/test_io_matching.py::TestFindExactMatches::test_find_exact_matches_none - AttributeError: 'list' object has no attribute 'merge'
FAILED tests/test_io_matching.py::TestFindExactMatches::test_find_exact_matches_assembly_mismatch - AttributeError: 'list' object has no attribute 'merge'
FAILED tests/test_io_matching.py::TestFindFuzzyMatches::test_find_fuzzy_matches_nearby_position - TypeError: find_fuzzy_matches() got an unexpected keyword argument 'position_tolerance'
FAILED tests/test_io_matching.py::TestFindFuzzyMatches::test_find_fuzzy_matches_different_alleles - TypeError: find_fuzzy_matches() got an unexpected keyword argument 'allow_allele_mismatch'
FAILED tests/test_io_matching.py::TestFindFuzzyMatches::test_find_fuzzy_matches_strict_alleles - TypeError: find_fuzzy_matches() got an unexpected keyword argument 'position_tolerance'
FAILED tests/test_io_matching.py::TestMatchVariants::test_match_variants_exact_mode - TypeError: match_variants() got an unexpected keyword argument 'mode'
FAILED tests/test_io_matching.py::TestMatchVariants::test_match_variants_fuzzy_mode - TypeError: match_variants() got an unexpected keyword argument 'mode'
FAILED tests/test_io_matching.py::TestMatchVariants::test_match_variants_invalid_mode - TypeError: match_variants() got an unexpected keyword argument 'mode'
FAILED tests/test_io_matching.py::TestMatchVariants::test_match_variants_empty_query - NameError: name 'MatchingError' is not defined
FAILED tests/test_io_matching.py::TestMatchVariants::test_match_variants_empty_reference - NameError: name 'MatchingError' is not defined
FAILED tests/test_io_matching.py::TestMatchingPerformance::test_match_large_dataset - assert 0 == (10000 // 2)
 +  where 0 = len(Empty DataFrame\nColumns: []\nIndex: [])
FAILED tests/test_io_matching.py::TestMatchingPerformance::test_match_variants_deduplication - assert 0 >= 1
 +  where 0 = len(Empty DataFrame\nColumns: []\nIndex: [])
FAILED tests/test_performance_benchmarks.py::TestMemoryUsage::test_memory_usage_within_limits - TypeError: '>' not supported between instances of 'str' and 'int'
FAILED tests/test_performance_benchmarks.py::TestResourceOptimization::test_batch_processing_efficiency - varidex.exceptions.ValidationError: Invalid variant data: Invalid chromosome '10000'. Must be 1-22, X, Y, M, or MT (with optional 'chr' prefix)
FAILED tests/test_pipeline_orchestrator.py::TestStageManagement::test_stage_registration - AssertionError: assert (False or False)
 +  where False = hasattr(<varidex.pipeline.orchestrator.PipelineOrchestrator object at 0x70ef3efaccd0>, '_stages')
 +  and   False = hasattr(<varidex.pipeline.orchestrator.PipelineOrchestrator object at 0x70ef3efaccd0>, 'stages')
FAILED tests/test_pipeline_orchestrator.py::TestStageManagement::test_stage_execution_order - varidex.exceptions.PipelineError: TestStageManagement.test_stage_execution_order.<locals>.<lambda>() takes 0 positional arguments but 1 was given
FAILED tests/test_pipeline_orchestrator.py::TestStageManagement::test_stage_skip_on_error - varidex.exceptions.PipelineError: Stage 1 failed
FAILED tests/test_pipeline_orchestrator.py::TestErrorHandling::test_validation_error_handling - varidex.exceptions.PipelineError: Invalid input
FAILED tests/test_pipeline_orchestrator.py::TestErrorHandling::test_data_processing_error_handling - varidex.exceptions.PipelineError: Processing failed
FAILED tests/test_pipeline_orchestrator.py::TestErrorHandling::test_continue_on_error_mode - varidex.exceptions.PipelineError: Non-critical error
FAILED tests/test_pipeline_stages.py::TestValidationStage::test_validate_vcf_format_valid - AttributeError: 'ValidationStage' object has no attribute 'validate_vcf_format'
FAILED tests/test_pipeline_stages.py::TestValidationStage::test_validate_vcf_format_invalid - AttributeError: 'ValidationStage' object has no attribute 'validate_vcf_format'
FAILED tests/test_pipeline_stages.py::TestValidationStage::test_validate_vcf_format_missing_file - AttributeError: 'ValidationStage' object has no attribute 'validate_vcf_format'
FAILED tests/test_pipeline_stages.py::TestValidationStage::test_validate_reference_genome - AttributeError: 'ValidationStage' object has no attribute 'validate_reference_genome'
FAILED tests/test_pipeline_stages.py::TestValidationStage::test_validate_chromosome_names - AttributeError: 'ValidationStage' object has no attribute 'validate_chromosome'
FAILED tests/test_pipeline_stages.py::TestValidationStage::test_validate_positions - AttributeError: 'ValidationStage' object has no attribute 'validate_position'
FAILED tests/test_pipeline_stages.py::TestValidationStage::test_validate_alleles - AttributeError: 'ValidationStage' object has no attribute 'validate_alleles'
FAILED tests/test_pipeline_stages.py::TestValidationStage::test_execute_validation_stage - AttributeError: 'ValidationStage' object has no attribute 'config'
FAILED tests/test_pipeline_stages.py::TestAnnotationStage::test_annotate_with_gnomad - AttributeError: <varidex.pipeline.stages.AnnotationStage object at 0x70ef3bb2ef90> does not have the attribute '_fetch_gnomad_data'
FAILED tests/test_pipeline_stages.py::TestAnnotationStage::test_annotate_with_clinvar - AttributeError: <varidex.pipeline.stages.AnnotationStage object at 0x70ef3bb62490> does not have the attribute '_fetch_clinvar_data'
FAILED tests/test_pipeline_stages.py::TestAnnotationStage::test_annotate_with_dbnsfp - AttributeError: <varidex.pipeline.stages.AnnotationStage object at 0x70ef3bb61bd0> does not have the attribute '_fetch_dbnsfp_data'
FAILED tests/test_pipeline_stages.py::TestAnnotationStage::test_annotate_multiple_sources - AttributeError: <varidex.pipeline.stages.AnnotationStage object at 0x70ef3b70ec40> does not have the attribute '_fetch_gnomad_data'
FAILED tests/test_pipeline_stages.py::TestAnnotationStage::test_annotation_handles_missing_data - AttributeError: <varidex.pipeline.stages.AnnotationStage object at 0x70ef3b70f230> does not have the attribute '_fetch_gnomad_data'
FAILED tests/test_pipeline_stages.py::TestAnnotationStage::test_batch_annotation - AttributeError: <varidex.pipeline.stages.AnnotationStage object at 0x70ef3bf520f0> does not have the attribute 'annotate_variant'
FAILED tests/test_pipeline_stages.py::TestAnnotationStage::test_execute_annotation_stage - AttributeError: <varidex.pipeline.stages.AnnotationStage object at 0x70ef3b76f570> does not have the attribute '_load_variants'
FAILED tests/test_pipeline_stages.py::TestFilteringStage::test_filter_by_quality - AttributeError: 'FilteringStage' object has no attribute 'filter_by_quality'
FAILED tests/test_pipeline_stages.py::TestFilteringStage::test_filter_by_frequency - AttributeError: 'FilteringStage' object has no attribute 'filter_by_frequency'
FAILED tests/test_pipeline_stages.py::TestFilteringStage::test_filter_by_region - AttributeError: 'FilteringStage' object has no attribute 'filter_by_region'
FAILED tests/test_pipeline_stages.py::TestFilteringStage::test_filter_by_gene - AttributeError: 'VariantData' object has no attribute 'annotations'
FAILED tests/test_pipeline_stages.py::TestFilteringStage::test_filter_by_impact - AttributeError: 'VariantData' object has no attribute 'annotations'
FAILED tests/test_pipeline_stages.py::TestFilteringStage::test_compound_filtering - AttributeError: 'FilteringStage' object has no attribute 'apply_filters'
FAILED tests/test_pipeline_stages.py::TestFilteringStage::test_execute_filtering_stage - AttributeError: <varidex.pipeline.stages.FilteringStage object at 0x70ef3bb63750> does not have the attribute '_load_variants'
FAILED tests/test_pipeline_stages.py::TestOutputStage::test_write_vcf_output - AttributeError: 'OutputStage' object has no attribute 'write_vcf'
FAILED tests/test_pipeline_stages.py::TestOutputStage::test_write_tsv_output - AttributeError: 'OutputStage' object has no attribute 'write_tsv'
FAILED tests/test_pipeline_stages.py::TestOutputStage::test_write_json_output - AttributeError: 'OutputStage' object has no attribute 'write_json'
FAILED tests/test_pipeline_stages.py::TestOutputStage::test_write_html_report - AttributeError: 'OutputStage' object has no attribute 'write_html_report'
FAILED tests/test_pipeline_stages.py::TestOutputStage::test_write_summary_statistics - AttributeError: 'OutputStage' object has no attribute 'write_summary'
FAILED tests/test_pipeline_stages.py::TestOutputStage::test_execute_output_stage - AttributeError: <varidex.pipeline.stages.OutputStage object at 0x70ef3bb63890> does not have the attribute '_load_variants'
FAILED tests/test_pipeline_stages.py::TestStageDataFlow::test_validation_to_annotation_flow - varidex.exceptions.ValidationError: Invalid variant data: Invalid chromosome '12345'. Must be 1-22, X, Y, M, or MT (with optional 'chr' prefix)
FAILED tests/test_pipeline_stages.py::TestStageDataFlow::test_annotation_to_filtering_flow - varidex.exceptions.ValidationError: Invalid variant data: Invalid chromosome '12345'. Must be 1-22, X, Y, M, or MT (with optional 'chr' prefix)
FAILED tests/test_pipeline_validators.py::TestValidateVariant::test_validate_variant_invalid_chromosome - varidex.exceptions.ValidationError: Invalid variant data: Invalid chromosome 'chr99'. Must be 1-22, X, Y, M, or MT (with optional 'chr' prefix)
FAILED tests/test_pipeline_validators.py::TestValidateVariant::test_validate_variant_invalid_position - varidex.exceptions.ValidationError: Invalid variant data: Position must be positive, got -100
FAILED tests/test_pipeline_validators.py::TestValidateVariant::test_validate_variant_invalid_reference - varidex.exceptions.ValidationError: Invalid variant data: Invalid reference allele 'X'. Must contain only nucleotides A, C, G, T, or N
FAILED tests/test_pipeline_validators.py::TestValidateVariant::test_validate_variant_no_raise - varidex.exceptions.ValidationError: Invalid variant data: Invalid chromosome 'chr99'. Must be 1-22, X, Y, M, or MT (with optional 'chr' prefix)
FAILED tests/test_pipeline_validators.py::TestValidationEdgeCases::test_validate_variant_missing_fields - varidex.exceptions.ValidationError: Invalid variant data: Reference allele cannot be empty
FAILED tests/test_pipeline_validators.py::TestValidationPerformance::test_validate_mixed_validity - varidex.exceptions.ValidationError: Invalid variant data: Invalid chromosome 'chr99'. Must be 1-22, X, Y, M, or MT (with optional 'chr' prefix)
FAILED tests/test_reports_generator.py::TestReportGenerator::test_generate_html_report - AttributeError: 'ReportGenerator' object has no attribute 'generate_html_report'. Did you mean: 'generate_reports'?
FAILED tests/test_reports_generator.py::TestReportGenerator::test_generate_summary_statistics - AttributeError: 'ReportGenerator' object has no attribute 'generate_summary'
FAILED tests/test_reports_generator.py::TestReportGenerator::test_generate_json_report - AttributeError: 'ReportGenerator' object has no attribute 'generate_json_report'. Did you mean: 'generate_reports'?
FAILED tests/test_reports_generator.py::TestReportGenerator::test_generate_tsv_report - AttributeError: 'ReportGenerator' object has no attribute 'generate_tsv_report'. Did you mean: 'generate_reports'?
FAILED tests/test_reports_generator.py::TestReportGenerator::test_generate_with_empty_data - AttributeError: 'ReportGenerator' object has no attribute 'generate_html_report'. Did you mean: 'generate_reports'?
FAILED tests/test_reports_generator.py::TestReportGenerator::test_generate_with_invalid_output_path - AttributeError: 'ReportGenerator' object has no attribute 'generate_html_report'. Did you mean: 'generate_reports'?
FAILED tests/test_reports_generator.py::TestHTMLFormatter::test_format_variant_table - AttributeError: 'HTMLFormatter' object has no attribute 'format_variant_table'
FAILED tests/test_reports_generator.py::TestHTMLFormatter::test_format_summary_section - AttributeError: 'HTMLFormatter' object has no attribute 'format_summary'
FAILED tests/test_reports_generator.py::TestHTMLFormatter::test_format_complete_report - AttributeError: 'HTMLFormatter' object has no attribute 'format_report'
FAILED tests/test_reports_generator.py::TestHTMLFormatter::test_format_with_custom_template - AttributeError: 'HTMLFormatter' object has no attribute 'format_with_template'
FAILED tests/test_reports_generator.py::TestHTMLFormatter::test_escape_html_characters - AttributeError: 'HTMLFormatter' object has no attribute 'escape'
FAILED tests/test_reports_generator.py::TestHTMLFormatter::test_format_with_missing_data - AttributeError: 'HTMLFormatter' object has no attribute 'format_report'
FAILED tests/test_reports_generator.py::TestJSONFormatter::test_format_variants_to_json - TypeError: string indices must be integers, not 'str'
FAILED tests/test_reports_generator.py::TestJSONFormatter::test_format_with_pretty_print - TypeError: JSONFormatter.format() got an unexpected keyword argument 'indent'
FAILED tests/test_reports_generator.py::TestJSONFormatter::test_format_nested_annotations - AssertionError: assert 'annotations' in 'Variant( in :  ->  [No evidence])'
FAILED tests/test_reports_generator.py::TestTSVFormatter::test_format_variants_to_tsv - AssertionError: assert '\t' in ''
FAILED tests/test_reports_generator.py::TestTSVFormatter::test_tsv_header_row - AssertionError: assert ('chromosome' in '' or 'chrom' in '')
 +  where '' = <built-in method lower of str object at 0xa59de8>()
 +    where <built-in method lower of str object at 0xa59de8> = ''.lower
 +  and   '' = <built-in method lower of str object at 0xa59de8>()
 +    where <built-in method lower of str object at 0xa59de8> = ''.lower
FAILED tests/test_reports_generator.py::TestTSVFormatter::test_tsv_data_rows - AssertionError: assert 1 >= 3
 +  where 1 = len([''])
FAILED tests/test_reports_generator.py::TestTSVFormatter::test_tsv_with_missing_annotations - AssertionError: assert 'chr1' in ''
FAILED tests/test_reports_generator.py::TestReportStatistics::test_statistics_with_empty_list - AttributeError: 'ReportGenerator' object has no attribute 'generate_summary'
FAILED tests/test_utils_helpers.py::TestDataValidatorDataFrame::test_validate_dataframe_non_dataframe - AssertionError: assert True is False
 +  where True = <function DataValidator.validate_dataframe at 0x70ef3ec41e40>('not a dataframe')
 +    where <function DataValidator.validate_dataframe at 0x70ef3ec41e40> = DataValidator.validate_dataframe
FAILED tests/test_utils_helpers.py::TestParseVariantKey::test_parse_variant_key_none - Failed: DID NOT RAISE any of (<class 'TypeError'>, <class 'AttributeError'>)
ERROR tests/test_reports_generator.py::TestReportStatistics::test_count_by_chromosome - varidex.exceptions.ValidationError: Invalid variant data: Invalid chromosome '12345'. Must be 1-22, X, Y, M, or MT (with optional 'chr' prefix)
ERROR tests/test_reports_generator.py::TestReportStatistics::test_count_by_impact - varidex.exceptions.ValidationError: Invalid variant data: Invalid chromosome '12345'. Must be 1-22, X, Y, M, or MT (with optional 'chr' prefix)
ERROR tests/test_reports_generator.py::TestReportStatistics::test_count_by_gene - varidex.exceptions.ValidationError: Invalid variant data: Invalid chromosome '12345'. Must be 1-22, X, Y, M, or MT (with optional 'chr' prefix)
ERROR tests/test_reports_generator.py::TestReportStatistics::test_total_variant_count - varidex.exceptions.ValidationError: Invalid variant data: Invalid chromosome '12345'. Must be 1-22, X, Y, M, or MT (with optional 'chr' prefix)
====== 164 failed, 739 passed, 14 skipped, 2 warnings, 4 errors in 4.75s =======
